#
# A fatal error has been detected by the Java Runtime Environment:
#
#  SIGBUS (0xa) at pc=0x0000000109563eb9, pid=71829, tid=28423
#
# JRE version: Java(TM) SE Runtime Environment (8.0_71-b15) (build 1.8.0_71-b15)
# Java VM: Java HotSpot(TM) 64-Bit Server VM (25.71-b15 mixed mode bsd-amd64 compressed oops)
# Problematic frame:
# C  [libzip.dylib+0x2eb9]  newEntry+0x154
#
# Failed to write core dump. Core dumps have been disabled. To enable core dumping, try "ulimit -c unlimited" before starting Java again
#
# If you would like to submit a bug report, please visit:
#   http://bugreport.java.com/bugreport/crash.jsp
# The crash happened outside the Java Virtual Machine in native code.
# See problematic frame for where to report the bug.
#

---------------  T H R E A D  ---------------

Current thread (0x00007fb1bc594000):  JavaThread "Thread-11" [_thread_in_native, id=28423, stack(0x0000000125f5d000,0x000000012605d000)]

siginfo: si_signo: 10 (SIGBUS), si_code: 2 (BUS_ADRERR), si_addr: 0x0000000122e01a10

Registers:
RAX=0x00007fb1b8e29460, RBX=0x0000000122e01a04, RCX=0x0000000000000001, RDX=0x0000000000000108
RSP=0x000000012605a400, RBP=0x000000012605a460, RSI=0x00007fb1b8d00000, RDI=0x00000001093eb400
R8 =0x0000000000000004, R9 =0x0000000080000000, R10=0x000000009d3cb258, R11=0x00007fb1b8d00000
R12=0x0000000122efa000, R13=0x00000000000156d0, R14=0x000000009ac6435b, R15=0x00007fb1bb271670
RIP=0x0000000109563eb9, EFLAGS=0x0000000000010202, ERR=0x0000000000000004
  TRAPNO=0x000000000000000e

Top of Stack: (sp=0x000000012605a400)
0x000000012605a400:   0000000000000000 0000000000000000
0x000000012605a410:   0000000000000000 0000000000000000
0x000000012605a420:   000000012605a440 00007fb1b8e29460
0x000000012605a430:   00007fb1b8d14fa0 00007fb1b8e29460
0x000000012605a440:   0000000122efa000 00000000000156d0
0x000000012605a450:   000000009ac6435b 00007fb1bb271670
0x000000012605a460:   000000012605a4c0 0000000109564554
0x000000012605a470:   000000012605a50a 000000012605a509
0x000000012605a480:   0000002a00000000 0000002b01594000
0x000000012605a490:   000000012605a4de 000000012605a928
0x000000012605a4a0:   000000000000002b 000000012605a4de
0x000000012605a4b0:   00007fb1b8e29460 00007fb1bc5941f8
0x000000012605a4c0:   000000012605a910 000000010956334f
0x000000012605a4d0:   0000000024922200 726f000100000001
0x000000012605a4e0:   7370696c63652f67 2f797474656a2f65
0x000000012605a4f0:   7475462f6c697475 626c6c6143657275
0x000000012605a500:   73616c632e6b6361 000000011f330073
0x000000012605a510:   00007fb1bc594000 000000011f338de0
0x000000012605a520:   00007fb1bc594000 000000011f338de0
0x000000012605a530:   000000011f338de0 000000011f338de0
0x000000012605a540:   000000011f338de0 000000011f338de0
0x000000012605a550:   0000000000000000 00000007402879a0
0x000000012605a560:   000000012605a950 00007fb1bc594000
0x000000012605a570:   000000012605a750 000000010af8fc87
0x000000012605a580:   000000002403a6f0 0000000000000000
0x000000012605a590:   696c63652f67726f 69465f68635f6f69
0x000000012605a5a0:   7475462f6c697475 61626c6c61436572
0x000000012605a5b0:   0000000000000000 0000000000000000
0x000000012605a5c0:   0000000000000000 0000000000000000
0x000000012605a5d0:   0000000000000000 0000000000000000
0x000000012605a5e0:   0000000000000000 0000000000000000
0x000000012605a5f0:   0000000000000000 0000000000000000 

Instructions: (pc=0x0000000109563eb9)
0x0000000109563e99:   49 8b 7f 38 e8 50 1b 00 00 4d 89 77 38 49 89 5f
0x0000000109563ea9:   40 4c 89 f0 48 85 c0 0f 84 11 05 00 00 48 89 c3
0x0000000109563eb9:   0f b6 43 0c 0f b6 4b 0d 48 c1 e1 08 48 01 c1 0f
0x0000000109563ec9:   b6 43 0e 0f b6 53 0f 48 c1 e2 08 48 01 c2 48 c1 

Register to memory mapping:

RAX=0x00007fb1b8e29460 is an unknown value
RBX=0x0000000122e01a04 is an unknown value
RCX=0x0000000000000001 is an unknown value
RDX=0x0000000000000108 is an unknown value
RSP=0x000000012605a400 is pointing into the stack for thread: 0x00007fb1bc594000
RBP=0x000000012605a460 is pointing into the stack for thread: 0x00007fb1bc594000
RSI=0x00007fb1b8d00000 is an unknown value
RDI=0x00000001093eb400 is an unknown value
R8 =0x0000000000000004 is an unknown value
R9 =0x0000000080000000 is an unknown value
R10=0x000000009d3cb258 is an unknown value
R11=0x00007fb1b8d00000 is an unknown value
R12=0x0000000122efa000 is an unknown value
R13=0x00000000000156d0 is an unknown value
R14=0x000000009ac6435b is an unknown value
R15=0x00007fb1bb271670 is an unknown value


Stack: [0x0000000125f5d000,0x000000012605d000],  sp=0x000000012605a400,  free space=1013k
Native frames: (J=compiled Java code, j=interpreted, Vv=VM code, C=native code)
C  [libzip.dylib+0x2eb9]  newEntry+0x154
C  [libzip.dylib+0x3554]  ZIP_GetEntry2+0xd4
C  [libzip.dylib+0x234f]  Java_java_util_zip_ZipFile_getEntry+0xcf
J 179  java.util.zip.ZipFile.getEntry(J[BZ)J (0 bytes) @ 0x000000010affc8ce [0x000000010affc800+0xce]
J 1867 C2 sun.misc.URLClassPath$JarLoader.getResource(Ljava/lang/String;Z)Lsun/misc/Resource; (85 bytes) @ 0x000000010b497cf8 [0x000000010b4977c0+0x538]
J 901 C2 sun.misc.URLClassPath.getResource(Ljava/lang/String;Z)Lsun/misc/Resource; (83 bytes) @ 0x000000010b1ab86c [0x000000010b1ab720+0x14c]
J 2535 C2 java.net.URLClassLoader$1.run()Ljava/lang/Object; (5 bytes) @ 0x000000010b65d578 [0x000000010b65d0a0+0x4d8]
v  ~StubRoutines::call_stub
V  [libjvm.dylib+0x2ea59a]
V  [libjvm.dylib+0x34aac4]
J 205  java.security.AccessController.doPrivileged(Ljava/security/PrivilegedExceptionAction;Ljava/security/AccessControlContext;)Ljava/lang/Object; (0 bytes) @ 0x000000010b006c95 [0x000000010b006bc0+0xd5]
J 1928 C2 java.net.URLClassLoader.findClass(Ljava/lang/String;)Ljava/lang/Class; (47 bytes) @ 0x000000010b4c41bc [0x000000010b4c4120+0x9c]
J 1932 C2 java.lang.ClassLoader.loadClass(Ljava/lang/String;Z)Ljava/lang/Class; (122 bytes) @ 0x000000010b4f572c [0x000000010b4f4c60+0xacc]
J 186 C1 sun.misc.Launcher$AppClassLoader.loadClass(Ljava/lang/String;Z)Ljava/lang/Class; (85 bytes) @ 0x000000010b000ba4 [0x000000010b000200+0x9a4]
J 185 C1 java.lang.ClassLoader.loadClass(Ljava/lang/String;)Ljava/lang/Class; (7 bytes) @ 0x000000010afffe44 [0x000000010afffd40+0x104]
v  ~StubRoutines::call_stub
V  [libjvm.dylib+0x2ea59a]
V  [libjvm.dylib+0x2ead28]
V  [libjvm.dylib+0x2eae80]
V  [libjvm.dylib+0x5331e0]
V  [libjvm.dylib+0x532979]
V  [libjvm.dylib+0x5333fc]
V  [libjvm.dylib+0x533a79]
V  [libjvm.dylib+0x1e0b6a]
V  [libjvm.dylib+0x1f0e2e]
V  [libjvm.dylib+0x2e5f77]
j  org.eclipse.jetty.server.AbstractConnector.shutdown()Ljava/util/concurrent/Future;+0
j  org.eclipse.jetty.server.AbstractNetworkConnector.shutdown()Ljava/util/concurrent/Future;+5
j  org.eclipse.jetty.server.ServerConnector.shutdown()Ljava/util/concurrent/Future;+1
j  org.eclipse.jetty.server.Server.doStop()V+60
j  org.eclipse.jetty.util.component.AbstractLifeCycle.stop()V+30
j  org.eclipse.jetty.util.thread.ShutdownThread.run()V+41
v  ~StubRoutines::call_stub
V  [libjvm.dylib+0x2ea59a]
V  [libjvm.dylib+0x2ead28]
V  [libjvm.dylib+0x2eaed4]
V  [libjvm.dylib+0x345451]
V  [libjvm.dylib+0x560e73]
V  [libjvm.dylib+0x56256e]
V  [libjvm.dylib+0x482fc2]
C  [libsystem_pthread.dylib+0x405a]  _pthread_body+0x83
C  [libsystem_pthread.dylib+0x3fd7]  _pthread_body+0x0
C  [libsystem_pthread.dylib+0x13ed]  thread_start+0xd
C  0x0000000000000000

Java frames: (J=compiled Java code, j=interpreted, Vv=VM code)
J 179  java.util.zip.ZipFile.getEntry(J[BZ)J (0 bytes) @ 0x000000010affc858 [0x000000010affc800+0x58]
J 1867 C2 sun.misc.URLClassPath$JarLoader.getResource(Ljava/lang/String;Z)Lsun/misc/Resource; (85 bytes) @ 0x000000010b497cf8 [0x000000010b4977c0+0x538]
J 901 C2 sun.misc.URLClassPath.getResource(Ljava/lang/String;Z)Lsun/misc/Resource; (83 bytes) @ 0x000000010b1ab86c [0x000000010b1ab720+0x14c]
J 2535 C2 java.net.URLClassLoader$1.run()Ljava/lang/Object; (5 bytes) @ 0x000000010b65d578 [0x000000010b65d0a0+0x4d8]
v  ~StubRoutines::call_stub
J 205  java.security.AccessController.doPrivileged(Ljava/security/PrivilegedExceptionAction;Ljava/security/AccessControlContext;)Ljava/lang/Object; (0 bytes) @ 0x000000010b006c23 [0x000000010b006bc0+0x63]
J 1928 C2 java.net.URLClassLoader.findClass(Ljava/lang/String;)Ljava/lang/Class; (47 bytes) @ 0x000000010b4c41bc [0x000000010b4c4120+0x9c]
J 1932 C2 java.lang.ClassLoader.loadClass(Ljava/lang/String;Z)Ljava/lang/Class; (122 bytes) @ 0x000000010b4f572c [0x000000010b4f4c60+0xacc]
J 186 C1 sun.misc.Launcher$AppClassLoader.loadClass(Ljava/lang/String;Z)Ljava/lang/Class; (85 bytes) @ 0x000000010b000ba4 [0x000000010b000200+0x9a4]
J 185 C1 java.lang.ClassLoader.loadClass(Ljava/lang/String;)Ljava/lang/Class; (7 bytes) @ 0x000000010afffe44 [0x000000010afffd40+0x104]
v  ~StubRoutines::call_stub
j  org.eclipse.jetty.server.AbstractConnector.shutdown()Ljava/util/concurrent/Future;+0
j  org.eclipse.jetty.server.AbstractNetworkConnector.shutdown()Ljava/util/concurrent/Future;+5
j  org.eclipse.jetty.server.ServerConnector.shutdown()Ljava/util/concurrent/Future;+1
j  org.eclipse.jetty.server.Server.doStop()V+60
j  org.eclipse.jetty.util.component.AbstractLifeCycle.stop()V+30
j  org.eclipse.jetty.util.thread.ShutdownThread.run()V+41
v  ~StubRoutines::call_stub

---------------  P R O C E S S  ---------------

Java Threads: ( => current thread )
=>0x00007fb1bc594000 JavaThread "Thread-11" [_thread_in_native, id=28423, stack(0x0000000125f5d000,0x000000012605d000)]
  0x00007fb1bc592800 JavaThread "SIGINT handler" daemon [_thread_blocked, id=26631, stack(0x0000000125d57000,0x0000000125e57000)]
  0x00007fb1bd863800 JavaThread "dw-admin-35" [_thread_blocked, id=28171, stack(0x0000000124a40000,0x0000000124b40000)]
  0x00007fb1ba895800 JavaThread "pool-1-thread-1" daemon [_thread_blocked, id=29955, stack(0x000000012473d000,0x000000012483d000)]
  0x00007fb1b9825000 JavaThread "cluster-ClusterId{value='59992567e158bd1895616baa', description='null'}-localhost:27017" daemon [_thread_blocked, id=29703, stack(0x0000000123cad000,0x0000000123dad000)]
  0x00007fb1b948d800 JavaThread "Scheduler-1864933502" [_thread_blocked, id=27139, stack(0x0000000123a4a000,0x0000000123b4a000)]
  0x00007fb1b948d000 JavaThread "DestroyJavaVM" [_thread_blocked, id=4867, stack(0x000000010ad90000,0x000000010ae90000)]
  0x00007fb1bac8a800 JavaThread "dw-admin-29-acceptor-1@4f20647e-admin@1fdbba0d{HTTP/1.1}{0.0.0.0:9096}" [_thread_blocked, id=26115, stack(0x0000000126f01000,0x0000000127001000)]
  0x00007fb1bb93a000 JavaThread "dw-admin-28-acceptor-0@1cfcf1e6-admin@1fdbba0d{HTTP/1.1}{0.0.0.0:9096}" [_thread_in_native, id=25603, stack(0x0000000126dfe000,0x0000000126efe000)]
  0x00007fb1ba6a0000 JavaThread "dw-admin-27-selector-ServerConnectorManager@57a53a03/3" [_thread_in_native, id=25091, stack(0x0000000126cfb000,0x0000000126dfb000)]
  0x00007fb1ba69f800 JavaThread "dw-admin-26-selector-ServerConnectorManager@57a53a03/2" [_thread_in_native, id=24071, stack(0x0000000124d5f000,0x0000000124e5f000)]
  0x00007fb1b9c1a800 JavaThread "dw-admin-25-selector-ServerConnectorManager@57a53a03/1" [_thread_in_native, id=24579, stack(0x00000001255a4000,0x00000001256a4000)]
  0x00007fb1ba4ed000 JavaThread "org.eclipse.jetty.server.session.HashSessionManager@2fad50f2Timer" daemon [_thread_blocked, id=23555, stack(0x0000000125a54000,0x0000000125b54000)]
  0x00007fb1ba4ee000 JavaThread "dw-admin-22-selector-ServerConnectorManager@57a53a03/0" [_thread_in_native, id=23047, stack(0x0000000125951000,0x0000000125a51000)]
  0x00007fb1b9c1a000 JavaThread "dw-19" [_thread_blocked, id=22531, stack(0x00000001254a1000,0x00000001255a1000)]
  0x00007fb1ba43f000 JavaThread "dw-18" [_thread_blocked, id=22019, stack(0x000000012539e000,0x000000012549e000)]
  0x00007fb1b9509000 JavaThread "dw-17" [_thread_blocked, id=21507, stack(0x000000012529b000,0x000000012539b000)]
  0x00007fb1b9c19000 JavaThread "dw-16" [_thread_blocked, id=20995, stack(0x0000000125198000,0x0000000125298000)]
  0x00007fb1b954c000 JavaThread "dw-15-selector-ServerConnectorManager@29fa9d71/3" [_thread_in_native, id=20483, stack(0x0000000125095000,0x0000000125195000)]
  0x00007fb1b9a3a000 JavaThread "dw-14-selector-ServerConnectorManager@29fa9d71/2" [_thread_in_native, id=19971, stack(0x0000000124f92000,0x0000000125092000)]
  0x00007fb1ba43e000 JavaThread "dw-13-selector-ServerConnectorManager@29fa9d71/1" [_thread_in_native, id=12807, stack(0x0000000124e8f000,0x0000000124f8f000)]
  0x00007fb1b9b4c800 JavaThread "dw-12-selector-ServerConnectorManager@29fa9d71/0" [_thread_in_native, id=14087, stack(0x0000000124c5c000,0x0000000124d5c000)]
  0x00007fb1ba454000 JavaThread "AsyncAppender-Worker-async-console-appender" daemon [_thread_blocked, id=13323, stack(0x0000000124b59000,0x0000000124c59000)]
  0x00007fb1b9319800 JavaThread "AsyncAppender-Worker-async-console-appender" daemon [_thread_blocked, id=19203, stack(0x000000012443a000,0x000000012453a000)]
  0x00007fb1b9011800 JavaThread "Service Thread" daemon [_thread_blocked, id=18179, stack(0x0000000122b78000,0x0000000122c78000)]
  0x00007fb1b9807000 JavaThread "C1 CompilerThread2" daemon [_thread_blocked, id=17667, stack(0x0000000122a75000,0x0000000122b75000)]
  0x00007fb1ba047000 JavaThread "C2 CompilerThread1" daemon [_thread_blocked, id=17155, stack(0x0000000122972000,0x0000000122a72000)]
  0x00007fb1ba02c000 JavaThread "C2 CompilerThread0" daemon [_thread_blocked, id=16643, stack(0x000000012286f000,0x000000012296f000)]
  0x00007fb1b9827000 JavaThread "Signal Dispatcher" daemon [_thread_blocked, id=12307, stack(0x000000012276c000,0x000000012286c000)]
  0x00007fb1ba045000 JavaThread "Finalizer" daemon [_thread_blocked, id=11523, stack(0x0000000120d5c000,0x0000000120e5c000)]
  0x00007fb1ba044800 JavaThread "Reference Handler" daemon [_thread_blocked, id=11011, stack(0x0000000120c59000,0x0000000120d59000)]

Other Threads:
  0x00007fb1b981c000 VMThread [stack: 0x0000000120b56000,0x0000000120c56000] [id=10499]
  0x00007fb1b9010000 WatcherThread [stack: 0x0000000122c7b000,0x0000000122d7b000] [id=18691]

VM state:not at safepoint (normal execution)

VM Mutex/Monitor currently owned by a thread: None

Heap:
 PSYoungGen      total 283136K, used 151946K [0x0000000795580000, 0x00000007a7f80000, 0x00000007c0000000)
  eden space 263168K, 57% used [0x0000000795580000,0x000000079e9e2b40,0x00000007a5680000)
  from space 19968K, 0% used [0x00000007a6c00000,0x00000007a6c00000,0x00000007a7f80000)
  to   space 20992K, 0% used [0x00000007a5680000,0x00000007a5680000,0x00000007a6b00000)
 ParOldGen       total 65536K, used 13348K [0x0000000740000000, 0x0000000744000000, 0x0000000795580000)
  object space 65536K, 20% used [0x0000000740000000,0x0000000740d091d8,0x0000000744000000)
 Metaspace       used 31379K, capacity 31720K, committed 31872K, reserved 1077248K
  class space    used 4094K, capacity 4203K, committed 4224K, reserved 1048576K

Card table byte_map: [0x000000011a252000,0x000000011a653000] byte_map_base: 0x0000000116852000

Marking Bits: (ParMarkBitMap*) 0x000000010a6e3ea0
 Begin Bits: [0x000000011ad0a000, 0x000000011cd0a000)
 End Bits:   [0x000000011cd0a000, 0x000000011ed0a000)

Polling page: 0x0000000109557000

CodeCache: size=245760Kb used=7896Kb max_used=7907Kb free=237863Kb
 bounds [0x000000010ae92000, 0x000000010b6a2000, 0x0000000119e92000]
 total_blobs=2888 nmethods=2416 adapters=385
 compilation: enabled

Compilation events (10 events):
Event: 83.865 Thread 0x00007fb1b9807000 2768       3       java.nio.HeapByteBuffer::get (54 bytes)
Event: 83.865 Thread 0x00007fb1b9807000 nmethod 2768 0x000000010afd6390 code [0x000000010afd6560, 0x000000010afd6d98]
Event: 83.865 Thread 0x00007fb1b9807000 2767       3       java.util.concurrent.locks.AbstractQueuedSynchronizer::isOnSyncQueue (33 bytes)
Event: 83.866 Thread 0x00007fb1b9807000 nmethod 2767 0x000000010afd5d10 code [0x000000010afd5ea0, 0x000000010afd6230]
Event: 84.062 Thread 0x00007fb1b9807000 2769       3       java.util.concurrent.locks.AbstractQueuedSynchronizer::compareAndSetWaitStatus (13 bytes)
Event: 84.062 Thread 0x00007fb1b9807000 nmethod 2769 0x000000010afd5a10 code [0x000000010afd5b60, 0x000000010afd5cb0]
Event: 87.047 Thread 0x00007fb1b9807000 2771  s    3       java.util.Hashtable::containsKey (65 bytes)
Event: 87.048 Thread 0x00007fb1b9807000 nmethod 2771 0x000000010aff18d0 code [0x000000010aff1a80, 0x000000010aff20b8]
Event: 87.048 Thread 0x00007fb1b9807000 2770       3       java.util.logging.LogManager$LoggerContext::ensureDefaultLogger (70 bytes)
Event: 87.049 Thread 0x00007fb1b9807000 nmethod 2770 0x000000010aff0c50 code [0x000000010aff0e20, 0x000000010aff16c8]

GC Heap History (10 events):
Event: 5.031 GC heap before
{Heap before GC invocations=5 (full 0):
 PSYoungGen      total 71680K, used 71648K [0x0000000795580000, 0x000000079a080000, 0x00000007c0000000)
  eden space 66560K, 100% used [0x0000000795580000,0x0000000799680000,0x0000000799680000)
  from space 5120K, 99% used [0x0000000799b80000,0x000000079a078040,0x000000079a080000)
  to   space 5120K, 0% used [0x0000000799680000,0x0000000799680000,0x0000000799b80000)
 ParOldGen       total 87552K, used 17526K [0x0000000740000000, 0x0000000745580000, 0x0000000795580000)
  object space 87552K, 20% used [0x0000000740000000,0x000000074111dae8,0x0000000745580000)
 Metaspace       used 19563K, capacity 19740K, committed 19968K, reserved 1067008K
  class space    used 2456K, capacity 2531K, committed 2560K, reserved 1048576K
Event: 5.047 GC heap after
Heap after GC invocations=5 (full 0):
 PSYoungGen      total 71680K, used 5088K [0x0000000795580000, 0x000000079f380000, 0x00000007c0000000)
  eden space 66560K, 0% used [0x0000000795580000,0x0000000795580000,0x0000000799680000)
  from space 5120K, 99% used [0x0000000799680000,0x0000000799b78020,0x0000000799b80000)
  to   space 14336K, 0% used [0x000000079e580000,0x000000079e580000,0x000000079f380000)
 ParOldGen       total 87552K, used 27151K [0x0000000740000000, 0x0000000745580000, 0x0000000795580000)
  object space 87552K, 31% used [0x0000000740000000,0x0000000741a83df8,0x0000000745580000)
 Metaspace       used 19563K, capacity 19740K, committed 19968K, reserved 1067008K
  class space    used 2456K, capacity 2531K, committed 2560K, reserved 1048576K
}
Event: 5.600 GC heap before
{Heap before GC invocations=6 (full 0):
 PSYoungGen      total 71680K, used 71648K [0x0000000795580000, 0x000000079f380000, 0x00000007c0000000)
  eden space 66560K, 100% used [0x0000000795580000,0x0000000799680000,0x0000000799680000)
  from space 5120K, 99% used [0x0000000799680000,0x0000000799b78020,0x0000000799b80000)
  to   space 14336K, 0% used [0x000000079e580000,0x000000079e580000,0x000000079f380000)
 ParOldGen       total 87552K, used 27151K [0x0000000740000000, 0x0000000745580000, 0x0000000795580000)
  object space 87552K, 31% used [0x0000000740000000,0x0000000741a83df8,0x0000000745580000)
 Metaspace       used 19565K, capacity 19740K, committed 19968K, reserved 1067008K
  class space    used 2456K, capacity 2531K, committed 2560K, reserved 1048576K
Event: 5.621 GC heap after
Heap after GC invocations=6 (full 0):
 PSYoungGen      total 145920K, used 14306K [0x0000000795580000, 0x000000079f680000, 0x00000007c0000000)
  eden space 131584K, 0% used [0x0000000795580000,0x0000000795580000,0x000000079d600000)
  from space 14336K, 99% used [0x000000079e580000,0x000000079f3789d0,0x000000079f380000)
  to   space 15872K, 0% used [0x000000079d600000,0x000000079d600000,0x000000079e580000)
 ParOldGen       total 87552K, used 27461K [0x0000000740000000, 0x0000000745580000, 0x0000000795580000)
  object space 87552K, 31% used [0x0000000740000000,0x0000000741ad16b0,0x0000000745580000)
 Metaspace       used 19565K, capacity 19740K, committed 19968K, reserved 1067008K
  class space    used 2456K, capacity 2531K, committed 2560K, reserved 1048576K
}
Event: 6.565 GC heap before
{Heap before GC invocations=7 (full 0):
 PSYoungGen      total 145920K, used 145890K [0x0000000795580000, 0x000000079f680000, 0x00000007c0000000)
  eden space 131584K, 100% used [0x0000000795580000,0x000000079d600000,0x000000079d600000)
  from space 14336K, 99% used [0x000000079e580000,0x000000079f3789d0,0x000000079f380000)
  to   space 15872K, 0% used [0x000000079d600000,0x000000079d600000,0x000000079e580000)
 ParOldGen       total 87552K, used 27461K [0x0000000740000000, 0x0000000745580000, 0x0000000795580000)
  object space 87552K, 31% used [0x0000000740000000,0x0000000741ad16b0,0x0000000745580000)
 Metaspace       used 19565K, capacity 19740K, committed 19968K, reserved 1067008K
  class space    used 2456K, capacity 2531K, committed 2560K, reserved 1048576K
Event: 6.606 GC heap after
Heap after GC invocations=7 (full 0):
 PSYoungGen      total 147456K, used 15847K [0x0000000795580000, 0x00000007a8180000, 0x00000007c0000000)
  eden space 131584K, 0% used [0x0000000795580000,0x0000000795580000,0x000000079d600000)
  from space 15872K, 99% used [0x000000079d600000,0x000000079e579ee8,0x000000079e580000)
  to   space 22016K, 0% used [0x00000007a6c00000,0x00000007a6c00000,0x00000007a8180000)
 ParOldGen       total 87552K, used 35909K [0x0000000740000000, 0x0000000745580000, 0x0000000795580000)
  object space 87552K, 41% used [0x0000000740000000,0x0000000742311748,0x0000000745580000)
 Metaspace       used 19565K, capacity 19740K, committed 19968K, reserved 1067008K
  class space    used 2456K, capacity 2531K, committed 2560K, reserved 1048576K
}
Event: 7.405 GC heap before
{Heap before GC invocations=8 (full 0):
 PSYoungGen      total 147456K, used 79902K [0x0000000795580000, 0x00000007a8180000, 0x00000007c0000000)
  eden space 131584K, 48% used [0x0000000795580000,0x000000079940dc48,0x000000079d600000)
  from space 15872K, 99% used [0x000000079d600000,0x000000079e579ee8,0x000000079e580000)
  to   space 22016K, 0% used [0x00000007a6c00000,0x00000007a6c00000,0x00000007a8180000)
 ParOldGen       total 87552K, used 35909K [0x0000000740000000, 0x0000000745580000, 0x0000000795580000)
  object space 87552K, 41% used [0x0000000740000000,0x0000000742311748,0x0000000745580000)
 Metaspace       used 20883K, capacity 21058K, committed 21248K, reserved 1067008K
  class space    used 2634K, capacity 2692K, committed 2816K, reserved 1048576K
Event: 7.419 GC heap after
Heap after GC invocations=8 (full 0):
 PSYoungGen      total 283136K, used 11331K [0x0000000795580000, 0x00000007a7f80000, 0x00000007c0000000)
  eden space 263168K, 0% used [0x0000000795580000,0x0000000795580000,0x00000007a5680000)
  from space 19968K, 56% used [0x00000007a6c00000,0x00000007a7710d60,0x00000007a7f80000)
  to   space 20992K, 0% used [0x00000007a5680000,0x00000007a5680000,0x00000007a6b00000)
 ParOldGen       total 87552K, used 36445K [0x0000000740000000, 0x0000000745580000, 0x0000000795580000)
  object space 87552K, 41% used [0x0000000740000000,0x0000000742397748,0x0000000745580000)
 Metaspace       used 20883K, capacity 21058K, committed 21248K, reserved 1067008K
  class space    used 2634K, capacity 2692K, committed 2816K, reserved 1048576K
}
Event: 7.419 GC heap before
{Heap before GC invocations=9 (full 1):
 PSYoungGen      total 283136K, used 11331K [0x0000000795580000, 0x00000007a7f80000, 0x00000007c0000000)
  eden space 263168K, 0% used [0x0000000795580000,0x0000000795580000,0x00000007a5680000)
  from space 19968K, 56% used [0x00000007a6c00000,0x00000007a7710d60,0x00000007a7f80000)
  to   space 20992K, 0% used [0x00000007a5680000,0x00000007a5680000,0x00000007a6b00000)
 ParOldGen       total 87552K, used 36445K [0x0000000740000000, 0x0000000745580000, 0x0000000795580000)
  object space 87552K, 41% used [0x0000000740000000,0x0000000742397748,0x0000000745580000)
 Metaspace       used 20883K, capacity 21058K, committed 21248K, reserved 1067008K
  class space    used 2634K, capacity 2692K, committed 2816K, reserved 1048576K
Event: 7.477 GC heap after
Heap after GC invocations=9 (full 1):
 PSYoungGen      total 283136K, used 0K [0x0000000795580000, 0x00000007a7f80000, 0x00000007c0000000)
  eden space 263168K, 0% used [0x0000000795580000,0x0000000795580000,0x00000007a5680000)
  from space 19968K, 0% used [0x00000007a6c00000,0x00000007a6c00000,0x00000007a7f80000)
  to   space 20992K, 0% used [0x00000007a5680000,0x00000007a5680000,0x00000007a6b00000)
 ParOldGen       total 65536K, used 13348K [0x0000000740000000, 0x0000000744000000, 0x0000000795580000)
  object space 65536K, 20% used [0x0000000740000000,0x0000000740d091d8,0x0000000744000000)
 Metaspace       used 20883K, capacity 21058K, committed 21248K, reserved 1067008K
  class space    used 2634K, capacity 2692K, committed 2816K, reserved 1048576K
}

Deoptimization events (10 events):
Event: 13.163 Thread 0x00007fb1b9825000 Uncommon trap: reason=unstable_if action=reinterpret pc=0x000000010b4f11d0 method=java.security.CodeSource.getCertificates()[Ljava/security/cert/Certificate; @ 22
Event: 13.164 Thread 0x00007fb1b9825000 Uncommon trap: reason=predicate action=maybe_recompile pc=0x000000010b647eb0 method=sun.misc.Resource.getBytes()[B @ 53
Event: 13.313 Thread 0x00007fb1b9825000 Uncommon trap: reason=unstable_if action=reinterpret pc=0x000000010b4a8178 method=java.util.LinkedHashMap.get(Ljava/lang/Object;)Ljava/lang/Object; @ 20
Event: 13.351 Thread 0x00007fb1b9825000 Uncommon trap: reason=class_check action=maybe_recompile pc=0x000000010b268a98 method=java.util.AbstractList$Itr.hasNext()Z @ 8
Event: 13.351 Thread 0x00007fb1b9825000 Uncommon trap: reason=class_check action=maybe_recompile pc=0x000000010b2662e0 method=java.util.AbstractList$Itr.next()Ljava/lang/Object; @ 14
Event: 13.654 Thread 0x00007fb1b9825000 Uncommon trap: reason=class_check action=maybe_recompile pc=0x000000010b3e714c method=java.util.regex.Matcher.match(II)Z @ 86
Event: 13.654 Thread 0x00007fb1b9825000 Uncommon trap: reason=class_check action=maybe_recompile pc=0x000000010b3e714c method=java.util.regex.Matcher.match(II)Z @ 86
Event: 13.654 Thread 0x00007fb1b9825000 Uncommon trap: reason=class_check action=maybe_recompile pc=0x000000010b3e714c method=java.util.regex.Matcher.match(II)Z @ 86
Event: 13.654 Thread 0x00007fb1b9825000 Uncommon trap: reason=bimorphic action=maybe_recompile pc=0x000000010b418328 method=java.util.regex.Pattern$Slice.match(Ljava/util/regex/Matcher;ILjava/lang/CharSequence;)Z @ 75
Event: 14.147 Thread 0x00007fb1b9b4c800 Uncommon trap: reason=unstable_if action=reinterpret pc=0x000000010b4c11cc method=java.util.HashMap$HashIterator.<init>(Ljava/util/HashMap;)V @ 45

Internal exceptions (10 events):
Event: 1.452 Thread 0x00007fb1ba000800 Exception <a 'java/lang/ArrayIndexOutOfBoundsException'> (0x000000079703d930) thrown at [/Users/java_re/workspace/8-2-build-macosx-x86_64/jdk8u71/5731/hotspot/src/share/vm/runtime/sharedRuntime.cpp, line 605]
Event: 1.941 Thread 0x00007fb1ba000800 Exception <a 'java/lang/ArrayIndexOutOfBoundsException': 119> (0x000000079596c648) thrown at [/Users/java_re/workspace/8-2-build-macosx-x86_64/jdk8u71/5731/hotspot/src/share/vm/interpreter/interpreterRuntime.cpp, line 366]
Event: 1.942 Thread 0x00007fb1ba000800 Exception <a 'java/lang/ArrayIndexOutOfBoundsException': 65> (0x000000079596da90) thrown at [/Users/java_re/workspace/8-2-build-macosx-x86_64/jdk8u71/5731/hotspot/src/share/vm/interpreter/interpreterRuntime.cpp, line 366]
Event: 1.942 Thread 0x00007fb1ba000800 Exception <a 'java/lang/ArrayIndexOutOfBoundsException': 79> (0x000000079596f178) thrown at [/Users/java_re/workspace/8-2-build-macosx-x86_64/jdk8u71/5731/hotspot/src/share/vm/interpreter/interpreterRuntime.cpp, line 366]
Event: 1.942 Thread 0x00007fb1ba000800 Exception <a 'java/lang/ArrayIndexOutOfBoundsException': 67> (0x0000000795970378) thrown at [/Users/java_re/workspace/8-2-build-macosx-x86_64/jdk8u71/5731/hotspot/src/share/vm/interpreter/interpreterRuntime.cpp, line 366]
Event: 2.334 Thread 0x00007fb1ba000800 Implicit null exception at 0x000000010b0c4775 to 0x000000010b0c4ae1
Event: 2.334 Thread 0x00007fb1ba000800 Implicit null exception at 0x000000010b06a875 to 0x000000010b06abd5
Event: 3.730 Thread 0x00007fb1ba000800 Exception <a 'java/lang/NoSuchFieldError': method resolution failed> (0x00000007975b9790) thrown at [/Users/java_re/workspace/8-2-build-macosx-x86_64/jdk8u71/5731/hotspot/src/share/vm/prims/methodHandles.cpp, line 1146]
Event: 3.750 Thread 0x00007fb1ba000800 Exception <a 'java/lang/NoSuchFieldError': method resolution failed> (0x00000007975c6e50) thrown at [/Users/java_re/workspace/8-2-build-macosx-x86_64/jdk8u71/5731/hotspot/src/share/vm/prims/methodHandles.cpp, line 1146]
Event: 87.048 Thread 0x00007fb1b9509000 Exception <a 'java/io/IOException'> (0x0000000799512730) thrown at [/Users/java_re/workspace/8-2-build-macosx-x86_64/jdk8u71/5731/hotspot/src/share/vm/prims/jni.cpp, line 709]

Events (10 events):
Event: 87.046 loading class sun/misc/Signal$1
Event: 87.046 loading class sun/misc/Signal$1 done
Event: 87.046 Thread 0x00007fb1bc592800 Thread added: 0x00007fb1bc592800
Event: 87.046 Thread 0x00007fb1bc593800 Thread added: 0x00007fb1bc593800
Event: 87.047 Thread 0x00007fb1bc594000 Thread added: 0x00007fb1bc594000
Event: 87.047 Thread 0x00007fb1bc593800 Thread exited: 0x00007fb1bc593800
Event: 87.047 Executing VM operation: BulkRevokeBias
Event: 87.047 Executing VM operation: BulkRevokeBias done
Event: 87.048 loading class org/eclipse/jetty/util/FutureCallback
Event: 87.048 loading class org/eclipse/jetty/util/FutureCallback done


Dynamic libraries:
0x0000000002a9a000 	/System/Library/Frameworks/Cocoa.framework/Versions/A/Cocoa
0x0000000002a9a000 	/System/Library/Frameworks/Security.framework/Versions/A/Security
0x0000000002a9a000 	/System/Library/Frameworks/ApplicationServices.framework/Versions/A/ApplicationServices
0x0000000002a9a000 	/usr/lib/libz.1.dylib
0x0000000002a9a000 	/usr/lib/libSystem.B.dylib
0x0000000002a9a000 	/usr/lib/libobjc.A.dylib
0x0000000002a9a000 	/System/Library/Frameworks/CoreFoundation.framework/Versions/A/CoreFoundation
0x0000000002a9a000 	/System/Library/Frameworks/Foundation.framework/Versions/C/Foundation
0x0000000002a9a000 	/System/Library/Frameworks/AppKit.framework/Versions/C/AppKit
0x0000000002a9a000 	/System/Library/Frameworks/CoreData.framework/Versions/A/CoreData
0x0000000002a9a000 	/System/Library/PrivateFrameworks/RemoteViewServices.framework/Versions/A/RemoteViewServices
0x0000000002a9a000 	/System/Library/PrivateFrameworks/UIFoundation.framework/Versions/A/UIFoundation
0x0000000002a9a000 	/System/Library/Frameworks/IOSurface.framework/Versions/A/IOSurface
0x0000000002a9a000 	/System/Library/Frameworks/AudioToolbox.framework/Versions/A/AudioToolbox
0x0000000002a9a000 	/System/Library/Frameworks/AudioUnit.framework/Versions/A/AudioUnit
0x0000000002a9a000 	/System/Library/PrivateFrameworks/DataDetectorsCore.framework/Versions/A/DataDetectorsCore
0x0000000002a9a000 	/System/Library/PrivateFrameworks/DesktopServicesPriv.framework/Versions/A/DesktopServicesPriv
0x0000000002a9a000 	/System/Library/Frameworks/Carbon.framework/Versions/A/Frameworks/HIToolbox.framework/Versions/A/HIToolbox
0x0000000002a9a000 	/System/Library/Frameworks/QuartzCore.framework/Versions/A/QuartzCore
0x0000000002a9a000 	/System/Library/Frameworks/Carbon.framework/Versions/A/Frameworks/SpeechRecognition.framework/Versions/A/SpeechRecognition
0x0000000002a9a000 	/usr/lib/libauto.dylib
0x0000000002a9a000 	/usr/lib/libicucore.A.dylib
0x0000000002a9a000 	/usr/lib/libxml2.2.dylib
0x0000000002a9a000 	/System/Library/PrivateFrameworks/CoreUI.framework/Versions/A/CoreUI
0x0000000002a9a000 	/System/Library/Frameworks/CoreAudio.framework/Versions/A/CoreAudio
0x0000000002a9a000 	/System/Library/Frameworks/DiskArbitration.framework/Versions/A/DiskArbitration
0x0000000002a9a000 	/usr/lib/liblangid.dylib
0x0000000002a9a000 	/System/Library/PrivateFrameworks/MultitouchSupport.framework/Versions/A/MultitouchSupport
0x0000000002a9a000 	/System/Library/Frameworks/IOKit.framework/Versions/A/IOKit
0x0000000002a9a000 	/usr/lib/libDiagnosticMessagesClient.dylib
0x0000000002a9a000 	/System/Library/Frameworks/CoreServices.framework/Versions/A/CoreServices
0x0000000002a9a000 	/System/Library/PrivateFrameworks/PerformanceAnalysis.framework/Versions/A/PerformanceAnalysis
0x0000000002a9a000 	/System/Library/PrivateFrameworks/GenerationalStorage.framework/Versions/A/GenerationalStorage
0x0000000002a9a000 	/System/Library/Frameworks/OpenGL.framework/Versions/A/OpenGL
0x0000000002a9a000 	/System/Library/PrivateFrameworks/Sharing.framework/Versions/A/Sharing
0x0000000002a9a000 	/System/Library/Frameworks/CoreGraphics.framework/Versions/A/CoreGraphics
0x0000000002a9a000 	/System/Library/Frameworks/CoreText.framework/Versions/A/CoreText
0x0000000002a9a000 	/System/Library/Frameworks/ImageIO.framework/Versions/A/ImageIO
0x0000000002a9a000 	/usr/lib/libextension.dylib
0x0000000002a9a000 	/System/Library/PrivateFrameworks/Backup.framework/Versions/A/Backup
0x0000000002a9a000 	/usr/lib/libarchive.2.dylib
0x0000000002a9a000 	/System/Library/Frameworks/CFNetwork.framework/Versions/A/CFNetwork
0x0000000002a9a000 	/System/Library/Frameworks/SystemConfiguration.framework/Versions/A/SystemConfiguration
0x0000000002a9a000 	/usr/lib/libCRFSuite.dylib
0x0000000002a9a000 	/usr/lib/libc++.1.dylib
0x0000000002a9a000 	/usr/lib/libc++abi.dylib
0x0000000002a9a000 	/usr/lib/system/libcache.dylib
0x0000000002a9a000 	/usr/lib/system/libcommonCrypto.dylib
0x0000000002a9a000 	/usr/lib/system/libcompiler_rt.dylib
0x0000000002a9a000 	/usr/lib/system/libcopyfile.dylib
0x0000000002a9a000 	/usr/lib/system/libcorecrypto.dylib
0x0000000002a9a000 	/usr/lib/system/libdispatch.dylib
0x0000000002a9a000 	/usr/lib/system/libdyld.dylib
0x0000000002a9a000 	/usr/lib/system/libkeymgr.dylib
0x0000000002a9a000 	/usr/lib/system/liblaunch.dylib
0x0000000002a9a000 	/usr/lib/system/libmacho.dylib
0x0000000002a9a000 	/usr/lib/system/libquarantine.dylib
0x0000000002a9a000 	/usr/lib/system/libremovefile.dylib
0x0000000002a9a000 	/usr/lib/system/libsystem_asl.dylib
0x0000000002a9a000 	/usr/lib/system/libsystem_blocks.dylib
0x0000000002a9a000 	/usr/lib/system/libsystem_c.dylib
0x0000000002a9a000 	/usr/lib/system/libsystem_configuration.dylib
0x0000000002a9a000 	/usr/lib/system/libsystem_coreservices.dylib
0x0000000002a9a000 	/usr/lib/system/libsystem_coretls.dylib
0x0000000002a9a000 	/usr/lib/system/libsystem_dnssd.dylib
0x0000000002a9a000 	/usr/lib/system/libsystem_info.dylib
0x0000000002a9a000 	/usr/lib/system/libsystem_kernel.dylib
0x0000000002a9a000 	/usr/lib/system/libsystem_m.dylib
0x0000000002a9a000 	/usr/lib/system/libsystem_malloc.dylib
0x0000000002a9a000 	/usr/lib/system/libsystem_network.dylib
0x0000000002a9a000 	/usr/lib/system/libsystem_networkextension.dylib
0x0000000002a9a000 	/usr/lib/system/libsystem_notify.dylib
0x0000000002a9a000 	/usr/lib/system/libsystem_platform.dylib
0x0000000002a9a000 	/usr/lib/system/libsystem_pthread.dylib
0x0000000002a9a000 	/usr/lib/system/libsystem_sandbox.dylib
0x0000000002a9a000 	/usr/lib/system/libsystem_secinit.dylib
0x0000000002a9a000 	/usr/lib/system/libsystem_stats.dylib
0x0000000002a9a000 	/usr/lib/system/libsystem_trace.dylib
0x0000000002a9a000 	/usr/lib/system/libunc.dylib
0x0000000002a9a000 	/usr/lib/system/libunwind.dylib
0x0000000002a9a000 	/usr/lib/system/libxpc.dylib
0x0000000002a9a000 	/usr/lib/libbz2.1.0.dylib
0x0000000002a9a000 	/usr/lib/liblzma.5.dylib
0x0000000002a9a000 	/usr/lib/libbsm.0.dylib
0x0000000002a9a000 	/usr/lib/libsqlite3.dylib
0x0000000002a9a000 	/usr/lib/system/libkxld.dylib
0x0000000002a9a000 	/usr/lib/libxar.1.dylib
0x0000000002a9a000 	/usr/lib/libpam.2.dylib
0x0000000002a9a000 	/usr/lib/libOpenScriptingUtil.dylib
0x0000000002a9a000 	/System/Library/Frameworks/CoreServices.framework/Versions/A/Frameworks/FSEvents.framework/Versions/A/FSEvents
0x0000000002a9a000 	/System/Library/Frameworks/CoreServices.framework/Versions/A/Frameworks/CarbonCore.framework/Versions/A/CarbonCore
0x0000000002a9a000 	/System/Library/Frameworks/CoreServices.framework/Versions/A/Frameworks/Metadata.framework/Versions/A/Metadata
0x0000000002a9a000 	/System/Library/Frameworks/CoreServices.framework/Versions/A/Frameworks/OSServices.framework/Versions/A/OSServices
0x0000000002a9a000 	/System/Library/Frameworks/CoreServices.framework/Versions/A/Frameworks/SearchKit.framework/Versions/A/SearchKit
0x0000000002a9a000 	/System/Library/Frameworks/CoreServices.framework/Versions/A/Frameworks/AE.framework/Versions/A/AE
0x0000000002a9a000 	/System/Library/Frameworks/CoreServices.framework/Versions/A/Frameworks/LaunchServices.framework/Versions/A/LaunchServices
0x0000000002a9a000 	/System/Library/Frameworks/CoreServices.framework/Versions/A/Frameworks/DictionaryServices.framework/Versions/A/DictionaryServices
0x0000000002a9a000 	/System/Library/Frameworks/NetFS.framework/Versions/A/NetFS
0x0000000002a9a000 	/System/Library/PrivateFrameworks/NetAuth.framework/Versions/A/NetAuth
0x0000000002a9a000 	/System/Library/PrivateFrameworks/login.framework/Versions/A/Frameworks/loginsupport.framework/Versions/A/loginsupport
0x0000000002a9a000 	/System/Library/PrivateFrameworks/TCC.framework/Versions/A/TCC
0x0000000002a9a000 	/usr/lib/libmecabra.dylib
0x0000000002a9a000 	/System/Library/Frameworks/ApplicationServices.framework/Versions/A/Frameworks/ATS.framework/Versions/A/ATS
0x0000000002a9a000 	/System/Library/Frameworks/ApplicationServices.framework/Versions/A/Frameworks/ColorSync.framework/Versions/A/ColorSync
0x0000000002a9a000 	/System/Library/Frameworks/ApplicationServices.framework/Versions/A/Frameworks/HIServices.framework/Versions/A/HIServices
0x0000000002a9a000 	/System/Library/Frameworks/ApplicationServices.framework/Versions/A/Frameworks/LangAnalysis.framework/Versions/A/LangAnalysis
0x0000000002a9a000 	/System/Library/Frameworks/ApplicationServices.framework/Versions/A/Frameworks/PrintCore.framework/Versions/A/PrintCore
0x0000000002a9a000 	/System/Library/Frameworks/ApplicationServices.framework/Versions/A/Frameworks/QD.framework/Versions/A/QD
0x0000000002a9a000 	/System/Library/Frameworks/ApplicationServices.framework/Versions/A/Frameworks/SpeechSynthesis.framework/Versions/A/SpeechSynthesis
0x0000000002a9a000 	/System/Library/Frameworks/Accelerate.framework/Versions/A/Accelerate
0x0000000002a9a000 	/System/Library/Frameworks/Accelerate.framework/Versions/A/Frameworks/vImage.framework/Versions/A/vImage
0x0000000002a9a000 	/System/Library/Frameworks/Accelerate.framework/Versions/A/Frameworks/vecLib.framework/Versions/A/vecLib
0x0000000002a9a000 	/System/Library/Frameworks/Accelerate.framework/Versions/A/Frameworks/vecLib.framework/Versions/A/libvDSP.dylib
0x0000000002a9a000 	/System/Library/Frameworks/Accelerate.framework/Versions/A/Frameworks/vecLib.framework/Versions/A/libvMisc.dylib
0x0000000002a9a000 	/System/Library/Frameworks/Accelerate.framework/Versions/A/Frameworks/vecLib.framework/Versions/A/libLAPACK.dylib
0x0000000002a9a000 	/System/Library/Frameworks/Accelerate.framework/Versions/A/Frameworks/vecLib.framework/Versions/A/libBLAS.dylib
0x0000000002a9a000 	/System/Library/Frameworks/Accelerate.framework/Versions/A/Frameworks/vecLib.framework/Versions/A/libLinearAlgebra.dylib
0x0000000002a9a000 	/System/Library/Frameworks/ApplicationServices.framework/Versions/A/Frameworks/ATS.framework/Versions/A/Resources/libFontParser.dylib
0x0000000002a9a000 	/System/Library/Frameworks/ApplicationServices.framework/Versions/A/Frameworks/ATS.framework/Versions/A/Resources/libFontRegistry.dylib
0x0000000002a9a000 	/System/Library/PrivateFrameworks/AppleVPA.framework/Versions/A/AppleVPA
0x0000000002a9a000 	/System/Library/PrivateFrameworks/AppleJPEG.framework/Versions/A/AppleJPEG
0x0000000002a9a000 	/System/Library/Frameworks/ImageIO.framework/Versions/A/Resources/libJPEG.dylib
0x0000000002a9a000 	/System/Library/Frameworks/ImageIO.framework/Versions/A/Resources/libTIFF.dylib
0x0000000002a9a000 	/System/Library/Frameworks/ImageIO.framework/Versions/A/Resources/libPng.dylib
0x0000000002a9a000 	/System/Library/Frameworks/ImageIO.framework/Versions/A/Resources/libGIF.dylib
0x0000000002a9a000 	/System/Library/Frameworks/ImageIO.framework/Versions/A/Resources/libJP2.dylib
0x0000000002a9a000 	/System/Library/Frameworks/ImageIO.framework/Versions/A/Resources/libRadiance.dylib
0x0000000002a9a000 	/System/Library/Frameworks/CoreVideo.framework/Versions/A/CoreVideo
0x0000000002a9a000 	/System/Library/Frameworks/OpenGL.framework/Versions/A/Libraries/libGLU.dylib
0x0000000002a9a000 	/System/Library/Frameworks/OpenGL.framework/Versions/A/Libraries/libGFXShared.dylib
0x0000000002a9a000 	/System/Library/Frameworks/OpenGL.framework/Versions/A/Libraries/libGL.dylib
0x0000000002a9a000 	/System/Library/Frameworks/OpenGL.framework/Versions/A/Libraries/libGLImage.dylib
0x0000000002a9a000 	/System/Library/Frameworks/OpenGL.framework/Versions/A/Libraries/libCVMSPluginSupport.dylib
0x0000000002a9a000 	/System/Library/Frameworks/OpenGL.framework/Versions/A/Libraries/libCoreVMClient.dylib
0x0000000002a9a000 	/usr/lib/libcups.2.dylib
0x0000000002a9a000 	/System/Library/Frameworks/Kerberos.framework/Versions/A/Kerberos
0x0000000002a9a000 	/System/Library/Frameworks/GSS.framework/Versions/A/GSS
0x0000000002a9a000 	/usr/lib/libresolv.9.dylib
0x0000000002a9a000 	/usr/lib/libiconv.2.dylib
0x0000000002a9a000 	/System/Library/PrivateFrameworks/Heimdal.framework/Versions/A/Heimdal
0x0000000002a9a000 	/usr/lib/libheimdal-asn1.dylib
0x0000000002a9a000 	/System/Library/Frameworks/OpenDirectory.framework/Versions/A/OpenDirectory
0x0000000002a9a000 	/System/Library/PrivateFrameworks/CommonAuth.framework/Versions/A/CommonAuth
0x0000000002a9a000 	/System/Library/Frameworks/OpenDirectory.framework/Versions/A/Frameworks/CFOpenDirectory.framework/Versions/A/CFOpenDirectory
0x0000000002a9a000 	/System/Library/Frameworks/SecurityFoundation.framework/Versions/A/SecurityFoundation
0x0000000002a9a000 	/System/Library/PrivateFrameworks/LanguageModeling.framework/Versions/A/LanguageModeling
0x0000000002a9a000 	/usr/lib/libcmph.dylib
0x0000000002a9a000 	/System/Library/Frameworks/ServiceManagement.framework/Versions/A/ServiceManagement
0x0000000002a9a000 	/usr/lib/libxslt.1.dylib
0x0000000002a9a000 	/System/Library/Frameworks/Carbon.framework/Versions/A/Frameworks/Ink.framework/Versions/A/Ink
0x0000000002a9a000 	/System/Library/Frameworks/QuartzCore.framework/Versions/A/Frameworks/CoreImage.framework/Versions/A/CoreImage
0x0000000002a9a000 	/System/Library/PrivateFrameworks/CrashReporterSupport.framework/Versions/A/CrashReporterSupport
0x0000000002a9a000 	/System/Library/Frameworks/OpenCL.framework/Versions/A/OpenCL
0x0000000002a9a000 	/System/Library/PrivateFrameworks/FaceCore.framework/Versions/A/FaceCore
0x0000000002a9a000 	/System/Library/PrivateFrameworks/Ubiquity.framework/Versions/A/Ubiquity
0x0000000002a9a000 	/System/Library/PrivateFrameworks/IconServices.framework/Versions/A/IconServices
0x0000000002a9a000 	/System/Library/PrivateFrameworks/ChunkingLibrary.framework/Versions/A/ChunkingLibrary
0x0000000002a9a000 	/System/Library/PrivateFrameworks/Apple80211.framework/Versions/A/Apple80211
0x0000000002a9a000 	/System/Library/Frameworks/CoreWLAN.framework/Versions/A/CoreWLAN
0x0000000002a9a000 	/System/Library/Frameworks/IOBluetooth.framework/Versions/A/IOBluetooth
0x0000000002a9a000 	/System/Library/PrivateFrameworks/CoreWiFi.framework/Versions/A/CoreWiFi
0x0000000002a9a000 	/System/Library/Frameworks/CoreBluetooth.framework/Versions/A/CoreBluetooth
0x0000000002a9a000 	/System/Library/PrivateFrameworks/DebugSymbols.framework/Versions/A/DebugSymbols
0x0000000002a9a000 	/System/Library/PrivateFrameworks/CoreSymbolication.framework/Versions/A/CoreSymbolication
0x0000000002a9a000 	/System/Library/PrivateFrameworks/Symbolication.framework/Versions/A/Symbolication
0x0000000002a9a000 	/System/Library/PrivateFrameworks/SpeechRecognitionCore.framework/Versions/A/SpeechRecognitionCore
0x0000000109e00000 	/Library/Java/JavaVirtualMachines/jdk1.8.0_71.jdk/Contents/Home/jre/lib/server/libjvm.dylib
0x0000000002a9a000 	/usr/lib/libstdc++.6.dylib
0x0000000109514000 	/Library/Java/JavaVirtualMachines/jdk1.8.0_71.jdk/Contents/Home/jre/lib/libverify.dylib
0x0000000109522000 	/Library/Java/JavaVirtualMachines/jdk1.8.0_71.jdk/Contents/Home/jre/lib/libjava.dylib
0x0000000109561000 	/Library/Java/JavaVirtualMachines/jdk1.8.0_71.jdk/Contents/Home/jre/lib/libzip.dylib
0x0000000120e5e000 	/System/Library/Frameworks/JavaVM.framework/Frameworks/JavaRuntimeSupport.framework/JavaRuntimeSupport
0x0000000120e74000 	/System/Library/Frameworks/JavaVM.framework/Versions/A/Frameworks/JavaNativeFoundation.framework/Versions/A/JavaNativeFoundation
0x00000001095ed000 	/System/Library/Frameworks/JavaVM.framework/Versions/A/JavaVM
0x0000000002a9a000 	/System/Library/Frameworks/Carbon.framework/Versions/A/Carbon
0x0000000120e88000 	/System/Library/PrivateFrameworks/JavaLaunching.framework/Versions/A/JavaLaunching
0x0000000002a9a000 	/System/Library/Frameworks/Carbon.framework/Versions/A/Frameworks/CommonPanels.framework/Versions/A/CommonPanels
0x0000000002a9a000 	/System/Library/Frameworks/Carbon.framework/Versions/A/Frameworks/Help.framework/Versions/A/Help
0x0000000002a9a000 	/System/Library/Frameworks/Carbon.framework/Versions/A/Frameworks/ImageCapture.framework/Versions/A/ImageCapture
0x0000000002a9a000 	/System/Library/Frameworks/Carbon.framework/Versions/A/Frameworks/OpenScripting.framework/Versions/A/OpenScripting
0x0000000002a9a000 	/System/Library/Frameworks/Carbon.framework/Versions/A/Frameworks/Print.framework/Versions/A/Print
0x0000000002a9a000 	/System/Library/Frameworks/Carbon.framework/Versions/A/Frameworks/SecurityHI.framework/Versions/A/SecurityHI
0x00000001232b8000 	/Library/Java/JavaVirtualMachines/jdk1.8.0_71.jdk/Contents/Home/jre/lib/libmanagement.dylib
0x00000001234c6000 	/Library/Java/JavaVirtualMachines/jdk1.8.0_71.jdk/Contents/Home/jre/lib/libnet.dylib
0x0000000123525000 	/Library/Java/JavaVirtualMachines/jdk1.8.0_71.jdk/Contents/Home/jre/lib/libnio.dylib
0x0000000120efb000 	/Library/Java/JavaVirtualMachines/jdk1.8.0_71.jdk/Contents/Home/jre/lib/libsunec.dylib

VM Arguments:
java_command: AccountMgmtService-1.0-SNAPSHOT.jar server ../config.yml
java_class_path (initial): AccountMgmtService-1.0-SNAPSHOT.jar
Launcher Type: SUN_STANDARD

Environment Variables:
JAVA_HOME=/Library/Java/JavaVirtualMachines/jdk1.8.0_71.jdk/Contents/Home
PATH=/usr/local/bin:/usr/bin:/bin:/usr/sbin:/sbin:/Users/ramans/Downloads/apache-maven-3.3.9/bin:/Users/ramans/hadoop/bin:/Users/ramans/hadoop/sbin
SHELL=/bin/bash

Signal Handlers:
SIGSEGV: [libjvm.dylib+0x5a68c5], sa_mask[0]=11111111011111110111111111111111, sa_flags=SA_ONSTACK|SA_RESTART|SA_SIGINFO
SIGBUS: [libjvm.dylib+0x5a68c5], sa_mask[0]=11111111011111110111111111111111, sa_flags=SA_RESTART|SA_SIGINFO
SIGFPE: [libjvm.dylib+0x4805d4], sa_mask[0]=11111111011111110111111111111111, sa_flags=SA_RESTART|SA_SIGINFO
SIGPIPE: [libjvm.dylib+0x4805d4], sa_mask[0]=11111111011111110111111111111111, sa_flags=SA_RESTART|SA_SIGINFO
SIGXFSZ: [libjvm.dylib+0x4805d4], sa_mask[0]=11111111011111110111111111111111, sa_flags=SA_RESTART|SA_SIGINFO
SIGILL: [libjvm.dylib+0x4805d4], sa_mask[0]=11111111011111110111111111111111, sa_flags=SA_RESTART|SA_SIGINFO
SIGUSR1: SIG_DFL, sa_mask[0]=11011111011111100000000111000110, sa_flags=none
SIGUSR2: [libjvm.dylib+0x4800f2], sa_mask[0]=00000000000000000000000000000000, sa_flags=SA_RESTART|SA_SIGINFO
SIGHUP: [libjvm.dylib+0x47e6c9], sa_mask[0]=11111111011111110111111111111111, sa_flags=SA_RESTART|SA_SIGINFO
SIGINT: [libjvm.dylib+0x47e6c9], sa_mask[0]=11111111011111110111111111111111, sa_flags=SA_RESTART|SA_SIGINFO
SIGTERM: [libjvm.dylib+0x47e6c9], sa_mask[0]=11111111011111110111111111111111, sa_flags=SA_RESTART|SA_SIGINFO
SIGQUIT: [libjvm.dylib+0x47e6c9], sa_mask[0]=11111111011111110111111111111111, sa_flags=SA_RESTART|SA_SIGINFO


---------------  S Y S T E M  ---------------

OS:Bsduname:Darwin 14.5.0 Darwin Kernel Version 14.5.0: Wed Jul 29 02:26:53 PDT 2015; root:xnu-2782.40.9~1/RELEASE_X86_64 x86_64
rlimit: STACK 8192k, CORE 0k, NPROC 709, NOFILE 10240, AS infinity
load average:4.45 4.85 4.76

CPU:total 4 (2 cores per cpu, 2 threads per core) family 6 model 61 stepping 4, cmov, cx8, fxsr, mmx, sse, sse2, sse3, ssse3, sse4.1, sse4.2, popcnt, avx, avx2, aes, clmul, erms, 3dnowpref, lzcnt, ht, tsc, tscinvbit, bmi1, bmi2, adx

Memory: 4k page, physical 8388608k(286768k free)

/proc/meminfo:


vm_info: Java HotSpot(TM) 64-Bit Server VM (25.71-b15) for bsd-amd64 JRE (1.8.0_71-b15), built on Dec 22 2015 15:11:44 by "java_re" with gcc 4.2.1 (Based on Apple Inc. build 5658) (LLVM build 2336.11.00)

time: Sun Aug 20 11:31:21 2017
elapsed time: 87 seconds (0d 0h 1m 27s)

