#
# A fatal error has been detected by the Java Runtime Environment:
#
#  SIGBUS (0xa) at pc=0x000000010bb9aeb9, pid=16116, tid=28423
#
# JRE version: Java(TM) SE Runtime Environment (8.0_71-b15) (build 1.8.0_71-b15)
# Java VM: Java HotSpot(TM) 64-Bit Server VM (25.71-b15 mixed mode bsd-amd64 compressed oops)
# Problematic frame:
# C  [libzip.dylib+0x2eb9]  newEntry+0x154
#
# Failed to write core dump. Core dumps have been disabled. To enable core dumping, try "ulimit -c unlimited" before starting Java again
#
# If you would like to submit a bug report, please visit:
#   http://bugreport.java.com/bugreport/crash.jsp
# The crash happened outside the Java Virtual Machine in native code.
# See problematic frame for where to report the bug.
#

---------------  T H R E A D  ---------------

Current thread (0x00007ffb0492a800):  JavaThread "Thread-11" [_thread_in_native, id=28423, stack(0x00000001270e3000,0x00000001271e3000)]

siginfo: si_signo: 10 (SIGBUS), si_code: 2 (BUS_ADRERR), si_addr: 0x00000001254eea08

Registers:
RAX=0x00007ffb00431520, RBX=0x00000001254ee9fc, RCX=0x0000000000000001, RDX=0x0000000000000908
RSP=0x00000001271e0410, RBP=0x00000001271e0470, RSI=0x00007ffb02900000, RDI=0x000000010b920800
R8 =0x0000000000000004, R9 =0x00000000ffffffe0, R10=0x000000000000000a, R11=0x00007ffb02900000
R12=0x000000012542c000, R13=0x00000000000156d0, R14=0x000000009ac6435b, R15=0x00007ffb02892710
RIP=0x000000010bb9aeb9, EFLAGS=0x0000000000010206, ERR=0x0000000000000004
  TRAPNO=0x000000000000000e

Top of Stack: (sp=0x00000001271e0410)
0x00000001271e0410:   0000000000000000 0000000000000000
0x00000001271e0420:   0000000000000000 0000000000000000
0x00000001271e0430:   00000001271e0450 00007ffb00431520
0x00000001271e0440:   00007ffb02997c00 00007ffb00431520
0x00000001271e0450:   000000012542c000 00000000000156d0
0x00000001271e0460:   000000009ac6435b 00007ffb02892710
0x00000001271e0470:   00000001271e04d0 000000010bb9b554
0x00000001271e0480:   00000001271e051a 00000001271e0519
0x00000001271e0490:   0000002a00000000 0000002b0192a800
0x00000001271e04a0:   00000001271e04ee 00000001271e0938
0x00000001271e04b0:   000000000000002b 00000001271e04ee
0x00000001271e04c0:   00007ffb00431520 00007ffb0492a9f8
0x00000001271e04d0:   00000001271e0920 000000010bb9a34f
0x00000001271e04e0:   0000000000000000 726f000000000001
0x00000001271e04f0:   7370696c63652f67 2f797474656a2f65
0x00000001271e0500:   7475462f6c697475 626c6c6143657275
0x00000001271e0510:   73616c632e6b6361 0000000000000073
0x00000001271e0520:   0000000000000000 0000000000000000
0x00000001271e0530:   0000000000000000 0000000000000000
0x00000001271e0540:   0000000000000000 0000000026f0ec90
0x00000001271e0550:   0000000000000000 0000000000000000
0x00000001271e0560:   0000000000000000 00000000264d2598
0x00000001271e0570:   0000000000000000 0000000000000000
0x00000001271e0580:   00000000264d2578 0000000000000000
0x00000001271e0590:   0000000000000000 0000000000000000
0x00000001271e05a0:   0000000000000000 0000000000000000
0x00000001271e05b0:   00000001271e0610 00007fff8bd91b9d
0x00000001271e05c0:   0000000026ee6900 00000001271e07a8
0x00000001271e05d0:   0000000000000000 00000000264d2558
0x00000001271e05e0:   00000001271e0788 00000000ffffffcd
0x00000001271e05f0:   0000000000000033 00000001271e0788
0x00000001271e0600:   000000010ca0ab9a 00000000ffffffcd 

Instructions: (pc=0x000000010bb9aeb9)
0x000000010bb9ae99:   49 8b 7f 38 e8 50 1b 00 00 4d 89 77 38 49 89 5f
0x000000010bb9aea9:   40 4c 89 f0 48 85 c0 0f 84 11 05 00 00 48 89 c3
0x000000010bb9aeb9:   0f b6 43 0c 0f b6 4b 0d 48 c1 e1 08 48 01 c1 0f
0x000000010bb9aec9:   b6 43 0e 0f b6 53 0f 48 c1 e2 08 48 01 c2 48 c1 

Register to memory mapping:

RAX=0x00007ffb00431520 is an unknown value
RBX=0x00000001254ee9fc is an unknown value
RCX=0x0000000000000001 is an unknown value
RDX=0x0000000000000908 is an unknown value
RSP=0x00000001271e0410 is pointing into the stack for thread: 0x00007ffb0492a800
RBP=0x00000001271e0470 is pointing into the stack for thread: 0x00007ffb0492a800
RSI=0x00007ffb02900000 is an unknown value
RDI=0x000000010b920800 is an unknown value
R8 =0x0000000000000004 is an unknown value
R9 =0x00000000ffffffe0 is an unknown value
R10=0x000000000000000a is an unknown value
R11=0x00007ffb02900000 is an unknown value
R12=0x000000012542c000 is an unknown value
R13=0x00000000000156d0 is an unknown value
R14=0x000000009ac6435b is an unknown value
R15=0x00007ffb02892710 is an unknown value


Stack: [0x00000001270e3000,0x00000001271e3000],  sp=0x00000001271e0410,  free space=1013k
Native frames: (J=compiled Java code, j=interpreted, Vv=VM code, C=native code)
C  [libzip.dylib+0x2eb9]  newEntry+0x154
C  [libzip.dylib+0x3554]  ZIP_GetEntry2+0xd4
C  [libzip.dylib+0x234f]  Java_java_util_zip_ZipFile_getEntry+0xcf
J 157  java.util.zip.ZipFile.getEntry(J[BZ)J (0 bytes) @ 0x000000010d4e9d4e [0x000000010d4e9c80+0xce]
J 1898 C2 sun.misc.URLClassPath$JarLoader.getResource(Ljava/lang/String;Z)Lsun/misc/Resource; (85 bytes) @ 0x000000010d9a1d38 [0x000000010d9a1800+0x538]
J 911 C2 sun.misc.URLClassPath.getResource(Ljava/lang/String;Z)Lsun/misc/Resource; (83 bytes) @ 0x000000010d6bcaec [0x000000010d6bc9a0+0x14c]
J 2577 C2 java.net.URLClassLoader$1.run()Ljava/lang/Object; (5 bytes) @ 0x000000010db55b28 [0x000000010db55660+0x4c8]
v  ~StubRoutines::call_stub
V  [libjvm.dylib+0x2ea59a]  JavaCalls::call_helper(JavaValue*, methodHandle*, JavaCallArguments*, Thread*)+0x6ae
V  [libjvm.dylib+0x34aac4]  JVM_DoPrivileged+0x4b8
J 173  java.security.AccessController.doPrivileged(Ljava/security/PrivilegedExceptionAction;Ljava/security/AccessControlContext;)Ljava/lang/Object; (0 bytes) @ 0x000000010d4ef815 [0x000000010d4ef740+0xd5]
J 2045 C2 java.net.URLClassLoader.findClass(Ljava/lang/String;)Ljava/lang/Class; (47 bytes) @ 0x000000010da0debc [0x000000010da0de20+0x9c]
J 1914 C2 java.lang.ClassLoader.loadClass(Ljava/lang/String;Z)Ljava/lang/Class; (122 bytes) @ 0x000000010d9f866c [0x000000010d9f7ba0+0xacc]
J 210 C1 sun.misc.Launcher$AppClassLoader.loadClass(Ljava/lang/String;Z)Ljava/lang/Class; (85 bytes) @ 0x000000010d50bfe4 [0x000000010d50b640+0x9a4]
J 209 C1 java.lang.ClassLoader.loadClass(Ljava/lang/String;)Ljava/lang/Class; (7 bytes) @ 0x000000010d50b084 [0x000000010d50af80+0x104]
v  ~StubRoutines::call_stub
V  [libjvm.dylib+0x2ea59a]  JavaCalls::call_helper(JavaValue*, methodHandle*, JavaCallArguments*, Thread*)+0x6ae
V  [libjvm.dylib+0x2ead28]  JavaCalls::call_virtual(JavaValue*, KlassHandle, Symbol*, Symbol*, JavaCallArguments*, Thread*)+0x164
V  [libjvm.dylib+0x2eae80]  JavaCalls::call_virtual(JavaValue*, Handle, KlassHandle, Symbol*, Symbol*, Handle, Thread*)+0x56
V  [libjvm.dylib+0x5331e0]  SystemDictionary::load_instance_class(Symbol*, Handle, Thread*)+0x2d8
V  [libjvm.dylib+0x532979]  SystemDictionary::resolve_instance_class_or_null(Symbol*, Handle, Handle, Thread*)+0x48f
V  [libjvm.dylib+0x5333fc]  SystemDictionary::resolve_or_null(Symbol*, Handle, Handle, Thread*)+0x106
V  [libjvm.dylib+0x533a79]  SystemDictionary::resolve_or_fail(Symbol*, Handle, Handle, bool, Thread*)+0x31
V  [libjvm.dylib+0x1e0b6a]  ConstantPool::klass_at_impl(constantPoolHandle, int, Thread*)+0x2ee
V  [libjvm.dylib+0x1f0e2e]  ConstantPool::klass_at(int, Thread*)+0x92
V  [libjvm.dylib+0x2e5f77]  InterpreterRuntime::_new(JavaThread*, ConstantPool*, int)+0x2d
j  org.eclipse.jetty.server.AbstractConnector.shutdown()Ljava/util/concurrent/Future;+0
j  org.eclipse.jetty.server.AbstractNetworkConnector.shutdown()Ljava/util/concurrent/Future;+5
j  org.eclipse.jetty.server.ServerConnector.shutdown()Ljava/util/concurrent/Future;+1
j  org.eclipse.jetty.server.Server.doStop()V+60
j  org.eclipse.jetty.util.component.AbstractLifeCycle.stop()V+30
j  org.eclipse.jetty.util.thread.ShutdownThread.run()V+41
v  ~StubRoutines::call_stub
V  [libjvm.dylib+0x2ea59a]  JavaCalls::call_helper(JavaValue*, methodHandle*, JavaCallArguments*, Thread*)+0x6ae
V  [libjvm.dylib+0x2ead28]  JavaCalls::call_virtual(JavaValue*, KlassHandle, Symbol*, Symbol*, JavaCallArguments*, Thread*)+0x164
V  [libjvm.dylib+0x2eaed4]  JavaCalls::call_virtual(JavaValue*, Handle, KlassHandle, Symbol*, Symbol*, Thread*)+0x4a
V  [libjvm.dylib+0x345451]  thread_entry(JavaThread*, Thread*)+0x7c
V  [libjvm.dylib+0x560e73]  JavaThread::thread_main_inner()+0x9b
V  [libjvm.dylib+0x56256e]  JavaThread::run()+0x1c2
V  [libjvm.dylib+0x482fc2]  java_start(Thread*)+0xf6
C  [libsystem_pthread.dylib+0x405a]  _pthread_body+0x83
C  [libsystem_pthread.dylib+0x3fd7]  _pthread_body+0x0
C  [libsystem_pthread.dylib+0x13ed]  thread_start+0xd
C  0x0000000000000000

Java frames: (J=compiled Java code, j=interpreted, Vv=VM code)
J 157  java.util.zip.ZipFile.getEntry(J[BZ)J (0 bytes) @ 0x000000010d4e9cd8 [0x000000010d4e9c80+0x58]
J 1898 C2 sun.misc.URLClassPath$JarLoader.getResource(Ljava/lang/String;Z)Lsun/misc/Resource; (85 bytes) @ 0x000000010d9a1d38 [0x000000010d9a1800+0x538]
J 911 C2 sun.misc.URLClassPath.getResource(Ljava/lang/String;Z)Lsun/misc/Resource; (83 bytes) @ 0x000000010d6bcaec [0x000000010d6bc9a0+0x14c]
J 2577 C2 java.net.URLClassLoader$1.run()Ljava/lang/Object; (5 bytes) @ 0x000000010db55b28 [0x000000010db55660+0x4c8]
v  ~StubRoutines::call_stub
J 173  java.security.AccessController.doPrivileged(Ljava/security/PrivilegedExceptionAction;Ljava/security/AccessControlContext;)Ljava/lang/Object; (0 bytes) @ 0x000000010d4ef7a3 [0x000000010d4ef740+0x63]
J 2045 C2 java.net.URLClassLoader.findClass(Ljava/lang/String;)Ljava/lang/Class; (47 bytes) @ 0x000000010da0debc [0x000000010da0de20+0x9c]
J 1914 C2 java.lang.ClassLoader.loadClass(Ljava/lang/String;Z)Ljava/lang/Class; (122 bytes) @ 0x000000010d9f866c [0x000000010d9f7ba0+0xacc]
J 210 C1 sun.misc.Launcher$AppClassLoader.loadClass(Ljava/lang/String;Z)Ljava/lang/Class; (85 bytes) @ 0x000000010d50bfe4 [0x000000010d50b640+0x9a4]
J 209 C1 java.lang.ClassLoader.loadClass(Ljava/lang/String;)Ljava/lang/Class; (7 bytes) @ 0x000000010d50b084 [0x000000010d50af80+0x104]
v  ~StubRoutines::call_stub
j  org.eclipse.jetty.server.AbstractConnector.shutdown()Ljava/util/concurrent/Future;+0
j  org.eclipse.jetty.server.AbstractNetworkConnector.shutdown()Ljava/util/concurrent/Future;+5
j  org.eclipse.jetty.server.ServerConnector.shutdown()Ljava/util/concurrent/Future;+1
j  org.eclipse.jetty.server.Server.doStop()V+60
j  org.eclipse.jetty.util.component.AbstractLifeCycle.stop()V+30
j  org.eclipse.jetty.util.thread.ShutdownThread.run()V+41
v  ~StubRoutines::call_stub

---------------  P R O C E S S  ---------------

Java Threads: ( => current thread )
=>0x00007ffb0492a800 JavaThread "Thread-11" [_thread_in_native, id=28423, stack(0x00000001270e3000,0x00000001271e3000)]
  0x00007ffb03c25800 JavaThread "SIGINT handler" daemon [_thread_blocked, id=28207, stack(0x0000000125320000,0x0000000125420000)]
  0x00007ffb0492a000 JavaThread "dw-admin-46" [_thread_blocked, id=26907, stack(0x0000000125f44000,0x0000000126044000)]
  0x00007ffb05008800 JavaThread "pool-1-thread-1" daemon [_thread_blocked, id=29955, stack(0x0000000126206000,0x0000000126306000)]
  0x00007ffb03816000 JavaThread "cluster-ClusterId{value='599928b9e158bd3ef4577823', description='null'}-localhost:27017" daemon [_thread_blocked, id=29703, stack(0x000000012608a000,0x000000012618a000)]
  0x00007ffb00d27800 JavaThread "Scheduler-1864933502" [_thread_blocked, id=27139, stack(0x0000000125775000,0x0000000125875000)]
  0x00007ffb01802800 JavaThread "DestroyJavaVM" [_thread_blocked, id=4867, stack(0x000000010ba49000,0x000000010bb49000)]
  0x00007ffb01d30000 JavaThread "dw-admin-29-acceptor-1@786c973a-admin@1fdbba0d{HTTP/1.1}{0.0.0.0:9096}" [_thread_blocked, id=26115, stack(0x0000000128e01000,0x0000000128f01000)]
  0x00007ffb01e4d800 JavaThread "dw-admin-28-acceptor-0@4ac7feb5-admin@1fdbba0d{HTTP/1.1}{0.0.0.0:9096}" [_thread_in_native, id=25603, stack(0x0000000128a3c000,0x0000000128b3c000)]
  0x00007ffb017f7000 JavaThread "dw-admin-27-selector-ServerConnectorManager@11e24037/3" [_thread_in_native, id=24583, stack(0x0000000128356000,0x0000000128456000)]
  0x00007ffb017f6800 JavaThread "dw-admin-26-selector-ServerConnectorManager@11e24037/2" [_thread_in_native, id=25091, stack(0x0000000128939000,0x0000000128a39000)]
  0x00007ffb01751800 JavaThread "dw-admin-24-selector-ServerConnectorManager@11e24037/1" [_thread_in_native, id=24067, stack(0x0000000128253000,0x0000000128353000)]
  0x00007ffb0138a800 JavaThread "org.eclipse.jetty.server.session.HashSessionManager@2fad50f2Timer" daemon [_thread_blocked, id=23555, stack(0x000000012689c000,0x000000012699c000)]
  0x00007ffb01d4a000 JavaThread "dw-admin-22-selector-ServerConnectorManager@11e24037/0" [_thread_in_native, id=23047, stack(0x0000000125672000,0x0000000125772000)]
  0x00007ffb0263f800 JavaThread "dw-19" [_thread_blocked, id=22531, stack(0x0000000127d5d000,0x0000000127e5d000)]
  0x00007ffb01811000 JavaThread "dw-18" [_thread_blocked, id=22019, stack(0x0000000127c5a000,0x0000000127d5a000)]
  0x00007ffb014cb000 JavaThread "dw-17" [_thread_blocked, id=21507, stack(0x0000000127b57000,0x0000000127c57000)]
  0x00007ffb023e8000 JavaThread "dw-16" [_thread_blocked, id=20995, stack(0x0000000127a54000,0x0000000127b54000)]
  0x00007ffb0138b000 JavaThread "dw-15-selector-ServerConnectorManager@5ce5b2df/3" [_thread_in_native, id=20483, stack(0x0000000127951000,0x0000000127a51000)]
  0x00007ffb0080f000 JavaThread "dw-14-selector-ServerConnectorManager@5ce5b2df/2" [_thread_in_native, id=19971, stack(0x000000012784e000,0x000000012794e000)]
  0x00007ffb014a1000 JavaThread "dw-13-selector-ServerConnectorManager@5ce5b2df/1" [_thread_in_native, id=14087, stack(0x000000012774b000,0x000000012784b000)]
  0x00007ffb00e64000 JavaThread "dw-12-selector-ServerConnectorManager@5ce5b2df/0" [_thread_in_native, id=13575, stack(0x0000000127648000,0x0000000127748000)]
  0x00007ffb01401000 JavaThread "AsyncAppender-Worker-async-console-appender" daemon [_thread_blocked, id=12299, stack(0x0000000127545000,0x0000000127645000)]
  0x00007ffb02228800 JavaThread "AsyncAppender-Worker-async-console-appender" daemon [_thread_blocked, id=19203, stack(0x0000000126799000,0x0000000126899000)]
  0x00007ffb00821000 JavaThread "Service Thread" daemon [_thread_blocked, id=18179, stack(0x00000001250aa000,0x00000001251aa000)]
  0x00007ffb01065800 JavaThread "C1 CompilerThread2" daemon [_thread_blocked, id=17667, stack(0x0000000124fa7000,0x00000001250a7000)]
  0x00007ffb0200b000 JavaThread "C2 CompilerThread1" daemon [_thread_blocked, id=17155, stack(0x0000000124ea4000,0x0000000124fa4000)]
  0x00007ffb01035800 JavaThread "C2 CompilerThread0" daemon [_thread_blocked, id=16643, stack(0x0000000124da1000,0x0000000124ea1000)]
  0x00007ffb0105e800 JavaThread "Signal Dispatcher" daemon [_thread_blocked, id=12811, stack(0x0000000124c9e000,0x0000000124d9e000)]
  0x00007ffb0180e800 JavaThread "Finalizer" daemon [_thread_blocked, id=11523, stack(0x0000000123294000,0x0000000123394000)]
  0x00007ffb01005000 JavaThread "Reference Handler" daemon [_thread_blocked, id=11011, stack(0x0000000123191000,0x0000000123291000)]

Other Threads:
  0x00007ffb02008000 VMThread [stack: 0x000000012308e000,0x000000012318e000] [id=10499]
  0x00007ffb02009000 WatcherThread [stack: 0x00000001251ad000,0x00000001252ad000] [id=18691]

VM state:not at safepoint (normal execution)

VM Mutex/Monitor currently owned by a thread: None

Heap:
 PSYoungGen      total 284160K, used 196872K [0x0000000795580000, 0x00000007a8080000, 0x00000007c0000000)
  eden space 263168K, 74% used [0x0000000795580000,0x00000007a15c23a0,0x00000007a5680000)
  from space 20992K, 0% used [0x00000007a6c00000,0x00000007a6c00000,0x00000007a8080000)
  to   space 21504K, 0% used [0x00000007a5680000,0x00000007a5680000,0x00000007a6b80000)
 ParOldGen       total 72192K, used 19794K [0x0000000740000000, 0x0000000744680000, 0x0000000795580000)
  object space 72192K, 27% used [0x0000000740000000,0x0000000741354948,0x0000000744680000)
 Metaspace       used 32003K, capacity 32446K, committed 32512K, reserved 1077248K
  class space    used 4150K, capacity 4290K, committed 4352K, reserved 1048576K

Card table byte_map: [0x000000011c74f000,0x000000011cb50000] byte_map_base: 0x0000000118d4f000

Marking Bits: (ParMarkBitMap*) 0x000000010cce3ea0
 Begin Bits: [0x000000011d207000, 0x000000011f207000)
 End Bits:   [0x000000011f207000, 0x0000000121207000)

Polling page: 0x000000010bb8e000

CodeCache: size=245760Kb used=8836Kb max_used=9183Kb free=236923Kb
 bounds [0x000000010d38f000, 0x000000010dc9f000, 0x000000011c38f000]
 total_blobs=3384 nmethods=2910 adapters=387
 compilation: enabled

Compilation events (10 events):
Event: 706.179 Thread 0x00007ffb01065800 3324       3       org.bson.BsonBinaryReader::doReadInt32 (10 bytes)
Event: 706.179 Thread 0x00007ffb01065800 nmethod 3324 0x000000010d6f1290 code [0x000000010d6f1440, 0x000000010d6f19a8]
Event: 726.180 Thread 0x00007ffb0200b000 3325       4       java.lang.Character::codePointAt (51 bytes)
Event: 726.182 Thread 0x00007ffb0200b000 nmethod 3325 0x000000010d699850 code [0x000000010d6999a0, 0x000000010d699ad8]
Event: 732.397 Thread 0x00007ffb01065800 3326       3       java.util.concurrent.locks.AbstractQueuedSynchronizer::release (33 bytes)
Event: 732.398 Thread 0x00007ffb01065800 nmethod 3326 0x000000010d6f0cd0 code [0x000000010d6f0e60, 0x000000010d6f1178]
Event: 734.590 Thread 0x00007ffb01065800 3327       3       java.util.logging.LogManager$LoggerContext::ensureDefaultLogger (70 bytes)
Event: 734.591 Thread 0x00007ffb01065800 nmethod 3327 0x000000010d8ce2d0 code [0x000000010d8ce4a0, 0x000000010d8ced48]
Event: 734.591 Thread 0x00007ffb01065800 3328  s    3       java.util.Hashtable::containsKey (65 bytes)
Event: 734.591 Thread 0x00007ffb01065800 nmethod 3328 0x000000010d8cd890 code [0x000000010d8cda40, 0x000000010d8ce078]

GC Heap History (10 events):
Event: 4.881 GC heap before
{Heap before GC invocations=5 (full 0):
 PSYoungGen      total 71680K, used 71664K [0x0000000795580000, 0x000000079a080000, 0x00000007c0000000)
  eden space 66560K, 100% used [0x0000000795580000,0x0000000799680000,0x0000000799680000)
  from space 5120K, 99% used [0x0000000799b80000,0x000000079a07c030,0x000000079a080000)
  to   space 5120K, 0% used [0x0000000799680000,0x0000000799680000,0x0000000799b80000)
 ParOldGen       total 87552K, used 17552K [0x0000000740000000, 0x0000000745580000, 0x0000000795580000)
  object space 87552K, 20% used [0x0000000740000000,0x0000000741124300,0x0000000745580000)
 Metaspace       used 19548K, capacity 19752K, committed 19968K, reserved 1067008K
  class space    used 2454K, capacity 2531K, committed 2560K, reserved 1048576K
Event: 4.896 GC heap after
Heap after GC invocations=5 (full 0):
 PSYoungGen      total 71680K, used 5088K [0x0000000795580000, 0x000000079f380000, 0x00000007c0000000)
  eden space 66560K, 0% used [0x0000000795580000,0x0000000795580000,0x0000000799680000)
  from space 5120K, 99% used [0x0000000799680000,0x0000000799b78040,0x0000000799b80000)
  to   space 14336K, 0% used [0x000000079e580000,0x000000079e580000,0x000000079f380000)
 ParOldGen       total 87552K, used 27144K [0x0000000740000000, 0x0000000745580000, 0x0000000795580000)
  object space 87552K, 31% used [0x0000000740000000,0x0000000741a82110,0x0000000745580000)
 Metaspace       used 19548K, capacity 19752K, committed 19968K, reserved 1067008K
  class space    used 2454K, capacity 2531K, committed 2560K, reserved 1048576K
}
Event: 5.240 GC heap before
{Heap before GC invocations=6 (full 0):
 PSYoungGen      total 71680K, used 71648K [0x0000000795580000, 0x000000079f380000, 0x00000007c0000000)
  eden space 66560K, 100% used [0x0000000795580000,0x0000000799680000,0x0000000799680000)
  from space 5120K, 99% used [0x0000000799680000,0x0000000799b78040,0x0000000799b80000)
  to   space 14336K, 0% used [0x000000079e580000,0x000000079e580000,0x000000079f380000)
 ParOldGen       total 87552K, used 27144K [0x0000000740000000, 0x0000000745580000, 0x0000000795580000)
  object space 87552K, 31% used [0x0000000740000000,0x0000000741a82110,0x0000000745580000)
 Metaspace       used 19549K, capacity 19752K, committed 19968K, reserved 1067008K
  class space    used 2454K, capacity 2531K, committed 2560K, reserved 1048576K
Event: 5.263 GC heap after
Heap after GC invocations=6 (full 0):
 PSYoungGen      total 145920K, used 14309K [0x0000000795580000, 0x000000079f680000, 0x00000007c0000000)
  eden space 131584K, 0% used [0x0000000795580000,0x0000000795580000,0x000000079d600000)
  from space 14336K, 99% used [0x000000079e580000,0x000000079f3796a0,0x000000079f380000)
  to   space 15872K, 0% used [0x000000079d600000,0x000000079d600000,0x000000079e580000)
 ParOldGen       total 87552K, used 27711K [0x0000000740000000, 0x0000000745580000, 0x0000000795580000)
  object space 87552K, 31% used [0x0000000740000000,0x0000000741b0ff98,0x0000000745580000)
 Metaspace       used 19549K, capacity 19752K, committed 19968K, reserved 1067008K
  class space    used 2454K, capacity 2531K, committed 2560K, reserved 1048576K
}
Event: 6.320 GC heap before
{Heap before GC invocations=7 (full 0):
 PSYoungGen      total 145920K, used 145893K [0x0000000795580000, 0x000000079f680000, 0x00000007c0000000)
  eden space 131584K, 100% used [0x0000000795580000,0x000000079d600000,0x000000079d600000)
  from space 14336K, 99% used [0x000000079e580000,0x000000079f3796a0,0x000000079f380000)
  to   space 15872K, 0% used [0x000000079d600000,0x000000079d600000,0x000000079e580000)
 ParOldGen       total 87552K, used 27711K [0x0000000740000000, 0x0000000745580000, 0x0000000795580000)
  object space 87552K, 31% used [0x0000000740000000,0x0000000741b0ff98,0x0000000745580000)
 Metaspace       used 19549K, capacity 19752K, committed 19968K, reserved 1067008K
  class space    used 2454K, capacity 2531K, committed 2560K, reserved 1048576K
Event: 6.354 GC heap after
Heap after GC invocations=7 (full 0):
 PSYoungGen      total 147456K, used 15857K [0x0000000795580000, 0x00000007a8180000, 0x00000007c0000000)
  eden space 131584K, 0% used [0x0000000795580000,0x0000000795580000,0x000000079d600000)
  from space 15872K, 99% used [0x000000079d600000,0x000000079e57c788,0x000000079e580000)
  to   space 22016K, 0% used [0x00000007a6c00000,0x00000007a6c00000,0x00000007a8180000)
 ParOldGen       total 87552K, used 36345K [0x0000000740000000, 0x0000000745580000, 0x0000000795580000)
  object space 87552K, 41% used [0x0000000740000000,0x000000074237e780,0x0000000745580000)
 Metaspace       used 19549K, capacity 19752K, committed 19968K, reserved 1067008K
  class space    used 2454K, capacity 2531K, committed 2560K, reserved 1048576K
}
Event: 6.993 GC heap before
{Heap before GC invocations=8 (full 0):
 PSYoungGen      total 147456K, used 79912K [0x0000000795580000, 0x00000007a8180000, 0x00000007c0000000)
  eden space 131584K, 48% used [0x0000000795580000,0x000000079940d978,0x000000079d600000)
  from space 15872K, 99% used [0x000000079d600000,0x000000079e57c788,0x000000079e580000)
  to   space 22016K, 0% used [0x00000007a6c00000,0x00000007a6c00000,0x00000007a8180000)
 ParOldGen       total 87552K, used 36345K [0x0000000740000000, 0x0000000745580000, 0x0000000795580000)
  object space 87552K, 41% used [0x0000000740000000,0x000000074237e780,0x0000000745580000)
 Metaspace       used 20916K, capacity 21070K, committed 21248K, reserved 1067008K
  class space    used 2641K, capacity 2692K, committed 2816K, reserved 1048576K
Event: 7.005 GC heap after
Heap after GC invocations=8 (full 0):
 PSYoungGen      total 284160K, used 11370K [0x0000000795580000, 0x00000007a8080000, 0x00000007c0000000)
  eden space 263168K, 0% used [0x0000000795580000,0x0000000795580000,0x00000007a5680000)
  from space 20992K, 54% used [0x00000007a6c00000,0x00000007a771aac8,0x00000007a8080000)
  to   space 21504K, 0% used [0x00000007a5680000,0x00000007a5680000,0x00000007a6b80000)
 ParOldGen       total 87552K, used 37001K [0x0000000740000000, 0x0000000745580000, 0x0000000795580000)
  object space 87552K, 42% used [0x0000000740000000,0x0000000742422780,0x0000000745580000)
 Metaspace       used 20916K, capacity 21070K, committed 21248K, reserved 1067008K
  class space    used 2641K, capacity 2692K, committed 2816K, reserved 1048576K
}
Event: 7.005 GC heap before
{Heap before GC invocations=9 (full 1):
 PSYoungGen      total 284160K, used 11370K [0x0000000795580000, 0x00000007a8080000, 0x00000007c0000000)
  eden space 263168K, 0% used [0x0000000795580000,0x0000000795580000,0x00000007a5680000)
  from space 20992K, 54% used [0x00000007a6c00000,0x00000007a771aac8,0x00000007a8080000)
  to   space 21504K, 0% used [0x00000007a5680000,0x00000007a5680000,0x00000007a6b80000)
 ParOldGen       total 87552K, used 37001K [0x0000000740000000, 0x0000000745580000, 0x0000000795580000)
  object space 87552K, 42% used [0x0000000740000000,0x0000000742422780,0x0000000745580000)
 Metaspace       used 20916K, capacity 21070K, committed 21248K, reserved 1067008K
  class space    used 2641K, capacity 2692K, committed 2816K, reserved 1048576K
Event: 7.062 GC heap after
Heap after GC invocations=9 (full 1):
 PSYoungGen      total 284160K, used 0K [0x0000000795580000, 0x00000007a8080000, 0x00000007c0000000)
  eden space 263168K, 0% used [0x0000000795580000,0x0000000795580000,0x00000007a5680000)
  from space 20992K, 0% used [0x00000007a6c00000,0x00000007a6c00000,0x00000007a8080000)
  to   space 21504K, 0% used [0x00000007a5680000,0x00000007a5680000,0x00000007a6b80000)
 ParOldGen       total 72192K, used 19794K [0x0000000740000000, 0x0000000744680000, 0x0000000795580000)
  object space 72192K, 27% used [0x0000000740000000,0x0000000741354948,0x0000000744680000)
 Metaspace       used 20916K, capacity 21070K, committed 21248K, reserved 1067008K
  class space    used 2641K, capacity 2692K, committed 2816K, reserved 1048576K
}

Deoptimization events (10 events):
Event: 25.637 Thread 0x00007ffb03816000 Uncommon trap: reason=class_check action=maybe_recompile pc=0x000000010d77d6e0 method=java.util.AbstractList$Itr.next()Ljava/lang/Object; @ 14
Event: 25.835 Thread 0x00007ffb03816000 Uncommon trap: reason=unstable_if action=reinterpret pc=0x000000010d550d08 method=java.util.Properties$LineReader.readLine()I @ 252
Event: 25.837 Thread 0x00007ffb03816000 Uncommon trap: reason=unstable_if action=reinterpret pc=0x000000010da0c8b8 method=java.util.Properties$LineReader.readLine()I @ 252
Event: 25.853 Thread 0x00007ffb03816000 Uncommon trap: reason=class_check action=maybe_recompile pc=0x000000010d9199c0 method=java.util.regex.Matcher.match(II)Z @ 86
Event: 25.853 Thread 0x00007ffb03816000 Uncommon trap: reason=class_check action=maybe_recompile pc=0x000000010d9199c0 method=java.util.regex.Matcher.match(II)Z @ 86
Event: 25.853 Thread 0x00007ffb03816000 Uncommon trap: reason=class_check action=maybe_recompile pc=0x000000010d9199c0 method=java.util.regex.Matcher.match(II)Z @ 86
Event: 25.853 Thread 0x00007ffb03816000 Uncommon trap: reason=bimorphic action=maybe_recompile pc=0x000000010d92be3c method=java.util.regex.Pattern$Slice.match(Ljava/util/regex/Matcher;ILjava/lang/CharSequence;)Z @ 75
Event: 26.236 Thread 0x00007ffb00e64000 Uncommon trap: reason=unstable_if action=reinterpret pc=0x000000010d9e6a78 method=java.util.HashMap$HashIterator.<init>(Ljava/util/HashMap;)V @ 45
Event: 37.386 Thread 0x00007ffb01811000 Uncommon trap: reason=bimorphic action=maybe_recompile pc=0x000000010d92be3c method=java.util.regex.Pattern$Slice.match(Ljava/util/regex/Matcher;ILjava/lang/CharSequence;)Z @ 75
Event: 37.422 Thread 0x00007ffb00e64000 Uncommon trap: reason=unstable_if action=reinterpret pc=0x000000010d774b38 method=java.util.HashMap$HashIterator.<init>(Ljava/util/HashMap;)V @ 45

Internal exceptions (10 events):
Event: 1.854 Thread 0x00007ffb01802800 Exception <a 'java/lang/ArrayIndexOutOfBoundsException': 119> (0x0000000795968828) thrown at [/Users/java_re/workspace/8-2-build-macosx-x86_64/jdk8u71/5731/hotspot/src/share/vm/interpreter/interpreterRuntime.cpp, line 366]
Event: 1.854 Thread 0x00007ffb01802800 Exception <a 'java/lang/ArrayIndexOutOfBoundsException': 65> (0x0000000795969c70) thrown at [/Users/java_re/workspace/8-2-build-macosx-x86_64/jdk8u71/5731/hotspot/src/share/vm/interpreter/interpreterRuntime.cpp, line 366]
Event: 1.854 Thread 0x00007ffb01802800 Exception <a 'java/lang/ArrayIndexOutOfBoundsException': 79> (0x000000079596b358) thrown at [/Users/java_re/workspace/8-2-build-macosx-x86_64/jdk8u71/5731/hotspot/src/share/vm/interpreter/interpreterRuntime.cpp, line 366]
Event: 1.854 Thread 0x00007ffb01802800 Exception <a 'java/lang/ArrayIndexOutOfBoundsException': 67> (0x000000079596c558) thrown at [/Users/java_re/workspace/8-2-build-macosx-x86_64/jdk8u71/5731/hotspot/src/share/vm/interpreter/interpreterRuntime.cpp, line 366]
Event: 1.854 Thread 0x00007ffb01802800 Exception <a 'java/lang/ArrayIndexOutOfBoundsException': 40> (0x000000079596d608) thrown at [/Users/java_re/workspace/8-2-build-macosx-x86_64/jdk8u71/5731/hotspot/src/share/vm/interpreter/interpreterRuntime.cpp, line 366]
Event: 2.276 Thread 0x00007ffb01802800 Implicit null exception at 0x000000010d5d0135 to 0x000000010d5d04a1
Event: 2.276 Thread 0x00007ffb01802800 Implicit null exception at 0x000000010d577bb5 to 0x000000010d577f15
Event: 3.580 Thread 0x00007ffb01802800 Exception <a 'java/lang/NoSuchFieldError': method resolution failed> (0x00000007975b42e8) thrown at [/Users/java_re/workspace/8-2-build-macosx-x86_64/jdk8u71/5731/hotspot/src/share/vm/prims/methodHandles.cpp, line 1146]
Event: 3.586 Thread 0x00007ffb01802800 Exception <a 'java/lang/NoSuchFieldError': method resolution failed> (0x00000007975c19a8) thrown at [/Users/java_re/workspace/8-2-build-macosx-x86_64/jdk8u71/5731/hotspot/src/share/vm/prims/methodHandles.cpp, line 1146]
Event: 734.591 Thread 0x00007ffb014cb000 Exception <a 'java/io/IOException'> (0x000000079950fba0) thrown at [/Users/java_re/workspace/8-2-build-macosx-x86_64/jdk8u71/5731/hotspot/src/share/vm/prims/jni.cpp, line 709]

Events (10 events):
Event: 728.941 Executing VM operation: RevokeBias done
Event: 728.941 Thread 0x00007ffb04928000 Thread exited: 0x00007ffb04928000
Event: 734.587 loading class sun/misc/Signal$1
Event: 734.588 loading class sun/misc/Signal$1 done
Event: 734.588 Thread 0x00007ffb03c25800 Thread added: 0x00007ffb03c25800
Event: 734.589 Thread 0x00007ffb04928000 Thread added: 0x00007ffb04928000
Event: 734.589 Thread 0x00007ffb0492a800 Thread added: 0x00007ffb0492a800
Event: 734.591 Thread 0x00007ffb04928000 Thread exited: 0x00007ffb04928000
Event: 734.592 loading class org/eclipse/jetty/util/FutureCallback
Event: 734.592 loading class org/eclipse/jetty/util/FutureCallback done


Dynamic libraries:
0x0000000002a9a000 	/System/Library/Frameworks/Cocoa.framework/Versions/A/Cocoa
0x0000000002a9a000 	/System/Library/Frameworks/Security.framework/Versions/A/Security
0x0000000002a9a000 	/System/Library/Frameworks/ApplicationServices.framework/Versions/A/ApplicationServices
0x0000000002a9a000 	/usr/lib/libz.1.dylib
0x0000000002a9a000 	/usr/lib/libSystem.B.dylib
0x0000000002a9a000 	/usr/lib/libobjc.A.dylib
0x0000000002a9a000 	/System/Library/Frameworks/CoreFoundation.framework/Versions/A/CoreFoundation
0x0000000002a9a000 	/System/Library/Frameworks/Foundation.framework/Versions/C/Foundation
0x0000000002a9a000 	/System/Library/Frameworks/AppKit.framework/Versions/C/AppKit
0x0000000002a9a000 	/System/Library/Frameworks/CoreData.framework/Versions/A/CoreData
0x0000000002a9a000 	/System/Library/PrivateFrameworks/RemoteViewServices.framework/Versions/A/RemoteViewServices
0x0000000002a9a000 	/System/Library/PrivateFrameworks/UIFoundation.framework/Versions/A/UIFoundation
0x0000000002a9a000 	/System/Library/Frameworks/IOSurface.framework/Versions/A/IOSurface
0x0000000002a9a000 	/System/Library/Frameworks/AudioToolbox.framework/Versions/A/AudioToolbox
0x0000000002a9a000 	/System/Library/Frameworks/AudioUnit.framework/Versions/A/AudioUnit
0x0000000002a9a000 	/System/Library/PrivateFrameworks/DataDetectorsCore.framework/Versions/A/DataDetectorsCore
0x0000000002a9a000 	/System/Library/PrivateFrameworks/DesktopServicesPriv.framework/Versions/A/DesktopServicesPriv
0x0000000002a9a000 	/System/Library/Frameworks/Carbon.framework/Versions/A/Frameworks/HIToolbox.framework/Versions/A/HIToolbox
0x0000000002a9a000 	/System/Library/Frameworks/QuartzCore.framework/Versions/A/QuartzCore
0x0000000002a9a000 	/System/Library/Frameworks/Carbon.framework/Versions/A/Frameworks/SpeechRecognition.framework/Versions/A/SpeechRecognition
0x0000000002a9a000 	/usr/lib/libauto.dylib
0x0000000002a9a000 	/usr/lib/libicucore.A.dylib
0x0000000002a9a000 	/usr/lib/libxml2.2.dylib
0x0000000002a9a000 	/System/Library/PrivateFrameworks/CoreUI.framework/Versions/A/CoreUI
0x0000000002a9a000 	/System/Library/Frameworks/CoreAudio.framework/Versions/A/CoreAudio
0x0000000002a9a000 	/System/Library/Frameworks/DiskArbitration.framework/Versions/A/DiskArbitration
0x0000000002a9a000 	/usr/lib/liblangid.dylib
0x0000000002a9a000 	/System/Library/PrivateFrameworks/MultitouchSupport.framework/Versions/A/MultitouchSupport
0x0000000002a9a000 	/System/Library/Frameworks/IOKit.framework/Versions/A/IOKit
0x0000000002a9a000 	/usr/lib/libDiagnosticMessagesClient.dylib
0x0000000002a9a000 	/System/Library/Frameworks/CoreServices.framework/Versions/A/CoreServices
0x0000000002a9a000 	/System/Library/PrivateFrameworks/PerformanceAnalysis.framework/Versions/A/PerformanceAnalysis
0x0000000002a9a000 	/System/Library/PrivateFrameworks/GenerationalStorage.framework/Versions/A/GenerationalStorage
0x0000000002a9a000 	/System/Library/Frameworks/OpenGL.framework/Versions/A/OpenGL
0x0000000002a9a000 	/System/Library/PrivateFrameworks/Sharing.framework/Versions/A/Sharing
0x0000000002a9a000 	/System/Library/Frameworks/CoreGraphics.framework/Versions/A/CoreGraphics
0x0000000002a9a000 	/System/Library/Frameworks/CoreText.framework/Versions/A/CoreText
0x0000000002a9a000 	/System/Library/Frameworks/ImageIO.framework/Versions/A/ImageIO
0x0000000002a9a000 	/usr/lib/libextension.dylib
0x0000000002a9a000 	/System/Library/PrivateFrameworks/Backup.framework/Versions/A/Backup
0x0000000002a9a000 	/usr/lib/libarchive.2.dylib
0x0000000002a9a000 	/System/Library/Frameworks/CFNetwork.framework/Versions/A/CFNetwork
0x0000000002a9a000 	/System/Library/Frameworks/SystemConfiguration.framework/Versions/A/SystemConfiguration
0x0000000002a9a000 	/usr/lib/libCRFSuite.dylib
0x0000000002a9a000 	/usr/lib/libc++.1.dylib
0x0000000002a9a000 	/usr/lib/libc++abi.dylib
0x0000000002a9a000 	/usr/lib/system/libcache.dylib
0x0000000002a9a000 	/usr/lib/system/libcommonCrypto.dylib
0x0000000002a9a000 	/usr/lib/system/libcompiler_rt.dylib
0x0000000002a9a000 	/usr/lib/system/libcopyfile.dylib
0x0000000002a9a000 	/usr/lib/system/libcorecrypto.dylib
0x0000000002a9a000 	/usr/lib/system/libdispatch.dylib
0x0000000002a9a000 	/usr/lib/system/libdyld.dylib
0x0000000002a9a000 	/usr/lib/system/libkeymgr.dylib
0x0000000002a9a000 	/usr/lib/system/liblaunch.dylib
0x0000000002a9a000 	/usr/lib/system/libmacho.dylib
0x0000000002a9a000 	/usr/lib/system/libquarantine.dylib
0x0000000002a9a000 	/usr/lib/system/libremovefile.dylib
0x0000000002a9a000 	/usr/lib/system/libsystem_asl.dylib
0x0000000002a9a000 	/usr/lib/system/libsystem_blocks.dylib
0x0000000002a9a000 	/usr/lib/system/libsystem_c.dylib
0x0000000002a9a000 	/usr/lib/system/libsystem_configuration.dylib
0x0000000002a9a000 	/usr/lib/system/libsystem_coreservices.dylib
0x0000000002a9a000 	/usr/lib/system/libsystem_coretls.dylib
0x0000000002a9a000 	/usr/lib/system/libsystem_dnssd.dylib
0x0000000002a9a000 	/usr/lib/system/libsystem_info.dylib
0x0000000002a9a000 	/usr/lib/system/libsystem_kernel.dylib
0x0000000002a9a000 	/usr/lib/system/libsystem_m.dylib
0x0000000002a9a000 	/usr/lib/system/libsystem_malloc.dylib
0x0000000002a9a000 	/usr/lib/system/libsystem_network.dylib
0x0000000002a9a000 	/usr/lib/system/libsystem_networkextension.dylib
0x0000000002a9a000 	/usr/lib/system/libsystem_notify.dylib
0x0000000002a9a000 	/usr/lib/system/libsystem_platform.dylib
0x0000000002a9a000 	/usr/lib/system/libsystem_pthread.dylib
0x0000000002a9a000 	/usr/lib/system/libsystem_sandbox.dylib
0x0000000002a9a000 	/usr/lib/system/libsystem_secinit.dylib
0x0000000002a9a000 	/usr/lib/system/libsystem_stats.dylib
0x0000000002a9a000 	/usr/lib/system/libsystem_trace.dylib
0x0000000002a9a000 	/usr/lib/system/libunc.dylib
0x0000000002a9a000 	/usr/lib/system/libunwind.dylib
0x0000000002a9a000 	/usr/lib/system/libxpc.dylib
0x0000000002a9a000 	/usr/lib/libbz2.1.0.dylib
0x0000000002a9a000 	/usr/lib/liblzma.5.dylib
0x0000000002a9a000 	/usr/lib/libbsm.0.dylib
0x0000000002a9a000 	/usr/lib/libsqlite3.dylib
0x0000000002a9a000 	/usr/lib/system/libkxld.dylib
0x0000000002a9a000 	/usr/lib/libxar.1.dylib
0x0000000002a9a000 	/usr/lib/libpam.2.dylib
0x0000000002a9a000 	/usr/lib/libOpenScriptingUtil.dylib
0x0000000002a9a000 	/System/Library/Frameworks/CoreServices.framework/Versions/A/Frameworks/FSEvents.framework/Versions/A/FSEvents
0x0000000002a9a000 	/System/Library/Frameworks/CoreServices.framework/Versions/A/Frameworks/CarbonCore.framework/Versions/A/CarbonCore
0x0000000002a9a000 	/System/Library/Frameworks/CoreServices.framework/Versions/A/Frameworks/Metadata.framework/Versions/A/Metadata
0x0000000002a9a000 	/System/Library/Frameworks/CoreServices.framework/Versions/A/Frameworks/OSServices.framework/Versions/A/OSServices
0x0000000002a9a000 	/System/Library/Frameworks/CoreServices.framework/Versions/A/Frameworks/SearchKit.framework/Versions/A/SearchKit
0x0000000002a9a000 	/System/Library/Frameworks/CoreServices.framework/Versions/A/Frameworks/AE.framework/Versions/A/AE
0x0000000002a9a000 	/System/Library/Frameworks/CoreServices.framework/Versions/A/Frameworks/LaunchServices.framework/Versions/A/LaunchServices
0x0000000002a9a000 	/System/Library/Frameworks/CoreServices.framework/Versions/A/Frameworks/DictionaryServices.framework/Versions/A/DictionaryServices
0x0000000002a9a000 	/System/Library/Frameworks/NetFS.framework/Versions/A/NetFS
0x0000000002a9a000 	/System/Library/PrivateFrameworks/NetAuth.framework/Versions/A/NetAuth
0x0000000002a9a000 	/System/Library/PrivateFrameworks/login.framework/Versions/A/Frameworks/loginsupport.framework/Versions/A/loginsupport
0x0000000002a9a000 	/System/Library/PrivateFrameworks/TCC.framework/Versions/A/TCC
0x0000000002a9a000 	/usr/lib/libmecabra.dylib
0x0000000002a9a000 	/System/Library/Frameworks/ApplicationServices.framework/Versions/A/Frameworks/ATS.framework/Versions/A/ATS
0x0000000002a9a000 	/System/Library/Frameworks/ApplicationServices.framework/Versions/A/Frameworks/ColorSync.framework/Versions/A/ColorSync
0x0000000002a9a000 	/System/Library/Frameworks/ApplicationServices.framework/Versions/A/Frameworks/HIServices.framework/Versions/A/HIServices
0x0000000002a9a000 	/System/Library/Frameworks/ApplicationServices.framework/Versions/A/Frameworks/LangAnalysis.framework/Versions/A/LangAnalysis
0x0000000002a9a000 	/System/Library/Frameworks/ApplicationServices.framework/Versions/A/Frameworks/PrintCore.framework/Versions/A/PrintCore
0x0000000002a9a000 	/System/Library/Frameworks/ApplicationServices.framework/Versions/A/Frameworks/QD.framework/Versions/A/QD
0x0000000002a9a000 	/System/Library/Frameworks/ApplicationServices.framework/Versions/A/Frameworks/SpeechSynthesis.framework/Versions/A/SpeechSynthesis
0x0000000002a9a000 	/System/Library/Frameworks/Accelerate.framework/Versions/A/Accelerate
0x0000000002a9a000 	/System/Library/Frameworks/Accelerate.framework/Versions/A/Frameworks/vImage.framework/Versions/A/vImage
0x0000000002a9a000 	/System/Library/Frameworks/Accelerate.framework/Versions/A/Frameworks/vecLib.framework/Versions/A/vecLib
0x0000000002a9a000 	/System/Library/Frameworks/Accelerate.framework/Versions/A/Frameworks/vecLib.framework/Versions/A/libvDSP.dylib
0x0000000002a9a000 	/System/Library/Frameworks/Accelerate.framework/Versions/A/Frameworks/vecLib.framework/Versions/A/libvMisc.dylib
0x0000000002a9a000 	/System/Library/Frameworks/Accelerate.framework/Versions/A/Frameworks/vecLib.framework/Versions/A/libLAPACK.dylib
0x0000000002a9a000 	/System/Library/Frameworks/Accelerate.framework/Versions/A/Frameworks/vecLib.framework/Versions/A/libBLAS.dylib
0x0000000002a9a000 	/System/Library/Frameworks/Accelerate.framework/Versions/A/Frameworks/vecLib.framework/Versions/A/libLinearAlgebra.dylib
0x0000000002a9a000 	/System/Library/Frameworks/ApplicationServices.framework/Versions/A/Frameworks/ATS.framework/Versions/A/Resources/libFontParser.dylib
0x0000000002a9a000 	/System/Library/Frameworks/ApplicationServices.framework/Versions/A/Frameworks/ATS.framework/Versions/A/Resources/libFontRegistry.dylib
0x0000000002a9a000 	/System/Library/PrivateFrameworks/AppleVPA.framework/Versions/A/AppleVPA
0x0000000002a9a000 	/System/Library/PrivateFrameworks/AppleJPEG.framework/Versions/A/AppleJPEG
0x0000000002a9a000 	/System/Library/Frameworks/ImageIO.framework/Versions/A/Resources/libJPEG.dylib
0x0000000002a9a000 	/System/Library/Frameworks/ImageIO.framework/Versions/A/Resources/libTIFF.dylib
0x0000000002a9a000 	/System/Library/Frameworks/ImageIO.framework/Versions/A/Resources/libPng.dylib
0x0000000002a9a000 	/System/Library/Frameworks/ImageIO.framework/Versions/A/Resources/libGIF.dylib
0x0000000002a9a000 	/System/Library/Frameworks/ImageIO.framework/Versions/A/Resources/libJP2.dylib
0x0000000002a9a000 	/System/Library/Frameworks/ImageIO.framework/Versions/A/Resources/libRadiance.dylib
0x0000000002a9a000 	/System/Library/Frameworks/CoreVideo.framework/Versions/A/CoreVideo
0x0000000002a9a000 	/System/Library/Frameworks/OpenGL.framework/Versions/A/Libraries/libGLU.dylib
0x0000000002a9a000 	/System/Library/Frameworks/OpenGL.framework/Versions/A/Libraries/libGFXShared.dylib
0x0000000002a9a000 	/System/Library/Frameworks/OpenGL.framework/Versions/A/Libraries/libGL.dylib
0x0000000002a9a000 	/System/Library/Frameworks/OpenGL.framework/Versions/A/Libraries/libGLImage.dylib
0x0000000002a9a000 	/System/Library/Frameworks/OpenGL.framework/Versions/A/Libraries/libCVMSPluginSupport.dylib
0x0000000002a9a000 	/System/Library/Frameworks/OpenGL.framework/Versions/A/Libraries/libCoreVMClient.dylib
0x0000000002a9a000 	/usr/lib/libcups.2.dylib
0x0000000002a9a000 	/System/Library/Frameworks/Kerberos.framework/Versions/A/Kerberos
0x0000000002a9a000 	/System/Library/Frameworks/GSS.framework/Versions/A/GSS
0x0000000002a9a000 	/usr/lib/libresolv.9.dylib
0x0000000002a9a000 	/usr/lib/libiconv.2.dylib
0x0000000002a9a000 	/System/Library/PrivateFrameworks/Heimdal.framework/Versions/A/Heimdal
0x0000000002a9a000 	/usr/lib/libheimdal-asn1.dylib
0x0000000002a9a000 	/System/Library/Frameworks/OpenDirectory.framework/Versions/A/OpenDirectory
0x0000000002a9a000 	/System/Library/PrivateFrameworks/CommonAuth.framework/Versions/A/CommonAuth
0x0000000002a9a000 	/System/Library/Frameworks/OpenDirectory.framework/Versions/A/Frameworks/CFOpenDirectory.framework/Versions/A/CFOpenDirectory
0x0000000002a9a000 	/System/Library/Frameworks/SecurityFoundation.framework/Versions/A/SecurityFoundation
0x0000000002a9a000 	/System/Library/PrivateFrameworks/LanguageModeling.framework/Versions/A/LanguageModeling
0x0000000002a9a000 	/usr/lib/libcmph.dylib
0x0000000002a9a000 	/System/Library/Frameworks/ServiceManagement.framework/Versions/A/ServiceManagement
0x0000000002a9a000 	/usr/lib/libxslt.1.dylib
0x0000000002a9a000 	/System/Library/Frameworks/Carbon.framework/Versions/A/Frameworks/Ink.framework/Versions/A/Ink
0x0000000002a9a000 	/System/Library/Frameworks/QuartzCore.framework/Versions/A/Frameworks/CoreImage.framework/Versions/A/CoreImage
0x0000000002a9a000 	/System/Library/PrivateFrameworks/CrashReporterSupport.framework/Versions/A/CrashReporterSupport
0x0000000002a9a000 	/System/Library/Frameworks/OpenCL.framework/Versions/A/OpenCL
0x0000000002a9a000 	/System/Library/PrivateFrameworks/FaceCore.framework/Versions/A/FaceCore
0x0000000002a9a000 	/System/Library/PrivateFrameworks/Ubiquity.framework/Versions/A/Ubiquity
0x0000000002a9a000 	/System/Library/PrivateFrameworks/IconServices.framework/Versions/A/IconServices
0x0000000002a9a000 	/System/Library/PrivateFrameworks/ChunkingLibrary.framework/Versions/A/ChunkingLibrary
0x0000000002a9a000 	/System/Library/PrivateFrameworks/Apple80211.framework/Versions/A/Apple80211
0x0000000002a9a000 	/System/Library/Frameworks/CoreWLAN.framework/Versions/A/CoreWLAN
0x0000000002a9a000 	/System/Library/Frameworks/IOBluetooth.framework/Versions/A/IOBluetooth
0x0000000002a9a000 	/System/Library/PrivateFrameworks/CoreWiFi.framework/Versions/A/CoreWiFi
0x0000000002a9a000 	/System/Library/Frameworks/CoreBluetooth.framework/Versions/A/CoreBluetooth
0x0000000002a9a000 	/System/Library/PrivateFrameworks/DebugSymbols.framework/Versions/A/DebugSymbols
0x0000000002a9a000 	/System/Library/PrivateFrameworks/CoreSymbolication.framework/Versions/A/CoreSymbolication
0x0000000002a9a000 	/System/Library/PrivateFrameworks/Symbolication.framework/Versions/A/Symbolication
0x0000000002a9a000 	/System/Library/PrivateFrameworks/SpeechRecognitionCore.framework/Versions/A/SpeechRecognitionCore
0x000000010c400000 	/Library/Java/JavaVirtualMachines/jdk1.8.0_71.jdk/Contents/Home/jre/lib/server/libjvm.dylib
0x0000000002a9a000 	/usr/lib/libstdc++.6.dylib
0x000000010bb4b000 	/Library/Java/JavaVirtualMachines/jdk1.8.0_71.jdk/Contents/Home/jre/lib/libverify.dylib
0x000000010bb59000 	/Library/Java/JavaVirtualMachines/jdk1.8.0_71.jdk/Contents/Home/jre/lib/libjava.dylib
0x000000010bb98000 	/Library/Java/JavaVirtualMachines/jdk1.8.0_71.jdk/Contents/Home/jre/lib/libzip.dylib
0x000000010bbe9000 	/System/Library/Frameworks/JavaVM.framework/Frameworks/JavaRuntimeSupport.framework/JavaRuntimeSupport
0x0000000123396000 	/System/Library/Frameworks/JavaVM.framework/Versions/A/Frameworks/JavaNativeFoundation.framework/Versions/A/JavaNativeFoundation
0x00000001233aa000 	/System/Library/Frameworks/JavaVM.framework/Versions/A/JavaVM
0x0000000002a9a000 	/System/Library/Frameworks/Carbon.framework/Versions/A/Carbon
0x00000001233b6000 	/System/Library/PrivateFrameworks/JavaLaunching.framework/Versions/A/JavaLaunching
0x0000000002a9a000 	/System/Library/Frameworks/Carbon.framework/Versions/A/Frameworks/CommonPanels.framework/Versions/A/CommonPanels
0x0000000002a9a000 	/System/Library/Frameworks/Carbon.framework/Versions/A/Frameworks/Help.framework/Versions/A/Help
0x0000000002a9a000 	/System/Library/Frameworks/Carbon.framework/Versions/A/Frameworks/ImageCapture.framework/Versions/A/ImageCapture
0x0000000002a9a000 	/System/Library/Frameworks/Carbon.framework/Versions/A/Frameworks/OpenScripting.framework/Versions/A/OpenScripting
0x0000000002a9a000 	/System/Library/Frameworks/Carbon.framework/Versions/A/Frameworks/Print.framework/Versions/A/Print
0x0000000002a9a000 	/System/Library/Frameworks/Carbon.framework/Versions/A/Frameworks/SecurityHI.framework/Versions/A/SecurityHI
0x0000000125b0e000 	/Library/Java/JavaVirtualMachines/jdk1.8.0_71.jdk/Contents/Home/jre/lib/libmanagement.dylib
0x0000000125d1c000 	/Library/Java/JavaVirtualMachines/jdk1.8.0_71.jdk/Contents/Home/jre/lib/libnet.dylib
0x0000000125d33000 	/Library/Java/JavaVirtualMachines/jdk1.8.0_71.jdk/Contents/Home/jre/lib/libnio.dylib
0x0000000123522000 	/Library/Java/JavaVirtualMachines/jdk1.8.0_71.jdk/Contents/Home/jre/lib/libsunec.dylib

VM Arguments:
java_command: AccountMgmtService-1.0-SNAPSHOT.jar server ../config.yml
java_class_path (initial): AccountMgmtService-1.0-SNAPSHOT.jar
Launcher Type: SUN_STANDARD

Environment Variables:
JAVA_HOME=/Library/Java/JavaVirtualMachines/jdk1.8.0_71.jdk/Contents/Home
PATH=/usr/local/bin:/usr/bin:/bin:/usr/sbin:/sbin:/Users/ramans/Downloads/apache-maven-3.3.9/bin:/Users/ramans/hadoop/bin:/Users/ramans/hadoop/sbin
SHELL=/bin/bash

Signal Handlers:
SIGSEGV: [libjvm.dylib+0x5a68c5], sa_mask[0]=11111111011111110111111111111111, sa_flags=SA_ONSTACK|SA_RESTART|SA_SIGINFO
SIGBUS: [libjvm.dylib+0x5a68c5], sa_mask[0]=11111111011111110111111111111111, sa_flags=SA_RESTART|SA_SIGINFO
SIGFPE: [libjvm.dylib+0x4805d4], sa_mask[0]=11111111011111110111111111111111, sa_flags=SA_RESTART|SA_SIGINFO
SIGPIPE: [libjvm.dylib+0x4805d4], sa_mask[0]=11111111011111110111111111111111, sa_flags=SA_RESTART|SA_SIGINFO
SIGXFSZ: [libjvm.dylib+0x4805d4], sa_mask[0]=11111111011111110111111111111111, sa_flags=SA_RESTART|SA_SIGINFO
SIGILL: [libjvm.dylib+0x4805d4], sa_mask[0]=11111111011111110111111111111111, sa_flags=SA_RESTART|SA_SIGINFO
SIGUSR1: SIG_DFL, sa_mask[0]=11011111011111100000000111000110, sa_flags=none
SIGUSR2: [libjvm.dylib+0x4800f2], sa_mask[0]=00000000000000000000000000000000, sa_flags=SA_RESTART|SA_SIGINFO
SIGHUP: [libjvm.dylib+0x47e6c9], sa_mask[0]=11111111011111110111111111111111, sa_flags=SA_RESTART|SA_SIGINFO
SIGINT: [libjvm.dylib+0x47e6c9], sa_mask[0]=11111111011111110111111111111111, sa_flags=SA_RESTART|SA_SIGINFO
SIGTERM: [libjvm.dylib+0x47e6c9], sa_mask[0]=11111111011111110111111111111111, sa_flags=SA_RESTART|SA_SIGINFO
SIGQUIT: [libjvm.dylib+0x47e6c9], sa_mask[0]=11111111011111110111111111111111, sa_flags=SA_RESTART|SA_SIGINFO


---------------  S Y S T E M  ---------------

OS:Bsduname:Darwin 14.5.0 Darwin Kernel Version 14.5.0: Wed Jul 29 02:26:53 PDT 2015; root:xnu-2782.40.9~1/RELEASE_X86_64 x86_64
rlimit: STACK 8192k, CORE 0k, NPROC 709, NOFILE 10240, AS infinity
load average:3.72 4.10 4.61

CPU:total 4 (2 cores per cpu, 2 threads per core) family 6 model 61 stepping 4, cmov, cx8, fxsr, mmx, sse, sse2, sse3, ssse3, sse4.1, sse4.2, popcnt, avx, avx2, aes, clmul, erms, 3dnowpref, lzcnt, ht, tsc, tscinvbit, bmi1, bmi2, adx

Memory: 4k page, physical 8388608k(163444k free)

/proc/meminfo:


vm_info: Java HotSpot(TM) 64-Bit Server VM (25.71-b15) for bsd-amd64 JRE (1.8.0_71-b15), built on Dec 22 2015 15:11:44 by "java_re" with gcc 4.2.1 (Based on Apple Inc. build 5658) (LLVM build 2336.11.00)

time: Sun Aug 20 13:11:08 2017
elapsed time: 734 seconds (0d 0h 12m 14s)

