#
# A fatal error has been detected by the Java Runtime Environment:
#
#  SIGBUS (0xa) at pc=0x0000000103ad3eb9, pid=28651, tid=33543
#
# JRE version: Java(TM) SE Runtime Environment (8.0_71-b15) (build 1.8.0_71-b15)
# Java VM: Java HotSpot(TM) 64-Bit Server VM (25.71-b15 mixed mode bsd-amd64 compressed oops)
# Problematic frame:
# C  [libzip.dylib+0x2eb9]  newEntry+0x154
#
# Failed to write core dump. Core dumps have been disabled. To enable core dumping, try "ulimit -c unlimited" before starting Java again
#
# If you would like to submit a bug report, please visit:
#   http://bugreport.java.com/bugreport/crash.jsp
# The crash happened outside the Java Virtual Machine in native code.
# See problematic frame for where to report the bug.
#

---------------  T H R E A D  ---------------

Current thread (0x00007f8d46113000):  JavaThread "Thread-11" [_thread_in_native, id=33543, stack(0x00000001ddbfe000,0x00000001ddcfe000)]

siginfo: si_signo: 10 (SIGBUS), si_code: 2 (BUS_ADRERR), si_addr: 0x00000001dbe98a15

Registers:
RAX=0x00007f8d4150f9f0, RBX=0x00000001dbe98a09, RCX=0x0000000000000701, RDX=0x0000000000000708
RSP=0x00000001ddcfb3e0, RBP=0x00000001ddcfb440, RSI=0x00007f8d43a00000, RDI=0x00000001020c9e00
R8 =0x0000000000000004, R9 =0x00000000fffffffc, R10=0x0000000103c45cd8, R11=0x000000007087e35e
R12=0x00000001dbdd6000, R13=0x00000000000156d0, R14=0x000000009ac6435b, R15=0x00007f8d43a77190
RIP=0x0000000103ad3eb9, EFLAGS=0x0000000000010206, ERR=0x0000000000000004
  TRAPNO=0x000000000000000e

Top of Stack: (sp=0x00000001ddcfb3e0)
0x00000001ddcfb3e0:   0000000000000000 0000000000000000
0x00000001ddcfb3f0:   00000001ddcfb598 00000000ffffffcd
0x00000001ddcfb400:   00000001ddcfb420 00007f8d4150f9f0
0x00000001ddcfb410:   00007f8d43a7cdd0 00007f8d4150f9f0
0x00000001ddcfb420:   00000001dbdd6000 00000000000156d0
0x00000001ddcfb430:   000000009ac6435b 00007f8d43a77190
0x00000001ddcfb440:   00000001ddcfb4a0 0000000103ad4554
0x00000001ddcfb450:   00000001ddcfb4ea 00000001ddcfb4e9
0x00000001ddcfb460:   0000002a00000000 0000002b01113000
0x00000001ddcfb470:   00000001ddcfb4be 00000001ddcfb908
0x00000001ddcfb480:   000000000000002b 00000001ddcfb4be
0x00000001ddcfb490:   00007f8d4150f9f0 00007f8d461131f8
0x00000001ddcfb4a0:   00000001ddcfb8f0 0000000103ad334f
0x00000001ddcfb4b0:   00000001ddcfb658 726f000000000001
0x00000001ddcfb4c0:   7370696c63652f67 2f797474656a2f65
0x00000001ddcfb4d0:   7475462f6c697475 626c6c6143657275
0x00000001ddcfb4e0:   73616c632e6b6361 00007fff8bd90073
0x00000001ddcfb4f0:   0000000000000000 00000001ddcfb688
0x00000001ddcfb500:   0000000102fdd329 0000000000000001
0x00000001ddcfb510:   00000001ddcfb940 00007fff8bd9becd
0x00000001ddcfb520:   0000000000000000 0000000000000033
0x00000001ddcfb530:   0000003302fd24ae 00000001ddcfbfe0
0x00000001ddcfb540:   00007fff740086b8 00000000ffffffff
0x00000001ddcfb550:   0000000000000000 0000003800000000
0x00000001ddcfb560:   0000000000000001 000000010300ab98
0x00000001ddcfb570:   000000016d47ccf0 0000000103cf2d45
0x00000001ddcfb580:   000000016d47cb40 0000001600000000
0x00000001ddcfb590:   000000011345b118 0000000103d61924
0x00000001ddcfb5a0:   0000000000000000 000000016d47ccd8
0x00000001ddcfb5b0:   0000000000000000 0000000100000000
0x00000001ddcfb5c0:   00000001ddcfbd48 0000000000000002
0x00000001ddcfb5d0:   000000016d47cc98 0000000103c5e1fc 

Instructions: (pc=0x0000000103ad3eb9)
0x0000000103ad3e99:   49 8b 7f 38 e8 50 1b 00 00 4d 89 77 38 49 89 5f
0x0000000103ad3ea9:   40 4c 89 f0 48 85 c0 0f 84 11 05 00 00 48 89 c3
0x0000000103ad3eb9:   0f b6 43 0c 0f b6 4b 0d 48 c1 e1 08 48 01 c1 0f
0x0000000103ad3ec9:   b6 43 0e 0f b6 53 0f 48 c1 e2 08 48 01 c2 48 c1 

Register to memory mapping:

RAX=0x00007f8d4150f9f0 is an unknown value
RBX=0x00000001dbe98a09 is an unknown value
RCX=0x0000000000000701 is an unknown value
RDX=0x0000000000000708 is an unknown value
RSP=0x00000001ddcfb3e0 is pointing into the stack for thread: 0x00007f8d46113000
RBP=0x00000001ddcfb440 is pointing into the stack for thread: 0x00007f8d46113000
RSI=0x00007f8d43a00000 is an unknown value
RDI=0x00000001020c9e00 is an unknown value
R8 =0x0000000000000004 is an unknown value
R9 =0x00000000fffffffc is an unknown value
R10=0x0000000103c45cd8 is at entry_point+88 in (nmethod*)0x0000000103c45b10
R11=0x000000007087e35e is an unknown value
R12=0x00000001dbdd6000 is an unknown value
R13=0x00000000000156d0 is an unknown value
R14=0x000000009ac6435b is an unknown value
R15=0x00007f8d43a77190 is an unknown value


Stack: [0x00000001ddbfe000,0x00000001ddcfe000],  sp=0x00000001ddcfb3e0,  free space=1012k
Native frames: (J=compiled Java code, j=interpreted, Vv=VM code, C=native code)
C  [libzip.dylib+0x2eb9]  newEntry+0x154
C  [libzip.dylib+0x3554]  ZIP_GetEntry2+0xd4
C  [libzip.dylib+0x234f]  Java_java_util_zip_ZipFile_getEntry+0xcf
J 192  java.util.zip.ZipFile.getEntry(J[BZ)J (0 bytes) @ 0x0000000103c45d4e [0x0000000103c45c80+0xce]
J 1873 C2 sun.misc.URLClassPath$JarLoader.getResource(Ljava/lang/String;Z)Lsun/misc/Resource; (85 bytes) @ 0x00000001040fa938 [0x00000001040fa400+0x538]
J 909 C2 sun.misc.URLClassPath.getResource(Ljava/lang/String;Z)Lsun/misc/Resource; (83 bytes) @ 0x0000000103df9c6c [0x0000000103df9b20+0x14c]
J 2830 C1 java.net.URLClassLoader$1.run()Ljava/lang/Class; (63 bytes) @ 0x00000001040cfcfc [0x00000001040cfc40+0xbc]
J 2829 C1 java.net.URLClassLoader$1.run()Ljava/lang/Object; (5 bytes) @ 0x0000000103f578a4 [0x0000000103f57840+0x64]
v  ~StubRoutines::call_stub
V  [libjvm.dylib+0x2ea59a]  JavaCalls::call_helper(JavaValue*, methodHandle*, JavaCallArguments*, Thread*)+0x6ae
V  [libjvm.dylib+0x34aac4]  JVM_DoPrivileged+0x4b8
J 210  java.security.AccessController.doPrivileged(Ljava/security/PrivilegedExceptionAction;Ljava/security/AccessControlContext;)Ljava/lang/Object; (0 bytes) @ 0x0000000103c4fed5 [0x0000000103c4fe00+0xd5]
J 1888 C2 java.net.URLClassLoader.findClass(Ljava/lang/String;)Ljava/lang/Class; (47 bytes) @ 0x00000001040e8e7c [0x00000001040e8de0+0x9c]
J 1856 C1 java.lang.ClassLoader.loadClass(Ljava/lang/String;Z)Ljava/lang/Class; (122 bytes) @ 0x00000001040d5f0c [0x00000001040d5540+0x9cc]
J 195 C1 sun.misc.Launcher$AppClassLoader.loadClass(Ljava/lang/String;Z)Ljava/lang/Class; (85 bytes) @ 0x0000000103c4bda4 [0x0000000103c4b400+0x9a4]
J 194 C1 java.lang.ClassLoader.loadClass(Ljava/lang/String;)Ljava/lang/Class; (7 bytes) @ 0x0000000103c45704 [0x0000000103c45600+0x104]
v  ~StubRoutines::call_stub
V  [libjvm.dylib+0x2ea59a]  JavaCalls::call_helper(JavaValue*, methodHandle*, JavaCallArguments*, Thread*)+0x6ae
V  [libjvm.dylib+0x2ead28]  JavaCalls::call_virtual(JavaValue*, KlassHandle, Symbol*, Symbol*, JavaCallArguments*, Thread*)+0x164
V  [libjvm.dylib+0x2eae80]  JavaCalls::call_virtual(JavaValue*, Handle, KlassHandle, Symbol*, Symbol*, Handle, Thread*)+0x56
V  [libjvm.dylib+0x5331e0]  SystemDictionary::load_instance_class(Symbol*, Handle, Thread*)+0x2d8
V  [libjvm.dylib+0x532979]  SystemDictionary::resolve_instance_class_or_null(Symbol*, Handle, Handle, Thread*)+0x48f
V  [libjvm.dylib+0x5333fc]  SystemDictionary::resolve_or_null(Symbol*, Handle, Handle, Thread*)+0x106
V  [libjvm.dylib+0x533a79]  SystemDictionary::resolve_or_fail(Symbol*, Handle, Handle, bool, Thread*)+0x31
V  [libjvm.dylib+0x1e0b6a]  ConstantPool::klass_at_impl(constantPoolHandle, int, Thread*)+0x2ee
V  [libjvm.dylib+0x1f0e2e]  ConstantPool::klass_at(int, Thread*)+0x92
V  [libjvm.dylib+0x2e5f77]  InterpreterRuntime::_new(JavaThread*, ConstantPool*, int)+0x2d
j  org.eclipse.jetty.server.AbstractConnector.shutdown()Ljava/util/concurrent/Future;+0
j  org.eclipse.jetty.server.AbstractNetworkConnector.shutdown()Ljava/util/concurrent/Future;+5
j  org.eclipse.jetty.server.ServerConnector.shutdown()Ljava/util/concurrent/Future;+1
j  org.eclipse.jetty.server.Server.doStop()V+60
j  org.eclipse.jetty.util.component.AbstractLifeCycle.stop()V+30
j  org.eclipse.jetty.util.thread.ShutdownThread.run()V+41
v  ~StubRoutines::call_stub
V  [libjvm.dylib+0x2ea59a]  JavaCalls::call_helper(JavaValue*, methodHandle*, JavaCallArguments*, Thread*)+0x6ae
V  [libjvm.dylib+0x2ead28]  JavaCalls::call_virtual(JavaValue*, KlassHandle, Symbol*, Symbol*, JavaCallArguments*, Thread*)+0x164
V  [libjvm.dylib+0x2eaed4]  JavaCalls::call_virtual(JavaValue*, Handle, KlassHandle, Symbol*, Symbol*, Thread*)+0x4a
V  [libjvm.dylib+0x345451]  thread_entry(JavaThread*, Thread*)+0x7c
V  [libjvm.dylib+0x560e73]  JavaThread::thread_main_inner()+0x9b
V  [libjvm.dylib+0x56256e]  JavaThread::run()+0x1c2
V  [libjvm.dylib+0x482fc2]  java_start(Thread*)+0xf6
C  [libsystem_pthread.dylib+0x405a]  _pthread_body+0x83
C  [libsystem_pthread.dylib+0x3fd7]  _pthread_body+0x0
C  [libsystem_pthread.dylib+0x13ed]  thread_start+0xd
C  0x0000000000000000

Java frames: (J=compiled Java code, j=interpreted, Vv=VM code)
J 192  java.util.zip.ZipFile.getEntry(J[BZ)J (0 bytes) @ 0x0000000103c45cd8 [0x0000000103c45c80+0x58]
J 1873 C2 sun.misc.URLClassPath$JarLoader.getResource(Ljava/lang/String;Z)Lsun/misc/Resource; (85 bytes) @ 0x00000001040fa938 [0x00000001040fa400+0x538]
J 909 C2 sun.misc.URLClassPath.getResource(Ljava/lang/String;Z)Lsun/misc/Resource; (83 bytes) @ 0x0000000103df9c6c [0x0000000103df9b20+0x14c]
J 2830 C1 java.net.URLClassLoader$1.run()Ljava/lang/Class; (63 bytes) @ 0x00000001040cfcfc [0x00000001040cfc40+0xbc]
J 2829 C1 java.net.URLClassLoader$1.run()Ljava/lang/Object; (5 bytes) @ 0x0000000103f578a4 [0x0000000103f57840+0x64]
v  ~StubRoutines::call_stub
J 210  java.security.AccessController.doPrivileged(Ljava/security/PrivilegedExceptionAction;Ljava/security/AccessControlContext;)Ljava/lang/Object; (0 bytes) @ 0x0000000103c4fe63 [0x0000000103c4fe00+0x63]
J 1888 C2 java.net.URLClassLoader.findClass(Ljava/lang/String;)Ljava/lang/Class; (47 bytes) @ 0x00000001040e8e7c [0x00000001040e8de0+0x9c]
J 1856 C1 java.lang.ClassLoader.loadClass(Ljava/lang/String;Z)Ljava/lang/Class; (122 bytes) @ 0x00000001040d5f0c [0x00000001040d5540+0x9cc]
J 195 C1 sun.misc.Launcher$AppClassLoader.loadClass(Ljava/lang/String;Z)Ljava/lang/Class; (85 bytes) @ 0x0000000103c4bda4 [0x0000000103c4b400+0x9a4]
J 194 C1 java.lang.ClassLoader.loadClass(Ljava/lang/String;)Ljava/lang/Class; (7 bytes) @ 0x0000000103c45704 [0x0000000103c45600+0x104]
v  ~StubRoutines::call_stub
j  org.eclipse.jetty.server.AbstractConnector.shutdown()Ljava/util/concurrent/Future;+0
j  org.eclipse.jetty.server.AbstractNetworkConnector.shutdown()Ljava/util/concurrent/Future;+5
j  org.eclipse.jetty.server.ServerConnector.shutdown()Ljava/util/concurrent/Future;+1
j  org.eclipse.jetty.server.Server.doStop()V+60
j  org.eclipse.jetty.util.component.AbstractLifeCycle.stop()V+30
j  org.eclipse.jetty.util.thread.ShutdownThread.run()V+41
v  ~StubRoutines::call_stub

---------------  P R O C E S S  ---------------

Java Threads: ( => current thread )
=>0x00007f8d46113000 JavaThread "Thread-11" [_thread_in_native, id=33543, stack(0x00000001ddbfe000,0x00000001ddcfe000)]
  0x00007f8d45cc8000 JavaThread "SIGINT handler" daemon [_thread_blocked, id=28171, stack(0x00000001dd330000,0x00000001dd430000)]
  0x00007f8d45cc7000 JavaThread "dw-admin-45" [_thread_blocked, id=28679, stack(0x00000001dd8fe000,0x00000001dd9fe000)]
  0x00007f8d451d8000 JavaThread "pool-1-thread-1" daemon [_thread_blocked, id=33027, stack(0x00000001dfccb000,0x00000001dfdcb000)]
  0x00007f8d45ca5000 JavaThread "cluster-ClusterId{value='5999249be158bd6feb1c387b', description='null'}-localhost:27017" daemon [_thread_blocked, id=32775, stack(0x00000001df8c5000,0x00000001df9c5000)]
  0x00007f8d44b16000 JavaThread "dw-38" [_thread_blocked, id=29699, stack(0x00000001df146000,0x00000001df246000)]
  0x00007f8d46009800 JavaThread "dw-37" [_thread_blocked, id=29187, stack(0x00000001dded5000,0x00000001ddfd5000)]
  0x00007f8d46008000 JavaThread "dw-35" [_thread_blocked, id=27655, stack(0x00000001dc923000,0x00000001dca23000)]
  0x00007f8d45c68000 JavaThread "Scheduler-1864933502" [_thread_blocked, id=26631, stack(0x00000001dc428000,0x00000001dc528000)]
  0x00007f8d43005800 JavaThread "DestroyJavaVM" [_thread_blocked, id=4867, stack(0x0000000103990000,0x0000000103a90000)]
  0x00007f8d4256f800 JavaThread "dw-admin-28-acceptor-1@3c1f59f1-admin@1fdbba0d{HTTP/1.1}{0.0.0.0:9096}" [_thread_blocked, id=26115, stack(0x00000001df7c2000,0x00000001df8c2000)]
  0x00007f8d419fd800 JavaThread "dw-admin-27-acceptor-0@4f30b088-admin@1fdbba0d{HTTP/1.1}{0.0.0.0:9096}" [_thread_in_native, id=25603, stack(0x00000001df6bf000,0x00000001df7bf000)]
  0x00007f8d4256f000 JavaThread "dw-admin-26-selector-ServerConnectorManager@29672122/3" [_thread_in_native, id=25091, stack(0x00000001df5bc000,0x00000001df6bc000)]
  0x00007f8d4256c000 JavaThread "dw-admin-25-selector-ServerConnectorManager@29672122/2" [_thread_in_native, id=24579, stack(0x00000001df4b9000,0x00000001df5b9000)]
  0x00007f8d419fd000 JavaThread "dw-admin-24-selector-ServerConnectorManager@29672122/1" [_thread_in_native, id=24067, stack(0x00000001df3b6000,0x00000001df4b6000)]
  0x00007f8d42ff6800 JavaThread "org.eclipse.jetty.server.session.HashSessionManager@2fad50f2Timer" daemon [_thread_blocked, id=23555, stack(0x00000001deba5000,0x00000001deca5000)]
  0x00007f8d41bc4800 JavaThread "dw-admin-22-selector-ServerConnectorManager@29672122/0" [_thread_in_native, id=23047, stack(0x00000001deaa2000,0x00000001deba2000)]
  0x00007f8d422fb000 JavaThread "dw-19" [_thread_blocked, id=22531, stack(0x00000001de79f000,0x00000001de89f000)]
  0x00007f8d42666000 JavaThread "dw-18" [_thread_blocked, id=22019, stack(0x00000001de69c000,0x00000001de79c000)]
  0x00007f8d43663000 JavaThread "dw-17" [_thread_blocked, id=21507, stack(0x00000001de599000,0x00000001de699000)]
  0x00007f8d42581800 JavaThread "dw-16" [_thread_blocked, id=20995, stack(0x00000001de496000,0x00000001de596000)]
  0x00007f8d42f31000 JavaThread "dw-15-selector-ServerConnectorManager@3a07310b/3" [_thread_in_native, id=20483, stack(0x00000001de393000,0x00000001de493000)]
  0x00007f8d425f6800 JavaThread "dw-14-selector-ServerConnectorManager@3a07310b/2" [_thread_in_native, id=19971, stack(0x00000001de290000,0x00000001de390000)]
  0x00007f8d42bf1000 JavaThread "dw-13-selector-ServerConnectorManager@3a07310b/1" [_thread_in_native, id=12807, stack(0x00000001de18d000,0x00000001de28d000)]
  0x00007f8d41a8a800 JavaThread "dw-12-selector-ServerConnectorManager@3a07310b/0" [_thread_in_native, id=14087, stack(0x00000001de08a000,0x00000001de18a000)]
  0x00007f8d42e5c000 JavaThread "AsyncAppender-Worker-async-console-appender" daemon [_thread_blocked, id=12299, stack(0x00000001dddd2000,0x00000001dded2000)]
  0x00007f8d41976000 JavaThread "AsyncAppender-Worker-async-console-appender" daemon [_thread_blocked, id=19203, stack(0x00000001dd122000,0x00000001dd222000)]
  0x00007f8d41829800 JavaThread "Service Thread" daemon [_thread_blocked, id=18179, stack(0x00000001dba54000,0x00000001dbb54000)]
  0x00007f8d41820800 JavaThread "C1 CompilerThread2" daemon [_thread_blocked, id=17667, stack(0x00000001db951000,0x00000001dba51000)]
  0x00007f8d4181f800 JavaThread "C2 CompilerThread1" daemon [_thread_blocked, id=17155, stack(0x00000001db84e000,0x00000001db94e000)]
  0x00007f8d4181f000 JavaThread "C2 CompilerThread0" daemon [_thread_blocked, id=16643, stack(0x00000001db74b000,0x00000001db84b000)]
  0x00007f8d4206a000 JavaThread "Signal Dispatcher" daemon [_thread_blocked, id=16159, stack(0x00000001db648000,0x00000001db748000)]
  0x00007f8d41808000 JavaThread "Finalizer" daemon [_thread_blocked, id=11523, stack(0x00000001d9c42000,0x00000001d9d42000)]
  0x00007f8d42003000 JavaThread "Reference Handler" daemon [_thread_blocked, id=11011, stack(0x00000001d9b3f000,0x00000001d9c3f000)]

Other Threads:
  0x00007f8d4180d000 VMThread [stack: 0x00000001d9a3c000,0x00000001d9b3c000] [id=10499]
  0x00007f8d4182a000 WatcherThread [stack: 0x00000001dbb57000,0x00000001dbc57000] [id=18691]

VM state:not at safepoint (normal execution)

VM Mutex/Monitor currently owned by a thread: None

Heap:
 PSYoungGen      total 398848K, used 111004K [0x0000000168780000, 0x0000000183600000, 0x0000000193200000)
  eden space 371200K, 22% used [0x0000000168780000,0x000000016d8ea8d8,0x000000017f200000)
  from space 27648K, 99% used [0x0000000181500000,0x0000000182ffc878,0x0000000183000000)
  to   space 34816K, 0% used [0x000000017f200000,0x000000017f200000,0x0000000181400000)
 ParOldGen       total 65536K, used 33068K [0x0000000113200000, 0x0000000117200000, 0x0000000168780000)
  object space 65536K, 50% used [0x0000000113200000,0x000000011524b198,0x0000000117200000)
 Metaspace       used 33763K, capacity 34124K, committed 34432K, reserved 1079296K
  class space    used 4351K, capacity 4447K, committed 4480K, reserved 1048576K

Card table byte_map: [0x0000000193200000,0x0000000193601000] byte_map_base: 0x0000000192967000

Marking Bits: (ParMarkBitMap*) 0x00000001032e3ea0
 Begin Bits: [0x0000000193bb5000, 0x0000000195bb5000)
 End Bits:   [0x0000000195bb5000, 0x0000000197bb5000)

Polling page: 0x0000000103ac7000

CodeCache: size=245760Kb used=9020Kb max_used=9020Kb free=236739Kb
 bounds [0x0000000103ada000, 0x00000001043ba000, 0x0000000112ada000]
 total_blobs=3501 nmethods=3021 adapters=393
 compilation: enabled

Compilation events (10 events):
Event: 248.840 Thread 0x00007f8d41820800 3451       1       java.nio.HeapByteBufferR::_get (7 bytes)
Event: 248.840 Thread 0x00007f8d41820800 nmethod 3451 0x00000001043b3390 code [0x00000001043b34e0, 0x00000001043b3610]
Event: 248.840 Thread 0x00007f8d41820800 3453       3       org.bson.BsonDocument::containsKey (11 bytes)
Event: 248.841 Thread 0x00007f8d41820800 nmethod 3453 0x00000001043b36d0 code [0x00000001043b3840, 0x00000001043b3a68]
Event: 248.841 Thread 0x00007f8d41820800 3452       3       org.bson.BsonInt32::<init> (10 bytes)
Event: 248.841 Thread 0x00007f8d41820800 nmethod 3452 0x00000001043b3b50 code [0x00000001043b3cc0, 0x00000001043b3f30]
Event: 255.688 Thread 0x00007f8d41820800 3454       3       java.util.logging.LogManager$LoggerContext::ensureDefaultLogger (70 bytes)
Event: 255.688 Thread 0x00007f8d41820800 nmethod 3454 0x00000001043b4050 code [0x00000001043b4220, 0x00000001043b4ac8]
Event: 255.688 Thread 0x00007f8d41820800 3455  s    3       java.util.Hashtable::containsKey (65 bytes)
Event: 255.689 Thread 0x00007f8d41820800 nmethod 3455 0x00000001043b4cd0 code [0x00000001043b4e80, 0x00000001043b54b8]

GC Heap History (10 events):
Event: 6.092 GC heap before
{Heap before GC invocations=7 (full 0):
 PSYoungGen      total 145920K, used 145910K [0x0000000168780000, 0x0000000172880000, 0x0000000193200000)
  eden space 131584K, 100% used [0x0000000168780000,0x0000000170800000,0x0000000170800000)
  from space 14336K, 99% used [0x0000000171780000,0x000000017257da48,0x0000000172580000)
  to   space 15872K, 0% used [0x0000000170800000,0x0000000170800000,0x0000000171780000)
 ParOldGen       total 87552K, used 27439K [0x0000000113200000, 0x0000000118780000, 0x0000000168780000)
  object space 87552K, 31% used [0x0000000113200000,0x0000000114ccbca8,0x0000000118780000)
 Metaspace       used 19503K, capacity 19688K, committed 19968K, reserved 1067008K
  class space    used 2458K, capacity 2531K, committed 2560K, reserved 1048576K
Event: 6.123 GC heap after
Heap after GC invocations=7 (full 0):
 PSYoungGen      total 147456K, used 15871K [0x0000000168780000, 0x000000017b380000, 0x0000000193200000)
  eden space 131584K, 0% used [0x0000000168780000,0x0000000168780000,0x0000000170800000)
  from space 15872K, 99% used [0x0000000170800000,0x000000017177fc40,0x0000000171780000)
  to   space 22016K, 0% used [0x0000000179e00000,0x0000000179e00000,0x000000017b380000)
 ParOldGen       total 87552K, used 35895K [0x0000000113200000, 0x0000000118780000, 0x0000000168780000)
  object space 87552K, 40% used [0x0000000113200000,0x000000011550de40,0x0000000118780000)
 Metaspace       used 19503K, capacity 19688K, committed 19968K, reserved 1067008K
  class space    used 2458K, capacity 2531K, committed 2560K, reserved 1048576K
}
Event: 6.843 GC heap before
{Heap before GC invocations=8 (full 0):
 PSYoungGen      total 147456K, used 79928K [0x0000000168780000, 0x000000017b380000, 0x0000000193200000)
  eden space 131584K, 48% used [0x0000000168780000,0x000000016c60e620,0x0000000170800000)
  from space 15872K, 99% used [0x0000000170800000,0x000000017177fc40,0x0000000171780000)
  to   space 22016K, 0% used [0x0000000179e00000,0x0000000179e00000,0x000000017b380000)
 ParOldGen       total 87552K, used 35895K [0x0000000113200000, 0x0000000118780000, 0x0000000168780000)
  object space 87552K, 40% used [0x0000000113200000,0x000000011550de40,0x0000000118780000)
 Metaspace       used 20892K, capacity 21070K, committed 21248K, reserved 1067008K
  class space    used 2645K, capacity 2692K, committed 2816K, reserved 1048576K
Event: 6.862 GC heap after
Heap after GC invocations=8 (full 0):
 PSYoungGen      total 283136K, used 11311K [0x0000000168780000, 0x000000017b180000, 0x0000000193200000)
  eden space 263168K, 0% used [0x0000000168780000,0x0000000168780000,0x0000000178880000)
  from space 19968K, 56% used [0x0000000179e00000,0x000000017a90bea0,0x000000017b180000)
  to   space 20992K, 0% used [0x0000000178880000,0x0000000178880000,0x0000000179d00000)
 ParOldGen       total 87552K, used 36519K [0x0000000113200000, 0x0000000118780000, 0x0000000168780000)
  object space 87552K, 41% used [0x0000000113200000,0x00000001155a9e40,0x0000000118780000)
 Metaspace       used 20892K, capacity 21070K, committed 21248K, reserved 1067008K
  class space    used 2645K, capacity 2692K, committed 2816K, reserved 1048576K
}
Event: 6.862 GC heap before
{Heap before GC invocations=9 (full 1):
 PSYoungGen      total 283136K, used 11311K [0x0000000168780000, 0x000000017b180000, 0x0000000193200000)
  eden space 263168K, 0% used [0x0000000168780000,0x0000000168780000,0x0000000178880000)
  from space 19968K, 56% used [0x0000000179e00000,0x000000017a90bea0,0x000000017b180000)
  to   space 20992K, 0% used [0x0000000178880000,0x0000000178880000,0x0000000179d00000)
 ParOldGen       total 87552K, used 36519K [0x0000000113200000, 0x0000000118780000, 0x0000000168780000)
  object space 87552K, 41% used [0x0000000113200000,0x00000001155a9e40,0x0000000118780000)
 Metaspace       used 20892K, capacity 21070K, committed 21248K, reserved 1067008K
  class space    used 2645K, capacity 2692K, committed 2816K, reserved 1048576K
Event: 6.918 GC heap after
Heap after GC invocations=9 (full 1):
 PSYoungGen      total 283136K, used 0K [0x0000000168780000, 0x000000017b180000, 0x0000000193200000)
  eden space 263168K, 0% used [0x0000000168780000,0x0000000168780000,0x0000000178880000)
  from space 19968K, 0% used [0x0000000179e00000,0x0000000179e00000,0x000000017b180000)
  to   space 20992K, 0% used [0x0000000178880000,0x0000000178880000,0x0000000179d00000)
 ParOldGen       total 65536K, used 13355K [0x0000000113200000, 0x0000000117200000, 0x0000000168780000)
  object space 65536K, 20% used [0x0000000113200000,0x0000000113f0afb8,0x0000000117200000)
 Metaspace       used 20892K, capacity 21070K, committed 21248K, reserved 1067008K
  class space    used 2645K, capacity 2692K, committed 2816K, reserved 1048576K
}
Event: 28.409 GC heap before
{Heap before GC invocations=10 (full 1):
 PSYoungGen      total 283136K, used 263168K [0x0000000168780000, 0x000000017b180000, 0x0000000193200000)
  eden space 263168K, 100% used [0x0000000168780000,0x0000000178880000,0x0000000178880000)
  from space 19968K, 0% used [0x0000000179e00000,0x0000000179e00000,0x000000017b180000)
  to   space 20992K, 0% used [0x0000000178880000,0x0000000178880000,0x0000000179d00000)
 ParOldGen       total 65536K, used 13355K [0x0000000113200000, 0x0000000117200000, 0x0000000168780000)
  object space 65536K, 20% used [0x0000000113200000,0x0000000113f0afb8,0x0000000117200000)
 Metaspace       used 29342K, capacity 29532K, committed 29824K, reserved 1075200K
  class space    used 3790K, capacity 3864K, committed 3968K, reserved 1048576K
Event: 28.450 GC heap after
Heap after GC invocations=10 (full 1):
 PSYoungGen      total 284160K, used 20971K [0x0000000168780000, 0x0000000183000000, 0x0000000193200000)
  eden space 263168K, 0% used [0x0000000168780000,0x0000000168780000,0x0000000178880000)
  from space 20992K, 99% used [0x0000000178880000,0x0000000179cfac90,0x0000000179d00000)
  to   space 27648K, 0% used [0x0000000181500000,0x0000000181500000,0x0000000183000000)
 ParOldGen       total 65536K, used 23138K [0x0000000113200000, 0x0000000117200000, 0x0000000168780000)
  object space 65536K, 35% used [0x0000000113200000,0x0000000114898850,0x0000000117200000)
 Metaspace       used 29342K, capacity 29532K, committed 29824K, reserved 1075200K
  class space    used 3790K, capacity 3864K, committed 3968K, reserved 1048576K
}
Event: 56.870 GC heap before
{Heap before GC invocations=11 (full 1):
 PSYoungGen      total 284160K, used 284139K [0x0000000168780000, 0x0000000183000000, 0x0000000193200000)
  eden space 263168K, 100% used [0x0000000168780000,0x0000000178880000,0x0000000178880000)
  from space 20992K, 99% used [0x0000000178880000,0x0000000179cfac90,0x0000000179d00000)
  to   space 27648K, 0% used [0x0000000181500000,0x0000000181500000,0x0000000183000000)
 ParOldGen       total 65536K, used 23138K [0x0000000113200000, 0x0000000117200000, 0x0000000168780000)
  object space 65536K, 35% used [0x0000000113200000,0x0000000114898850,0x0000000117200000)
 Metaspace       used 29601K, capacity 29864K, committed 30336K, reserved 1075200K
  class space    used 3815K, capacity 3866K, committed 3968K, reserved 1048576K
Event: 56.955 GC heap after
Heap after GC invocations=11 (full 1):
 PSYoungGen      total 398848K, used 27634K [0x0000000168780000, 0x0000000183600000, 0x0000000193200000)
  eden space 371200K, 0% used [0x0000000168780000,0x0000000168780000,0x000000017f200000)
  from space 27648K, 99% used [0x0000000181500000,0x0000000182ffc878,0x0000000183000000)
  to   space 34816K, 0% used [0x000000017f200000,0x000000017f200000,0x0000000181400000)
 ParOldGen       total 65536K, used 33068K [0x0000000113200000, 0x0000000117200000, 0x0000000168780000)
  object space 65536K, 50% used [0x0000000113200000,0x000000011524b198,0x0000000117200000)
 Metaspace       used 29601K, capacity 29864K, committed 30336K, reserved 1075200K
  class space    used 3815K, capacity 3866K, committed 3968K, reserved 1048576K
}

Deoptimization events (10 events):
Event: 68.538 Thread 0x00007f8d45ca5000 Uncommon trap: reason=bimorphic action=maybe_recompile pc=0x0000000103fffc50 method=java.util.regex.Matcher.match(II)Z @ 86
Event: 68.775 Thread 0x00007f8d45ca5000 Uncommon trap: reason=class_check action=maybe_recompile pc=0x0000000103c7b74c method=java.nio.Bits.getLongL(Ljava/nio/ByteBuffer;I)J @ 5
Event: 68.787 Thread 0x00007f8d45ca5000 Uncommon trap: reason=speculate_class_check action=maybe_recompile pc=0x0000000103d9f49c method=java.nio.Bits.getLongL(Ljava/nio/ByteBuffer;I)J @ 5
Event: 68.794 Thread 0x00007f8d45ca5000 Uncommon trap: reason=bimorphic action=maybe_recompile pc=0x0000000103c0a514 method=java.util.AbstractCollection.addAll(Ljava/util/Collection;)Z @ 29
Event: 68.795 Thread 0x00007f8d45c94800 Uncommon trap: reason=bimorphic action=maybe_recompile pc=0x0000000103c0a514 method=java.util.AbstractCollection.addAll(Ljava/util/Collection;)Z @ 29
Event: 68.795 Thread 0x00007f8d45c94800 Uncommon trap: reason=bimorphic action=maybe_recompile pc=0x0000000103c0a514 method=java.util.AbstractCollection.addAll(Ljava/util/Collection;)Z @ 29
Event: 68.797 Thread 0x00007f8d45c94800 Uncommon trap: reason=unstable_if action=reinterpret pc=0x000000010429a89c method=java.lang.CharacterDataLatin1.digit(II)I @ 82
Event: 68.799 Thread 0x00007f8d45c94800 Uncommon trap: reason=speculate_class_check action=maybe_recompile pc=0x0000000103d9f49c method=java.nio.Bits.getLongL(Ljava/nio/ByteBuffer;I)J @ 5
Event: 78.797 Thread 0x00007f8d45ca5000 Uncommon trap: reason=speculate_class_check action=maybe_recompile pc=0x0000000103d9f49c method=java.nio.Bits.getLongL(Ljava/nio/ByteBuffer;I)J @ 5
Event: 88.800 Thread 0x00007f8d45ca5000 Uncommon trap: reason=class_check action=maybe_recompile pc=0x0000000103c0ff54 method=java.nio.Bits.getLongL(Ljava/nio/ByteBuffer;I)J @ 5

Internal exceptions (10 events):
Event: 3.572 Thread 0x00007f8d43005800 Exception <a 'java/lang/NoSuchFieldError': method resolution failed> (0x000000016a7b2ce0) thrown at [/Users/java_re/workspace/8-2-build-macosx-x86_64/jdk8u71/5731/hotspot/src/share/vm/prims/methodHandles.cpp, line 1146]
Event: 3.576 Thread 0x00007f8d43005800 Exception <a 'java/lang/NoSuchFieldError': method resolution failed> (0x000000016a7c03a0) thrown at [/Users/java_re/workspace/8-2-build-macosx-x86_64/jdk8u71/5731/hotspot/src/share/vm/prims/methodHandles.cpp, line 1146]
Event: 26.685 Thread 0x00007f8d42666000 Exception <a 'java/lang/ClassNotFoundException': io/federecio/dropwizard/swagger/SwaggerViewBeanInfo> (0x000000016e76ffe8) thrown at [/Users/java_re/workspace/8-2-build-macosx-x86_64/jdk8u71/5731/hotspot/src/share/vm/classfile/systemDictionary.cpp, line 2
Event: 26.685 Thread 0x00007f8d42666000 Exception <a 'java/lang/ClassNotFoundException': io/dropwizard/views/ViewBeanInfo> (0x000000016e772d58) thrown at [/Users/java_re/workspace/8-2-build-macosx-x86_64/jdk8u71/5731/hotspot/src/share/vm/classfile/systemDictionary.cpp, line 210]
Event: 26.685 Thread 0x00007f8d42666000 Exception <a 'java/lang/ClassNotFoundException': java/lang/ObjectBeanInfo> (0x000000016e774708) thrown at [/Users/java_re/workspace/8-2-build-macosx-x86_64/jdk8u71/5731/hotspot/src/share/vm/classfile/systemDictionary.cpp, line 210]
Event: 26.686 Thread 0x00007f8d42666000 Exception <a 'java/lang/ClassNotFoundException': java/lang/ObjectCustomizer> (0x000000016e776208) thrown at [/Users/java_re/workspace/8-2-build-macosx-x86_64/jdk8u71/5731/hotspot/src/share/vm/classfile/systemDictionary.cpp, line 210]
Event: 26.690 Thread 0x00007f8d42666000 Exception <a 'java/lang/ClassNotFoundException': io/dropwizard/views/ViewCustomizer> (0x000000016e77e700) thrown at [/Users/java_re/workspace/8-2-build-macosx-x86_64/jdk8u71/5731/hotspot/src/share/vm/classfile/systemDictionary.cpp, line 210]
Event: 26.690 Thread 0x00007f8d42666000 Exception <a 'java/lang/ClassNotFoundException': io/federecio/dropwizard/swagger/SwaggerViewCustomizer> (0x000000016e7869e8) thrown at [/Users/java_re/workspace/8-2-build-macosx-x86_64/jdk8u71/5731/hotspot/src/share/vm/classfile/systemDictionary.cpp, line
Event: 27.384 Thread 0x00007f8d45c94800 Implicit null exception at 0x000000010404ab4a to 0x000000010404ac79
Event: 255.688 Thread 0x00007f8d43663000 Exception <a 'java/io/IOException'> (0x0000000169fb30e0) thrown at [/Users/java_re/workspace/8-2-build-macosx-x86_64/jdk8u71/5731/hotspot/src/share/vm/prims/jni.cpp, line 709]

Events (10 events):
Event: 248.506 Executing VM operation: RevokeBias done
Event: 248.506 Thread 0x00007f8d46111000 Thread exited: 0x00007f8d46111000
Event: 255.687 loading class sun/misc/Signal$1
Event: 255.687 loading class sun/misc/Signal$1 done
Event: 255.687 Thread 0x00007f8d45cc8000 Thread added: 0x00007f8d45cc8000
Event: 255.688 Thread 0x00007f8d46111000 Thread added: 0x00007f8d46111000
Event: 255.688 Thread 0x00007f8d46113000 Thread added: 0x00007f8d46113000
Event: 255.688 Thread 0x00007f8d46111000 Thread exited: 0x00007f8d46111000
Event: 255.688 loading class org/eclipse/jetty/util/FutureCallback
Event: 255.688 loading class org/eclipse/jetty/util/FutureCallback done


Dynamic libraries:
0x0000000002a9a000 	/System/Library/Frameworks/Cocoa.framework/Versions/A/Cocoa
0x0000000002a9a000 	/System/Library/Frameworks/Security.framework/Versions/A/Security
0x0000000002a9a000 	/System/Library/Frameworks/ApplicationServices.framework/Versions/A/ApplicationServices
0x0000000002a9a000 	/usr/lib/libz.1.dylib
0x0000000002a9a000 	/usr/lib/libSystem.B.dylib
0x0000000002a9a000 	/usr/lib/libobjc.A.dylib
0x0000000002a9a000 	/System/Library/Frameworks/CoreFoundation.framework/Versions/A/CoreFoundation
0x0000000002a9a000 	/System/Library/Frameworks/Foundation.framework/Versions/C/Foundation
0x0000000002a9a000 	/System/Library/Frameworks/AppKit.framework/Versions/C/AppKit
0x0000000002a9a000 	/System/Library/Frameworks/CoreData.framework/Versions/A/CoreData
0x0000000002a9a000 	/System/Library/PrivateFrameworks/RemoteViewServices.framework/Versions/A/RemoteViewServices
0x0000000002a9a000 	/System/Library/PrivateFrameworks/UIFoundation.framework/Versions/A/UIFoundation
0x0000000002a9a000 	/System/Library/Frameworks/IOSurface.framework/Versions/A/IOSurface
0x0000000002a9a000 	/System/Library/Frameworks/AudioToolbox.framework/Versions/A/AudioToolbox
0x0000000002a9a000 	/System/Library/Frameworks/AudioUnit.framework/Versions/A/AudioUnit
0x0000000002a9a000 	/System/Library/PrivateFrameworks/DataDetectorsCore.framework/Versions/A/DataDetectorsCore
0x0000000002a9a000 	/System/Library/PrivateFrameworks/DesktopServicesPriv.framework/Versions/A/DesktopServicesPriv
0x0000000002a9a000 	/System/Library/Frameworks/Carbon.framework/Versions/A/Frameworks/HIToolbox.framework/Versions/A/HIToolbox
0x0000000002a9a000 	/System/Library/Frameworks/QuartzCore.framework/Versions/A/QuartzCore
0x0000000002a9a000 	/System/Library/Frameworks/Carbon.framework/Versions/A/Frameworks/SpeechRecognition.framework/Versions/A/SpeechRecognition
0x0000000002a9a000 	/usr/lib/libauto.dylib
0x0000000002a9a000 	/usr/lib/libicucore.A.dylib
0x0000000002a9a000 	/usr/lib/libxml2.2.dylib
0x0000000002a9a000 	/System/Library/PrivateFrameworks/CoreUI.framework/Versions/A/CoreUI
0x0000000002a9a000 	/System/Library/Frameworks/CoreAudio.framework/Versions/A/CoreAudio
0x0000000002a9a000 	/System/Library/Frameworks/DiskArbitration.framework/Versions/A/DiskArbitration
0x0000000002a9a000 	/usr/lib/liblangid.dylib
0x0000000002a9a000 	/System/Library/PrivateFrameworks/MultitouchSupport.framework/Versions/A/MultitouchSupport
0x0000000002a9a000 	/System/Library/Frameworks/IOKit.framework/Versions/A/IOKit
0x0000000002a9a000 	/usr/lib/libDiagnosticMessagesClient.dylib
0x0000000002a9a000 	/System/Library/Frameworks/CoreServices.framework/Versions/A/CoreServices
0x0000000002a9a000 	/System/Library/PrivateFrameworks/PerformanceAnalysis.framework/Versions/A/PerformanceAnalysis
0x0000000002a9a000 	/System/Library/PrivateFrameworks/GenerationalStorage.framework/Versions/A/GenerationalStorage
0x0000000002a9a000 	/System/Library/Frameworks/OpenGL.framework/Versions/A/OpenGL
0x0000000002a9a000 	/System/Library/PrivateFrameworks/Sharing.framework/Versions/A/Sharing
0x0000000002a9a000 	/System/Library/Frameworks/CoreGraphics.framework/Versions/A/CoreGraphics
0x0000000002a9a000 	/System/Library/Frameworks/CoreText.framework/Versions/A/CoreText
0x0000000002a9a000 	/System/Library/Frameworks/ImageIO.framework/Versions/A/ImageIO
0x0000000002a9a000 	/usr/lib/libextension.dylib
0x0000000002a9a000 	/System/Library/PrivateFrameworks/Backup.framework/Versions/A/Backup
0x0000000002a9a000 	/usr/lib/libarchive.2.dylib
0x0000000002a9a000 	/System/Library/Frameworks/CFNetwork.framework/Versions/A/CFNetwork
0x0000000002a9a000 	/System/Library/Frameworks/SystemConfiguration.framework/Versions/A/SystemConfiguration
0x0000000002a9a000 	/usr/lib/libCRFSuite.dylib
0x0000000002a9a000 	/usr/lib/libc++.1.dylib
0x0000000002a9a000 	/usr/lib/libc++abi.dylib
0x0000000002a9a000 	/usr/lib/system/libcache.dylib
0x0000000002a9a000 	/usr/lib/system/libcommonCrypto.dylib
0x0000000002a9a000 	/usr/lib/system/libcompiler_rt.dylib
0x0000000002a9a000 	/usr/lib/system/libcopyfile.dylib
0x0000000002a9a000 	/usr/lib/system/libcorecrypto.dylib
0x0000000002a9a000 	/usr/lib/system/libdispatch.dylib
0x0000000002a9a000 	/usr/lib/system/libdyld.dylib
0x0000000002a9a000 	/usr/lib/system/libkeymgr.dylib
0x0000000002a9a000 	/usr/lib/system/liblaunch.dylib
0x0000000002a9a000 	/usr/lib/system/libmacho.dylib
0x0000000002a9a000 	/usr/lib/system/libquarantine.dylib
0x0000000002a9a000 	/usr/lib/system/libremovefile.dylib
0x0000000002a9a000 	/usr/lib/system/libsystem_asl.dylib
0x0000000002a9a000 	/usr/lib/system/libsystem_blocks.dylib
0x0000000002a9a000 	/usr/lib/system/libsystem_c.dylib
0x0000000002a9a000 	/usr/lib/system/libsystem_configuration.dylib
0x0000000002a9a000 	/usr/lib/system/libsystem_coreservices.dylib
0x0000000002a9a000 	/usr/lib/system/libsystem_coretls.dylib
0x0000000002a9a000 	/usr/lib/system/libsystem_dnssd.dylib
0x0000000002a9a000 	/usr/lib/system/libsystem_info.dylib
0x0000000002a9a000 	/usr/lib/system/libsystem_kernel.dylib
0x0000000002a9a000 	/usr/lib/system/libsystem_m.dylib
0x0000000002a9a000 	/usr/lib/system/libsystem_malloc.dylib
0x0000000002a9a000 	/usr/lib/system/libsystem_network.dylib
0x0000000002a9a000 	/usr/lib/system/libsystem_networkextension.dylib
0x0000000002a9a000 	/usr/lib/system/libsystem_notify.dylib
0x0000000002a9a000 	/usr/lib/system/libsystem_platform.dylib
0x0000000002a9a000 	/usr/lib/system/libsystem_pthread.dylib
0x0000000002a9a000 	/usr/lib/system/libsystem_sandbox.dylib
0x0000000002a9a000 	/usr/lib/system/libsystem_secinit.dylib
0x0000000002a9a000 	/usr/lib/system/libsystem_stats.dylib
0x0000000002a9a000 	/usr/lib/system/libsystem_trace.dylib
0x0000000002a9a000 	/usr/lib/system/libunc.dylib
0x0000000002a9a000 	/usr/lib/system/libunwind.dylib
0x0000000002a9a000 	/usr/lib/system/libxpc.dylib
0x0000000002a9a000 	/usr/lib/libbz2.1.0.dylib
0x0000000002a9a000 	/usr/lib/liblzma.5.dylib
0x0000000002a9a000 	/usr/lib/libbsm.0.dylib
0x0000000002a9a000 	/usr/lib/libsqlite3.dylib
0x0000000002a9a000 	/usr/lib/system/libkxld.dylib
0x0000000002a9a000 	/usr/lib/libxar.1.dylib
0x0000000002a9a000 	/usr/lib/libpam.2.dylib
0x0000000002a9a000 	/usr/lib/libOpenScriptingUtil.dylib
0x0000000002a9a000 	/System/Library/Frameworks/CoreServices.framework/Versions/A/Frameworks/FSEvents.framework/Versions/A/FSEvents
0x0000000002a9a000 	/System/Library/Frameworks/CoreServices.framework/Versions/A/Frameworks/CarbonCore.framework/Versions/A/CarbonCore
0x0000000002a9a000 	/System/Library/Frameworks/CoreServices.framework/Versions/A/Frameworks/Metadata.framework/Versions/A/Metadata
0x0000000002a9a000 	/System/Library/Frameworks/CoreServices.framework/Versions/A/Frameworks/OSServices.framework/Versions/A/OSServices
0x0000000002a9a000 	/System/Library/Frameworks/CoreServices.framework/Versions/A/Frameworks/SearchKit.framework/Versions/A/SearchKit
0x0000000002a9a000 	/System/Library/Frameworks/CoreServices.framework/Versions/A/Frameworks/AE.framework/Versions/A/AE
0x0000000002a9a000 	/System/Library/Frameworks/CoreServices.framework/Versions/A/Frameworks/LaunchServices.framework/Versions/A/LaunchServices
0x0000000002a9a000 	/System/Library/Frameworks/CoreServices.framework/Versions/A/Frameworks/DictionaryServices.framework/Versions/A/DictionaryServices
0x0000000002a9a000 	/System/Library/Frameworks/NetFS.framework/Versions/A/NetFS
0x0000000002a9a000 	/System/Library/PrivateFrameworks/NetAuth.framework/Versions/A/NetAuth
0x0000000002a9a000 	/System/Library/PrivateFrameworks/login.framework/Versions/A/Frameworks/loginsupport.framework/Versions/A/loginsupport
0x0000000002a9a000 	/System/Library/PrivateFrameworks/TCC.framework/Versions/A/TCC
0x0000000002a9a000 	/usr/lib/libmecabra.dylib
0x0000000002a9a000 	/System/Library/Frameworks/ApplicationServices.framework/Versions/A/Frameworks/ATS.framework/Versions/A/ATS
0x0000000002a9a000 	/System/Library/Frameworks/ApplicationServices.framework/Versions/A/Frameworks/ColorSync.framework/Versions/A/ColorSync
0x0000000002a9a000 	/System/Library/Frameworks/ApplicationServices.framework/Versions/A/Frameworks/HIServices.framework/Versions/A/HIServices
0x0000000002a9a000 	/System/Library/Frameworks/ApplicationServices.framework/Versions/A/Frameworks/LangAnalysis.framework/Versions/A/LangAnalysis
0x0000000002a9a000 	/System/Library/Frameworks/ApplicationServices.framework/Versions/A/Frameworks/PrintCore.framework/Versions/A/PrintCore
0x0000000002a9a000 	/System/Library/Frameworks/ApplicationServices.framework/Versions/A/Frameworks/QD.framework/Versions/A/QD
0x0000000002a9a000 	/System/Library/Frameworks/ApplicationServices.framework/Versions/A/Frameworks/SpeechSynthesis.framework/Versions/A/SpeechSynthesis
0x0000000002a9a000 	/System/Library/Frameworks/Accelerate.framework/Versions/A/Accelerate
0x0000000002a9a000 	/System/Library/Frameworks/Accelerate.framework/Versions/A/Frameworks/vImage.framework/Versions/A/vImage
0x0000000002a9a000 	/System/Library/Frameworks/Accelerate.framework/Versions/A/Frameworks/vecLib.framework/Versions/A/vecLib
0x0000000002a9a000 	/System/Library/Frameworks/Accelerate.framework/Versions/A/Frameworks/vecLib.framework/Versions/A/libvDSP.dylib
0x0000000002a9a000 	/System/Library/Frameworks/Accelerate.framework/Versions/A/Frameworks/vecLib.framework/Versions/A/libvMisc.dylib
0x0000000002a9a000 	/System/Library/Frameworks/Accelerate.framework/Versions/A/Frameworks/vecLib.framework/Versions/A/libLAPACK.dylib
0x0000000002a9a000 	/System/Library/Frameworks/Accelerate.framework/Versions/A/Frameworks/vecLib.framework/Versions/A/libBLAS.dylib
0x0000000002a9a000 	/System/Library/Frameworks/Accelerate.framework/Versions/A/Frameworks/vecLib.framework/Versions/A/libLinearAlgebra.dylib
0x0000000002a9a000 	/System/Library/Frameworks/ApplicationServices.framework/Versions/A/Frameworks/ATS.framework/Versions/A/Resources/libFontParser.dylib
0x0000000002a9a000 	/System/Library/Frameworks/ApplicationServices.framework/Versions/A/Frameworks/ATS.framework/Versions/A/Resources/libFontRegistry.dylib
0x0000000002a9a000 	/System/Library/PrivateFrameworks/AppleVPA.framework/Versions/A/AppleVPA
0x0000000002a9a000 	/System/Library/PrivateFrameworks/AppleJPEG.framework/Versions/A/AppleJPEG
0x0000000002a9a000 	/System/Library/Frameworks/ImageIO.framework/Versions/A/Resources/libJPEG.dylib
0x0000000002a9a000 	/System/Library/Frameworks/ImageIO.framework/Versions/A/Resources/libTIFF.dylib
0x0000000002a9a000 	/System/Library/Frameworks/ImageIO.framework/Versions/A/Resources/libPng.dylib
0x0000000002a9a000 	/System/Library/Frameworks/ImageIO.framework/Versions/A/Resources/libGIF.dylib
0x0000000002a9a000 	/System/Library/Frameworks/ImageIO.framework/Versions/A/Resources/libJP2.dylib
0x0000000002a9a000 	/System/Library/Frameworks/ImageIO.framework/Versions/A/Resources/libRadiance.dylib
0x0000000002a9a000 	/System/Library/Frameworks/CoreVideo.framework/Versions/A/CoreVideo
0x0000000002a9a000 	/System/Library/Frameworks/OpenGL.framework/Versions/A/Libraries/libGLU.dylib
0x0000000002a9a000 	/System/Library/Frameworks/OpenGL.framework/Versions/A/Libraries/libGFXShared.dylib
0x0000000002a9a000 	/System/Library/Frameworks/OpenGL.framework/Versions/A/Libraries/libGL.dylib
0x0000000002a9a000 	/System/Library/Frameworks/OpenGL.framework/Versions/A/Libraries/libGLImage.dylib
0x0000000002a9a000 	/System/Library/Frameworks/OpenGL.framework/Versions/A/Libraries/libCVMSPluginSupport.dylib
0x0000000002a9a000 	/System/Library/Frameworks/OpenGL.framework/Versions/A/Libraries/libCoreVMClient.dylib
0x0000000002a9a000 	/usr/lib/libcups.2.dylib
0x0000000002a9a000 	/System/Library/Frameworks/Kerberos.framework/Versions/A/Kerberos
0x0000000002a9a000 	/System/Library/Frameworks/GSS.framework/Versions/A/GSS
0x0000000002a9a000 	/usr/lib/libresolv.9.dylib
0x0000000002a9a000 	/usr/lib/libiconv.2.dylib
0x0000000002a9a000 	/System/Library/PrivateFrameworks/Heimdal.framework/Versions/A/Heimdal
0x0000000002a9a000 	/usr/lib/libheimdal-asn1.dylib
0x0000000002a9a000 	/System/Library/Frameworks/OpenDirectory.framework/Versions/A/OpenDirectory
0x0000000002a9a000 	/System/Library/PrivateFrameworks/CommonAuth.framework/Versions/A/CommonAuth
0x0000000002a9a000 	/System/Library/Frameworks/OpenDirectory.framework/Versions/A/Frameworks/CFOpenDirectory.framework/Versions/A/CFOpenDirectory
0x0000000002a9a000 	/System/Library/Frameworks/SecurityFoundation.framework/Versions/A/SecurityFoundation
0x0000000002a9a000 	/System/Library/PrivateFrameworks/LanguageModeling.framework/Versions/A/LanguageModeling
0x0000000002a9a000 	/usr/lib/libcmph.dylib
0x0000000002a9a000 	/System/Library/Frameworks/ServiceManagement.framework/Versions/A/ServiceManagement
0x0000000002a9a000 	/usr/lib/libxslt.1.dylib
0x0000000002a9a000 	/System/Library/Frameworks/Carbon.framework/Versions/A/Frameworks/Ink.framework/Versions/A/Ink
0x0000000002a9a000 	/System/Library/Frameworks/QuartzCore.framework/Versions/A/Frameworks/CoreImage.framework/Versions/A/CoreImage
0x0000000002a9a000 	/System/Library/PrivateFrameworks/CrashReporterSupport.framework/Versions/A/CrashReporterSupport
0x0000000002a9a000 	/System/Library/Frameworks/OpenCL.framework/Versions/A/OpenCL
0x0000000002a9a000 	/System/Library/PrivateFrameworks/FaceCore.framework/Versions/A/FaceCore
0x0000000002a9a000 	/System/Library/PrivateFrameworks/Ubiquity.framework/Versions/A/Ubiquity
0x0000000002a9a000 	/System/Library/PrivateFrameworks/IconServices.framework/Versions/A/IconServices
0x0000000002a9a000 	/System/Library/PrivateFrameworks/ChunkingLibrary.framework/Versions/A/ChunkingLibrary
0x0000000002a9a000 	/System/Library/PrivateFrameworks/Apple80211.framework/Versions/A/Apple80211
0x0000000002a9a000 	/System/Library/Frameworks/CoreWLAN.framework/Versions/A/CoreWLAN
0x0000000002a9a000 	/System/Library/Frameworks/IOBluetooth.framework/Versions/A/IOBluetooth
0x0000000002a9a000 	/System/Library/PrivateFrameworks/CoreWiFi.framework/Versions/A/CoreWiFi
0x0000000002a9a000 	/System/Library/Frameworks/CoreBluetooth.framework/Versions/A/CoreBluetooth
0x0000000002a9a000 	/System/Library/PrivateFrameworks/DebugSymbols.framework/Versions/A/DebugSymbols
0x0000000002a9a000 	/System/Library/PrivateFrameworks/CoreSymbolication.framework/Versions/A/CoreSymbolication
0x0000000002a9a000 	/System/Library/PrivateFrameworks/Symbolication.framework/Versions/A/Symbolication
0x0000000002a9a000 	/System/Library/PrivateFrameworks/SpeechRecognitionCore.framework/Versions/A/SpeechRecognitionCore
0x0000000102a00000 	/Library/Java/JavaVirtualMachines/jdk1.8.0_71.jdk/Contents/Home/jre/lib/server/libjvm.dylib
0x0000000002a9a000 	/usr/lib/libstdc++.6.dylib
0x00000001021f2000 	/Library/Java/JavaVirtualMachines/jdk1.8.0_71.jdk/Contents/Home/jre/lib/libverify.dylib
0x0000000103a92000 	/Library/Java/JavaVirtualMachines/jdk1.8.0_71.jdk/Contents/Home/jre/lib/libjava.dylib
0x0000000103ad1000 	/Library/Java/JavaVirtualMachines/jdk1.8.0_71.jdk/Contents/Home/jre/lib/libzip.dylib
0x0000000112fe5000 	/System/Library/Frameworks/JavaVM.framework/Frameworks/JavaRuntimeSupport.framework/JavaRuntimeSupport
0x00000001d9d44000 	/System/Library/Frameworks/JavaVM.framework/Versions/A/Frameworks/JavaNativeFoundation.framework/Versions/A/JavaNativeFoundation
0x00000001d9d58000 	/System/Library/Frameworks/JavaVM.framework/Versions/A/JavaVM
0x0000000002a9a000 	/System/Library/Frameworks/Carbon.framework/Versions/A/Carbon
0x00000001d9d64000 	/System/Library/PrivateFrameworks/JavaLaunching.framework/Versions/A/JavaLaunching
0x0000000002a9a000 	/System/Library/Frameworks/Carbon.framework/Versions/A/Frameworks/CommonPanels.framework/Versions/A/CommonPanels
0x0000000002a9a000 	/System/Library/Frameworks/Carbon.framework/Versions/A/Frameworks/Help.framework/Versions/A/Help
0x0000000002a9a000 	/System/Library/Frameworks/Carbon.framework/Versions/A/Frameworks/ImageCapture.framework/Versions/A/ImageCapture
0x0000000002a9a000 	/System/Library/Frameworks/Carbon.framework/Versions/A/Frameworks/OpenScripting.framework/Versions/A/OpenScripting
0x0000000002a9a000 	/System/Library/Frameworks/Carbon.framework/Versions/A/Frameworks/Print.framework/Versions/A/Print
0x0000000002a9a000 	/System/Library/Frameworks/Carbon.framework/Versions/A/Frameworks/SecurityHI.framework/Versions/A/SecurityHI
0x00000001dbd45000 	/Library/Java/JavaVirtualMachines/jdk1.8.0_71.jdk/Contents/Home/jre/lib/libmanagement.dylib
0x00000001dbd53000 	/Library/Java/JavaVirtualMachines/jdk1.8.0_71.jdk/Contents/Home/jre/lib/libnet.dylib
0x00000001dbdb2000 	/Library/Java/JavaVirtualMachines/jdk1.8.0_71.jdk/Contents/Home/jre/lib/libnio.dylib
0x00000001dcacb000 	/Library/Java/JavaVirtualMachines/jdk1.8.0_71.jdk/Contents/Home/jre/lib/libsunec.dylib

VM Arguments:
java_command: AccountMgmtService-1.0-SNAPSHOT.jar server ../config.yml
java_class_path (initial): AccountMgmtService-1.0-SNAPSHOT.jar
Launcher Type: SUN_STANDARD

Environment Variables:
JAVA_HOME=/Library/Java/JavaVirtualMachines/jdk1.8.0_71.jdk/Contents/Home
PATH=/usr/local/bin:/usr/bin:/bin:/usr/sbin:/sbin:/Users/ramans/Downloads/apache-maven-3.3.9/bin:/Users/ramans/hadoop/bin:/Users/ramans/hadoop/sbin
SHELL=/bin/bash

Signal Handlers:
SIGSEGV: [libjvm.dylib+0x5a68c5], sa_mask[0]=11111111011111110111111111111111, sa_flags=SA_ONSTACK|SA_RESTART|SA_SIGINFO
SIGBUS: [libjvm.dylib+0x5a68c5], sa_mask[0]=11111111011111110111111111111111, sa_flags=SA_RESTART|SA_SIGINFO
SIGFPE: [libjvm.dylib+0x4805d4], sa_mask[0]=11111111011111110111111111111111, sa_flags=SA_RESTART|SA_SIGINFO
SIGPIPE: [libjvm.dylib+0x4805d4], sa_mask[0]=11111111011111110111111111111111, sa_flags=SA_RESTART|SA_SIGINFO
SIGXFSZ: [libjvm.dylib+0x4805d4], sa_mask[0]=11111111011111110111111111111111, sa_flags=SA_RESTART|SA_SIGINFO
SIGILL: [libjvm.dylib+0x4805d4], sa_mask[0]=11111111011111110111111111111111, sa_flags=SA_RESTART|SA_SIGINFO
SIGUSR1: SIG_DFL, sa_mask[0]=11011111011111100000000111000110, sa_flags=none
SIGUSR2: [libjvm.dylib+0x4800f2], sa_mask[0]=00000000000000000000000000000000, sa_flags=SA_RESTART|SA_SIGINFO
SIGHUP: [libjvm.dylib+0x47e6c9], sa_mask[0]=11111111011111110111111111111111, sa_flags=SA_RESTART|SA_SIGINFO
SIGINT: [libjvm.dylib+0x47e6c9], sa_mask[0]=11111111011111110111111111111111, sa_flags=SA_RESTART|SA_SIGINFO
SIGTERM: [libjvm.dylib+0x47e6c9], sa_mask[0]=11111111011111110111111111111111, sa_flags=SA_RESTART|SA_SIGINFO
SIGQUIT: [libjvm.dylib+0x47e6c9], sa_mask[0]=11111111011111110111111111111111, sa_flags=SA_RESTART|SA_SIGINFO


---------------  S Y S T E M  ---------------

OS:Bsduname:Darwin 14.5.0 Darwin Kernel Version 14.5.0: Wed Jul 29 02:26:53 PDT 2015; root:xnu-2782.40.9~1/RELEASE_X86_64 x86_64
rlimit: STACK 8192k, CORE 0k, NPROC 709, NOFILE 10240, AS infinity
load average:4.80 4.99 4.80

CPU:total 4 (2 cores per cpu, 2 threads per core) family 6 model 61 stepping 4, cmov, cx8, fxsr, mmx, sse, sse2, sse3, ssse3, sse4.1, sse4.2, popcnt, avx, avx2, aes, clmul, erms, 3dnowpref, lzcnt, ht, tsc, tscinvbit, bmi1, bmi2, adx

Memory: 4k page, physical 8388608k(200232k free)

/proc/meminfo:


vm_info: Java HotSpot(TM) 64-Bit Server VM (25.71-b15) for bsd-amd64 JRE (1.8.0_71-b15), built on Dec 22 2015 15:11:44 by "java_re" with gcc 4.2.1 (Based on Apple Inc. build 5658) (LLVM build 2336.11.00)

time: Sun Aug 20 11:29:51 2017
elapsed time: 255 seconds (0d 0h 4m 15s)

