#
# A fatal error has been detected by the Java Runtime Environment:
#
#  SIGBUS (0xa) at pc=0x00000001069deeb9, pid=40413, tid=30471
#
# JRE version: Java(TM) SE Runtime Environment (8.0_71-b15) (build 1.8.0_71-b15)
# Java VM: Java HotSpot(TM) 64-Bit Server VM (25.71-b15 mixed mode bsd-amd64 compressed oops)
# Problematic frame:
# C  [libzip.dylib+0x2eb9]  newEntry+0x154
#
# Failed to write core dump. Core dumps have been disabled. To enable core dumping, try "ulimit -c unlimited" before starting Java again
#
# If you would like to submit a bug report, please visit:
#   http://bugreport.java.com/bugreport/crash.jsp
# The crash happened outside the Java Virtual Machine in native code.
# See problematic frame for where to report the bug.
#

---------------  T H R E A D  ---------------

Current thread (0x00007ff49bca4000):  JavaThread "Thread-11" [_thread_in_native, id=30471, stack(0x0000000122210000,0x0000000122310000)]

siginfo: si_signo: 10 (SIGBUS), si_code: 2 (BUS_ADRERR), si_addr: 0x0000000120338ad1

Registers:
RAX=0x00007ff498719f60, RBX=0x0000000120338ac5, RCX=0x0000000000000401, RDX=0x0000000000000408
RSP=0x000000012230d430, RBP=0x000000012230d490, RSI=0x00007ff49ab00000, RDI=0x0000000106762a00
R8 =0x0000000000000004, R9 =0x00000000fffffffc, R10=0x00000001082dc2d8, R11=0xfffffff983a1c7a6
R12=0x0000000120275000, R13=0x0000000000015570, R14=0x000000009ac6435b, R15=0x00007ff49a9837d0
RIP=0x00000001069deeb9, EFLAGS=0x0000000000010206, ERR=0x0000000000000004
  TRAPNO=0x000000000000000e

Top of Stack: (sp=0x000000012230d430)
0x000000012230d430:   0000000000000000 0000000000000000
0x000000012230d440:   0000000000000000 0000000000000000
0x000000012230d450:   000000012230d470 00007ff498719f60
0x000000012230d460:   00007ff49ab44bd0 00007ff498719f60
0x000000012230d470:   0000000120275000 0000000000015570
0x000000012230d480:   000000009ac6435b 00007ff49a9837d0
0x000000012230d490:   000000012230d4f0 00000001069df554
0x000000012230d4a0:   000000012230d53a 000000012230d539
0x000000012230d4b0:   0000002a00000000 0000002b01ca4000
0x000000012230d4c0:   000000012230d50e 000000012230d958
0x000000012230d4d0:   000000000000002b 000000012230d50e
0x000000012230d4e0:   00007ff498719f60 00007ff49bca41f8
0x000000012230d4f0:   000000012230d940 00000001069de34f
0x000000012230d500:   0000000000000000 726f000000000001
0x000000012230d510:   7370696c63652f67 2f797474656a2f65
0x000000012230d520:   7475462f6c697475 626c6c6143657275
0x000000012230d530:   73616c632e6b6361 0000000000000073
0x000000012230d540:   0000000000000000 00000000220a58e0
0x000000012230d550:   0000000000000000 0000000000000000
0x000000012230d560:   0000000000000000 0000000021aa9d00
0x000000012230d570:   0000000000000000 0000000000000000
0x000000012230d580:   0000000021aa9ce0 0000000000000000
0x000000012230d590:   0000000000000000 0000000000000000
0x000000012230d5a0:   0000000000000000 0000000000000000
0x000000012230d5b0:   000000012230d610 00007fff8bd91b9d
0x000000012230d5c0:   0000000022061290 000000012230d7a8
0x000000012230d5d0:   0000000000000000 0000000021aa9cc0
0x000000012230d5e0:   000000012230d788 00000000ffffffcd
0x000000012230d5f0:   0000000000000033 000000012230d788
0x000000012230d600:   000000010780ab9a 00000000ffffffcd
0x000000012230d610:   000000012230da40 00007fff8bd9be46
0x000000012230d620:   0000000000000000 0000000000000000 

Instructions: (pc=0x00000001069deeb9)
0x00000001069dee99:   49 8b 7f 38 e8 50 1b 00 00 4d 89 77 38 49 89 5f
0x00000001069deea9:   40 4c 89 f0 48 85 c0 0f 84 11 05 00 00 48 89 c3
0x00000001069deeb9:   0f b6 43 0c 0f b6 4b 0d 48 c1 e1 08 48 01 c1 0f
0x00000001069deec9:   b6 43 0e 0f b6 53 0f 48 c1 e2 08 48 01 c2 48 c1 

Register to memory mapping:

RAX=0x00007ff498719f60 is an unknown value
RBX=0x0000000120338ac5 is an unknown value
RCX=0x0000000000000401 is an unknown value
RDX=0x0000000000000408 is an unknown value
RSP=0x000000012230d430 is pointing into the stack for thread: 0x00007ff49bca4000
RBP=0x000000012230d490 is pointing into the stack for thread: 0x00007ff49bca4000
RSI=0x00007ff49ab00000 is an unknown value
RDI=0x0000000106762a00 is an unknown value
R8 =0x0000000000000004 is an unknown value
R9 =0x00000000fffffffc is an unknown value
R10=0x00000001082dc2d8 is at entry_point+88 in (nmethod*)0x00000001082dc110
R11=0xfffffff983a1c7a6 is an unknown value
R12=0x0000000120275000 is an unknown value
R13=0x0000000000015570 is an unknown value
R14=0x000000009ac6435b is an unknown value
R15=0x00007ff49a9837d0 is an unknown value


Stack: [0x0000000122210000,0x0000000122310000],  sp=0x000000012230d430,  free space=1013k
Native frames: (J=compiled Java code, j=interpreted, Vv=VM code, C=native code)
C  [libzip.dylib+0x2eb9]  newEntry+0x154
C  [libzip.dylib+0x3554]  ZIP_GetEntry2+0xd4
C  [libzip.dylib+0x234f]  Java_java_util_zip_ZipFile_getEntry+0xcf
J 133  java.util.zip.ZipFile.getEntry(J[BZ)J (0 bytes) @ 0x00000001082dc34e [0x00000001082dc280+0xce]
J 1863 C2 sun.misc.URLClassPath$JarLoader.getResource(Ljava/lang/String;Z)Lsun/misc/Resource; (85 bytes) @ 0x000000010877b878 [0x000000010877b340+0x538]
J 917 C2 sun.misc.URLClassPath.getResource(Ljava/lang/String;Z)Lsun/misc/Resource; (83 bytes) @ 0x00000001084afaec [0x00000001084af9a0+0x14c]
J 212 C1 java.net.URLClassLoader$1.run()Ljava/lang/Class; (63 bytes) @ 0x000000010830952c [0x0000000108309320+0x20c]
J 174 C1 java.net.URLClassLoader$1.run()Ljava/lang/Object; (5 bytes) @ 0x00000001082ed70c [0x00000001082ed680+0x8c]
v  ~StubRoutines::call_stub
V  [libjvm.dylib+0x2ea59a]
V  [libjvm.dylib+0x34aac4]
J 173  java.security.AccessController.doPrivileged(Ljava/security/PrivilegedExceptionAction;Ljava/security/AccessControlContext;)Ljava/lang/Object; (0 bytes) @ 0x00000001082ec615 [0x00000001082ec540+0xd5]
J 171 C1 java.net.URLClassLoader.findClass(Ljava/lang/String;)Ljava/lang/Class; (47 bytes) @ 0x00000001082eca94 [0x00000001082ec900+0x194]
J 2707 C2 java.lang.ClassLoader.loadClass(Ljava/lang/String;Z)Ljava/lang/Class; (122 bytes) @ 0x00000001089137c0 [0x0000000108912ce0+0xae0]
J 207 C1 sun.misc.Launcher$AppClassLoader.loadClass(Ljava/lang/String;Z)Ljava/lang/Class; (85 bytes) @ 0x0000000108306664 [0x0000000108305cc0+0x9a4]
J 206 C1 java.lang.ClassLoader.loadClass(Ljava/lang/String;)Ljava/lang/Class; (7 bytes) @ 0x0000000108305704 [0x0000000108305600+0x104]
v  ~StubRoutines::call_stub
V  [libjvm.dylib+0x2ea59a]
V  [libjvm.dylib+0x2ead28]
V  [libjvm.dylib+0x2eae80]
V  [libjvm.dylib+0x5331e0]
V  [libjvm.dylib+0x532979]
V  [libjvm.dylib+0x5333fc]
V  [libjvm.dylib+0x533a79]
V  [libjvm.dylib+0x1e0b6a]
V  [libjvm.dylib+0x1f0e2e]
V  [libjvm.dylib+0x2e5f77]
j  org.eclipse.jetty.server.AbstractConnector.shutdown()Ljava/util/concurrent/Future;+0
j  org.eclipse.jetty.server.AbstractNetworkConnector.shutdown()Ljava/util/concurrent/Future;+5
j  org.eclipse.jetty.server.ServerConnector.shutdown()Ljava/util/concurrent/Future;+1
j  org.eclipse.jetty.server.Server.doStop()V+60
j  org.eclipse.jetty.util.component.AbstractLifeCycle.stop()V+30
j  org.eclipse.jetty.util.thread.ShutdownThread.run()V+41
v  ~StubRoutines::call_stub
V  [libjvm.dylib+0x2ea59a]
V  [libjvm.dylib+0x2ead28]
V  [libjvm.dylib+0x2eaed4]
V  [libjvm.dylib+0x345451]
V  [libjvm.dylib+0x560e73]
V  [libjvm.dylib+0x56256e]
V  [libjvm.dylib+0x482fc2]
C  [libsystem_pthread.dylib+0x405a]  _pthread_body+0x83
C  [libsystem_pthread.dylib+0x3fd7]  _pthread_body+0x0
C  [libsystem_pthread.dylib+0x13ed]  thread_start+0xd
C  0x0000000000000000

Java frames: (J=compiled Java code, j=interpreted, Vv=VM code)
J 133  java.util.zip.ZipFile.getEntry(J[BZ)J (0 bytes) @ 0x00000001082dc2d8 [0x00000001082dc280+0x58]
J 1863 C2 sun.misc.URLClassPath$JarLoader.getResource(Ljava/lang/String;Z)Lsun/misc/Resource; (85 bytes) @ 0x000000010877b878 [0x000000010877b340+0x538]
J 917 C2 sun.misc.URLClassPath.getResource(Ljava/lang/String;Z)Lsun/misc/Resource; (83 bytes) @ 0x00000001084afaec [0x00000001084af9a0+0x14c]
J 212 C1 java.net.URLClassLoader$1.run()Ljava/lang/Class; (63 bytes) @ 0x000000010830952c [0x0000000108309320+0x20c]
J 174 C1 java.net.URLClassLoader$1.run()Ljava/lang/Object; (5 bytes) @ 0x00000001082ed70c [0x00000001082ed680+0x8c]
v  ~StubRoutines::call_stub
J 173  java.security.AccessController.doPrivileged(Ljava/security/PrivilegedExceptionAction;Ljava/security/AccessControlContext;)Ljava/lang/Object; (0 bytes) @ 0x00000001082ec5a3 [0x00000001082ec540+0x63]
J 171 C1 java.net.URLClassLoader.findClass(Ljava/lang/String;)Ljava/lang/Class; (47 bytes) @ 0x00000001082eca94 [0x00000001082ec900+0x194]
J 2707 C2 java.lang.ClassLoader.loadClass(Ljava/lang/String;Z)Ljava/lang/Class; (122 bytes) @ 0x00000001089137c0 [0x0000000108912ce0+0xae0]
J 207 C1 sun.misc.Launcher$AppClassLoader.loadClass(Ljava/lang/String;Z)Ljava/lang/Class; (85 bytes) @ 0x0000000108306664 [0x0000000108305cc0+0x9a4]
J 206 C1 java.lang.ClassLoader.loadClass(Ljava/lang/String;)Ljava/lang/Class; (7 bytes) @ 0x0000000108305704 [0x0000000108305600+0x104]
v  ~StubRoutines::call_stub
j  org.eclipse.jetty.server.AbstractConnector.shutdown()Ljava/util/concurrent/Future;+0
j  org.eclipse.jetty.server.AbstractNetworkConnector.shutdown()Ljava/util/concurrent/Future;+5
j  org.eclipse.jetty.server.ServerConnector.shutdown()Ljava/util/concurrent/Future;+1
j  org.eclipse.jetty.server.Server.doStop()V+60
j  org.eclipse.jetty.util.component.AbstractLifeCycle.stop()V+30
j  org.eclipse.jetty.util.thread.ShutdownThread.run()V+41
v  ~StubRoutines::call_stub

---------------  P R O C E S S  ---------------

Java Threads: ( => current thread )
=>0x00007ff49bca4000 JavaThread "Thread-11" [_thread_in_native, id=30471, stack(0x0000000122210000,0x0000000122310000)]
  0x00007ff49bc37000 JavaThread "SIGINT handler" daemon [_thread_blocked, id=26679, stack(0x0000000121c55000,0x0000000121d55000)]
  0x00007ff49bc36800 JavaThread "dw-admin-53" [_thread_blocked, id=28215, stack(0x000000012181b000,0x000000012191b000)]
  0x00007ff49c08f800 JavaThread "pool-1-thread-1" daemon [_thread_blocked, id=29955, stack(0x000000012150e000,0x000000012160e000)]
  0x00007ff49ba55000 JavaThread "cluster-ClusterId{value='59998ba1e158bd9ddd057531', description='null'}-localhost:27017" daemon [_thread_blocked, id=29703, stack(0x000000012140b000,0x000000012150b000)]
  0x00007ff49d2f3800 JavaThread "Scheduler-1561722966" [_thread_blocked, id=27139, stack(0x00000001208b4000,0x00000001209b4000)]
  0x00007ff49d2ea800 JavaThread "DestroyJavaVM" [_thread_blocked, id=4867, stack(0x000000010688d000,0x000000010698d000)]
  0x00007ff499e92000 JavaThread "dw-admin-29-acceptor-1@6bcc620a-admin@74997ca6{HTTP/1.1}{0.0.0.0:9096}" [_thread_in_native, id=26115, stack(0x0000000123da9000,0x0000000123ea9000)]
  0x00007ff499eaf000 JavaThread "dw-admin-28-acceptor-0@13f8b8d-admin@74997ca6{HTTP/1.1}{0.0.0.0:9096}" [_thread_blocked, id=25603, stack(0x0000000123ca6000,0x0000000123da6000)]
  0x00007ff49b75f800 JavaThread "dw-admin-27-selector-ServerConnectorManager@713f568a/3" [_thread_in_native, id=25091, stack(0x0000000122f78000,0x0000000123078000)]
  0x00007ff49b760800 JavaThread "dw-admin-26-selector-ServerConnectorManager@713f568a/2" [_thread_in_native, id=24071, stack(0x0000000121b52000,0x0000000121c52000)]
  0x00007ff498fbf800 JavaThread "dw-admin-25-selector-ServerConnectorManager@713f568a/1" [_thread_in_native, id=24579, stack(0x0000000122e75000,0x0000000122f75000)]
  0x00007ff49b8ca800 JavaThread "org.eclipse.jetty.server.session.HashSessionManager@6eb6750fTimer" daemon [_thread_blocked, id=23555, stack(0x0000000123ba3000,0x0000000123ca3000)]
  0x00007ff499ff7000 JavaThread "dw-admin-22-selector-ServerConnectorManager@713f568a/0" [_thread_in_native, id=23047, stack(0x0000000123aa0000,0x0000000123ba0000)]
  0x00007ff499e0d000 JavaThread "dw-19" [_thread_blocked, id=22531, stack(0x000000012379d000,0x000000012389d000)]
  0x00007ff499c82800 JavaThread "dw-18" [_thread_blocked, id=22019, stack(0x000000012369a000,0x000000012379a000)]
  0x00007ff499c81800 JavaThread "dw-17" [_thread_blocked, id=21507, stack(0x0000000123597000,0x0000000123697000)]
  0x00007ff499ec8000 JavaThread "dw-16" [_thread_blocked, id=20995, stack(0x0000000123494000,0x0000000123594000)]
  0x00007ff498d8e000 JavaThread "dw-15-selector-ServerConnectorManager@57747ce2/3" [_thread_in_native, id=20483, stack(0x0000000123391000,0x0000000123491000)]
  0x00007ff498d8d000 JavaThread "dw-14-selector-ServerConnectorManager@57747ce2/2" [_thread_in_native, id=19971, stack(0x000000012328e000,0x000000012338e000)]
  0x00007ff499d1e800 JavaThread "dw-13-selector-ServerConnectorManager@57747ce2/1" [_thread_in_native, id=14087, stack(0x000000012318b000,0x000000012328b000)]
  0x00007ff499239000 JavaThread "dw-12-selector-ServerConnectorManager@57747ce2/0" [_thread_in_native, id=15879, stack(0x0000000123088000,0x0000000123188000)]
  0x00007ff499ae3800 JavaThread "AsyncAppender-Worker-async-console-appender" daemon [_thread_blocked, id=12039, stack(0x0000000122367000,0x0000000122467000)]
  0x00007ff499a0b800 JavaThread "AsyncAppender-Worker-async-console-appender" daemon [_thread_blocked, id=19203, stack(0x0000000121308000,0x0000000121408000)]
  0x00007ff49881b000 JavaThread "Service Thread" daemon [_thread_blocked, id=18179, stack(0x000000011feee000,0x000000011ffee000)]
  0x00007ff499035000 JavaThread "C1 CompilerThread2" daemon [_thread_blocked, id=17667, stack(0x000000011fdeb000,0x000000011feeb000)]
  0x00007ff49a035000 JavaThread "C2 CompilerThread1" daemon [_thread_blocked, id=17155, stack(0x000000011fce8000,0x000000011fde8000)]
  0x00007ff49a033800 JavaThread "C2 CompilerThread0" daemon [_thread_blocked, id=16643, stack(0x000000011fbe5000,0x000000011fce5000)]
  0x00007ff49a006800 JavaThread "Signal Dispatcher" daemon [_thread_blocked, id=13331, stack(0x000000011fae2000,0x000000011fbe2000)]
  0x00007ff49902a800 JavaThread "Finalizer" daemon [_thread_blocked, id=11523, stack(0x000000011e0dc000,0x000000011e1dc000)]
  0x00007ff499029800 JavaThread "Reference Handler" daemon [_thread_blocked, id=11011, stack(0x000000011dfd9000,0x000000011e0d9000)]

Other Threads:
  0x00007ff499029000 VMThread [stack: 0x000000011ded6000,0x000000011dfd6000] [id=10499]
  0x00007ff499801000 WatcherThread [stack: 0x000000011fff1000,0x00000001200f1000] [id=18691]

VM state:not at safepoint (normal execution)

VM Mutex/Monitor currently owned by a thread: None

Heap:
 PSYoungGen      total 229888K, used 170449K [0x0000000795580000, 0x00000007ac900000, 0x00000007c0000000)
  eden space 211456K, 71% used [0x0000000795580000,0x000000079e9f85d0,0x00000007a2400000)
  from space 18432K, 99% used [0x00000007a2400000,0x00000007a35fbe80,0x00000007a3600000)
  to   space 28672K, 0% used [0x00000007aad00000,0x00000007aad00000,0x00000007ac900000)
 ParOldGen       total 49664K, used 28283K [0x0000000740000000, 0x0000000743080000, 0x0000000795580000)
  object space 49664K, 56% used [0x0000000740000000,0x0000000741b9ecb8,0x0000000743080000)
 Metaspace       used 33309K, capacity 33698K, committed 33920K, reserved 1079296K
  class space    used 4329K, capacity 4440K, committed 4480K, reserved 1048576K

Card table byte_map: [0x000000011754f000,0x0000000117950000] byte_map_base: 0x0000000113b4f000

Marking Bits: (ParMarkBitMap*) 0x0000000107ae3ea0
 Begin Bits: [0x0000000118007000, 0x000000011a007000)
 End Bits:   [0x000000011a007000, 0x000000011c007000)

Polling page: 0x00000001069d2000

CodeCache: size=245760Kb used=8805Kb max_used=8815Kb free=236954Kb
 bounds [0x000000010818f000, 0x0000000108a3f000, 0x000000011718f000]
 total_blobs=3467 nmethods=2989 adapters=391
 compilation: enabled

Compilation events (10 events):
Event: 1114.742 Thread 0x00007ff499035000 3518       3       java.util.concurrent.CountDownLatch$Sync::tryReleaseShared (37 bytes)
Event: 1114.743 Thread 0x00007ff499035000 nmethod 3518 0x0000000108a349d0 code [0x0000000108a34b60, 0x0000000108a34f90]
Event: 1124.743 Thread 0x00007ff49a035000 3519  s    4       java.util.Vector::addElement (38 bytes)
Event: 1124.743 Thread 0x00007ff499035000 3520       3       org.bson.BsonDocument::entrySet (10 bytes)
Event: 1124.743 Thread 0x00007ff499035000 nmethod 3520 0x0000000108a35090 code [0x0000000108a35200, 0x0000000108a35428]
Event: 1124.747 Thread 0x00007ff49a035000 nmethod 3519 0x0000000108a38490 code [0x0000000108a38600, 0x0000000108a389e8]
Event: 1164.747 Thread 0x00007ff499035000 3521       1       com.mongodb.connection.RequestMessage$EncodingMetadata::getNextMessage (5 bytes)
Event: 1164.747 Thread 0x00007ff499035000 nmethod 3521 0x0000000108a381d0 code [0x0000000108a38320, 0x0000000108a38430]
Event: 1174.748 Thread 0x00007ff499035000 3522       3       com.mongodb.diagnostics.logging.SLF4JLogger::isDebugEnabled (10 bytes)
Event: 1174.749 Thread 0x00007ff499035000 nmethod 3522 0x0000000108a37d90 code [0x0000000108a37f00, 0x0000000108a38128]

GC Heap History (10 events):
Event: 6.781 GC heap before
{Heap before GC invocations=8 (full 0):
 PSYoungGen      total 77312K, used 77281K [0x0000000795580000, 0x000000079f180000, 0x00000007c0000000)
  eden space 66560K, 100% used [0x0000000795580000,0x0000000799680000,0x0000000799680000)
  from space 10752K, 99% used [0x0000000799680000,0x000000079a0f8608,0x000000079a100000)
  to   space 13312K, 0% used [0x000000079e480000,0x000000079e480000,0x000000079f180000)
 ParOldGen       total 87552K, used 26678K [0x0000000740000000, 0x0000000745580000, 0x0000000795580000)
  object space 87552K, 30% used [0x0000000740000000,0x0000000741a0d910,0x0000000745580000)
 Metaspace       used 19563K, capacity 19752K, committed 19968K, reserved 1067008K
  class space    used 2458K, capacity 2531K, committed 2560K, reserved 1048576K
Event: 6.793 GC heap after
Heap after GC invocations=8 (full 0):
 PSYoungGen      total 146432K, used 10921K [0x0000000795580000, 0x000000079f180000, 0x00000007c0000000)
  eden space 133120K, 0% used [0x0000000795580000,0x0000000795580000,0x000000079d780000)
  from space 13312K, 82% used [0x000000079e480000,0x000000079ef2a688,0x000000079f180000)
  to   space 13312K, 0% used [0x000000079d780000,0x000000079d780000,0x000000079e480000)
 ParOldGen       total 87552K, used 27374K [0x0000000740000000, 0x0000000745580000, 0x0000000795580000)
  object space 87552K, 31% used [0x0000000740000000,0x0000000741abb910,0x0000000745580000)
 Metaspace       used 19563K, capacity 19752K, committed 19968K, reserved 1067008K
  class space    used 2458K, capacity 2531K, committed 2560K, reserved 1048576K
}
Event: 8.388 GC heap before
{Heap before GC invocations=9 (full 0):
 PSYoungGen      total 146432K, used 144041K [0x0000000795580000, 0x000000079f180000, 0x00000007c0000000)
  eden space 133120K, 100% used [0x0000000795580000,0x000000079d780000,0x000000079d780000)
  from space 13312K, 82% used [0x000000079e480000,0x000000079ef2a688,0x000000079f180000)
  to   space 13312K, 0% used [0x000000079d780000,0x000000079d780000,0x000000079e480000)
 ParOldGen       total 87552K, used 27374K [0x0000000740000000, 0x0000000745580000, 0x0000000795580000)
  object space 87552K, 31% used [0x0000000740000000,0x0000000741abb910,0x0000000745580000)
 Metaspace       used 20716K, capacity 20942K, committed 21248K, reserved 1067008K
  class space    used 2614K, capacity 2692K, committed 2816K, reserved 1048576K
Event: 8.427 GC heap after
Heap after GC invocations=9 (full 0):
 PSYoungGen      total 146432K, used 13284K [0x0000000795580000, 0x00000007a4680000, 0x00000007c0000000)
  eden space 133120K, 0% used [0x0000000795580000,0x0000000795580000,0x000000079d780000)
  from space 13312K, 99% used [0x000000079d780000,0x000000079e479290,0x000000079e480000)
  to   space 16896K, 0% used [0x00000007a3600000,0x00000007a3600000,0x00000007a4680000)
 ParOldGen       total 87552K, used 34570K [0x0000000740000000, 0x0000000745580000, 0x0000000795580000)
  object space 87552K, 39% used [0x0000000740000000,0x00000007421c28f0,0x0000000745580000)
 Metaspace       used 20716K, capacity 20942K, committed 21248K, reserved 1067008K
  class space    used 2614K, capacity 2692K, committed 2816K, reserved 1048576K
}
Event: 8.492 GC heap before
{Heap before GC invocations=10 (full 0):
 PSYoungGen      total 146432K, used 17271K [0x0000000795580000, 0x00000007a4680000, 0x00000007c0000000)
  eden space 133120K, 2% used [0x0000000795580000,0x0000000795964ae0,0x000000079d780000)
  from space 13312K, 99% used [0x000000079d780000,0x000000079e479290,0x000000079e480000)
  to   space 16896K, 0% used [0x00000007a3600000,0x00000007a3600000,0x00000007a4680000)
 ParOldGen       total 87552K, used 34570K [0x0000000740000000, 0x0000000745580000, 0x0000000795580000)
  object space 87552K, 39% used [0x0000000740000000,0x00000007421c28f0,0x0000000745580000)
 Metaspace       used 20918K, capacity 21070K, committed 21248K, reserved 1067008K
  class space    used 2644K, capacity 2692K, committed 2816K, reserved 1048576K
Event: 8.507 GC heap after
Heap after GC invocations=10 (full 0):
 PSYoungGen      total 228352K, used 1616K [0x0000000795580000, 0x00000007a4980000, 0x00000007c0000000)
  eden space 211456K, 0% used [0x0000000795580000,0x0000000795580000,0x00000007a2400000)
  from space 16896K, 9% used [0x00000007a3600000,0x00000007a3794020,0x00000007a4680000)
  to   space 18432K, 0% used [0x00000007a2400000,0x00000007a2400000,0x00000007a3600000)
 ParOldGen       total 87552K, used 35738K [0x0000000740000000, 0x0000000745580000, 0x0000000795580000)
  object space 87552K, 40% used [0x0000000740000000,0x00000007422e6900,0x0000000745580000)
 Metaspace       used 20918K, capacity 21070K, committed 21248K, reserved 1067008K
  class space    used 2644K, capacity 2692K, committed 2816K, reserved 1048576K
}
Event: 8.507 GC heap before
{Heap before GC invocations=11 (full 1):
 PSYoungGen      total 228352K, used 1616K [0x0000000795580000, 0x00000007a4980000, 0x00000007c0000000)
  eden space 211456K, 0% used [0x0000000795580000,0x0000000795580000,0x00000007a2400000)
  from space 16896K, 9% used [0x00000007a3600000,0x00000007a3794020,0x00000007a4680000)
  to   space 18432K, 0% used [0x00000007a2400000,0x00000007a2400000,0x00000007a3600000)
 ParOldGen       total 87552K, used 35738K [0x0000000740000000, 0x0000000745580000, 0x0000000795580000)
  object space 87552K, 40% used [0x0000000740000000,0x00000007422e6900,0x0000000745580000)
 Metaspace       used 20918K, capacity 21070K, committed 21248K, reserved 1067008K
  class space    used 2644K, capacity 2692K, committed 2816K, reserved 1048576K
Event: 8.569 GC heap after
Heap after GC invocations=11 (full 1):
 PSYoungGen      total 228352K, used 0K [0x0000000795580000, 0x00000007a4980000, 0x00000007c0000000)
  eden space 211456K, 0% used [0x0000000795580000,0x0000000795580000,0x00000007a2400000)
  from space 16896K, 0% used [0x00000007a3600000,0x00000007a3600000,0x00000007a4680000)
  to   space 18432K, 0% used [0x00000007a2400000,0x00000007a2400000,0x00000007a3600000)
 ParOldGen       total 49664K, used 5583K [0x0000000740000000, 0x0000000743080000, 0x0000000795580000)
  object space 49664K, 11% used [0x0000000740000000,0x0000000740573da8,0x0000000743080000)
 Metaspace       used 20918K, capacity 21070K, committed 21248K, reserved 1067008K
  class space    used 2644K, capacity 2692K, committed 2816K, reserved 1048576K
}
Event: 36.408 GC heap before
{Heap before GC invocations=12 (full 1):
 PSYoungGen      total 228352K, used 211456K [0x0000000795580000, 0x00000007a4980000, 0x00000007c0000000)
  eden space 211456K, 100% used [0x0000000795580000,0x00000007a2400000,0x00000007a2400000)
  from space 16896K, 0% used [0x00000007a3600000,0x00000007a3600000,0x00000007a4680000)
  to   space 18432K, 0% used [0x00000007a2400000,0x00000007a2400000,0x00000007a3600000)
 ParOldGen       total 49664K, used 5583K [0x0000000740000000, 0x0000000743080000, 0x0000000795580000)
  object space 49664K, 11% used [0x0000000740000000,0x0000000740573da8,0x0000000743080000)
 Metaspace       used 32058K, capacity 32468K, committed 32768K, reserved 1077248K
  class space    used 4197K, capacity 4299K, committed 4352K, reserved 1048576K
Event: 36.474 GC heap after
Heap after GC invocations=12 (full 1):
 PSYoungGen      total 229888K, used 18415K [0x0000000795580000, 0x00000007ac900000, 0x00000007c0000000)
  eden space 211456K, 0% used [0x0000000795580000,0x0000000795580000,0x00000007a2400000)
  from space 18432K, 99% used [0x00000007a2400000,0x00000007a35fbe80,0x00000007a3600000)
  to   space 28672K, 0% used [0x00000007aad00000,0x00000007aad00000,0x00000007ac900000)
 ParOldGen       total 49664K, used 28283K [0x0000000740000000, 0x0000000743080000, 0x0000000795580000)
  object space 49664K, 56% used [0x0000000740000000,0x0000000741b9ecb8,0x0000000743080000)
 Metaspace       used 32058K, capacity 32468K, committed 32768K, reserved 1077248K
  class space    used 4197K, capacity 4299K, committed 4352K, reserved 1048576K
}

Deoptimization events (10 events):
Event: 37.060 Thread 0x00007ff499e0d000 Uncommon trap: reason=class_check action=maybe_recompile pc=0x00000001088fb584 method=java.security.MessageDigest$Delegate.engineDigest([BII)I @ 7
Event: 37.060 Thread 0x00007ff499e0d000 Uncommon trap: reason=class_check action=maybe_recompile pc=0x00000001088fb584 method=java.security.MessageDigest$Delegate.engineDigest([BII)I @ 7
Event: 37.060 Thread 0x00007ff499e0d000 Uncommon trap: reason=class_check action=maybe_recompile pc=0x00000001088fb584 method=java.security.MessageDigest$Delegate.engineDigest([BII)I @ 7
Event: 37.060 Thread 0x00007ff499e0d000 Uncommon trap: reason=class_check action=maybe_recompile pc=0x00000001088ffc10 method=java.security.MessageDigest$Delegate.engineDigest([BII)I @ 7
Event: 37.060 Thread 0x00007ff499e0d000 Uncommon trap: reason=class_check action=maybe_recompile pc=0x00000001086f5f80 method=java.security.MessageDigest$Delegate.engineGetDigestLength()I @ 4
Event: 37.153 Thread 0x00007ff499e0d000 Uncommon trap: reason=class_check action=maybe_recompile pc=0x00000001086f5f80 method=java.security.MessageDigest$Delegate.engineGetDigestLength()I @ 4
Event: 37.356 Thread 0x00007ff499e0d000 Uncommon trap: reason=unstable_if action=reinterpret pc=0x0000000108907424 method=java.lang.Integer.numberOfLeadingZeros(I)I @ 1
Event: 37.357 Thread 0x00007ff499239000 Uncommon trap: reason=unstable_if action=reinterpret pc=0x00000001085cf438 method=java.util.HashMap$HashIterator.<init>(Ljava/util/HashMap;)V @ 45
Event: 274.364 Thread 0x00007ff499c82800 Uncommon trap: reason=class_check action=maybe_recompile pc=0x00000001086f5f80 method=java.security.MessageDigest$Delegate.engineGetDigestLength()I @ 4
Event: 274.621 Thread 0x00007ff499d1e800 Uncommon trap: reason=unstable_if action=reinterpret pc=0x000000010856ffb8 method=java.util.HashMap$HashIterator.<init>(Ljava/util/HashMap;)V @ 45

Internal exceptions (10 events):
Event: 276.214 Thread 0x00007ff499e0d000 Exception <a 'java/net/ConnectException'> (0x000000079d29e758) thrown at [/Users/java_re/workspace/8-2-build-macosx-x86_64/jdk8u71/5731/hotspot/src/share/vm/prims/jni.cpp, line 709]
Event: 449.299 Thread 0x00007ff499c82800 Exception <a 'java/net/ConnectException'> (0x000000079d7ec408) thrown at [/Users/java_re/workspace/8-2-build-macosx-x86_64/jdk8u71/5731/hotspot/src/share/vm/prims/jni.cpp, line 709]
Event: 450.393 Thread 0x00007ff499e0d000 Exception <a 'java/net/ConnectException'> (0x000000079d3833d8) thrown at [/Users/java_re/workspace/8-2-build-macosx-x86_64/jdk8u71/5731/hotspot/src/share/vm/prims/jni.cpp, line 709]
Event: 451.107 Thread 0x00007ff499c82800 Exception <a 'java/net/ConnectException'> (0x000000079d8d0de0) thrown at [/Users/java_re/workspace/8-2-build-macosx-x86_64/jdk8u71/5731/hotspot/src/share/vm/prims/jni.cpp, line 709]
Event: 451.668 Thread 0x00007ff499e0d000 Exception <a 'java/net/ConnectException'> (0x000000079d46ddf8) thrown at [/Users/java_re/workspace/8-2-build-macosx-x86_64/jdk8u71/5731/hotspot/src/share/vm/prims/jni.cpp, line 709]
Event: 451.834 Thread 0x00007ff499c82800 Exception <a 'java/net/ConnectException'> (0x000000079d9c5cb8) thrown at [/Users/java_re/workspace/8-2-build-macosx-x86_64/jdk8u71/5731/hotspot/src/share/vm/prims/jni.cpp, line 709]
Event: 452.219 Thread 0x00007ff499e0d000 Exception <a 'java/net/ConnectException'> (0x000000079db670f0) thrown at [/Users/java_re/workspace/8-2-build-macosx-x86_64/jdk8u71/5731/hotspot/src/share/vm/prims/jni.cpp, line 709]
Event: 452.412 Thread 0x00007ff499c82800 Exception <a 'java/net/ConnectException'> (0x000000079daaa7f0) thrown at [/Users/java_re/workspace/8-2-build-macosx-x86_64/jdk8u71/5731/hotspot/src/share/vm/prims/jni.cpp, line 709]
Event: 459.578 Thread 0x00007ff499e0d000 Exception <a 'java/net/ConnectException'> (0x000000079dc4e1b0) thrown at [/Users/java_re/workspace/8-2-build-macosx-x86_64/jdk8u71/5731/hotspot/src/share/vm/prims/jni.cpp, line 709]
Event: 1194.970 Thread 0x00007ff499c81800 Exception <a 'java/io/IOException'> (0x000000079cf78308) thrown at [/Users/java_re/workspace/8-2-build-macosx-x86_64/jdk8u71/5731/hotspot/src/share/vm/prims/jni.cpp, line 709]

Events (10 events):
Event: 1150.764 Executing VM operation: RevokeBias done
Event: 1150.764 Thread 0x00007ff49c088800 Thread exited: 0x00007ff49c088800
Event: 1194.964 loading class sun/misc/Signal$1
Event: 1194.965 loading class sun/misc/Signal$1 done
Event: 1194.966 Thread 0x00007ff49bc37000 Thread added: 0x00007ff49bc37000
Event: 1194.967 Thread 0x00007ff49bca4000 Thread added: 0x00007ff49bca4000
Event: 1194.967 Thread 0x00007ff49bca4800 Thread added: 0x00007ff49bca4800
Event: 1194.969 Thread 0x00007ff49bca4800 Thread exited: 0x00007ff49bca4800
Event: 1194.971 loading class org/eclipse/jetty/util/FutureCallback
Event: 1194.971 loading class org/eclipse/jetty/util/FutureCallback done


Dynamic libraries:
0x0000000002a9a000 	/System/Library/Frameworks/Cocoa.framework/Versions/A/Cocoa
0x0000000002a9a000 	/System/Library/Frameworks/Security.framework/Versions/A/Security
0x0000000002a9a000 	/System/Library/Frameworks/ApplicationServices.framework/Versions/A/ApplicationServices
0x0000000002a9a000 	/usr/lib/libz.1.dylib
0x0000000002a9a000 	/usr/lib/libSystem.B.dylib
0x0000000002a9a000 	/usr/lib/libobjc.A.dylib
0x0000000002a9a000 	/System/Library/Frameworks/CoreFoundation.framework/Versions/A/CoreFoundation
0x0000000002a9a000 	/System/Library/Frameworks/Foundation.framework/Versions/C/Foundation
0x0000000002a9a000 	/System/Library/Frameworks/AppKit.framework/Versions/C/AppKit
0x0000000002a9a000 	/System/Library/Frameworks/CoreData.framework/Versions/A/CoreData
0x0000000002a9a000 	/System/Library/PrivateFrameworks/RemoteViewServices.framework/Versions/A/RemoteViewServices
0x0000000002a9a000 	/System/Library/PrivateFrameworks/UIFoundation.framework/Versions/A/UIFoundation
0x0000000002a9a000 	/System/Library/Frameworks/IOSurface.framework/Versions/A/IOSurface
0x0000000002a9a000 	/System/Library/Frameworks/AudioToolbox.framework/Versions/A/AudioToolbox
0x0000000002a9a000 	/System/Library/Frameworks/AudioUnit.framework/Versions/A/AudioUnit
0x0000000002a9a000 	/System/Library/PrivateFrameworks/DataDetectorsCore.framework/Versions/A/DataDetectorsCore
0x0000000002a9a000 	/System/Library/PrivateFrameworks/DesktopServicesPriv.framework/Versions/A/DesktopServicesPriv
0x0000000002a9a000 	/System/Library/Frameworks/Carbon.framework/Versions/A/Frameworks/HIToolbox.framework/Versions/A/HIToolbox
0x0000000002a9a000 	/System/Library/Frameworks/QuartzCore.framework/Versions/A/QuartzCore
0x0000000002a9a000 	/System/Library/Frameworks/Carbon.framework/Versions/A/Frameworks/SpeechRecognition.framework/Versions/A/SpeechRecognition
0x0000000002a9a000 	/usr/lib/libauto.dylib
0x0000000002a9a000 	/usr/lib/libicucore.A.dylib
0x0000000002a9a000 	/usr/lib/libxml2.2.dylib
0x0000000002a9a000 	/System/Library/PrivateFrameworks/CoreUI.framework/Versions/A/CoreUI
0x0000000002a9a000 	/System/Library/Frameworks/CoreAudio.framework/Versions/A/CoreAudio
0x0000000002a9a000 	/System/Library/Frameworks/DiskArbitration.framework/Versions/A/DiskArbitration
0x0000000002a9a000 	/usr/lib/liblangid.dylib
0x0000000002a9a000 	/System/Library/PrivateFrameworks/MultitouchSupport.framework/Versions/A/MultitouchSupport
0x0000000002a9a000 	/System/Library/Frameworks/IOKit.framework/Versions/A/IOKit
0x0000000002a9a000 	/usr/lib/libDiagnosticMessagesClient.dylib
0x0000000002a9a000 	/System/Library/Frameworks/CoreServices.framework/Versions/A/CoreServices
0x0000000002a9a000 	/System/Library/PrivateFrameworks/PerformanceAnalysis.framework/Versions/A/PerformanceAnalysis
0x0000000002a9a000 	/System/Library/PrivateFrameworks/GenerationalStorage.framework/Versions/A/GenerationalStorage
0x0000000002a9a000 	/System/Library/Frameworks/OpenGL.framework/Versions/A/OpenGL
0x0000000002a9a000 	/System/Library/PrivateFrameworks/Sharing.framework/Versions/A/Sharing
0x0000000002a9a000 	/System/Library/Frameworks/CoreGraphics.framework/Versions/A/CoreGraphics
0x0000000002a9a000 	/System/Library/Frameworks/CoreText.framework/Versions/A/CoreText
0x0000000002a9a000 	/System/Library/Frameworks/ImageIO.framework/Versions/A/ImageIO
0x0000000002a9a000 	/usr/lib/libextension.dylib
0x0000000002a9a000 	/System/Library/PrivateFrameworks/Backup.framework/Versions/A/Backup
0x0000000002a9a000 	/usr/lib/libarchive.2.dylib
0x0000000002a9a000 	/System/Library/Frameworks/CFNetwork.framework/Versions/A/CFNetwork
0x0000000002a9a000 	/System/Library/Frameworks/SystemConfiguration.framework/Versions/A/SystemConfiguration
0x0000000002a9a000 	/usr/lib/libCRFSuite.dylib
0x0000000002a9a000 	/usr/lib/libc++.1.dylib
0x0000000002a9a000 	/usr/lib/libc++abi.dylib
0x0000000002a9a000 	/usr/lib/system/libcache.dylib
0x0000000002a9a000 	/usr/lib/system/libcommonCrypto.dylib
0x0000000002a9a000 	/usr/lib/system/libcompiler_rt.dylib
0x0000000002a9a000 	/usr/lib/system/libcopyfile.dylib
0x0000000002a9a000 	/usr/lib/system/libcorecrypto.dylib
0x0000000002a9a000 	/usr/lib/system/libdispatch.dylib
0x0000000002a9a000 	/usr/lib/system/libdyld.dylib
0x0000000002a9a000 	/usr/lib/system/libkeymgr.dylib
0x0000000002a9a000 	/usr/lib/system/liblaunch.dylib
0x0000000002a9a000 	/usr/lib/system/libmacho.dylib
0x0000000002a9a000 	/usr/lib/system/libquarantine.dylib
0x0000000002a9a000 	/usr/lib/system/libremovefile.dylib
0x0000000002a9a000 	/usr/lib/system/libsystem_asl.dylib
0x0000000002a9a000 	/usr/lib/system/libsystem_blocks.dylib
0x0000000002a9a000 	/usr/lib/system/libsystem_c.dylib
0x0000000002a9a000 	/usr/lib/system/libsystem_configuration.dylib
0x0000000002a9a000 	/usr/lib/system/libsystem_coreservices.dylib
0x0000000002a9a000 	/usr/lib/system/libsystem_coretls.dylib
0x0000000002a9a000 	/usr/lib/system/libsystem_dnssd.dylib
0x0000000002a9a000 	/usr/lib/system/libsystem_info.dylib
0x0000000002a9a000 	/usr/lib/system/libsystem_kernel.dylib
0x0000000002a9a000 	/usr/lib/system/libsystem_m.dylib
0x0000000002a9a000 	/usr/lib/system/libsystem_malloc.dylib
0x0000000002a9a000 	/usr/lib/system/libsystem_network.dylib
0x0000000002a9a000 	/usr/lib/system/libsystem_networkextension.dylib
0x0000000002a9a000 	/usr/lib/system/libsystem_notify.dylib
0x0000000002a9a000 	/usr/lib/system/libsystem_platform.dylib
0x0000000002a9a000 	/usr/lib/system/libsystem_pthread.dylib
0x0000000002a9a000 	/usr/lib/system/libsystem_sandbox.dylib
0x0000000002a9a000 	/usr/lib/system/libsystem_secinit.dylib
0x0000000002a9a000 	/usr/lib/system/libsystem_stats.dylib
0x0000000002a9a000 	/usr/lib/system/libsystem_trace.dylib
0x0000000002a9a000 	/usr/lib/system/libunc.dylib
0x0000000002a9a000 	/usr/lib/system/libunwind.dylib
0x0000000002a9a000 	/usr/lib/system/libxpc.dylib
0x0000000002a9a000 	/usr/lib/libbz2.1.0.dylib
0x0000000002a9a000 	/usr/lib/liblzma.5.dylib
0x0000000002a9a000 	/usr/lib/libbsm.0.dylib
0x0000000002a9a000 	/usr/lib/libsqlite3.dylib
0x0000000002a9a000 	/usr/lib/system/libkxld.dylib
0x0000000002a9a000 	/usr/lib/libxar.1.dylib
0x0000000002a9a000 	/usr/lib/libpam.2.dylib
0x0000000002a9a000 	/usr/lib/libOpenScriptingUtil.dylib
0x0000000002a9a000 	/System/Library/Frameworks/CoreServices.framework/Versions/A/Frameworks/FSEvents.framework/Versions/A/FSEvents
0x0000000002a9a000 	/System/Library/Frameworks/CoreServices.framework/Versions/A/Frameworks/CarbonCore.framework/Versions/A/CarbonCore
0x0000000002a9a000 	/System/Library/Frameworks/CoreServices.framework/Versions/A/Frameworks/Metadata.framework/Versions/A/Metadata
0x0000000002a9a000 	/System/Library/Frameworks/CoreServices.framework/Versions/A/Frameworks/OSServices.framework/Versions/A/OSServices
0x0000000002a9a000 	/System/Library/Frameworks/CoreServices.framework/Versions/A/Frameworks/SearchKit.framework/Versions/A/SearchKit
0x0000000002a9a000 	/System/Library/Frameworks/CoreServices.framework/Versions/A/Frameworks/AE.framework/Versions/A/AE
0x0000000002a9a000 	/System/Library/Frameworks/CoreServices.framework/Versions/A/Frameworks/LaunchServices.framework/Versions/A/LaunchServices
0x0000000002a9a000 	/System/Library/Frameworks/CoreServices.framework/Versions/A/Frameworks/DictionaryServices.framework/Versions/A/DictionaryServices
0x0000000002a9a000 	/System/Library/Frameworks/NetFS.framework/Versions/A/NetFS
0x0000000002a9a000 	/System/Library/PrivateFrameworks/NetAuth.framework/Versions/A/NetAuth
0x0000000002a9a000 	/System/Library/PrivateFrameworks/login.framework/Versions/A/Frameworks/loginsupport.framework/Versions/A/loginsupport
0x0000000002a9a000 	/System/Library/PrivateFrameworks/TCC.framework/Versions/A/TCC
0x0000000002a9a000 	/usr/lib/libmecabra.dylib
0x0000000002a9a000 	/System/Library/Frameworks/ApplicationServices.framework/Versions/A/Frameworks/ATS.framework/Versions/A/ATS
0x0000000002a9a000 	/System/Library/Frameworks/ApplicationServices.framework/Versions/A/Frameworks/ColorSync.framework/Versions/A/ColorSync
0x0000000002a9a000 	/System/Library/Frameworks/ApplicationServices.framework/Versions/A/Frameworks/HIServices.framework/Versions/A/HIServices
0x0000000002a9a000 	/System/Library/Frameworks/ApplicationServices.framework/Versions/A/Frameworks/LangAnalysis.framework/Versions/A/LangAnalysis
0x0000000002a9a000 	/System/Library/Frameworks/ApplicationServices.framework/Versions/A/Frameworks/PrintCore.framework/Versions/A/PrintCore
0x0000000002a9a000 	/System/Library/Frameworks/ApplicationServices.framework/Versions/A/Frameworks/QD.framework/Versions/A/QD
0x0000000002a9a000 	/System/Library/Frameworks/ApplicationServices.framework/Versions/A/Frameworks/SpeechSynthesis.framework/Versions/A/SpeechSynthesis
0x0000000002a9a000 	/System/Library/Frameworks/Accelerate.framework/Versions/A/Accelerate
0x0000000002a9a000 	/System/Library/Frameworks/Accelerate.framework/Versions/A/Frameworks/vImage.framework/Versions/A/vImage
0x0000000002a9a000 	/System/Library/Frameworks/Accelerate.framework/Versions/A/Frameworks/vecLib.framework/Versions/A/vecLib
0x0000000002a9a000 	/System/Library/Frameworks/Accelerate.framework/Versions/A/Frameworks/vecLib.framework/Versions/A/libvDSP.dylib
0x0000000002a9a000 	/System/Library/Frameworks/Accelerate.framework/Versions/A/Frameworks/vecLib.framework/Versions/A/libvMisc.dylib
0x0000000002a9a000 	/System/Library/Frameworks/Accelerate.framework/Versions/A/Frameworks/vecLib.framework/Versions/A/libLAPACK.dylib
0x0000000002a9a000 	/System/Library/Frameworks/Accelerate.framework/Versions/A/Frameworks/vecLib.framework/Versions/A/libBLAS.dylib
0x0000000002a9a000 	/System/Library/Frameworks/Accelerate.framework/Versions/A/Frameworks/vecLib.framework/Versions/A/libLinearAlgebra.dylib
0x0000000002a9a000 	/System/Library/Frameworks/ApplicationServices.framework/Versions/A/Frameworks/ATS.framework/Versions/A/Resources/libFontParser.dylib
0x0000000002a9a000 	/System/Library/Frameworks/ApplicationServices.framework/Versions/A/Frameworks/ATS.framework/Versions/A/Resources/libFontRegistry.dylib
0x0000000002a9a000 	/System/Library/PrivateFrameworks/AppleVPA.framework/Versions/A/AppleVPA
0x0000000002a9a000 	/System/Library/PrivateFrameworks/AppleJPEG.framework/Versions/A/AppleJPEG
0x0000000002a9a000 	/System/Library/Frameworks/ImageIO.framework/Versions/A/Resources/libJPEG.dylib
0x0000000002a9a000 	/System/Library/Frameworks/ImageIO.framework/Versions/A/Resources/libTIFF.dylib
0x0000000002a9a000 	/System/Library/Frameworks/ImageIO.framework/Versions/A/Resources/libPng.dylib
0x0000000002a9a000 	/System/Library/Frameworks/ImageIO.framework/Versions/A/Resources/libGIF.dylib
0x0000000002a9a000 	/System/Library/Frameworks/ImageIO.framework/Versions/A/Resources/libJP2.dylib
0x0000000002a9a000 	/System/Library/Frameworks/ImageIO.framework/Versions/A/Resources/libRadiance.dylib
0x0000000002a9a000 	/System/Library/Frameworks/CoreVideo.framework/Versions/A/CoreVideo
0x0000000002a9a000 	/System/Library/Frameworks/OpenGL.framework/Versions/A/Libraries/libGLU.dylib
0x0000000002a9a000 	/System/Library/Frameworks/OpenGL.framework/Versions/A/Libraries/libGFXShared.dylib
0x0000000002a9a000 	/System/Library/Frameworks/OpenGL.framework/Versions/A/Libraries/libGL.dylib
0x0000000002a9a000 	/System/Library/Frameworks/OpenGL.framework/Versions/A/Libraries/libGLImage.dylib
0x0000000002a9a000 	/System/Library/Frameworks/OpenGL.framework/Versions/A/Libraries/libCVMSPluginSupport.dylib
0x0000000002a9a000 	/System/Library/Frameworks/OpenGL.framework/Versions/A/Libraries/libCoreVMClient.dylib
0x0000000002a9a000 	/usr/lib/libcups.2.dylib
0x0000000002a9a000 	/System/Library/Frameworks/Kerberos.framework/Versions/A/Kerberos
0x0000000002a9a000 	/System/Library/Frameworks/GSS.framework/Versions/A/GSS
0x0000000002a9a000 	/usr/lib/libresolv.9.dylib
0x0000000002a9a000 	/usr/lib/libiconv.2.dylib
0x0000000002a9a000 	/System/Library/PrivateFrameworks/Heimdal.framework/Versions/A/Heimdal
0x0000000002a9a000 	/usr/lib/libheimdal-asn1.dylib
0x0000000002a9a000 	/System/Library/Frameworks/OpenDirectory.framework/Versions/A/OpenDirectory
0x0000000002a9a000 	/System/Library/PrivateFrameworks/CommonAuth.framework/Versions/A/CommonAuth
0x0000000002a9a000 	/System/Library/Frameworks/OpenDirectory.framework/Versions/A/Frameworks/CFOpenDirectory.framework/Versions/A/CFOpenDirectory
0x0000000002a9a000 	/System/Library/Frameworks/SecurityFoundation.framework/Versions/A/SecurityFoundation
0x0000000002a9a000 	/System/Library/PrivateFrameworks/LanguageModeling.framework/Versions/A/LanguageModeling
0x0000000002a9a000 	/usr/lib/libcmph.dylib
0x0000000002a9a000 	/System/Library/Frameworks/ServiceManagement.framework/Versions/A/ServiceManagement
0x0000000002a9a000 	/usr/lib/libxslt.1.dylib
0x0000000002a9a000 	/System/Library/Frameworks/Carbon.framework/Versions/A/Frameworks/Ink.framework/Versions/A/Ink
0x0000000002a9a000 	/System/Library/Frameworks/QuartzCore.framework/Versions/A/Frameworks/CoreImage.framework/Versions/A/CoreImage
0x0000000002a9a000 	/System/Library/PrivateFrameworks/CrashReporterSupport.framework/Versions/A/CrashReporterSupport
0x0000000002a9a000 	/System/Library/Frameworks/OpenCL.framework/Versions/A/OpenCL
0x0000000002a9a000 	/System/Library/PrivateFrameworks/FaceCore.framework/Versions/A/FaceCore
0x0000000002a9a000 	/System/Library/PrivateFrameworks/Ubiquity.framework/Versions/A/Ubiquity
0x0000000002a9a000 	/System/Library/PrivateFrameworks/IconServices.framework/Versions/A/IconServices
0x0000000002a9a000 	/System/Library/PrivateFrameworks/ChunkingLibrary.framework/Versions/A/ChunkingLibrary
0x0000000002a9a000 	/System/Library/PrivateFrameworks/Apple80211.framework/Versions/A/Apple80211
0x0000000002a9a000 	/System/Library/Frameworks/CoreWLAN.framework/Versions/A/CoreWLAN
0x0000000002a9a000 	/System/Library/Frameworks/IOBluetooth.framework/Versions/A/IOBluetooth
0x0000000002a9a000 	/System/Library/PrivateFrameworks/CoreWiFi.framework/Versions/A/CoreWiFi
0x0000000002a9a000 	/System/Library/Frameworks/CoreBluetooth.framework/Versions/A/CoreBluetooth
0x0000000002a9a000 	/System/Library/PrivateFrameworks/DebugSymbols.framework/Versions/A/DebugSymbols
0x0000000002a9a000 	/System/Library/PrivateFrameworks/CoreSymbolication.framework/Versions/A/CoreSymbolication
0x0000000002a9a000 	/System/Library/PrivateFrameworks/Symbolication.framework/Versions/A/Symbolication
0x0000000002a9a000 	/System/Library/PrivateFrameworks/SpeechRecognitionCore.framework/Versions/A/SpeechRecognitionCore
0x0000000107200000 	/Library/Java/JavaVirtualMachines/jdk1.8.0_71.jdk/Contents/Home/jre/lib/server/libjvm.dylib
0x0000000002a9a000 	/usr/lib/libstdc++.6.dylib
0x000000010698f000 	/Library/Java/JavaVirtualMachines/jdk1.8.0_71.jdk/Contents/Home/jre/lib/libverify.dylib
0x000000010699d000 	/Library/Java/JavaVirtualMachines/jdk1.8.0_71.jdk/Contents/Home/jre/lib/libjava.dylib
0x00000001069dc000 	/Library/Java/JavaVirtualMachines/jdk1.8.0_71.jdk/Contents/Home/jre/lib/libzip.dylib
0x00000001069e5000 	/System/Library/Frameworks/JavaVM.framework/Frameworks/JavaRuntimeSupport.framework/JavaRuntimeSupport
0x000000011e1de000 	/System/Library/Frameworks/JavaVM.framework/Versions/A/Frameworks/JavaNativeFoundation.framework/Versions/A/JavaNativeFoundation
0x000000011e1f2000 	/System/Library/Frameworks/JavaVM.framework/Versions/A/JavaVM
0x0000000002a9a000 	/System/Library/Frameworks/Carbon.framework/Versions/A/Carbon
0x000000011e1fe000 	/System/Library/PrivateFrameworks/JavaLaunching.framework/Versions/A/JavaLaunching
0x0000000002a9a000 	/System/Library/Frameworks/Carbon.framework/Versions/A/Frameworks/CommonPanels.framework/Versions/A/CommonPanels
0x0000000002a9a000 	/System/Library/Frameworks/Carbon.framework/Versions/A/Frameworks/Help.framework/Versions/A/Help
0x0000000002a9a000 	/System/Library/Frameworks/Carbon.framework/Versions/A/Frameworks/ImageCapture.framework/Versions/A/ImageCapture
0x0000000002a9a000 	/System/Library/Frameworks/Carbon.framework/Versions/A/Frameworks/OpenScripting.framework/Versions/A/OpenScripting
0x0000000002a9a000 	/System/Library/Frameworks/Carbon.framework/Versions/A/Frameworks/Print.framework/Versions/A/Print
0x0000000002a9a000 	/System/Library/Frameworks/Carbon.framework/Versions/A/Frameworks/SecurityHI.framework/Versions/A/SecurityHI
0x0000000120636000 	/Library/Java/JavaVirtualMachines/jdk1.8.0_71.jdk/Contents/Home/jre/lib/libmanagement.dylib
0x0000000120844000 	/Library/Java/JavaVirtualMachines/jdk1.8.0_71.jdk/Contents/Home/jre/lib/libnet.dylib
0x00000001208a3000 	/Library/Java/JavaVirtualMachines/jdk1.8.0_71.jdk/Contents/Home/jre/lib/libnio.dylib
0x000000011e302000 	/Library/Java/JavaVirtualMachines/jdk1.8.0_71.jdk/Contents/Home/jre/lib/libsunec.dylib

VM Arguments:
java_command: AccountMgmtService-1.0-SNAPSHOT.jar server ../config.yml
java_class_path (initial): AccountMgmtService-1.0-SNAPSHOT.jar
Launcher Type: SUN_STANDARD

Environment Variables:
JAVA_HOME=/Library/Java/JavaVirtualMachines/jdk1.8.0_71.jdk/Contents/Home
PATH=/usr/local/bin:/usr/bin:/bin:/usr/sbin:/sbin:/Users/ramans/Downloads/apache-maven-3.3.9/bin:/Users/ramans/hadoop/bin:/Users/ramans/hadoop/sbin
SHELL=/bin/bash

Signal Handlers:
SIGSEGV: [libjvm.dylib+0x5a68c5], sa_mask[0]=11111111011111110111111111111111, sa_flags=SA_ONSTACK|SA_RESTART|SA_SIGINFO
SIGBUS: [libjvm.dylib+0x5a68c5], sa_mask[0]=11111111011111110111111111111111, sa_flags=SA_RESTART|SA_SIGINFO
SIGFPE: [libjvm.dylib+0x4805d4], sa_mask[0]=11111111011111110111111111111111, sa_flags=SA_RESTART|SA_SIGINFO
SIGPIPE: [libjvm.dylib+0x4805d4], sa_mask[0]=11111111011111110111111111111111, sa_flags=SA_RESTART|SA_SIGINFO
SIGXFSZ: [libjvm.dylib+0x4805d4], sa_mask[0]=11111111011111110111111111111111, sa_flags=SA_RESTART|SA_SIGINFO
SIGILL: [libjvm.dylib+0x4805d4], sa_mask[0]=11111111011111110111111111111111, sa_flags=SA_RESTART|SA_SIGINFO
SIGUSR1: SIG_DFL, sa_mask[0]=11011111011111100000000111000110, sa_flags=none
SIGUSR2: [libjvm.dylib+0x4800f2], sa_mask[0]=00000000000000000000000000000000, sa_flags=SA_RESTART|SA_SIGINFO
SIGHUP: [libjvm.dylib+0x47e6c9], sa_mask[0]=11111111011111110111111111111111, sa_flags=SA_RESTART|SA_SIGINFO
SIGINT: [libjvm.dylib+0x47e6c9], sa_mask[0]=11111111011111110111111111111111, sa_flags=SA_RESTART|SA_SIGINFO
SIGTERM: [libjvm.dylib+0x47e6c9], sa_mask[0]=11111111011111110111111111111111, sa_flags=SA_RESTART|SA_SIGINFO
SIGQUIT: [libjvm.dylib+0x47e6c9], sa_mask[0]=11111111011111110111111111111111, sa_flags=SA_RESTART|SA_SIGINFO


---------------  S Y S T E M  ---------------

OS:Bsduname:Darwin 14.5.0 Darwin Kernel Version 14.5.0: Wed Jul 29 02:26:53 PDT 2015; root:xnu-2782.40.9~1/RELEASE_X86_64 x86_64
rlimit: STACK 8192k, CORE 0k, NPROC 709, NOFILE 10240, AS infinity
load average:4.95 4.71 4.53

CPU:total 4 (2 cores per cpu, 2 threads per core) family 6 model 61 stepping 4, cmov, cx8, fxsr, mmx, sse, sse2, sse3, ssse3, sse4.1, sse4.2, popcnt, avx, avx2, aes, clmul, erms, 3dnowpref, lzcnt, ht, tsc, tscinvbit, bmi1, bmi2, adx

Memory: 4k page, physical 8388608k(38284k free)

/proc/meminfo:


vm_info: Java HotSpot(TM) 64-Bit Server VM (25.71-b15) for bsd-amd64 JRE (1.8.0_71-b15), built on Dec 22 2015 15:11:44 by "java_re" with gcc 4.2.1 (Based on Apple Inc. build 5658) (LLVM build 2336.11.00)

time: Sun Aug 20 20:13:30 2017
elapsed time: 1194 seconds (0d 0h 19m 54s)

