#
# A fatal error has been detected by the Java Runtime Environment:
#
#  SIGBUS (0xa) at pc=0x000000010e352eb9, pid=35991, tid=31499
#
# JRE version: Java(TM) SE Runtime Environment (8.0_71-b15) (build 1.8.0_71-b15)
# Java VM: Java HotSpot(TM) 64-Bit Server VM (25.71-b15 mixed mode bsd-amd64 compressed oops)
# Problematic frame:
# C  [libzip.dylib+0x2eb9]  newEntry+0x154
#
# Failed to write core dump. Core dumps have been disabled. To enable core dumping, try "ulimit -c unlimited" before starting Java again
#
# If you would like to submit a bug report, please visit:
#   http://bugreport.java.com/bugreport/crash.jsp
# The crash happened outside the Java Virtual Machine in native code.
# See problematic frame for where to report the bug.
#

---------------  T H R E A D  ---------------

Current thread (0x00007fa70e922800):  JavaThread "Thread-11" [_thread_in_native, id=31499, stack(0x000000012996a000,0x0000000129a6a000)]

siginfo: si_signo: 10 (SIGBUS), si_code: 2 (BUS_ADRERR), si_addr: 0x0000000127daeb30

Registers:
RAX=0x00007fa709f041c0, RBX=0x0000000127daeb24, RCX=0x0000000000000001, RDX=0x0000000000000b08
RSP=0x0000000129a67500, RBP=0x0000000129a67560, RSI=0x00007fa70c000000, RDI=0x000000010e1d9a00
R8 =0x0000000000000004, R9 =0x00000000fff80000, R10=0x000000010fde8798, R11=0xfffffff98fb03406
R12=0x0000000127ceb000, R13=0x0000000000015570, R14=0x000000009ac6435b, R15=0x00007fa70c23b920
RIP=0x000000010e352eb9, EFLAGS=0x0000000000010206, ERR=0x0000000000000004
  TRAPNO=0x000000000000000e

Top of Stack: (sp=0x0000000129a67500)
0x0000000129a67500:   0000000000000000 00000000292ed850
0x0000000129a67510:   0000000029110638 0000000000000000
0x0000000129a67520:   0000000129a67540 00007fa709f041c0
0x0000000129a67530:   00007fa70c0b62e0 00007fa709f041c0
0x0000000129a67540:   0000000127ceb000 0000000000015570
0x0000000129a67550:   000000009ac6435b 00007fa70c23b920
0x0000000129a67560:   0000000129a675c0 000000010e353554
0x0000000129a67570:   0000000129a6760a 0000000129a67609
0x0000000129a67580:   0000002a00000000 0000002b01922800
0x0000000129a67590:   0000000129a675de 0000000129a67a28
0x0000000129a675a0:   000000000000002b 0000000129a675de
0x0000000129a675b0:   00007fa709f041c0 00007fa70e9229f8
0x0000000129a675c0:   0000000129a67a10 000000010e35234f
0x0000000129a675d0:   0000000000000000 726f000000000001
0x0000000129a675e0:   7370696c63652f67 2f797474656a2f65
0x0000000129a675f0:   7475462f6c697475 626c6c6143657275
0x0000000129a67600:   73616c632e6b6361 0000000000000073
0x0000000129a67610:   0000000000000000 0000000000000000
0x0000000129a67620:   0000000000000000 0000000000000000
0x0000000129a67630:   0000000000000000 0000000000000000
0x0000000129a67640:   0000000000000000 0000000000000000
0x0000000129a67650:   0000000028ec65f8 0000000000000000
0x0000000129a67660:   0000000000000000 0000000000000000
0x0000000129a67670:   0000000000000000 0000000000000000
0x0000000129a67680:   0000000000000000 0000000000000000
0x0000000129a67690:   0000000000000000 0000000000000000
0x0000000129a676a0:   0000000129a67700 00007fff8bd91b9d
0x0000000129a676b0:   0000000000000000 0000000129a67898
0x0000000129a676c0:   0000000000000000 000000002b485628
0x0000000129a676d0:   0000000129a67878 00000000ffffffcd
0x0000000129a676e0:   0000000000000033 0000000129a67878
0x0000000129a676f0:   000000010f20ab9a 00000000ffffffcd 

Instructions: (pc=0x000000010e352eb9)
0x000000010e352e99:   49 8b 7f 38 e8 50 1b 00 00 4d 89 77 38 49 89 5f
0x000000010e352ea9:   40 4c 89 f0 48 85 c0 0f 84 11 05 00 00 48 89 c3
0x000000010e352eb9:   0f b6 43 0c 0f b6 4b 0d 48 c1 e1 08 48 01 c1 0f
0x000000010e352ec9:   b6 43 0e 0f b6 53 0f 48 c1 e2 08 48 01 c2 48 c1 

Register to memory mapping:

RAX=0x00007fa709f041c0 is an unknown value
RBX=0x0000000127daeb24 is an unknown value
RCX=0x0000000000000001 is an unknown value
RDX=0x0000000000000b08 is an unknown value
RSP=0x0000000129a67500 is pointing into the stack for thread: 0x00007fa70e922800
RBP=0x0000000129a67560 is pointing into the stack for thread: 0x00007fa70e922800
RSI=0x00007fa70c000000 is an unknown value
RDI=0x000000010e1d9a00 is an unknown value
R8 =0x0000000000000004 is an unknown value
R9 =0x00000000fff80000 is an unknown value
R10=0x000000010fde8798 is at entry_point+88 in (nmethod*)0x000000010fde85d0
R11=0xfffffff98fb03406 is an unknown value
R12=0x0000000127ceb000 is an unknown value
R13=0x0000000000015570 is an unknown value
R14=0x000000009ac6435b is an unknown value
R15=0x00007fa70c23b920 is an unknown value


Stack: [0x000000012996a000,0x0000000129a6a000],  sp=0x0000000129a67500,  free space=1013k
Native frames: (J=compiled Java code, j=interpreted, Vv=VM code, C=native code)
C  [libzip.dylib+0x2eb9]  newEntry+0x154
C  [libzip.dylib+0x3554]  ZIP_GetEntry2+0xd4
C  [libzip.dylib+0x234f]  Java_java_util_zip_ZipFile_getEntry+0xcf
J 157  java.util.zip.ZipFile.getEntry(J[BZ)J (0 bytes) @ 0x000000010fde880e [0x000000010fde8740+0xce]
J 1897 C2 sun.misc.URLClassPath$JarLoader.getResource(Ljava/lang/String;Z)Lsun/misc/Resource; (85 bytes) @ 0x00000001102b55b8 [0x00000001102b5080+0x538]
J 910 C2 sun.misc.URLClassPath.getResource(Ljava/lang/String;Z)Lsun/misc/Resource; (83 bytes) @ 0x000000010ffb592c [0x000000010ffb57e0+0x14c]
J 2597 C2 java.net.URLClassLoader$1.run()Ljava/lang/Object; (5 bytes) @ 0x000000011043fe4c [0x000000011043f980+0x4cc]
v  ~StubRoutines::call_stub
V  [libjvm.dylib+0x2ea59a]
V  [libjvm.dylib+0x34aac4]
J 209  java.security.AccessController.doPrivileged(Ljava/security/PrivilegedExceptionAction;Ljava/security/AccessControlContext;)Ljava/lang/Object; (0 bytes) @ 0x000000010fe0f455 [0x000000010fe0f380+0xd5]
J 1908 C2 java.net.URLClassLoader.findClass(Ljava/lang/String;)Ljava/lang/Class; (47 bytes) @ 0x00000001102bbebc [0x00000001102bbe20+0x9c]
J 2962 C2 java.lang.ClassLoader.loadClass(Ljava/lang/String;)Ljava/lang/Class; (7 bytes) @ 0x000000011040e080 [0x000000011040d440+0xc40]
v  ~StubRoutines::call_stub
V  [libjvm.dylib+0x2ea59a]
V  [libjvm.dylib+0x2ead28]
V  [libjvm.dylib+0x2eae80]
V  [libjvm.dylib+0x5331e0]
V  [libjvm.dylib+0x532979]
V  [libjvm.dylib+0x5333fc]
V  [libjvm.dylib+0x533a79]
V  [libjvm.dylib+0x1e0b6a]
V  [libjvm.dylib+0x1f0e2e]
V  [libjvm.dylib+0x2e5f77]
j  org.eclipse.jetty.server.AbstractConnector.shutdown()Ljava/util/concurrent/Future;+0
j  org.eclipse.jetty.server.AbstractNetworkConnector.shutdown()Ljava/util/concurrent/Future;+5
j  org.eclipse.jetty.server.ServerConnector.shutdown()Ljava/util/concurrent/Future;+1
j  org.eclipse.jetty.server.Server.doStop()V+60
j  org.eclipse.jetty.util.component.AbstractLifeCycle.stop()V+30
j  org.eclipse.jetty.util.thread.ShutdownThread.run()V+41
v  ~StubRoutines::call_stub
V  [libjvm.dylib+0x2ea59a]
V  [libjvm.dylib+0x2ead28]
V  [libjvm.dylib+0x2eaed4]
V  [libjvm.dylib+0x345451]
V  [libjvm.dylib+0x560e73]
V  [libjvm.dylib+0x56256e]
V  [libjvm.dylib+0x482fc2]
C  [libsystem_pthread.dylib+0x405a]  _pthread_body+0x83
C  [libsystem_pthread.dylib+0x3fd7]  _pthread_body+0x0
C  [libsystem_pthread.dylib+0x13ed]  thread_start+0xd
C  0x0000000000000000

Java frames: (J=compiled Java code, j=interpreted, Vv=VM code)
J 157  java.util.zip.ZipFile.getEntry(J[BZ)J (0 bytes) @ 0x000000010fde8798 [0x000000010fde8740+0x58]
J 1897 C2 sun.misc.URLClassPath$JarLoader.getResource(Ljava/lang/String;Z)Lsun/misc/Resource; (85 bytes) @ 0x00000001102b55b8 [0x00000001102b5080+0x538]
J 910 C2 sun.misc.URLClassPath.getResource(Ljava/lang/String;Z)Lsun/misc/Resource; (83 bytes) @ 0x000000010ffb592c [0x000000010ffb57e0+0x14c]
J 2597 C2 java.net.URLClassLoader$1.run()Ljava/lang/Object; (5 bytes) @ 0x000000011043fe4c [0x000000011043f980+0x4cc]
v  ~StubRoutines::call_stub
J 209  java.security.AccessController.doPrivileged(Ljava/security/PrivilegedExceptionAction;Ljava/security/AccessControlContext;)Ljava/lang/Object; (0 bytes) @ 0x000000010fe0f3e3 [0x000000010fe0f380+0x63]
J 1908 C2 java.net.URLClassLoader.findClass(Ljava/lang/String;)Ljava/lang/Class; (47 bytes) @ 0x00000001102bbebc [0x00000001102bbe20+0x9c]
J 2962 C2 java.lang.ClassLoader.loadClass(Ljava/lang/String;)Ljava/lang/Class; (7 bytes) @ 0x000000011040e080 [0x000000011040d440+0xc40]
v  ~StubRoutines::call_stub
j  org.eclipse.jetty.server.AbstractConnector.shutdown()Ljava/util/concurrent/Future;+0
j  org.eclipse.jetty.server.AbstractNetworkConnector.shutdown()Ljava/util/concurrent/Future;+5
j  org.eclipse.jetty.server.ServerConnector.shutdown()Ljava/util/concurrent/Future;+1
j  org.eclipse.jetty.server.Server.doStop()V+60
j  org.eclipse.jetty.util.component.AbstractLifeCycle.stop()V+30
j  org.eclipse.jetty.util.thread.ShutdownThread.run()V+41
v  ~StubRoutines::call_stub

---------------  P R O C E S S  ---------------

Java Threads: ( => current thread )
=>0x00007fa70e922800 JavaThread "Thread-11" [_thread_in_native, id=31499, stack(0x000000012996a000,0x0000000129a6a000)]
  0x00007fa70d826000 JavaThread "SIGINT handler" daemon [_thread_blocked, id=22111, stack(0x00000001295a3000,0x00000001296a3000)]
  0x00007fa70e162000 JavaThread "dw-admin-90" [_thread_blocked, id=28515, stack(0x0000000128a58000,0x0000000128b58000)]
  0x00007fa70e92a000 JavaThread "dw-37" [_thread_blocked, id=30471, stack(0x000000012ab1a000,0x000000012ac1a000)]
  0x00007fa70e929800 JavaThread "pool-1-thread-1" daemon [_thread_blocked, id=29955, stack(0x000000012aa17000,0x000000012ab17000)]
  0x00007fa70e17c800 JavaThread "cluster-ClusterId{value='5999a02ae158bd8c97d1ea71', description='null'}-localhost:27017" daemon [_thread_blocked, id=29703, stack(0x000000012a914000,0x000000012aa14000)]
  0x00007fa70e028000 JavaThread "Scheduler-1561722966" [_thread_blocked, id=27139, stack(0x0000000128b73000,0x0000000128c73000)]
  0x00007fa70bfcf800 JavaThread "DestroyJavaVM" [_thread_blocked, id=4867, stack(0x000000010fb90000,0x000000010fc90000)]
  0x00007fa70b75f800 JavaThread "dw-admin-29-acceptor-1@3ab5aaf0-admin@74997ca6{HTTP/1.1}{0.0.0.0:9096}" [_thread_blocked, id=26115, stack(0x000000012be72000,0x000000012bf72000)]
  0x00007fa70bff6800 JavaThread "dw-admin-28-acceptor-0@1cebcf80-admin@74997ca6{HTTP/1.1}{0.0.0.0:9096}" [_thread_in_native, id=25095, stack(0x000000012ba3a000,0x000000012bb3a000)]
  0x00007fa70d05c800 JavaThread "dw-admin-27-selector-ServerConnectorManager@15c487af/3" [_thread_in_native, id=25603, stack(0x000000012bd6f000,0x000000012be6f000)]
  0x00007fa70bfd9800 JavaThread "dw-admin-25-selector-ServerConnectorManager@15c487af/2" [_thread_in_native, id=24579, stack(0x000000012b937000,0x000000012ba37000)]
  0x00007fa70a627800 JavaThread "dw-admin-24-selector-ServerConnectorManager@15c487af/1" [_thread_in_native, id=24067, stack(0x000000012b834000,0x000000012b934000)]
  0x00007fa70ba8f000 JavaThread "org.eclipse.jetty.server.session.HashSessionManager@6eb6750fTimer" daemon [_thread_blocked, id=23555, stack(0x0000000125c84000,0x0000000125d84000)]
  0x00007fa70a46a000 JavaThread "dw-admin-22-selector-ServerConnectorManager@15c487af/0" [_thread_in_native, id=23047, stack(0x000000012832a000,0x000000012842a000)]
  0x00007fa70b620800 JavaThread "dw-19" [_thread_blocked, id=22531, stack(0x000000012a611000,0x000000012a711000)]
  0x00007fa70b3a0800 JavaThread "dw-17" [_thread_blocked, id=21507, stack(0x000000012a40b000,0x000000012a50b000)]
  0x00007fa70bb7e000 JavaThread "dw-16" [_thread_blocked, id=20995, stack(0x000000012a308000,0x000000012a408000)]
  0x00007fa70b3a0000 JavaThread "dw-15-selector-ServerConnectorManager@33e569a4/3" [_thread_in_native, id=20483, stack(0x000000012a205000,0x000000012a305000)]
  0x00007fa70b39f000 JavaThread "dw-14-selector-ServerConnectorManager@33e569a4/2" [_thread_in_native, id=19971, stack(0x000000012a102000,0x000000012a202000)]
  0x00007fa70ad7a000 JavaThread "dw-13-selector-ServerConnectorManager@33e569a4/1" [_thread_in_native, id=14087, stack(0x0000000129fff000,0x000000012a0ff000)]
  0x00007fa70b675800 JavaThread "dw-12-selector-ServerConnectorManager@33e569a4/0" [_thread_in_native, id=12299, stack(0x0000000129efc000,0x0000000129ffc000)]
  0x00007fa70a0f3000 JavaThread "AsyncAppender-Worker-async-console-appender" daemon [_thread_blocked, id=12039, stack(0x0000000129df9000,0x0000000129ef9000)]
  0x00007fa70acbe800 JavaThread "AsyncAppender-Worker-async-console-appender" daemon [_thread_blocked, id=19203, stack(0x00000001294a0000,0x00000001295a0000)]
  0x00007fa70a042000 JavaThread "Service Thread" daemon [_thread_blocked, id=18179, stack(0x0000000127964000,0x0000000127a64000)]
  0x00007fa70a041800 JavaThread "C1 CompilerThread2" daemon [_thread_blocked, id=17667, stack(0x0000000127861000,0x0000000127961000)]
  0x00007fa70b829000 JavaThread "C2 CompilerThread1" daemon [_thread_blocked, id=17155, stack(0x000000012775e000,0x000000012785e000)]
  0x00007fa70a841800 JavaThread "C2 CompilerThread0" daemon [_thread_blocked, id=16643, stack(0x000000012765b000,0x000000012775b000)]
  0x00007fa70a81b800 JavaThread "Signal Dispatcher" daemon [_thread_blocked, id=13579, stack(0x0000000127558000,0x0000000127658000)]
  0x00007fa70b80a800 JavaThread "Finalizer" daemon [_thread_blocked, id=11523, stack(0x0000000125b3c000,0x0000000125c3c000)]
  0x00007fa70a83d000 JavaThread "Reference Handler" daemon [_thread_blocked, id=11011, stack(0x0000000125a39000,0x0000000125b39000)]

Other Threads:
  0x00007fa70a02f000 VMThread [stack: 0x0000000125936000,0x0000000125a36000] [id=10499]
  0x00007fa70b005800 WatcherThread [stack: 0x0000000127a67000,0x0000000127b67000] [id=18691]

VM state:not at safepoint (normal execution)

VM Mutex/Monitor currently owned by a thread: None

Heap:
 PSYoungGen      total 346112K, used 119113K [0x0000000795580000, 0x00000007b7a00000, 0x00000007c0000000)
  eden space 306176K, 25% used [0x0000000795580000,0x000000079a2d48e8,0x00000007a8080000)
  from space 39936K, 99% used [0x00000007a8080000,0x00000007aa77dd60,0x00000007aa780000)
  to   space 48128K, 0% used [0x00000007b4b00000,0x00000007b4b00000,0x00000007b7a00000)
 ParOldGen       total 112640K, used 54455K [0x0000000740000000, 0x0000000746e00000, 0x0000000795580000)
  object space 112640K, 48% used [0x0000000740000000,0x000000074352de68,0x0000000746e00000)
 Metaspace       used 35036K, capacity 35388K, committed 35712K, reserved 1081344K
  class space    used 4521K, capacity 4615K, committed 4736K, reserved 1048576K

Card table byte_map: [0x000000011f052000,0x000000011f453000] byte_map_base: 0x000000011b652000

Marking Bits: (ParMarkBitMap*) 0x000000010f4e3ea0
 Begin Bits: [0x000000011fb0a000, 0x0000000121b0a000)
 End Bits:   [0x0000000121b0a000, 0x0000000123b0a000)

Polling page: 0x000000010e346000

CodeCache: size=245760Kb used=8927Kb max_used=8939Kb free=236832Kb
 bounds [0x000000010fc92000, 0x0000000110562000, 0x000000011ec92000]
 total_blobs=3570 nmethods=3087 adapters=396
 compilation: enabled

Compilation events (10 events):
Event: 2583.460 Thread 0x00007fa70a041800 3677       3       com.mongodb.connection.DefaultServerMonitor::exceptionHasChanged (76 bytes)
Event: 2583.461 Thread 0x00007fa70a041800 nmethod 3677 0x0000000110555b50 code [0x0000000110555d40, 0x0000000110556678]
Event: 2913.532 Thread 0x00007fa70a841800 3678       4       java.util.HashSet::size (8 bytes)
Event: 2913.534 Thread 0x00007fa70a841800 nmethod 3678 0x000000010fe34050 code [0x000000010fe341a0, 0x000000010fe34218]
Event: 2978.624 Thread 0x00007fa70a041800 3679       3       java.lang.Thread::setContextClassLoader (27 bytes)
Event: 2978.625 Thread 0x00007fa70a041800 nmethod 3679 0x0000000110558ad0 code [0x0000000110558c80, 0x0000000110559218]
Event: 3008.625 Thread 0x00007fa70a041800 3680       3       java.util.concurrent.ThreadPoolExecutor::isRunning (10 bytes)
Event: 3008.625 Thread 0x00007fa70a041800 nmethod 3680 0x000000010ff1f210 code [0x000000010ff1f380, 0x000000010ff1f510]
Event: 3043.562 Thread 0x00007fa70b829000 3681       4       java.util.concurrent.ConcurrentHashMap$Traverser::advance (188 bytes)
Event: 3043.567 Thread 0x00007fa70b829000 nmethod 3681 0x0000000110557110 code [0x0000000110557260, 0x0000000110557458]

GC Heap History (10 events):
Event: 8.267 GC heap before
{Heap before GC invocations=11 (full 1):
 PSYoungGen      total 229376K, used 1536K [0x0000000795580000, 0x00000007a4980000, 0x00000007c0000000)
  eden space 211968K, 0% used [0x0000000795580000,0x0000000795580000,0x00000007a2480000)
  from space 17408K, 8% used [0x00000007a3680000,0x00000007a3800010,0x00000007a4780000)
  to   space 18432K, 0% used [0x00000007a2480000,0x00000007a2480000,0x00000007a3680000)
 ParOldGen       total 87552K, used 35716K [0x0000000740000000, 0x0000000745580000, 0x0000000795580000)
  object space 87552K, 40% used [0x0000000740000000,0x00000007422e1188,0x0000000745580000)
 Metaspace       used 20906K, capacity 21070K, committed 21248K, reserved 1067008K
  class space    used 2644K, capacity 2692K, committed 2816K, reserved 1048576K
Event: 8.351 GC heap after
Heap after GC invocations=11 (full 1):
 PSYoungGen      total 229376K, used 0K [0x0000000795580000, 0x00000007a4980000, 0x00000007c0000000)
  eden space 211968K, 0% used [0x0000000795580000,0x0000000795580000,0x00000007a2480000)
  from space 17408K, 0% used [0x00000007a3680000,0x00000007a3680000,0x00000007a4780000)
  to   space 18432K, 0% used [0x00000007a2480000,0x00000007a2480000,0x00000007a3680000)
 ParOldGen       total 52224K, used 5550K [0x0000000740000000, 0x0000000743300000, 0x0000000795580000)
  object space 52224K, 10% used [0x0000000740000000,0x000000074056bbb8,0x0000000743300000)
 Metaspace       used 20906K, capacity 21070K, committed 21248K, reserved 1067008K
  class space    used 2644K, capacity 2692K, committed 2816K, reserved 1048576K
}
Event: 25.872 GC heap before
{Heap before GC invocations=12 (full 1):
 PSYoungGen      total 229376K, used 211968K [0x0000000795580000, 0x00000007a4980000, 0x00000007c0000000)
  eden space 211968K, 100% used [0x0000000795580000,0x00000007a2480000,0x00000007a2480000)
  from space 17408K, 0% used [0x00000007a3680000,0x00000007a3680000,0x00000007a4780000)
  to   space 18432K, 0% used [0x00000007a2480000,0x00000007a2480000,0x00000007a3680000)
 ParOldGen       total 52224K, used 5550K [0x0000000740000000, 0x0000000743300000, 0x0000000795580000)
  object space 52224K, 10% used [0x0000000740000000,0x000000074056bbb8,0x0000000743300000)
 Metaspace       used 31541K, capacity 31920K, committed 32256K, reserved 1077248K
  class space    used 4124K, capacity 4229K, committed 4352K, reserved 1048576K
Event: 25.954 GC heap after
Heap after GC invocations=12 (full 1):
 PSYoungGen      total 230400K, used 18422K [0x0000000795580000, 0x00000007ac480000, 0x00000007c0000000)
  eden space 211968K, 0% used [0x0000000795580000,0x0000000795580000,0x00000007a2480000)
  from space 18432K, 99% used [0x00000007a2480000,0x00000007a367db80,0x00000007a3680000)
  to   space 29696K, 0% used [0x00000007aa780000,0x00000007aa780000,0x00000007ac480000)
 ParOldGen       total 52224K, used 29857K [0x0000000740000000, 0x0000000743300000, 0x0000000795580000)
  object space 52224K, 57% used [0x0000000740000000,0x0000000741d28438,0x0000000743300000)
 Metaspace       used 31541K, capacity 31920K, committed 32256K, reserved 1077248K
  class space    used 4124K, capacity 4229K, committed 4352K, reserved 1048576K
}
Event: 76.378 GC heap before
{Heap before GC invocations=13 (full 1):
 PSYoungGen      total 230400K, used 230390K [0x0000000795580000, 0x00000007ac480000, 0x00000007c0000000)
  eden space 211968K, 100% used [0x0000000795580000,0x00000007a2480000,0x00000007a2480000)
  from space 18432K, 99% used [0x00000007a2480000,0x00000007a367db80,0x00000007a3680000)
  to   space 29696K, 0% used [0x00000007aa780000,0x00000007aa780000,0x00000007ac480000)
 ParOldGen       total 52224K, used 29857K [0x0000000740000000, 0x0000000743300000, 0x0000000795580000)
  object space 52224K, 57% used [0x0000000740000000,0x0000000741d28438,0x0000000743300000)
 Metaspace       used 34600K, capacity 34902K, committed 35072K, reserved 1079296K
  class space    used 4500K, capacity 4582K, committed 4608K, reserved 1048576K
Event: 76.442 GC heap after
Heap after GC invocations=13 (full 1):
 PSYoungGen      total 335872K, used 29684K [0x0000000795580000, 0x00000007ad300000, 0x00000007c0000000)
  eden space 306176K, 0% used [0x0000000795580000,0x0000000795580000,0x00000007a8080000)
  from space 29696K, 99% used [0x00000007aa780000,0x00000007ac47d090,0x00000007ac480000)
  to   space 39936K, 0% used [0x00000007a8080000,0x00000007a8080000,0x00000007aa780000)
 ParOldGen       total 52224K, used 46924K [0x0000000740000000, 0x0000000743300000, 0x0000000795580000)
  object space 52224K, 89% used [0x0000000740000000,0x0000000742dd3010,0x0000000743300000)
 Metaspace       used 34600K, capacity 34902K, committed 35072K, reserved 1079296K
  class space    used 4500K, capacity 4582K, committed 4608K, reserved 1048576K
}
Event: 76.442 GC heap before
{Heap before GC invocations=14 (full 2):
 PSYoungGen      total 335872K, used 29684K [0x0000000795580000, 0x00000007ad300000, 0x00000007c0000000)
  eden space 306176K, 0% used [0x0000000795580000,0x0000000795580000,0x00000007a8080000)
  from space 29696K, 99% used [0x00000007aa780000,0x00000007ac47d090,0x00000007ac480000)
  to   space 39936K, 0% used [0x00000007a8080000,0x00000007a8080000,0x00000007aa780000)
 ParOldGen       total 52224K, used 46924K [0x0000000740000000, 0x0000000743300000, 0x0000000795580000)
  object space 52224K, 89% used [0x0000000740000000,0x0000000742dd3010,0x0000000743300000)
 Metaspace       used 34600K, capacity 34902K, committed 35072K, reserved 1079296K
  class space    used 4500K, capacity 4582K, committed 4608K, reserved 1048576K
Event: 76.531 GC heap after
Heap after GC invocations=14 (full 2):
 PSYoungGen      total 335872K, used 0K [0x0000000795580000, 0x00000007ad300000, 0x00000007c0000000)
  eden space 306176K, 0% used [0x0000000795580000,0x0000000795580000,0x00000007a8080000)
  from space 29696K, 0% used [0x00000007aa780000,0x00000007aa780000,0x00000007ac480000)
  to   space 39936K, 0% used [0x00000007a8080000,0x00000007a8080000,0x00000007aa780000)
 ParOldGen       total 112640K, used 50000K [0x0000000740000000, 0x0000000746e00000, 0x0000000795580000)
  object space 112640K, 44% used [0x0000000740000000,0x00000007430d40f8,0x0000000746e00000)
 Metaspace       used 34600K, capacity 34902K, committed 35072K, reserved 1079296K
  class space    used 4500K, capacity 4582K, committed 4608K, reserved 1048576K
}
Event: 78.132 GC heap before
{Heap before GC invocations=15 (full 2):
 PSYoungGen      total 335872K, used 306176K [0x0000000795580000, 0x00000007ad300000, 0x00000007c0000000)
  eden space 306176K, 100% used [0x0000000795580000,0x00000007a8080000,0x00000007a8080000)
  from space 29696K, 0% used [0x00000007aa780000,0x00000007aa780000,0x00000007ac480000)
  to   space 39936K, 0% used [0x00000007a8080000,0x00000007a8080000,0x00000007aa780000)
 ParOldGen       total 112640K, used 50000K [0x0000000740000000, 0x0000000746e00000, 0x0000000795580000)
  object space 112640K, 44% used [0x0000000740000000,0x00000007430d40f8,0x0000000746e00000)
 Metaspace       used 34601K, capacity 34902K, committed 35072K, reserved 1079296K
  class space    used 4500K, capacity 4582K, committed 4608K, reserved 1048576K
Event: 78.209 GC heap after
Heap after GC invocations=15 (full 2):
 PSYoungGen      total 346112K, used 39927K [0x0000000795580000, 0x00000007b7a00000, 0x00000007c0000000)
  eden space 306176K, 0% used [0x0000000795580000,0x0000000795580000,0x00000007a8080000)
  from space 39936K, 99% used [0x00000007a8080000,0x00000007aa77dd60,0x00000007aa780000)
  to   space 48128K, 0% used [0x00000007b4b00000,0x00000007b4b00000,0x00000007b7a00000)
 ParOldGen       total 112640K, used 54455K [0x0000000740000000, 0x0000000746e00000, 0x0000000795580000)
  object space 112640K, 48% used [0x0000000740000000,0x000000074352de68,0x0000000746e00000)
 Metaspace       used 34601K, capacity 34902K, committed 35072K, reserved 1079296K
  class space    used 4500K, capacity 4582K, committed 4608K, reserved 1048576K
}

Deoptimization events (10 events):
Event: 76.553 Thread 0x00007fa70dd30800 Uncommon trap: reason=unstable_if action=reinterpret pc=0x0000000110227dbc method=javassist.bytecode.AttributeInfo.read(Ljavassist/bytecode/ConstPool;Ljava/io/DataInputStream;)Ljavassist/bytecode/AttributeInfo; @ 285
Event: 78.240 Thread 0x00007fa70dd30800 Uncommon trap: reason=unstable_if action=reinterpret pc=0x00000001104715d8 method=org.reflections.Reflections.scan(Ljava/net/URL;)V @ 21
Event: 82.921 Thread 0x00007fa70e17c800 Uncommon trap: reason=speculate_class_check action=maybe_recompile pc=0x000000011024c39c method=java.nio.Bits.getLongL(Ljava/nio/ByteBuffer;I)J @ 5
Event: 82.921 Thread 0x00007fa70e17c800 Uncommon trap: reason=class_check action=maybe_recompile pc=0x000000011024dbcc method=java.nio.Bits.getLongL(Ljava/nio/ByteBuffer;I)J @ 5
Event: 92.923 Thread 0x00007fa70e17c800 Uncommon trap: reason=speculate_class_check action=maybe_recompile pc=0x000000011024c39c method=java.nio.Bits.getLongL(Ljava/nio/ByteBuffer;I)J @ 5
Event: 92.923 Thread 0x00007fa70e17c800 Uncommon trap: reason=class_check action=maybe_recompile pc=0x000000011024dbcc method=java.nio.Bits.getLongL(Ljava/nio/ByteBuffer;I)J @ 5
Event: 102.927 Thread 0x00007fa70e17c800 Uncommon trap: reason=speculate_class_check action=maybe_recompile pc=0x000000011024c39c method=java.nio.Bits.getLongL(Ljava/nio/ByteBuffer;I)J @ 5
Event: 102.927 Thread 0x00007fa70e17c800 Uncommon trap: reason=class_check action=maybe_recompile pc=0x000000011024dbcc method=java.nio.Bits.getLongL(Ljava/nio/ByteBuffer;I)J @ 5
Event: 112.929 Thread 0x00007fa70e17c800 Uncommon trap: reason=speculate_class_check action=maybe_recompile pc=0x000000011024c39c method=java.nio.Bits.getLongL(Ljava/nio/ByteBuffer;I)J @ 5
Event: 112.929 Thread 0x00007fa70e17c800 Uncommon trap: reason=class_check action=maybe_recompile pc=0x000000011024dbcc method=java.nio.Bits.getLongL(Ljava/nio/ByteBuffer;I)J @ 5

Internal exceptions (10 events):
Event: 56.837 Thread 0x00007fa70ad7b000 Exception <a 'java/net/UnknownHostException'> (0x000000079b7430a0) thrown at [/Users/java_re/workspace/8-2-build-macosx-x86_64/jdk8u71/5731/hotspot/src/share/vm/prims/jni.cpp, line 709]
Event: 75.308 Thread 0x00007fa70ad7b000 Exception <a 'java/lang/ClassNotFoundException': io/federecio/dropwizard/swagger/SwaggerViewBeanInfo> (0x000000079d007028) thrown at [/Users/java_re/workspace/8-2-build-macosx-x86_64/jdk8u71/5731/hotspot/src/share/vm/classfile/systemDictionary.cpp, line 2
Event: 75.308 Thread 0x00007fa70ad7b000 Exception <a 'java/lang/ClassNotFoundException': io/dropwizard/views/ViewBeanInfo> (0x000000079d009d98) thrown at [/Users/java_re/workspace/8-2-build-macosx-x86_64/jdk8u71/5731/hotspot/src/share/vm/classfile/systemDictionary.cpp, line 210]
Event: 75.309 Thread 0x00007fa70ad7b000 Exception <a 'java/lang/ClassNotFoundException': java/lang/ObjectBeanInfo> (0x000000079d00b748) thrown at [/Users/java_re/workspace/8-2-build-macosx-x86_64/jdk8u71/5731/hotspot/src/share/vm/classfile/systemDictionary.cpp, line 210]
Event: 75.310 Thread 0x00007fa70ad7b000 Exception <a 'java/lang/ClassNotFoundException': java/lang/ObjectCustomizer> (0x000000079d00d248) thrown at [/Users/java_re/workspace/8-2-build-macosx-x86_64/jdk8u71/5731/hotspot/src/share/vm/classfile/systemDictionary.cpp, line 210]
Event: 75.316 Thread 0x00007fa70ad7b000 Exception <a 'java/lang/ClassNotFoundException': io/dropwizard/views/ViewCustomizer> (0x000000079d015740) thrown at [/Users/java_re/workspace/8-2-build-macosx-x86_64/jdk8u71/5731/hotspot/src/share/vm/classfile/systemDictionary.cpp, line 210]
Event: 75.317 Thread 0x00007fa70ad7b000 Exception <a 'java/lang/ClassNotFoundException': io/federecio/dropwizard/swagger/SwaggerViewCustomizer> (0x000000079d01da28) thrown at [/Users/java_re/workspace/8-2-build-macosx-x86_64/jdk8u71/5731/hotspot/src/share/vm/classfile/systemDictionary.cpp, line
Event: 75.993 Thread 0x00007fa70dd30800 Implicit null exception at 0x000000011022a34a to 0x000000011022a479
Event: 129.584 Thread 0x00007fa70b620800 Exception <a 'java/net/UnknownHostException'> (0x00000007963cbbb0) thrown at [/Users/java_re/workspace/8-2-build-macosx-x86_64/jdk8u71/5731/hotspot/src/share/vm/prims/jni.cpp, line 709]
Event: 3044.519 Thread 0x00007fa70b3a0800 Exception <a 'java/io/IOException'> (0x000000079a0e21f8) thrown at [/Users/java_re/workspace/8-2-build-macosx-x86_64/jdk8u71/5731/hotspot/src/share/vm/prims/jni.cpp, line 709]

Events (10 events):
Event: 3010.556 Executing VM operation: RevokeBias done
Event: 3010.556 Thread 0x00007fa70e359000 Thread exited: 0x00007fa70e359000
Event: 3044.512 loading class sun/misc/Signal$1
Event: 3044.513 loading class sun/misc/Signal$1 done
Event: 3044.513 Thread 0x00007fa70d826000 Thread added: 0x00007fa70d826000
Event: 3044.514 Thread 0x00007fa70e922800 Thread added: 0x00007fa70e922800
Event: 3044.514 Thread 0x00007fa70e922000 Thread added: 0x00007fa70e922000
Event: 3044.517 Thread 0x00007fa70e922000 Thread exited: 0x00007fa70e922000
Event: 3044.520 loading class org/eclipse/jetty/util/FutureCallback
Event: 3044.520 loading class org/eclipse/jetty/util/FutureCallback done


Dynamic libraries:
0x0000000002a9a000 	/System/Library/Frameworks/Cocoa.framework/Versions/A/Cocoa
0x0000000002a9a000 	/System/Library/Frameworks/Security.framework/Versions/A/Security
0x0000000002a9a000 	/System/Library/Frameworks/ApplicationServices.framework/Versions/A/ApplicationServices
0x0000000002a9a000 	/usr/lib/libz.1.dylib
0x0000000002a9a000 	/usr/lib/libSystem.B.dylib
0x0000000002a9a000 	/usr/lib/libobjc.A.dylib
0x0000000002a9a000 	/System/Library/Frameworks/CoreFoundation.framework/Versions/A/CoreFoundation
0x0000000002a9a000 	/System/Library/Frameworks/Foundation.framework/Versions/C/Foundation
0x0000000002a9a000 	/System/Library/Frameworks/AppKit.framework/Versions/C/AppKit
0x0000000002a9a000 	/System/Library/Frameworks/CoreData.framework/Versions/A/CoreData
0x0000000002a9a000 	/System/Library/PrivateFrameworks/RemoteViewServices.framework/Versions/A/RemoteViewServices
0x0000000002a9a000 	/System/Library/PrivateFrameworks/UIFoundation.framework/Versions/A/UIFoundation
0x0000000002a9a000 	/System/Library/Frameworks/IOSurface.framework/Versions/A/IOSurface
0x0000000002a9a000 	/System/Library/Frameworks/AudioToolbox.framework/Versions/A/AudioToolbox
0x0000000002a9a000 	/System/Library/Frameworks/AudioUnit.framework/Versions/A/AudioUnit
0x0000000002a9a000 	/System/Library/PrivateFrameworks/DataDetectorsCore.framework/Versions/A/DataDetectorsCore
0x0000000002a9a000 	/System/Library/PrivateFrameworks/DesktopServicesPriv.framework/Versions/A/DesktopServicesPriv
0x0000000002a9a000 	/System/Library/Frameworks/Carbon.framework/Versions/A/Frameworks/HIToolbox.framework/Versions/A/HIToolbox
0x0000000002a9a000 	/System/Library/Frameworks/QuartzCore.framework/Versions/A/QuartzCore
0x0000000002a9a000 	/System/Library/Frameworks/Carbon.framework/Versions/A/Frameworks/SpeechRecognition.framework/Versions/A/SpeechRecognition
0x0000000002a9a000 	/usr/lib/libauto.dylib
0x0000000002a9a000 	/usr/lib/libicucore.A.dylib
0x0000000002a9a000 	/usr/lib/libxml2.2.dylib
0x0000000002a9a000 	/System/Library/PrivateFrameworks/CoreUI.framework/Versions/A/CoreUI
0x0000000002a9a000 	/System/Library/Frameworks/CoreAudio.framework/Versions/A/CoreAudio
0x0000000002a9a000 	/System/Library/Frameworks/DiskArbitration.framework/Versions/A/DiskArbitration
0x0000000002a9a000 	/usr/lib/liblangid.dylib
0x0000000002a9a000 	/System/Library/PrivateFrameworks/MultitouchSupport.framework/Versions/A/MultitouchSupport
0x0000000002a9a000 	/System/Library/Frameworks/IOKit.framework/Versions/A/IOKit
0x0000000002a9a000 	/usr/lib/libDiagnosticMessagesClient.dylib
0x0000000002a9a000 	/System/Library/Frameworks/CoreServices.framework/Versions/A/CoreServices
0x0000000002a9a000 	/System/Library/PrivateFrameworks/PerformanceAnalysis.framework/Versions/A/PerformanceAnalysis
0x0000000002a9a000 	/System/Library/PrivateFrameworks/GenerationalStorage.framework/Versions/A/GenerationalStorage
0x0000000002a9a000 	/System/Library/Frameworks/OpenGL.framework/Versions/A/OpenGL
0x0000000002a9a000 	/System/Library/PrivateFrameworks/Sharing.framework/Versions/A/Sharing
0x0000000002a9a000 	/System/Library/Frameworks/CoreGraphics.framework/Versions/A/CoreGraphics
0x0000000002a9a000 	/System/Library/Frameworks/CoreText.framework/Versions/A/CoreText
0x0000000002a9a000 	/System/Library/Frameworks/ImageIO.framework/Versions/A/ImageIO
0x0000000002a9a000 	/usr/lib/libextension.dylib
0x0000000002a9a000 	/System/Library/PrivateFrameworks/Backup.framework/Versions/A/Backup
0x0000000002a9a000 	/usr/lib/libarchive.2.dylib
0x0000000002a9a000 	/System/Library/Frameworks/CFNetwork.framework/Versions/A/CFNetwork
0x0000000002a9a000 	/System/Library/Frameworks/SystemConfiguration.framework/Versions/A/SystemConfiguration
0x0000000002a9a000 	/usr/lib/libCRFSuite.dylib
0x0000000002a9a000 	/usr/lib/libc++.1.dylib
0x0000000002a9a000 	/usr/lib/libc++abi.dylib
0x0000000002a9a000 	/usr/lib/system/libcache.dylib
0x0000000002a9a000 	/usr/lib/system/libcommonCrypto.dylib
0x0000000002a9a000 	/usr/lib/system/libcompiler_rt.dylib
0x0000000002a9a000 	/usr/lib/system/libcopyfile.dylib
0x0000000002a9a000 	/usr/lib/system/libcorecrypto.dylib
0x0000000002a9a000 	/usr/lib/system/libdispatch.dylib
0x0000000002a9a000 	/usr/lib/system/libdyld.dylib
0x0000000002a9a000 	/usr/lib/system/libkeymgr.dylib
0x0000000002a9a000 	/usr/lib/system/liblaunch.dylib
0x0000000002a9a000 	/usr/lib/system/libmacho.dylib
0x0000000002a9a000 	/usr/lib/system/libquarantine.dylib
0x0000000002a9a000 	/usr/lib/system/libremovefile.dylib
0x0000000002a9a000 	/usr/lib/system/libsystem_asl.dylib
0x0000000002a9a000 	/usr/lib/system/libsystem_blocks.dylib
0x0000000002a9a000 	/usr/lib/system/libsystem_c.dylib
0x0000000002a9a000 	/usr/lib/system/libsystem_configuration.dylib
0x0000000002a9a000 	/usr/lib/system/libsystem_coreservices.dylib
0x0000000002a9a000 	/usr/lib/system/libsystem_coretls.dylib
0x0000000002a9a000 	/usr/lib/system/libsystem_dnssd.dylib
0x0000000002a9a000 	/usr/lib/system/libsystem_info.dylib
0x0000000002a9a000 	/usr/lib/system/libsystem_kernel.dylib
0x0000000002a9a000 	/usr/lib/system/libsystem_m.dylib
0x0000000002a9a000 	/usr/lib/system/libsystem_malloc.dylib
0x0000000002a9a000 	/usr/lib/system/libsystem_network.dylib
0x0000000002a9a000 	/usr/lib/system/libsystem_networkextension.dylib
0x0000000002a9a000 	/usr/lib/system/libsystem_notify.dylib
0x0000000002a9a000 	/usr/lib/system/libsystem_platform.dylib
0x0000000002a9a000 	/usr/lib/system/libsystem_pthread.dylib
0x0000000002a9a000 	/usr/lib/system/libsystem_sandbox.dylib
0x0000000002a9a000 	/usr/lib/system/libsystem_secinit.dylib
0x0000000002a9a000 	/usr/lib/system/libsystem_stats.dylib
0x0000000002a9a000 	/usr/lib/system/libsystem_trace.dylib
0x0000000002a9a000 	/usr/lib/system/libunc.dylib
0x0000000002a9a000 	/usr/lib/system/libunwind.dylib
0x0000000002a9a000 	/usr/lib/system/libxpc.dylib
0x0000000002a9a000 	/usr/lib/libbz2.1.0.dylib
0x0000000002a9a000 	/usr/lib/liblzma.5.dylib
0x0000000002a9a000 	/usr/lib/libbsm.0.dylib
0x0000000002a9a000 	/usr/lib/libsqlite3.dylib
0x0000000002a9a000 	/usr/lib/system/libkxld.dylib
0x0000000002a9a000 	/usr/lib/libxar.1.dylib
0x0000000002a9a000 	/usr/lib/libpam.2.dylib
0x0000000002a9a000 	/usr/lib/libOpenScriptingUtil.dylib
0x0000000002a9a000 	/System/Library/Frameworks/CoreServices.framework/Versions/A/Frameworks/FSEvents.framework/Versions/A/FSEvents
0x0000000002a9a000 	/System/Library/Frameworks/CoreServices.framework/Versions/A/Frameworks/CarbonCore.framework/Versions/A/CarbonCore
0x0000000002a9a000 	/System/Library/Frameworks/CoreServices.framework/Versions/A/Frameworks/Metadata.framework/Versions/A/Metadata
0x0000000002a9a000 	/System/Library/Frameworks/CoreServices.framework/Versions/A/Frameworks/OSServices.framework/Versions/A/OSServices
0x0000000002a9a000 	/System/Library/Frameworks/CoreServices.framework/Versions/A/Frameworks/SearchKit.framework/Versions/A/SearchKit
0x0000000002a9a000 	/System/Library/Frameworks/CoreServices.framework/Versions/A/Frameworks/AE.framework/Versions/A/AE
0x0000000002a9a000 	/System/Library/Frameworks/CoreServices.framework/Versions/A/Frameworks/LaunchServices.framework/Versions/A/LaunchServices
0x0000000002a9a000 	/System/Library/Frameworks/CoreServices.framework/Versions/A/Frameworks/DictionaryServices.framework/Versions/A/DictionaryServices
0x0000000002a9a000 	/System/Library/Frameworks/NetFS.framework/Versions/A/NetFS
0x0000000002a9a000 	/System/Library/PrivateFrameworks/NetAuth.framework/Versions/A/NetAuth
0x0000000002a9a000 	/System/Library/PrivateFrameworks/login.framework/Versions/A/Frameworks/loginsupport.framework/Versions/A/loginsupport
0x0000000002a9a000 	/System/Library/PrivateFrameworks/TCC.framework/Versions/A/TCC
0x0000000002a9a000 	/usr/lib/libmecabra.dylib
0x0000000002a9a000 	/System/Library/Frameworks/ApplicationServices.framework/Versions/A/Frameworks/ATS.framework/Versions/A/ATS
0x0000000002a9a000 	/System/Library/Frameworks/ApplicationServices.framework/Versions/A/Frameworks/ColorSync.framework/Versions/A/ColorSync
0x0000000002a9a000 	/System/Library/Frameworks/ApplicationServices.framework/Versions/A/Frameworks/HIServices.framework/Versions/A/HIServices
0x0000000002a9a000 	/System/Library/Frameworks/ApplicationServices.framework/Versions/A/Frameworks/LangAnalysis.framework/Versions/A/LangAnalysis
0x0000000002a9a000 	/System/Library/Frameworks/ApplicationServices.framework/Versions/A/Frameworks/PrintCore.framework/Versions/A/PrintCore
0x0000000002a9a000 	/System/Library/Frameworks/ApplicationServices.framework/Versions/A/Frameworks/QD.framework/Versions/A/QD
0x0000000002a9a000 	/System/Library/Frameworks/ApplicationServices.framework/Versions/A/Frameworks/SpeechSynthesis.framework/Versions/A/SpeechSynthesis
0x0000000002a9a000 	/System/Library/Frameworks/Accelerate.framework/Versions/A/Accelerate
0x0000000002a9a000 	/System/Library/Frameworks/Accelerate.framework/Versions/A/Frameworks/vImage.framework/Versions/A/vImage
0x0000000002a9a000 	/System/Library/Frameworks/Accelerate.framework/Versions/A/Frameworks/vecLib.framework/Versions/A/vecLib
0x0000000002a9a000 	/System/Library/Frameworks/Accelerate.framework/Versions/A/Frameworks/vecLib.framework/Versions/A/libvDSP.dylib
0x0000000002a9a000 	/System/Library/Frameworks/Accelerate.framework/Versions/A/Frameworks/vecLib.framework/Versions/A/libvMisc.dylib
0x0000000002a9a000 	/System/Library/Frameworks/Accelerate.framework/Versions/A/Frameworks/vecLib.framework/Versions/A/libLAPACK.dylib
0x0000000002a9a000 	/System/Library/Frameworks/Accelerate.framework/Versions/A/Frameworks/vecLib.framework/Versions/A/libBLAS.dylib
0x0000000002a9a000 	/System/Library/Frameworks/Accelerate.framework/Versions/A/Frameworks/vecLib.framework/Versions/A/libLinearAlgebra.dylib
0x0000000002a9a000 	/System/Library/Frameworks/ApplicationServices.framework/Versions/A/Frameworks/ATS.framework/Versions/A/Resources/libFontParser.dylib
0x0000000002a9a000 	/System/Library/Frameworks/ApplicationServices.framework/Versions/A/Frameworks/ATS.framework/Versions/A/Resources/libFontRegistry.dylib
0x0000000002a9a000 	/System/Library/PrivateFrameworks/AppleVPA.framework/Versions/A/AppleVPA
0x0000000002a9a000 	/System/Library/PrivateFrameworks/AppleJPEG.framework/Versions/A/AppleJPEG
0x0000000002a9a000 	/System/Library/Frameworks/ImageIO.framework/Versions/A/Resources/libJPEG.dylib
0x0000000002a9a000 	/System/Library/Frameworks/ImageIO.framework/Versions/A/Resources/libTIFF.dylib
0x0000000002a9a000 	/System/Library/Frameworks/ImageIO.framework/Versions/A/Resources/libPng.dylib
0x0000000002a9a000 	/System/Library/Frameworks/ImageIO.framework/Versions/A/Resources/libGIF.dylib
0x0000000002a9a000 	/System/Library/Frameworks/ImageIO.framework/Versions/A/Resources/libJP2.dylib
0x0000000002a9a000 	/System/Library/Frameworks/ImageIO.framework/Versions/A/Resources/libRadiance.dylib
0x0000000002a9a000 	/System/Library/Frameworks/CoreVideo.framework/Versions/A/CoreVideo
0x0000000002a9a000 	/System/Library/Frameworks/OpenGL.framework/Versions/A/Libraries/libGLU.dylib
0x0000000002a9a000 	/System/Library/Frameworks/OpenGL.framework/Versions/A/Libraries/libGFXShared.dylib
0x0000000002a9a000 	/System/Library/Frameworks/OpenGL.framework/Versions/A/Libraries/libGL.dylib
0x0000000002a9a000 	/System/Library/Frameworks/OpenGL.framework/Versions/A/Libraries/libGLImage.dylib
0x0000000002a9a000 	/System/Library/Frameworks/OpenGL.framework/Versions/A/Libraries/libCVMSPluginSupport.dylib
0x0000000002a9a000 	/System/Library/Frameworks/OpenGL.framework/Versions/A/Libraries/libCoreVMClient.dylib
0x0000000002a9a000 	/usr/lib/libcups.2.dylib
0x0000000002a9a000 	/System/Library/Frameworks/Kerberos.framework/Versions/A/Kerberos
0x0000000002a9a000 	/System/Library/Frameworks/GSS.framework/Versions/A/GSS
0x0000000002a9a000 	/usr/lib/libresolv.9.dylib
0x0000000002a9a000 	/usr/lib/libiconv.2.dylib
0x0000000002a9a000 	/System/Library/PrivateFrameworks/Heimdal.framework/Versions/A/Heimdal
0x0000000002a9a000 	/usr/lib/libheimdal-asn1.dylib
0x0000000002a9a000 	/System/Library/Frameworks/OpenDirectory.framework/Versions/A/OpenDirectory
0x0000000002a9a000 	/System/Library/PrivateFrameworks/CommonAuth.framework/Versions/A/CommonAuth
0x0000000002a9a000 	/System/Library/Frameworks/OpenDirectory.framework/Versions/A/Frameworks/CFOpenDirectory.framework/Versions/A/CFOpenDirectory
0x0000000002a9a000 	/System/Library/Frameworks/SecurityFoundation.framework/Versions/A/SecurityFoundation
0x0000000002a9a000 	/System/Library/PrivateFrameworks/LanguageModeling.framework/Versions/A/LanguageModeling
0x0000000002a9a000 	/usr/lib/libcmph.dylib
0x0000000002a9a000 	/System/Library/Frameworks/ServiceManagement.framework/Versions/A/ServiceManagement
0x0000000002a9a000 	/usr/lib/libxslt.1.dylib
0x0000000002a9a000 	/System/Library/Frameworks/Carbon.framework/Versions/A/Frameworks/Ink.framework/Versions/A/Ink
0x0000000002a9a000 	/System/Library/Frameworks/QuartzCore.framework/Versions/A/Frameworks/CoreImage.framework/Versions/A/CoreImage
0x0000000002a9a000 	/System/Library/PrivateFrameworks/CrashReporterSupport.framework/Versions/A/CrashReporterSupport
0x0000000002a9a000 	/System/Library/Frameworks/OpenCL.framework/Versions/A/OpenCL
0x0000000002a9a000 	/System/Library/PrivateFrameworks/FaceCore.framework/Versions/A/FaceCore
0x0000000002a9a000 	/System/Library/PrivateFrameworks/Ubiquity.framework/Versions/A/Ubiquity
0x0000000002a9a000 	/System/Library/PrivateFrameworks/IconServices.framework/Versions/A/IconServices
0x0000000002a9a000 	/System/Library/PrivateFrameworks/ChunkingLibrary.framework/Versions/A/ChunkingLibrary
0x0000000002a9a000 	/System/Library/PrivateFrameworks/Apple80211.framework/Versions/A/Apple80211
0x0000000002a9a000 	/System/Library/Frameworks/CoreWLAN.framework/Versions/A/CoreWLAN
0x0000000002a9a000 	/System/Library/Frameworks/IOBluetooth.framework/Versions/A/IOBluetooth
0x0000000002a9a000 	/System/Library/PrivateFrameworks/CoreWiFi.framework/Versions/A/CoreWiFi
0x0000000002a9a000 	/System/Library/Frameworks/CoreBluetooth.framework/Versions/A/CoreBluetooth
0x0000000002a9a000 	/System/Library/PrivateFrameworks/DebugSymbols.framework/Versions/A/DebugSymbols
0x0000000002a9a000 	/System/Library/PrivateFrameworks/CoreSymbolication.framework/Versions/A/CoreSymbolication
0x0000000002a9a000 	/System/Library/PrivateFrameworks/Symbolication.framework/Versions/A/Symbolication
0x0000000002a9a000 	/System/Library/PrivateFrameworks/SpeechRecognitionCore.framework/Versions/A/SpeechRecognitionCore
0x000000010ec00000 	/Library/Java/JavaVirtualMachines/jdk1.8.0_71.jdk/Contents/Home/jre/lib/server/libjvm.dylib
0x0000000002a9a000 	/usr/lib/libstdc++.6.dylib
0x000000010e303000 	/Library/Java/JavaVirtualMachines/jdk1.8.0_71.jdk/Contents/Home/jre/lib/libverify.dylib
0x000000010e311000 	/Library/Java/JavaVirtualMachines/jdk1.8.0_71.jdk/Contents/Home/jre/lib/libjava.dylib
0x000000010e350000 	/Library/Java/JavaVirtualMachines/jdk1.8.0_71.jdk/Contents/Home/jre/lib/libzip.dylib
0x0000000125c3e000 	/System/Library/Frameworks/JavaVM.framework/Frameworks/JavaRuntimeSupport.framework/JavaRuntimeSupport
0x0000000125c54000 	/System/Library/Frameworks/JavaVM.framework/Versions/A/Frameworks/JavaNativeFoundation.framework/Versions/A/JavaNativeFoundation
0x0000000125c68000 	/System/Library/Frameworks/JavaVM.framework/Versions/A/JavaVM
0x0000000002a9a000 	/System/Library/Frameworks/Carbon.framework/Versions/A/Carbon
0x0000000125c74000 	/System/Library/PrivateFrameworks/JavaLaunching.framework/Versions/A/JavaLaunching
0x0000000002a9a000 	/System/Library/Frameworks/Carbon.framework/Versions/A/Frameworks/CommonPanels.framework/Versions/A/CommonPanels
0x0000000002a9a000 	/System/Library/Frameworks/Carbon.framework/Versions/A/Frameworks/Help.framework/Versions/A/Help
0x0000000002a9a000 	/System/Library/Frameworks/Carbon.framework/Versions/A/Frameworks/ImageCapture.framework/Versions/A/ImageCapture
0x0000000002a9a000 	/System/Library/Frameworks/Carbon.framework/Versions/A/Frameworks/OpenScripting.framework/Versions/A/OpenScripting
0x0000000002a9a000 	/System/Library/Frameworks/Carbon.framework/Versions/A/Frameworks/Print.framework/Versions/A/Print
0x0000000002a9a000 	/System/Library/Frameworks/Carbon.framework/Versions/A/Frameworks/SecurityHI.framework/Versions/A/SecurityHI
0x00000001280ac000 	/Library/Java/JavaVirtualMachines/jdk1.8.0_71.jdk/Contents/Home/jre/lib/libmanagement.dylib
0x00000001282ba000 	/Library/Java/JavaVirtualMachines/jdk1.8.0_71.jdk/Contents/Home/jre/lib/libnet.dylib
0x0000000128319000 	/Library/Java/JavaVirtualMachines/jdk1.8.0_71.jdk/Contents/Home/jre/lib/libnio.dylib
0x0000000127c12000 	/Library/Java/JavaVirtualMachines/jdk1.8.0_71.jdk/Contents/Home/jre/lib/libsunec.dylib

VM Arguments:
java_command: AccountMgmtService-1.0-SNAPSHOT.jar server ../config.yml
java_class_path (initial): AccountMgmtService-1.0-SNAPSHOT.jar
Launcher Type: SUN_STANDARD

Environment Variables:
JAVA_HOME=/Library/Java/JavaVirtualMachines/jdk1.8.0_71.jdk/Contents/Home
PATH=/usr/local/bin:/usr/bin:/bin:/usr/sbin:/sbin:/Users/ramans/Downloads/apache-maven-3.3.9/bin:/Users/ramans/hadoop/bin:/Users/ramans/hadoop/sbin
SHELL=/bin/bash

Signal Handlers:
SIGSEGV: [libjvm.dylib+0x5a68c5], sa_mask[0]=11111111011111110111111111111111, sa_flags=SA_ONSTACK|SA_RESTART|SA_SIGINFO
SIGBUS: [libjvm.dylib+0x5a68c5], sa_mask[0]=11111111011111110111111111111111, sa_flags=SA_RESTART|SA_SIGINFO
SIGFPE: [libjvm.dylib+0x4805d4], sa_mask[0]=11111111011111110111111111111111, sa_flags=SA_RESTART|SA_SIGINFO
SIGPIPE: [libjvm.dylib+0x4805d4], sa_mask[0]=11111111011111110111111111111111, sa_flags=SA_RESTART|SA_SIGINFO
SIGXFSZ: [libjvm.dylib+0x4805d4], sa_mask[0]=11111111011111110111111111111111, sa_flags=SA_RESTART|SA_SIGINFO
SIGILL: [libjvm.dylib+0x4805d4], sa_mask[0]=11111111011111110111111111111111, sa_flags=SA_RESTART|SA_SIGINFO
SIGUSR1: SIG_DFL, sa_mask[0]=11011111011111100000000111000110, sa_flags=none
SIGUSR2: [libjvm.dylib+0x4800f2], sa_mask[0]=00000000000000000000000000000000, sa_flags=SA_RESTART|SA_SIGINFO
SIGHUP: [libjvm.dylib+0x47e6c9], sa_mask[0]=11111111011111110111111111111111, sa_flags=SA_RESTART|SA_SIGINFO
SIGINT: [libjvm.dylib+0x47e6c9], sa_mask[0]=11111111011111110111111111111111, sa_flags=SA_RESTART|SA_SIGINFO
SIGTERM: [libjvm.dylib+0x47e6c9], sa_mask[0]=11111111011111110111111111111111, sa_flags=SA_RESTART|SA_SIGINFO
SIGQUIT: [libjvm.dylib+0x47e6c9], sa_mask[0]=11111111011111110111111111111111, sa_flags=SA_RESTART|SA_SIGINFO


---------------  S Y S T E M  ---------------

OS:Bsduname:Darwin 14.5.0 Darwin Kernel Version 14.5.0: Wed Jul 29 02:26:53 PDT 2015; root:xnu-2782.40.9~1/RELEASE_X86_64 x86_64
rlimit: STACK 8192k, CORE 0k, NPROC 709, NOFILE 10240, AS infinity
load average:5.49 4.81 4.58

CPU:total 4 (2 cores per cpu, 2 threads per core) family 6 model 61 stepping 4, cmov, cx8, fxsr, mmx, sse, sse2, sse3, ssse3, sse4.1, sse4.2, popcnt, avx, avx2, aes, clmul, erms, 3dnowpref, lzcnt, ht, tsc, tscinvbit, bmi1, bmi2, adx

Memory: 4k page, physical 8388608k(16136k free)

/proc/meminfo:


vm_info: Java HotSpot(TM) 64-Bit Server VM (25.71-b15) for bsd-amd64 JRE (1.8.0_71-b15), built on Dec 22 2015 15:11:44 by "java_re" with gcc 4.2.1 (Based on Apple Inc. build 5658) (LLVM build 2336.11.00)

time: Sun Aug 20 21:04:17 2017
elapsed time: 3044 seconds (0d 0h 50m 44s)

