#
# A fatal error has been detected by the Java Runtime Environment:
#
#  SIGBUS (0xa) at pc=0x00000001075eceb9, pid=85831, tid=28679
#
# JRE version: Java(TM) SE Runtime Environment (8.0_71-b15) (build 1.8.0_71-b15)
# Java VM: Java HotSpot(TM) 64-Bit Server VM (25.71-b15 mixed mode bsd-amd64 compressed oops)
# Problematic frame:
# C  [libzip.dylib+0x2eb9]  newEntry+0x154
#
# Failed to write core dump. Core dumps have been disabled. To enable core dumping, try "ulimit -c unlimited" before starting Java again
#
# If you would like to submit a bug report, please visit:
#   http://bugreport.java.com/bugreport/crash.jsp
# The crash happened outside the Java Virtual Machine in native code.
# See problematic frame for where to report the bug.
#

---------------  T H R E A D  ---------------

Current thread (0x00007fe07cb34800):  JavaThread "Thread-11" [_thread_in_native, id=28679, stack(0x0000000124427000,0x0000000124527000)]

siginfo: si_signo: 10 (SIGBUS), si_code: 2 (BUS_ADRERR), si_addr: 0x0000000120f759f7

Registers:
RAX=0x00007fe079c217d0, RBX=0x0000000120f759eb, RCX=0x0000000000000901, RDX=0x0000000000000908
RSP=0x00000001245243e0, RBP=0x0000000124524440, RSI=0x00007fe079f00000, RDI=0x00000001073a6400
R8 =0x0000000000000004, R9 =0x00000000ffffffff, R10=0x0000000108f11a18, R11=0xfffffff987d2901e
R12=0x0000000120eb3000, R13=0x00000000000156d0, R14=0x000000009ac6435b, R15=0x00007fe07c26c900
RIP=0x00000001075eceb9, EFLAGS=0x0000000000010206, ERR=0x0000000000000004
  TRAPNO=0x000000000000000e

Top of Stack: (sp=0x00000001245243e0)
0x00000001245243e0:   0000000000000000 0000000000000000
0x00000001245243f0:   0000000124524598 00000000ffffffcd
0x0000000124524400:   0000000124524420 00007fe079c217d0
0x0000000124524410:   00007fe079f987b0 00007fe079c217d0
0x0000000124524420:   0000000120eb3000 00000000000156d0
0x0000000124524430:   000000009ac6435b 00007fe07c26c900
0x0000000124524440:   00000001245244a0 00000001075ed554
0x0000000124524450:   00000001245244ea 00000001245244e9
0x0000000124524460:   0000002a00000000 0000002b01b34800
0x0000000124524470:   00000001245244be 0000000124524908
0x0000000124524480:   000000000000002b 00000001245244be
0x0000000124524490:   00007fe079c217d0 00007fe07cb349f8
0x00000001245244a0:   00000001245248f0 00000001075ec34f
0x00000001245244b0:   0000000124524658 726f000000000001
0x00000001245244c0:   7370696c63652f67 2f797474656a2f65
0x00000001245244d0:   7475462f6c697475 626c6c6143657275
0x00000001245244e0:   73616c632e6b6361 00007fff8bd90073
0x00000001245244f0:   0000000000000000 0000000124524688
0x0000000124524500:   00000001083dd329 0000000000000001
0x0000000124524510:   0000000124524940 00007fff8bd9becd
0x0000000124524520:   0000000000000000 0000000000000033
0x0000000124524530:   00000033083d24ae 0000000124524fe0
0x0000000124524540:   00007fff740086b8 00000000ffffffff
0x0000000124524550:   0000000000000000 0000003800000000
0x0000000124524560:   0000000000000001 000000010840ab98
0x0000000124524570:   ffffffc800000000 0000000000000001
0x0000000124524580:   000000079c7fb030 0000000108fe41a3
0x0000000124524590:   000000074025c7e0 00000001090522e4
0x00000001245245a0:   0000000000000000 000000079c7fb018
0x00000001245245b0:   0000000000000000 0000000100000000
0x00000001245245c0:   0000000124524d48 0000000000000002
0x00000001245245d0:   000000079c7fafd8 0000000108f4c63c 

Instructions: (pc=0x00000001075eceb9)
0x00000001075ece99:   49 8b 7f 38 e8 50 1b 00 00 4d 89 77 38 49 89 5f
0x00000001075ecea9:   40 4c 89 f0 48 85 c0 0f 84 11 05 00 00 48 89 c3
0x00000001075eceb9:   0f b6 43 0c 0f b6 4b 0d 48 c1 e1 08 48 01 c1 0f
0x00000001075ecec9:   b6 43 0e 0f b6 53 0f 48 c1 e2 08 48 01 c2 48 c1 

Register to memory mapping:

RAX=0x00007fe079c217d0 is an unknown value
RBX=0x0000000120f759eb is an unknown value
RCX=0x0000000000000901 is an unknown value
RDX=0x0000000000000908 is an unknown value
RSP=0x00000001245243e0 is pointing into the stack for thread: 0x00007fe07cb34800
RBP=0x0000000124524440 is pointing into the stack for thread: 0x00007fe07cb34800
RSI=0x00007fe079f00000 is an unknown value
RDI=0x00000001073a6400 is an unknown value
R8 =0x0000000000000004 is an unknown value
R9 =0x00000000ffffffff is an unknown value
R10=0x0000000108f11a18 is at entry_point+88 in (nmethod*)0x0000000108f11850
R11=0xfffffff987d2901e is an unknown value
R12=0x0000000120eb3000 is an unknown value
R13=0x00000000000156d0 is an unknown value
R14=0x000000009ac6435b is an unknown value
R15=0x00007fe07c26c900 is an unknown value


Stack: [0x0000000124427000,0x0000000124527000],  sp=0x00000001245243e0,  free space=1012k
Native frames: (J=compiled Java code, j=interpreted, Vv=VM code, C=native code)
C  [libzip.dylib+0x2eb9]  newEntry+0x154
C  [libzip.dylib+0x3554]  ZIP_GetEntry2+0xd4
C  [libzip.dylib+0x234f]  Java_java_util_zip_ZipFile_getEntry+0xcf
J 132  java.util.zip.ZipFile.getEntry(J[BZ)J (0 bytes) @ 0x0000000108f11a8e [0x0000000108f119c0+0xce]
J 1905 C2 sun.misc.URLClassPath$JarLoader.getResource(Ljava/lang/String;Z)Lsun/misc/Resource; (85 bytes) @ 0x00000001093e15f8 [0x00000001093e10c0+0x538]
J 909 C2 sun.misc.URLClassPath.getResource(Ljava/lang/String;Z)Lsun/misc/Resource; (83 bytes) @ 0x00000001090e74ac [0x00000001090e7360+0x14c]
J 2525 C1 java.net.URLClassLoader$1.run()Ljava/lang/Class; (63 bytes) @ 0x000000010905b27c [0x000000010905b1c0+0xbc]
J 2524 C1 java.net.URLClassLoader$1.run()Ljava/lang/Object; (5 bytes) @ 0x0000000108ff6124 [0x0000000108ff60c0+0x64]
v  ~StubRoutines::call_stub
V  [libjvm.dylib+0x2ea59a]
V  [libjvm.dylib+0x34aac4]
J 209  java.security.AccessController.doPrivileged(Ljava/security/PrivilegedExceptionAction;Ljava/security/AccessControlContext;)Ljava/lang/Object; (0 bytes) @ 0x0000000108f41295 [0x0000000108f411c0+0xd5]
J 1919 C2 java.net.URLClassLoader.findClass(Ljava/lang/String;)Ljava/lang/Class; (47 bytes) @ 0x00000001093ec43c [0x00000001093ec3a0+0x9c]
J 1897 C1 java.lang.ClassLoader.loadClass(Ljava/lang/String;Z)Ljava/lang/Class; (122 bytes) @ 0x00000001093c964c [0x00000001093c8c80+0x9cc]
J 202 C1 sun.misc.Launcher$AppClassLoader.loadClass(Ljava/lang/String;Z)Ljava/lang/Class; (85 bytes) @ 0x0000000108f3e564 [0x0000000108f3dbc0+0x9a4]
J 201 C1 java.lang.ClassLoader.loadClass(Ljava/lang/String;)Ljava/lang/Class; (7 bytes) @ 0x0000000108f3d604 [0x0000000108f3d500+0x104]
v  ~StubRoutines::call_stub
V  [libjvm.dylib+0x2ea59a]
V  [libjvm.dylib+0x2ead28]
V  [libjvm.dylib+0x2eae80]
V  [libjvm.dylib+0x5331e0]
V  [libjvm.dylib+0x532979]
V  [libjvm.dylib+0x5333fc]
V  [libjvm.dylib+0x533a79]
V  [libjvm.dylib+0x1e0b6a]
V  [libjvm.dylib+0x1f0e2e]
V  [libjvm.dylib+0x2e5f77]
j  org.eclipse.jetty.server.AbstractConnector.shutdown()Ljava/util/concurrent/Future;+0
j  org.eclipse.jetty.server.AbstractNetworkConnector.shutdown()Ljava/util/concurrent/Future;+5
j  org.eclipse.jetty.server.ServerConnector.shutdown()Ljava/util/concurrent/Future;+1
j  org.eclipse.jetty.server.Server.doStop()V+60
j  org.eclipse.jetty.util.component.AbstractLifeCycle.stop()V+30
j  org.eclipse.jetty.util.thread.ShutdownThread.run()V+41
v  ~StubRoutines::call_stub
V  [libjvm.dylib+0x2ea59a]
V  [libjvm.dylib+0x2ead28]
V  [libjvm.dylib+0x2eaed4]
V  [libjvm.dylib+0x345451]
V  [libjvm.dylib+0x560e73]
V  [libjvm.dylib+0x56256e]
V  [libjvm.dylib+0x482fc2]
C  [libsystem_pthread.dylib+0x405a]  _pthread_body+0x83
C  [libsystem_pthread.dylib+0x3fd7]  _pthread_body+0x0
C  [libsystem_pthread.dylib+0x13ed]  thread_start+0xd
C  0x0000000000000000

Java frames: (J=compiled Java code, j=interpreted, Vv=VM code)
J 132  java.util.zip.ZipFile.getEntry(J[BZ)J (0 bytes) @ 0x0000000108f11a18 [0x0000000108f119c0+0x58]
J 1905 C2 sun.misc.URLClassPath$JarLoader.getResource(Ljava/lang/String;Z)Lsun/misc/Resource; (85 bytes) @ 0x00000001093e15f8 [0x00000001093e10c0+0x538]
J 909 C2 sun.misc.URLClassPath.getResource(Ljava/lang/String;Z)Lsun/misc/Resource; (83 bytes) @ 0x00000001090e74ac [0x00000001090e7360+0x14c]
J 2525 C1 java.net.URLClassLoader$1.run()Ljava/lang/Class; (63 bytes) @ 0x000000010905b27c [0x000000010905b1c0+0xbc]
J 2524 C1 java.net.URLClassLoader$1.run()Ljava/lang/Object; (5 bytes) @ 0x0000000108ff6124 [0x0000000108ff60c0+0x64]
v  ~StubRoutines::call_stub
J 209  java.security.AccessController.doPrivileged(Ljava/security/PrivilegedExceptionAction;Ljava/security/AccessControlContext;)Ljava/lang/Object; (0 bytes) @ 0x0000000108f41223 [0x0000000108f411c0+0x63]
J 1919 C2 java.net.URLClassLoader.findClass(Ljava/lang/String;)Ljava/lang/Class; (47 bytes) @ 0x00000001093ec43c [0x00000001093ec3a0+0x9c]
J 1897 C1 java.lang.ClassLoader.loadClass(Ljava/lang/String;Z)Ljava/lang/Class; (122 bytes) @ 0x00000001093c964c [0x00000001093c8c80+0x9cc]
J 202 C1 sun.misc.Launcher$AppClassLoader.loadClass(Ljava/lang/String;Z)Ljava/lang/Class; (85 bytes) @ 0x0000000108f3e564 [0x0000000108f3dbc0+0x9a4]
J 201 C1 java.lang.ClassLoader.loadClass(Ljava/lang/String;)Ljava/lang/Class; (7 bytes) @ 0x0000000108f3d604 [0x0000000108f3d500+0x104]
v  ~StubRoutines::call_stub
j  org.eclipse.jetty.server.AbstractConnector.shutdown()Ljava/util/concurrent/Future;+0
j  org.eclipse.jetty.server.AbstractNetworkConnector.shutdown()Ljava/util/concurrent/Future;+5
j  org.eclipse.jetty.server.ServerConnector.shutdown()Ljava/util/concurrent/Future;+1
j  org.eclipse.jetty.server.Server.doStop()V+60
j  org.eclipse.jetty.util.component.AbstractLifeCycle.stop()V+30
j  org.eclipse.jetty.util.thread.ShutdownThread.run()V+41
v  ~StubRoutines::call_stub

---------------  P R O C E S S  ---------------

Java Threads: ( => current thread )
=>0x00007fe07cb34800 JavaThread "Thread-11" [_thread_in_native, id=28679, stack(0x0000000124427000,0x0000000124527000)]
  0x00007fe07cb33000 JavaThread "SIGINT handler" daemon [_thread_blocked, id=28451, stack(0x0000000121b99000,0x0000000121c99000)]
  0x00007fe07d6ea800 JavaThread "dw-admin-46" [_thread_blocked, id=26907, stack(0x0000000123e10000,0x0000000123f10000)]
  0x00007fe07a217000 JavaThread "pool-1-thread-1" daemon [_thread_blocked, id=30211, stack(0x0000000121a96000,0x0000000121b96000)]
  0x00007fe07aeed000 JavaThread "cluster-ClusterId{value='599925c0e158bd4f4792279b', description='null'}-localhost:27017" daemon [_thread_blocked, id=29959, stack(0x00000001218fd000,0x00000001219fd000)]
  0x00007fe07b4d8000 JavaThread "Scheduler-1864933502" [_thread_blocked, id=27395, stack(0x0000000121587000,0x0000000121687000)]
  0x00007fe07b442000 JavaThread "DestroyJavaVM" [_thread_blocked, id=5379, stack(0x00000001074d0000,0x00000001075d0000)]
  0x00007fe07b9f0800 JavaThread "dw-admin-29-acceptor-1@1cfcf1e6-admin@1fdbba0d{HTTP/1.1}{0.0.0.0:9096}" [_thread_blocked, id=26371, stack(0x0000000124d07000,0x0000000124e07000)]
  0x00007fe07a30f800 JavaThread "dw-admin-28-acceptor-0@786c973a-admin@1fdbba0d{HTTP/1.1}{0.0.0.0:9096}" [_thread_in_native, id=25859, stack(0x0000000124c04000,0x0000000124d04000)]
  0x00007fe07af26000 JavaThread "dw-admin-27-selector-ServerConnectorManager@29672122/3" [_thread_in_native, id=25347, stack(0x000000012402d000,0x000000012412d000)]
  0x00007fe07b4c4800 JavaThread "dw-admin-26-selector-ServerConnectorManager@29672122/2" [_thread_in_native, id=24327, stack(0x00000001237d6000,0x00000001238d6000)]
  0x00007fe07aa3c000 JavaThread "dw-admin-25-selector-ServerConnectorManager@29672122/1" [_thread_in_native, id=24835, stack(0x0000000123b59000,0x0000000123c59000)]
  0x00007fe07b9e6800 JavaThread "org.eclipse.jetty.server.session.HashSessionManager@2fad50f2Timer" daemon [_thread_blocked, id=23811, stack(0x0000000123d0d000,0x0000000123e0d000)]
  0x00007fe07a2b2800 JavaThread "dw-admin-22-selector-ServerConnectorManager@29672122/0" [_thread_in_native, id=23303, stack(0x00000001229e0000,0x0000000122ae0000)]
  0x00007fe07a3e4000 JavaThread "dw-19" [_thread_blocked, id=22787, stack(0x00000001236d3000,0x00000001237d3000)]
  0x00007fe07b2bc800 JavaThread "dw-18" [_thread_blocked, id=22275, stack(0x00000001235d0000,0x00000001236d0000)]
  0x00007fe07b443000 JavaThread "dw-17" [_thread_blocked, id=21763, stack(0x00000001234cd000,0x00000001235cd000)]
  0x00007fe07bb14000 JavaThread "dw-16" [_thread_blocked, id=21251, stack(0x00000001233ca000,0x00000001234ca000)]
  0x00007fe07bb13800 JavaThread "dw-15-selector-ServerConnectorManager@48a7623c/3" [_thread_in_native, id=20739, stack(0x00000001232c7000,0x00000001233c7000)]
  0x00007fe07ac3d000 JavaThread "dw-14-selector-ServerConnectorManager@48a7623c/2" [_thread_in_native, id=20227, stack(0x00000001231c4000,0x00000001232c4000)]
  0x00007fe07b015000 JavaThread "dw-13-selector-ServerConnectorManager@48a7623c/1" [_thread_in_native, id=13319, stack(0x00000001230c1000,0x00000001231c1000)]
  0x00007fe07bb12800 JavaThread "dw-12-selector-ServerConnectorManager@48a7623c/0" [_thread_in_native, id=14599, stack(0x0000000122fbe000,0x00000001230be000)]
  0x00007fe07bcab800 JavaThread "AsyncAppender-Worker-async-console-appender" daemon [_thread_blocked, id=13835, stack(0x0000000122ebb000,0x0000000122fbb000)]
  0x00007fe07b3f7000 JavaThread "AsyncAppender-Worker-async-console-appender" daemon [_thread_blocked, id=19459, stack(0x00000001222f4000,0x00000001223f4000)]
  0x00007fe07b80b000 JavaThread "Service Thread" daemon [_thread_blocked, id=18435, stack(0x0000000120b31000,0x0000000120c31000)]
  0x00007fe07a80b000 JavaThread "C1 CompilerThread2" daemon [_thread_blocked, id=17923, stack(0x0000000120a2e000,0x0000000120b2e000)]
  0x00007fe07b024800 JavaThread "C2 CompilerThread1" daemon [_thread_blocked, id=17411, stack(0x000000012092b000,0x0000000120a2b000)]
  0x00007fe07a822800 JavaThread "C2 CompilerThread0" daemon [_thread_blocked, id=16899, stack(0x0000000120828000,0x0000000120928000)]
  0x00007fe07a821800 JavaThread "Signal Dispatcher" daemon [_thread_blocked, id=14091, stack(0x0000000120725000,0x0000000120825000)]
  0x00007fe07a81d000 JavaThread "Finalizer" daemon [_thread_blocked, id=12035, stack(0x000000011ed11000,0x000000011ee11000)]
  0x00007fe07b809800 JavaThread "Reference Handler" daemon [_thread_blocked, id=11523, stack(0x000000011ec0e000,0x000000011ed0e000)]

Other Threads:
  0x00007fe07b00f000 VMThread [stack: 0x000000011eb0b000,0x000000011ec0b000] [id=11011]
  0x00007fe07a04b000 WatcherThread [stack: 0x0000000120c34000,0x0000000120d34000] [id=18947]

VM state:not at safepoint (normal execution)

VM Mutex/Monitor currently owned by a thread: None

Heap:
 PSYoungGen      total 146432K, used 118557K [0x0000000795580000, 0x00000007a4680000, 0x00000007c0000000)
  eden space 133120K, 89% used [0x0000000795580000,0x000000079c9474c0,0x000000079d780000)
  from space 13312K, 0% used [0x000000079d780000,0x000000079d780000,0x000000079e480000)
  to   space 16896K, 0% used [0x00000007a3600000,0x00000007a3600000,0x00000007a4680000)
 ParOldGen       total 70144K, used 21351K [0x0000000740000000, 0x0000000744480000, 0x0000000795580000)
  object space 70144K, 30% used [0x0000000740000000,0x00000007414d9c90,0x0000000744480000)
 Metaspace       used 31561K, capacity 31940K, committed 32256K, reserved 1077248K
  class space    used 4114K, capacity 4243K, committed 4352K, reserved 1048576K

Card table byte_map: [0x0000000118184000,0x0000000118585000] byte_map_base: 0x0000000114784000

Marking Bits: (ParMarkBitMap*) 0x00000001086e3ea0
 Begin Bits: [0x0000000118c3c000, 0x000000011ac3c000)
 End Bits:   [0x000000011ac3c000, 0x000000011cc3c000)

Polling page: 0x00000001075e0000

CodeCache: size=245760Kb used=7925Kb max_used=8052Kb free=237834Kb
 bounds [0x0000000108dc4000, 0x00000001095b4000, 0x0000000117dc4000]
 total_blobs=3114 nmethods=2642 adapters=385
 compilation: enabled

Compilation events (10 events):
Event: 734.502 Thread 0x00007fe07a80b000 nmethod 3016 0x000000010912e4d0 code [0x000000010912e660, 0x000000010912ea58]
Event: 744.503 Thread 0x00007fe07a80b000 3017       3       com.mongodb.event.ClusterEvent::<init> (10 bytes)
Event: 744.503 Thread 0x00007fe07a822800 3018       4       java.nio.Bits::makeInt (29 bytes)
Event: 744.503 Thread 0x00007fe07a80b000 nmethod 3017 0x000000010912e010 code [0x000000010912e180, 0x000000010912e350]
Event: 744.503 Thread 0x00007fe07b024800 3019       4       java.util.ArrayList::listIterator (10 bytes)
Event: 744.503 Thread 0x00007fe07a822800 nmethod 3018 0x0000000108ee5610 code [0x0000000108ee5740, 0x0000000108ee5798]
Event: 744.504 Thread 0x00007fe07b024800 nmethod 3019 0x0000000109041490 code [0x00000001090415e0, 0x00000001090416d8]
Event: 746.805 Thread 0x00007fe07a80b000 3021  s    3       java.util.Hashtable::containsKey (65 bytes)
Event: 746.806 Thread 0x00007fe07a80b000 nmethod 3021 0x00000001093ccd50 code [0x00000001093ccf00, 0x00000001093cd538]
Event: 746.806 Thread 0x00007fe07a80b000 3020       3       java.util.logging.LogManager$LoggerContext::ensureDefaultLogger (70 bytes)

GC Heap History (10 events):
Event: 5.026 GC heap before
{Heap before GC invocations=6 (full 0):
 PSYoungGen      total 38400K, used 38368K [0x0000000795580000, 0x000000079ab80000, 0x00000007c0000000)
  eden space 33280K, 100% used [0x0000000795580000,0x0000000797600000,0x0000000797600000)
  from space 5120K, 99% used [0x0000000797600000,0x0000000797af8020,0x0000000797b00000)
  to   space 10752K, 0% used [0x000000079a100000,0x000000079a100000,0x000000079ab80000)
 ParOldGen       total 87552K, used 22390K [0x0000000740000000, 0x0000000745580000, 0x0000000795580000)
  object space 87552K, 25% used [0x0000000740000000,0x00000007415ddb28,0x0000000745580000)
 Metaspace       used 19522K, capacity 19752K, committed 19968K, reserved 1067008K
  class space    used 2458K, capacity 2531K, committed 2560K, reserved 1048576K
Event: 5.043 GC heap after
Heap after GC invocations=6 (full 0):
 PSYoungGen      total 77312K, used 9803K [0x0000000795580000, 0x000000079ab80000, 0x00000007c0000000)
  eden space 66560K, 0% used [0x0000000795580000,0x0000000795580000,0x0000000799680000)
  from space 10752K, 91% used [0x000000079a100000,0x000000079aa92f28,0x000000079ab80000)
  to   space 10752K, 0% used [0x0000000799680000,0x0000000799680000,0x000000079a100000)
 ParOldGen       total 87552K, used 22390K [0x0000000740000000, 0x0000000745580000, 0x0000000795580000)
  object space 87552K, 25% used [0x0000000740000000,0x00000007415ddb28,0x0000000745580000)
 Metaspace       used 19522K, capacity 19752K, committed 19968K, reserved 1067008K
  class space    used 2458K, capacity 2531K, committed 2560K, reserved 1048576K
}
Event: 5.509 GC heap before
{Heap before GC invocations=7 (full 0):
 PSYoungGen      total 77312K, used 76363K [0x0000000795580000, 0x000000079ab80000, 0x00000007c0000000)
  eden space 66560K, 100% used [0x0000000795580000,0x0000000799680000,0x0000000799680000)
  from space 10752K, 91% used [0x000000079a100000,0x000000079aa92f28,0x000000079ab80000)
  to   space 10752K, 0% used [0x0000000799680000,0x0000000799680000,0x000000079a100000)
 ParOldGen       total 87552K, used 22390K [0x0000000740000000, 0x0000000745580000, 0x0000000795580000)
  object space 87552K, 25% used [0x0000000740000000,0x00000007415ddb28,0x0000000745580000)
 Metaspace       used 19523K, capacity 19752K, committed 19968K, reserved 1067008K
  class space    used 2458K, capacity 2531K, committed 2560K, reserved 1048576K
Event: 5.526 GC heap after
Heap after GC invocations=7 (full 0):
 PSYoungGen      total 77312K, used 10742K [0x0000000795580000, 0x000000079f180000, 0x00000007c0000000)
  eden space 66560K, 0% used [0x0000000795580000,0x0000000795580000,0x0000000799680000)
  from space 10752K, 99% used [0x0000000799680000,0x000000079a0fd8f0,0x000000079a100000)
  to   space 13312K, 0% used [0x000000079e480000,0x000000079e480000,0x000000079f180000)
 ParOldGen       total 87552K, used 26617K [0x0000000740000000, 0x0000000745580000, 0x0000000795580000)
  object space 87552K, 30% used [0x0000000740000000,0x00000007419fe6b0,0x0000000745580000)
 Metaspace       used 19523K, capacity 19752K, committed 19968K, reserved 1067008K
  class space    used 2458K, capacity 2531K, committed 2560K, reserved 1048576K
}
Event: 5.919 GC heap before
{Heap before GC invocations=8 (full 0):
 PSYoungGen      total 77312K, used 77302K [0x0000000795580000, 0x000000079f180000, 0x00000007c0000000)
  eden space 66560K, 100% used [0x0000000795580000,0x0000000799680000,0x0000000799680000)
  from space 10752K, 99% used [0x0000000799680000,0x000000079a0fd8f0,0x000000079a100000)
  to   space 13312K, 0% used [0x000000079e480000,0x000000079e480000,0x000000079f180000)
 ParOldGen       total 87552K, used 26617K [0x0000000740000000, 0x0000000745580000, 0x0000000795580000)
  object space 87552K, 30% used [0x0000000740000000,0x00000007419fe6b0,0x0000000745580000)
 Metaspace       used 19523K, capacity 19752K, committed 19968K, reserved 1067008K
  class space    used 2458K, capacity 2531K, committed 2560K, reserved 1048576K
Event: 5.931 GC heap after
Heap after GC invocations=8 (full 0):
 PSYoungGen      total 146432K, used 11003K [0x0000000795580000, 0x000000079f180000, 0x00000007c0000000)
  eden space 133120K, 0% used [0x0000000795580000,0x0000000795580000,0x000000079d780000)
  from space 13312K, 82% used [0x000000079e480000,0x000000079ef3eeb0,0x000000079f180000)
  to   space 13312K, 0% used [0x000000079d780000,0x000000079d780000,0x000000079e480000)
 ParOldGen       total 87552K, used 27345K [0x0000000740000000, 0x0000000745580000, 0x0000000795580000)
  object space 87552K, 31% used [0x0000000740000000,0x0000000741ab46b0,0x0000000745580000)
 Metaspace       used 19523K, capacity 19752K, committed 19968K, reserved 1067008K
  class space    used 2458K, capacity 2531K, committed 2560K, reserved 1048576K
}
Event: 7.531 GC heap before
{Heap before GC invocations=9 (full 0):
 PSYoungGen      total 146432K, used 139681K [0x0000000795580000, 0x000000079f180000, 0x00000007c0000000)
  eden space 133120K, 96% used [0x0000000795580000,0x000000079d329850,0x000000079d780000)
  from space 13312K, 82% used [0x000000079e480000,0x000000079ef3eeb0,0x000000079f180000)
  to   space 13312K, 0% used [0x000000079d780000,0x000000079d780000,0x000000079e480000)
 ParOldGen       total 87552K, used 27345K [0x0000000740000000, 0x0000000745580000, 0x0000000795580000)
  object space 87552K, 31% used [0x0000000740000000,0x0000000741ab46b0,0x0000000745580000)
 Metaspace       used 20907K, capacity 21070K, committed 21248K, reserved 1067008K
  class space    used 2645K, capacity 2692K, committed 2816K, reserved 1048576K
Event: 7.554 GC heap after
Heap after GC invocations=9 (full 0):
 PSYoungGen      total 146432K, used 13287K [0x0000000795580000, 0x00000007a4680000, 0x00000007c0000000)
  eden space 133120K, 0% used [0x0000000795580000,0x0000000795580000,0x000000079d780000)
  from space 13312K, 99% used [0x000000079d780000,0x000000079e479d90,0x000000079e480000)
  to   space 16896K, 0% used [0x00000007a3600000,0x00000007a3600000,0x00000007a4680000)
 ParOldGen       total 87552K, used 34016K [0x0000000740000000, 0x0000000745580000, 0x0000000795580000)
  object space 87552K, 38% used [0x0000000740000000,0x00000007421381d8,0x0000000745580000)
 Metaspace       used 20907K, capacity 21070K, committed 21248K, reserved 1067008K
  class space    used 2645K, capacity 2692K, committed 2816K, reserved 1048576K
}
Event: 7.554 GC heap before
{Heap before GC invocations=10 (full 1):
 PSYoungGen      total 146432K, used 13287K [0x0000000795580000, 0x00000007a4680000, 0x00000007c0000000)
  eden space 133120K, 0% used [0x0000000795580000,0x0000000795580000,0x000000079d780000)
  from space 13312K, 99% used [0x000000079d780000,0x000000079e479d90,0x000000079e480000)
  to   space 16896K, 0% used [0x00000007a3600000,0x00000007a3600000,0x00000007a4680000)
 ParOldGen       total 87552K, used 34016K [0x0000000740000000, 0x0000000745580000, 0x0000000795580000)
  object space 87552K, 38% used [0x0000000740000000,0x00000007421381d8,0x0000000745580000)
 Metaspace       used 20907K, capacity 21070K, committed 21248K, reserved 1067008K
  class space    used 2645K, capacity 2692K, committed 2816K, reserved 1048576K
Event: 7.623 GC heap after
Heap after GC invocations=10 (full 1):
 PSYoungGen      total 146432K, used 0K [0x0000000795580000, 0x00000007a4680000, 0x00000007c0000000)
  eden space 133120K, 0% used [0x0000000795580000,0x0000000795580000,0x000000079d780000)
  from space 13312K, 0% used [0x000000079d780000,0x000000079d780000,0x000000079e480000)
  to   space 16896K, 0% used [0x00000007a3600000,0x00000007a3600000,0x00000007a4680000)
 ParOldGen       total 70144K, used 21351K [0x0000000740000000, 0x0000000744480000, 0x0000000795580000)
  object space 70144K, 30% used [0x0000000740000000,0x00000007414d9c90,0x0000000744480000)
 Metaspace       used 20907K, capacity 21070K, committed 21248K, reserved 1067008K
  class space    used 2645K, capacity 2692K, committed 2816K, reserved 1048576K
}

Deoptimization events (10 events):
Event: 14.104 Thread 0x00007fe07aeed000 Uncommon trap: reason=bimorphic action=maybe_recompile pc=0x000000010934183c method=java.util.regex.Pattern$Slice.match(Ljava/util/regex/Matcher;ILjava/lang/CharSequence;)Z @ 75
Event: 14.369 Thread 0x00007fe07b2bc800 Uncommon trap: reason=unstable_if action=reinterpret pc=0x0000000108f61ee0 method=java.lang.CharacterDataLatin1.digit(II)I @ 82
Event: 14.380 Thread 0x00007fe07b2bc800 Uncommon trap: reason=bimorphic action=maybe_recompile pc=0x0000000109376a30 method=java.security.MessageDigest$Delegate.engineUpdate([BII)V @ 7
Event: 14.380 Thread 0x00007fe07b2bc800 Uncommon trap: reason=class_check action=maybe_recompile pc=0x00000001093435f0 method=sun.security.provider.DigestBase.engineDigest([BII)I @ 97
Event: 14.486 Thread 0x00007fe07b2bc800 Uncommon trap: reason=unstable_if action=reinterpret pc=0x0000000108ff1318 method=com.sun.crypto.provider.PBKDF2KeyImpl.deriveKey(Ljavax/crypto/Mac;[B[BII)[B @ 172
Event: 14.716 Thread 0x00007fe07bb12800 Uncommon trap: reason=unstable_if action=reinterpret pc=0x00000001093d714c method=java.util.HashMap$HashIterator.<init>(Ljava/util/HashMap;)V @ 45
Event: 41.022 Thread 0x00007fe07a3e4000 Uncommon trap: reason=unstable_if action=reinterpret pc=0x0000000108f623dc method=java.lang.CharacterDataLatin1.digit(II)I @ 82
Event: 41.023 Thread 0x00007fe07a3e4000 Uncommon trap: reason=bimorphic action=maybe_recompile pc=0x000000010934183c method=java.util.regex.Pattern$Slice.match(Ljava/util/regex/Matcher;ILjava/lang/CharSequence;)Z @ 75
Event: 41.063 Thread 0x00007fe07bb12800 Uncommon trap: reason=unstable_if action=reinterpret pc=0x0000000109165678 method=java.util.HashMap$HashIterator.<init>(Ljava/util/HashMap;)V @ 45
Event: 69.954 Thread 0x00007fe07b2bc800 Uncommon trap: reason=bimorphic action=maybe_recompile pc=0x000000010934183c method=java.util.regex.Pattern$Slice.match(Ljava/util/regex/Matcher;ILjava/lang/CharSequence;)Z @ 75

Internal exceptions (10 events):
Event: 1.972 Thread 0x00007fe07a009000 Exception <a 'java/lang/ArrayIndexOutOfBoundsException': 65> (0x000000079596bba8) thrown at [/Users/java_re/workspace/8-2-build-macosx-x86_64/jdk8u71/5731/hotspot/src/share/vm/interpreter/interpreterRuntime.cpp, line 366]
Event: 1.972 Thread 0x00007fe07a009000 Exception <a 'java/lang/ArrayIndexOutOfBoundsException': 79> (0x000000079596d290) thrown at [/Users/java_re/workspace/8-2-build-macosx-x86_64/jdk8u71/5731/hotspot/src/share/vm/interpreter/interpreterRuntime.cpp, line 366]
Event: 1.972 Thread 0x00007fe07a009000 Exception <a 'java/lang/ArrayIndexOutOfBoundsException': 67> (0x000000079596e490) thrown at [/Users/java_re/workspace/8-2-build-macosx-x86_64/jdk8u71/5731/hotspot/src/share/vm/interpreter/interpreterRuntime.cpp, line 366]
Event: 1.973 Thread 0x00007fe07a009000 Exception <a 'java/lang/ArrayIndexOutOfBoundsException': 40> (0x000000079596f540) thrown at [/Users/java_re/workspace/8-2-build-macosx-x86_64/jdk8u71/5731/hotspot/src/share/vm/interpreter/interpreterRuntime.cpp, line 366]
Event: 2.349 Thread 0x00007fe07a009000 Implicit null exception at 0x0000000109002435 to 0x00000001090027a1
Event: 2.350 Thread 0x00007fe07a009000 Implicit null exception at 0x0000000108fb7875 to 0x0000000108fb7bf9
Event: 3.491 Thread 0x00007fe07a009000 Exception <a 'java/lang/NoSuchFieldError': method resolution failed> (0x00000007975b2a60) thrown at [/Users/java_re/workspace/8-2-build-macosx-x86_64/jdk8u71/5731/hotspot/src/share/vm/prims/methodHandles.cpp, line 1146]
Event: 3.494 Thread 0x00007fe07a009000 Exception <a 'java/lang/NoSuchFieldError': method resolution failed> (0x00000007975c0120) thrown at [/Users/java_re/workspace/8-2-build-macosx-x86_64/jdk8u71/5731/hotspot/src/share/vm/prims/methodHandles.cpp, line 1146]
Event: 13.888 Thread 0x00007fe07aeed000 Implicit null exception at 0x0000000109307afd to 0x0000000109308165
Event: 746.806 Thread 0x00007fe07b443000 Exception <a 'java/io/IOException'> (0x0000000798303e30) thrown at [/Users/java_re/workspace/8-2-build-macosx-x86_64/jdk8u71/5731/hotspot/src/share/vm/prims/jni.cpp, line 709]

Events (10 events):
Event: 744.504 Thread 0x00007fe07a822800 flushing nmethod 0x00000001093ccb50
Event: 746.804 loading class sun/misc/Signal$1
Event: 746.804 loading class sun/misc/Signal$1 done
Event: 746.804 Thread 0x00007fe07cb33000 Thread added: 0x00007fe07cb33000
Event: 746.804 Thread 0x00007fe07cb34000 Thread added: 0x00007fe07cb34000
Event: 746.805 Thread 0x00007fe07cb34800 Thread added: 0x00007fe07cb34800
Event: 746.806 Thread 0x00007fe07cb34000 Thread exited: 0x00007fe07cb34000
Event: 746.806 Thread 0x00007fe07a80b000 flushing nmethod 0x00000001094ab390
Event: 746.807 loading class org/eclipse/jetty/util/FutureCallback
Event: 746.807 loading class org/eclipse/jetty/util/FutureCallback done


Dynamic libraries:
0x0000000002a9a000 	/System/Library/Frameworks/Cocoa.framework/Versions/A/Cocoa
0x0000000002a9a000 	/System/Library/Frameworks/Security.framework/Versions/A/Security
0x0000000002a9a000 	/System/Library/Frameworks/ApplicationServices.framework/Versions/A/ApplicationServices
0x0000000002a9a000 	/usr/lib/libz.1.dylib
0x0000000002a9a000 	/usr/lib/libSystem.B.dylib
0x0000000002a9a000 	/usr/lib/libobjc.A.dylib
0x0000000002a9a000 	/System/Library/Frameworks/CoreFoundation.framework/Versions/A/CoreFoundation
0x0000000002a9a000 	/System/Library/Frameworks/Foundation.framework/Versions/C/Foundation
0x0000000002a9a000 	/System/Library/Frameworks/AppKit.framework/Versions/C/AppKit
0x0000000002a9a000 	/System/Library/Frameworks/CoreData.framework/Versions/A/CoreData
0x0000000002a9a000 	/System/Library/PrivateFrameworks/RemoteViewServices.framework/Versions/A/RemoteViewServices
0x0000000002a9a000 	/System/Library/PrivateFrameworks/UIFoundation.framework/Versions/A/UIFoundation
0x0000000002a9a000 	/System/Library/Frameworks/IOSurface.framework/Versions/A/IOSurface
0x0000000002a9a000 	/System/Library/Frameworks/AudioToolbox.framework/Versions/A/AudioToolbox
0x0000000002a9a000 	/System/Library/Frameworks/AudioUnit.framework/Versions/A/AudioUnit
0x0000000002a9a000 	/System/Library/PrivateFrameworks/DataDetectorsCore.framework/Versions/A/DataDetectorsCore
0x0000000002a9a000 	/System/Library/PrivateFrameworks/DesktopServicesPriv.framework/Versions/A/DesktopServicesPriv
0x0000000002a9a000 	/System/Library/Frameworks/Carbon.framework/Versions/A/Frameworks/HIToolbox.framework/Versions/A/HIToolbox
0x0000000002a9a000 	/System/Library/Frameworks/QuartzCore.framework/Versions/A/QuartzCore
0x0000000002a9a000 	/System/Library/Frameworks/Carbon.framework/Versions/A/Frameworks/SpeechRecognition.framework/Versions/A/SpeechRecognition
0x0000000002a9a000 	/usr/lib/libauto.dylib
0x0000000002a9a000 	/usr/lib/libicucore.A.dylib
0x0000000002a9a000 	/usr/lib/libxml2.2.dylib
0x0000000002a9a000 	/System/Library/PrivateFrameworks/CoreUI.framework/Versions/A/CoreUI
0x0000000002a9a000 	/System/Library/Frameworks/CoreAudio.framework/Versions/A/CoreAudio
0x0000000002a9a000 	/System/Library/Frameworks/DiskArbitration.framework/Versions/A/DiskArbitration
0x0000000002a9a000 	/usr/lib/liblangid.dylib
0x0000000002a9a000 	/System/Library/PrivateFrameworks/MultitouchSupport.framework/Versions/A/MultitouchSupport
0x0000000002a9a000 	/System/Library/Frameworks/IOKit.framework/Versions/A/IOKit
0x0000000002a9a000 	/usr/lib/libDiagnosticMessagesClient.dylib
0x0000000002a9a000 	/System/Library/Frameworks/CoreServices.framework/Versions/A/CoreServices
0x0000000002a9a000 	/System/Library/PrivateFrameworks/PerformanceAnalysis.framework/Versions/A/PerformanceAnalysis
0x0000000002a9a000 	/System/Library/PrivateFrameworks/GenerationalStorage.framework/Versions/A/GenerationalStorage
0x0000000002a9a000 	/System/Library/Frameworks/OpenGL.framework/Versions/A/OpenGL
0x0000000002a9a000 	/System/Library/PrivateFrameworks/Sharing.framework/Versions/A/Sharing
0x0000000002a9a000 	/System/Library/Frameworks/CoreGraphics.framework/Versions/A/CoreGraphics
0x0000000002a9a000 	/System/Library/Frameworks/CoreText.framework/Versions/A/CoreText
0x0000000002a9a000 	/System/Library/Frameworks/ImageIO.framework/Versions/A/ImageIO
0x0000000002a9a000 	/usr/lib/libextension.dylib
0x0000000002a9a000 	/System/Library/PrivateFrameworks/Backup.framework/Versions/A/Backup
0x0000000002a9a000 	/usr/lib/libarchive.2.dylib
0x0000000002a9a000 	/System/Library/Frameworks/CFNetwork.framework/Versions/A/CFNetwork
0x0000000002a9a000 	/System/Library/Frameworks/SystemConfiguration.framework/Versions/A/SystemConfiguration
0x0000000002a9a000 	/usr/lib/libCRFSuite.dylib
0x0000000002a9a000 	/usr/lib/libc++.1.dylib
0x0000000002a9a000 	/usr/lib/libc++abi.dylib
0x0000000002a9a000 	/usr/lib/system/libcache.dylib
0x0000000002a9a000 	/usr/lib/system/libcommonCrypto.dylib
0x0000000002a9a000 	/usr/lib/system/libcompiler_rt.dylib
0x0000000002a9a000 	/usr/lib/system/libcopyfile.dylib
0x0000000002a9a000 	/usr/lib/system/libcorecrypto.dylib
0x0000000002a9a000 	/usr/lib/system/libdispatch.dylib
0x0000000002a9a000 	/usr/lib/system/libdyld.dylib
0x0000000002a9a000 	/usr/lib/system/libkeymgr.dylib
0x0000000002a9a000 	/usr/lib/system/liblaunch.dylib
0x0000000002a9a000 	/usr/lib/system/libmacho.dylib
0x0000000002a9a000 	/usr/lib/system/libquarantine.dylib
0x0000000002a9a000 	/usr/lib/system/libremovefile.dylib
0x0000000002a9a000 	/usr/lib/system/libsystem_asl.dylib
0x0000000002a9a000 	/usr/lib/system/libsystem_blocks.dylib
0x0000000002a9a000 	/usr/lib/system/libsystem_c.dylib
0x0000000002a9a000 	/usr/lib/system/libsystem_configuration.dylib
0x0000000002a9a000 	/usr/lib/system/libsystem_coreservices.dylib
0x0000000002a9a000 	/usr/lib/system/libsystem_coretls.dylib
0x0000000002a9a000 	/usr/lib/system/libsystem_dnssd.dylib
0x0000000002a9a000 	/usr/lib/system/libsystem_info.dylib
0x0000000002a9a000 	/usr/lib/system/libsystem_kernel.dylib
0x0000000002a9a000 	/usr/lib/system/libsystem_m.dylib
0x0000000002a9a000 	/usr/lib/system/libsystem_malloc.dylib
0x0000000002a9a000 	/usr/lib/system/libsystem_network.dylib
0x0000000002a9a000 	/usr/lib/system/libsystem_networkextension.dylib
0x0000000002a9a000 	/usr/lib/system/libsystem_notify.dylib
0x0000000002a9a000 	/usr/lib/system/libsystem_platform.dylib
0x0000000002a9a000 	/usr/lib/system/libsystem_pthread.dylib
0x0000000002a9a000 	/usr/lib/system/libsystem_sandbox.dylib
0x0000000002a9a000 	/usr/lib/system/libsystem_secinit.dylib
0x0000000002a9a000 	/usr/lib/system/libsystem_stats.dylib
0x0000000002a9a000 	/usr/lib/system/libsystem_trace.dylib
0x0000000002a9a000 	/usr/lib/system/libunc.dylib
0x0000000002a9a000 	/usr/lib/system/libunwind.dylib
0x0000000002a9a000 	/usr/lib/system/libxpc.dylib
0x0000000002a9a000 	/usr/lib/libbz2.1.0.dylib
0x0000000002a9a000 	/usr/lib/liblzma.5.dylib
0x0000000002a9a000 	/usr/lib/libbsm.0.dylib
0x0000000002a9a000 	/usr/lib/libsqlite3.dylib
0x0000000002a9a000 	/usr/lib/system/libkxld.dylib
0x0000000002a9a000 	/usr/lib/libxar.1.dylib
0x0000000002a9a000 	/usr/lib/libpam.2.dylib
0x0000000002a9a000 	/usr/lib/libOpenScriptingUtil.dylib
0x0000000002a9a000 	/System/Library/Frameworks/CoreServices.framework/Versions/A/Frameworks/FSEvents.framework/Versions/A/FSEvents
0x0000000002a9a000 	/System/Library/Frameworks/CoreServices.framework/Versions/A/Frameworks/CarbonCore.framework/Versions/A/CarbonCore
0x0000000002a9a000 	/System/Library/Frameworks/CoreServices.framework/Versions/A/Frameworks/Metadata.framework/Versions/A/Metadata
0x0000000002a9a000 	/System/Library/Frameworks/CoreServices.framework/Versions/A/Frameworks/OSServices.framework/Versions/A/OSServices
0x0000000002a9a000 	/System/Library/Frameworks/CoreServices.framework/Versions/A/Frameworks/SearchKit.framework/Versions/A/SearchKit
0x0000000002a9a000 	/System/Library/Frameworks/CoreServices.framework/Versions/A/Frameworks/AE.framework/Versions/A/AE
0x0000000002a9a000 	/System/Library/Frameworks/CoreServices.framework/Versions/A/Frameworks/LaunchServices.framework/Versions/A/LaunchServices
0x0000000002a9a000 	/System/Library/Frameworks/CoreServices.framework/Versions/A/Frameworks/DictionaryServices.framework/Versions/A/DictionaryServices
0x0000000002a9a000 	/System/Library/Frameworks/NetFS.framework/Versions/A/NetFS
0x0000000002a9a000 	/System/Library/PrivateFrameworks/NetAuth.framework/Versions/A/NetAuth
0x0000000002a9a000 	/System/Library/PrivateFrameworks/login.framework/Versions/A/Frameworks/loginsupport.framework/Versions/A/loginsupport
0x0000000002a9a000 	/System/Library/PrivateFrameworks/TCC.framework/Versions/A/TCC
0x0000000002a9a000 	/usr/lib/libmecabra.dylib
0x0000000002a9a000 	/System/Library/Frameworks/ApplicationServices.framework/Versions/A/Frameworks/ATS.framework/Versions/A/ATS
0x0000000002a9a000 	/System/Library/Frameworks/ApplicationServices.framework/Versions/A/Frameworks/ColorSync.framework/Versions/A/ColorSync
0x0000000002a9a000 	/System/Library/Frameworks/ApplicationServices.framework/Versions/A/Frameworks/HIServices.framework/Versions/A/HIServices
0x0000000002a9a000 	/System/Library/Frameworks/ApplicationServices.framework/Versions/A/Frameworks/LangAnalysis.framework/Versions/A/LangAnalysis
0x0000000002a9a000 	/System/Library/Frameworks/ApplicationServices.framework/Versions/A/Frameworks/PrintCore.framework/Versions/A/PrintCore
0x0000000002a9a000 	/System/Library/Frameworks/ApplicationServices.framework/Versions/A/Frameworks/QD.framework/Versions/A/QD
0x0000000002a9a000 	/System/Library/Frameworks/ApplicationServices.framework/Versions/A/Frameworks/SpeechSynthesis.framework/Versions/A/SpeechSynthesis
0x0000000002a9a000 	/System/Library/Frameworks/Accelerate.framework/Versions/A/Accelerate
0x0000000002a9a000 	/System/Library/Frameworks/Accelerate.framework/Versions/A/Frameworks/vImage.framework/Versions/A/vImage
0x0000000002a9a000 	/System/Library/Frameworks/Accelerate.framework/Versions/A/Frameworks/vecLib.framework/Versions/A/vecLib
0x0000000002a9a000 	/System/Library/Frameworks/Accelerate.framework/Versions/A/Frameworks/vecLib.framework/Versions/A/libvDSP.dylib
0x0000000002a9a000 	/System/Library/Frameworks/Accelerate.framework/Versions/A/Frameworks/vecLib.framework/Versions/A/libvMisc.dylib
0x0000000002a9a000 	/System/Library/Frameworks/Accelerate.framework/Versions/A/Frameworks/vecLib.framework/Versions/A/libLAPACK.dylib
0x0000000002a9a000 	/System/Library/Frameworks/Accelerate.framework/Versions/A/Frameworks/vecLib.framework/Versions/A/libBLAS.dylib
0x0000000002a9a000 	/System/Library/Frameworks/Accelerate.framework/Versions/A/Frameworks/vecLib.framework/Versions/A/libLinearAlgebra.dylib
0x0000000002a9a000 	/System/Library/Frameworks/ApplicationServices.framework/Versions/A/Frameworks/ATS.framework/Versions/A/Resources/libFontParser.dylib
0x0000000002a9a000 	/System/Library/Frameworks/ApplicationServices.framework/Versions/A/Frameworks/ATS.framework/Versions/A/Resources/libFontRegistry.dylib
0x0000000002a9a000 	/System/Library/PrivateFrameworks/AppleVPA.framework/Versions/A/AppleVPA
0x0000000002a9a000 	/System/Library/PrivateFrameworks/AppleJPEG.framework/Versions/A/AppleJPEG
0x0000000002a9a000 	/System/Library/Frameworks/ImageIO.framework/Versions/A/Resources/libJPEG.dylib
0x0000000002a9a000 	/System/Library/Frameworks/ImageIO.framework/Versions/A/Resources/libTIFF.dylib
0x0000000002a9a000 	/System/Library/Frameworks/ImageIO.framework/Versions/A/Resources/libPng.dylib
0x0000000002a9a000 	/System/Library/Frameworks/ImageIO.framework/Versions/A/Resources/libGIF.dylib
0x0000000002a9a000 	/System/Library/Frameworks/ImageIO.framework/Versions/A/Resources/libJP2.dylib
0x0000000002a9a000 	/System/Library/Frameworks/ImageIO.framework/Versions/A/Resources/libRadiance.dylib
0x0000000002a9a000 	/System/Library/Frameworks/CoreVideo.framework/Versions/A/CoreVideo
0x0000000002a9a000 	/System/Library/Frameworks/OpenGL.framework/Versions/A/Libraries/libGLU.dylib
0x0000000002a9a000 	/System/Library/Frameworks/OpenGL.framework/Versions/A/Libraries/libGFXShared.dylib
0x0000000002a9a000 	/System/Library/Frameworks/OpenGL.framework/Versions/A/Libraries/libGL.dylib
0x0000000002a9a000 	/System/Library/Frameworks/OpenGL.framework/Versions/A/Libraries/libGLImage.dylib
0x0000000002a9a000 	/System/Library/Frameworks/OpenGL.framework/Versions/A/Libraries/libCVMSPluginSupport.dylib
0x0000000002a9a000 	/System/Library/Frameworks/OpenGL.framework/Versions/A/Libraries/libCoreVMClient.dylib
0x0000000002a9a000 	/usr/lib/libcups.2.dylib
0x0000000002a9a000 	/System/Library/Frameworks/Kerberos.framework/Versions/A/Kerberos
0x0000000002a9a000 	/System/Library/Frameworks/GSS.framework/Versions/A/GSS
0x0000000002a9a000 	/usr/lib/libresolv.9.dylib
0x0000000002a9a000 	/usr/lib/libiconv.2.dylib
0x0000000002a9a000 	/System/Library/PrivateFrameworks/Heimdal.framework/Versions/A/Heimdal
0x0000000002a9a000 	/usr/lib/libheimdal-asn1.dylib
0x0000000002a9a000 	/System/Library/Frameworks/OpenDirectory.framework/Versions/A/OpenDirectory
0x0000000002a9a000 	/System/Library/PrivateFrameworks/CommonAuth.framework/Versions/A/CommonAuth
0x0000000002a9a000 	/System/Library/Frameworks/OpenDirectory.framework/Versions/A/Frameworks/CFOpenDirectory.framework/Versions/A/CFOpenDirectory
0x0000000002a9a000 	/System/Library/Frameworks/SecurityFoundation.framework/Versions/A/SecurityFoundation
0x0000000002a9a000 	/System/Library/PrivateFrameworks/LanguageModeling.framework/Versions/A/LanguageModeling
0x0000000002a9a000 	/usr/lib/libcmph.dylib
0x0000000002a9a000 	/System/Library/Frameworks/ServiceManagement.framework/Versions/A/ServiceManagement
0x0000000002a9a000 	/usr/lib/libxslt.1.dylib
0x0000000002a9a000 	/System/Library/Frameworks/Carbon.framework/Versions/A/Frameworks/Ink.framework/Versions/A/Ink
0x0000000002a9a000 	/System/Library/Frameworks/QuartzCore.framework/Versions/A/Frameworks/CoreImage.framework/Versions/A/CoreImage
0x0000000002a9a000 	/System/Library/PrivateFrameworks/CrashReporterSupport.framework/Versions/A/CrashReporterSupport
0x0000000002a9a000 	/System/Library/Frameworks/OpenCL.framework/Versions/A/OpenCL
0x0000000002a9a000 	/System/Library/PrivateFrameworks/FaceCore.framework/Versions/A/FaceCore
0x0000000002a9a000 	/System/Library/PrivateFrameworks/Ubiquity.framework/Versions/A/Ubiquity
0x0000000002a9a000 	/System/Library/PrivateFrameworks/IconServices.framework/Versions/A/IconServices
0x0000000002a9a000 	/System/Library/PrivateFrameworks/ChunkingLibrary.framework/Versions/A/ChunkingLibrary
0x0000000002a9a000 	/System/Library/PrivateFrameworks/Apple80211.framework/Versions/A/Apple80211
0x0000000002a9a000 	/System/Library/Frameworks/CoreWLAN.framework/Versions/A/CoreWLAN
0x0000000002a9a000 	/System/Library/Frameworks/IOBluetooth.framework/Versions/A/IOBluetooth
0x0000000002a9a000 	/System/Library/PrivateFrameworks/CoreWiFi.framework/Versions/A/CoreWiFi
0x0000000002a9a000 	/System/Library/Frameworks/CoreBluetooth.framework/Versions/A/CoreBluetooth
0x0000000002a9a000 	/System/Library/PrivateFrameworks/DebugSymbols.framework/Versions/A/DebugSymbols
0x0000000002a9a000 	/System/Library/PrivateFrameworks/CoreSymbolication.framework/Versions/A/CoreSymbolication
0x0000000002a9a000 	/System/Library/PrivateFrameworks/Symbolication.framework/Versions/A/Symbolication
0x0000000002a9a000 	/System/Library/PrivateFrameworks/SpeechRecognitionCore.framework/Versions/A/SpeechRecognitionCore
0x0000000107e00000 	/Library/Java/JavaVirtualMachines/jdk1.8.0_71.jdk/Contents/Home/jre/lib/server/libjvm.dylib
0x0000000002a9a000 	/usr/lib/libstdc++.6.dylib
0x00000001075d2000 	/Library/Java/JavaVirtualMachines/jdk1.8.0_71.jdk/Contents/Home/jre/lib/libverify.dylib
0x0000000108d8f000 	/Library/Java/JavaVirtualMachines/jdk1.8.0_71.jdk/Contents/Home/jre/lib/libjava.dylib
0x00000001075ea000 	/Library/Java/JavaVirtualMachines/jdk1.8.0_71.jdk/Contents/Home/jre/lib/libzip.dylib
0x000000011ee13000 	/System/Library/Frameworks/JavaVM.framework/Frameworks/JavaRuntimeSupport.framework/JavaRuntimeSupport
0x000000011ee29000 	/System/Library/Frameworks/JavaVM.framework/Versions/A/Frameworks/JavaNativeFoundation.framework/Versions/A/JavaNativeFoundation
0x00000001075f3000 	/System/Library/Frameworks/JavaVM.framework/Versions/A/JavaVM
0x0000000002a9a000 	/System/Library/Frameworks/Carbon.framework/Versions/A/Carbon
0x000000011ee3d000 	/System/Library/PrivateFrameworks/JavaLaunching.framework/Versions/A/JavaLaunching
0x0000000002a9a000 	/System/Library/Frameworks/Carbon.framework/Versions/A/Frameworks/CommonPanels.framework/Versions/A/CommonPanels
0x0000000002a9a000 	/System/Library/Frameworks/Carbon.framework/Versions/A/Frameworks/Help.framework/Versions/A/Help
0x0000000002a9a000 	/System/Library/Frameworks/Carbon.framework/Versions/A/Frameworks/ImageCapture.framework/Versions/A/ImageCapture
0x0000000002a9a000 	/System/Library/Frameworks/Carbon.framework/Versions/A/Frameworks/OpenScripting.framework/Versions/A/OpenScripting
0x0000000002a9a000 	/System/Library/Frameworks/Carbon.framework/Versions/A/Frameworks/Print.framework/Versions/A/Print
0x0000000002a9a000 	/System/Library/Frameworks/Carbon.framework/Versions/A/Frameworks/SecurityHI.framework/Versions/A/SecurityHI
0x0000000120e22000 	/Library/Java/JavaVirtualMachines/jdk1.8.0_71.jdk/Contents/Home/jre/lib/libmanagement.dylib
0x0000000120e30000 	/Library/Java/JavaVirtualMachines/jdk1.8.0_71.jdk/Contents/Home/jre/lib/libnet.dylib
0x0000000120e8f000 	/Library/Java/JavaVirtualMachines/jdk1.8.0_71.jdk/Contents/Home/jre/lib/libnio.dylib
0x0000000121689000 	/Library/Java/JavaVirtualMachines/jdk1.8.0_71.jdk/Contents/Home/jre/lib/libsunec.dylib

VM Arguments:
java_command: AccountMgmtService-1.0-SNAPSHOT.jar server ../config.yml
java_class_path (initial): AccountMgmtService-1.0-SNAPSHOT.jar
Launcher Type: SUN_STANDARD

Environment Variables:
JAVA_HOME=/Library/Java/JavaVirtualMachines/jdk1.8.0_71.jdk/Contents/Home
PATH=/usr/local/bin:/usr/bin:/bin:/usr/sbin:/sbin:/Users/ramans/Downloads/apache-maven-3.3.9/bin:/Users/ramans/hadoop/bin:/Users/ramans/hadoop/sbin
SHELL=/bin/bash

Signal Handlers:
SIGSEGV: [libjvm.dylib+0x5a68c5], sa_mask[0]=11111111011111110111111111111111, sa_flags=SA_ONSTACK|SA_RESTART|SA_SIGINFO
SIGBUS: [libjvm.dylib+0x5a68c5], sa_mask[0]=11111111011111110111111111111111, sa_flags=SA_RESTART|SA_SIGINFO
SIGFPE: [libjvm.dylib+0x4805d4], sa_mask[0]=11111111011111110111111111111111, sa_flags=SA_RESTART|SA_SIGINFO
SIGPIPE: [libjvm.dylib+0x4805d4], sa_mask[0]=11111111011111110111111111111111, sa_flags=SA_RESTART|SA_SIGINFO
SIGXFSZ: [libjvm.dylib+0x4805d4], sa_mask[0]=11111111011111110111111111111111, sa_flags=SA_RESTART|SA_SIGINFO
SIGILL: [libjvm.dylib+0x4805d4], sa_mask[0]=11111111011111110111111111111111, sa_flags=SA_RESTART|SA_SIGINFO
SIGUSR1: SIG_DFL, sa_mask[0]=11011111011111100000000111000110, sa_flags=none
SIGUSR2: [libjvm.dylib+0x4800f2], sa_mask[0]=00000000000000000000000000000000, sa_flags=SA_RESTART|SA_SIGINFO
SIGHUP: [libjvm.dylib+0x47e6c9], sa_mask[0]=11111111011111110111111111111111, sa_flags=SA_RESTART|SA_SIGINFO
SIGINT: [libjvm.dylib+0x47e6c9], sa_mask[0]=11111111011111110111111111111111, sa_flags=SA_RESTART|SA_SIGINFO
SIGTERM: [libjvm.dylib+0x47e6c9], sa_mask[0]=11111111011111110111111111111111, sa_flags=SA_RESTART|SA_SIGINFO
SIGQUIT: [libjvm.dylib+0x47e6c9], sa_mask[0]=11111111011111110111111111111111, sa_flags=SA_RESTART|SA_SIGINFO


---------------  S Y S T E M  ---------------

OS:Bsduname:Darwin 14.5.0 Darwin Kernel Version 14.5.0: Wed Jul 29 02:26:53 PDT 2015; root:xnu-2782.40.9~1/RELEASE_X86_64 x86_64
rlimit: STACK 8192k, CORE 0k, NPROC 709, NOFILE 10240, AS infinity
load average:5.82 5.47 5.15

CPU:total 4 (2 cores per cpu, 2 threads per core) family 6 model 61 stepping 4, cmov, cx8, fxsr, mmx, sse, sse2, sse3, ssse3, sse4.1, sse4.2, popcnt, avx, avx2, aes, clmul, erms, 3dnowpref, lzcnt, ht, tsc, tscinvbit, bmi1, bmi2, adx

Memory: 4k page, physical 8388608k(215892k free)

/proc/meminfo:


vm_info: Java HotSpot(TM) 64-Bit Server VM (25.71-b15) for bsd-amd64 JRE (1.8.0_71-b15), built on Dec 22 2015 15:11:44 by "java_re" with gcc 4.2.1 (Based on Apple Inc. build 5658) (LLVM build 2336.11.00)

time: Sun Aug 20 11:43:49 2017
elapsed time: 746 seconds (0d 0h 12m 26s)

