#
# A fatal error has been detected by the Java Runtime Environment:
#
#  SIGBUS (0xa) at pc=0x000000010dbe2eb9, pid=39055, tid=29199
#
# JRE version: Java(TM) SE Runtime Environment (8.0_71-b15) (build 1.8.0_71-b15)
# Java VM: Java HotSpot(TM) 64-Bit Server VM (25.71-b15 mixed mode bsd-amd64 compressed oops)
# Problematic frame:
# C  [libzip.dylib+0x2eb9]  newEntry+0x154
#
# Failed to write core dump. Core dumps have been disabled. To enable core dumping, try "ulimit -c unlimited" before starting Java again
#
# If you would like to submit a bug report, please visit:
#   http://bugreport.java.com/bugreport/crash.jsp
# The crash happened outside the Java Virtual Machine in native code.
# See problematic frame for where to report the bug.
#

---------------  T H R E A D  ---------------

Current thread (0x00007fe3c4205000):  JavaThread "Thread-11" [_thread_in_native, id=29199, stack(0x0000000128a94000,0x0000000128b94000)]

siginfo: si_signo: 10 (SIGBUS), si_code: 2 (BUS_ADRERR), si_addr: 0x000000012753ca78

Registers:
RAX=0x00007fe3c0c2a220, RBX=0x000000012753ca6c, RCX=0x0000000000000001, RDX=0x0000000000000808
RSP=0x0000000128b91410, RBP=0x0000000128b91470, RSI=0x00007fe3c3100000, RDI=0x000000010d968800
R8 =0x0000000000000004, R9 =0x00000000ffff0000, R10=0x000000010f4e51d8, R11=0xfffffff98e56c356
R12=0x0000000127479000, R13=0x0000000000015570, R14=0x000000009ac6435b, R15=0x00007fe3c30c66d0
RIP=0x000000010dbe2eb9, EFLAGS=0x0000000000010206, ERR=0x0000000000000004
  TRAPNO=0x000000000000000e

Top of Stack: (sp=0x0000000128b91410)
0x0000000128b91410:   0000000000000000 0000000000000000
0x0000000128b91420:   0000000000000000 0000000000000000
0x0000000128b91430:   0000000128b91450 00007fe3c0c2a220
0x0000000128b91440:   00007fe3c318ccb0 00007fe3c0c2a220
0x0000000128b91450:   0000000127479000 0000000000015570
0x0000000128b91460:   000000009ac6435b 00007fe3c30c66d0
0x0000000128b91470:   0000000128b914d0 000000010dbe3554
0x0000000128b91480:   0000000128b9151a 0000000128b91519
0x0000000128b91490:   0000002a00000000 0000002b01205000
0x0000000128b914a0:   0000000128b914ee 0000000128b91938
0x0000000128b914b0:   000000000000002b 0000000128b914ee
0x0000000128b914c0:   00007fe3c0c2a220 00007fe3c42051f8
0x0000000128b914d0:   0000000128b91920 000000010dbe234f
0x0000000128b914e0:   0000000000000000 726f000000000001
0x0000000128b914f0:   7370696c63652f67 2f797474656a2f65
0x0000000128b91500:   7475462f6c697475 626c6c6143657275
0x0000000128b91510:   73616c632e6b6361 0000000000000073
0x0000000128b91520:   0000000000000000 0000000000000000
0x0000000128b91530:   0000000000000000 0000000000000000
0x0000000128b91540:   0000000000000000 000000002a0a0918
0x0000000128b91550:   0000000000000000 0000000000000000
0x0000000128b91560:   0000000000000000 00000000284256b8
0x0000000128b91570:   0000000000000000 0000000000000000
0x0000000128b91580:   0000000028425698 0000000000000000
0x0000000128b91590:   0000000000000000 0000000000000000
0x0000000128b915a0:   0000000000000000 0000000000000000
0x0000000128b915b0:   0000000128b91610 00007fff8bd91b9d
0x0000000128b915c0:   000000002aa60450 0000000128b917a8
0x0000000128b915d0:   0000000000000000 0000000028425678
0x0000000128b915e0:   0000000128b91788 00000000ffffffcd
0x0000000128b915f0:   0000000000000033 0000000128b91788
0x0000000128b91600:   000000010ea0ab9a 00000000ffffffcd 

Instructions: (pc=0x000000010dbe2eb9)
0x000000010dbe2e99:   49 8b 7f 38 e8 50 1b 00 00 4d 89 77 38 49 89 5f
0x000000010dbe2ea9:   40 4c 89 f0 48 85 c0 0f 84 11 05 00 00 48 89 c3
0x000000010dbe2eb9:   0f b6 43 0c 0f b6 4b 0d 48 c1 e1 08 48 01 c1 0f
0x000000010dbe2ec9:   b6 43 0e 0f b6 53 0f 48 c1 e2 08 48 01 c2 48 c1 

Register to memory mapping:

RAX=0x00007fe3c0c2a220 is an unknown value
RBX=0x000000012753ca6c is an unknown value
RCX=0x0000000000000001 is an unknown value
RDX=0x0000000000000808 is an unknown value
RSP=0x0000000128b91410 is pointing into the stack for thread: 0x00007fe3c4205000
RBP=0x0000000128b91470 is pointing into the stack for thread: 0x00007fe3c4205000
RSI=0x00007fe3c3100000 is an unknown value
RDI=0x000000010d968800 is an unknown value
R8 =0x0000000000000004 is an unknown value
R9 =0x00000000ffff0000 is an unknown value
R10=0x000000010f4e51d8 is at entry_point+88 in (nmethod*)0x000000010f4e5010
R11=0xfffffff98e56c356 is an unknown value
R12=0x0000000127479000 is an unknown value
R13=0x0000000000015570 is an unknown value
R14=0x000000009ac6435b is an unknown value
R15=0x00007fe3c30c66d0 is an unknown value


Stack: [0x0000000128a94000,0x0000000128b94000],  sp=0x0000000128b91410,  free space=1013k
Native frames: (J=compiled Java code, j=interpreted, Vv=VM code, C=native code)
C  [libzip.dylib+0x2eb9]  newEntry+0x154
C  [libzip.dylib+0x3554]  ZIP_GetEntry2+0xd4
C  [libzip.dylib+0x234f]  Java_java_util_zip_ZipFile_getEntry+0xcf
J 157  java.util.zip.ZipFile.getEntry(J[BZ)J (0 bytes) @ 0x000000010f4e524e [0x000000010f4e5180+0xce]
J 1910 C2 sun.misc.URLClassPath$JarLoader.getResource(Ljava/lang/String;Z)Lsun/misc/Resource; (85 bytes) @ 0x000000010f9c18f8 [0x000000010f9c13c0+0x538]
J 911 C2 sun.misc.URLClassPath.getResource(Ljava/lang/String;Z)Lsun/misc/Resource; (83 bytes) @ 0x000000010f6c176c [0x000000010f6c1620+0x14c]
J 2973 C2 java.net.URLClassLoader$1.run()Ljava/lang/Object; (5 bytes) @ 0x000000010fbf51c4 [0x000000010fbf4d00+0x4c4]
v  ~StubRoutines::call_stub
V  [libjvm.dylib+0x2ea59a]
V  [libjvm.dylib+0x34aac4]
J 172  java.security.AccessController.doPrivileged(Ljava/security/PrivilegedExceptionAction;Ljava/security/AccessControlContext;)Ljava/lang/Object; (0 bytes) @ 0x000000010f4f0b15 [0x000000010f4f0a40+0xd5]
J 1922 C2 java.net.URLClassLoader.findClass(Ljava/lang/String;)Ljava/lang/Class; (47 bytes) @ 0x000000010f9c4c7c [0x000000010f9c4be0+0x9c]
J 1930 C2 java.lang.ClassLoader.loadClass(Ljava/lang/String;Z)Ljava/lang/Class; (122 bytes) @ 0x000000010fa1436c [0x000000010fa138a0+0xacc]
J 207 C1 sun.misc.Launcher$AppClassLoader.loadClass(Ljava/lang/String;Z)Ljava/lang/Class; (85 bytes) @ 0x000000010f50ae64 [0x000000010f50a4c0+0x9a4]
J 206 C1 java.lang.ClassLoader.loadClass(Ljava/lang/String;)Ljava/lang/Class; (7 bytes) @ 0x000000010f509f04 [0x000000010f509e00+0x104]
v  ~StubRoutines::call_stub
V  [libjvm.dylib+0x2ea59a]
V  [libjvm.dylib+0x2ead28]
V  [libjvm.dylib+0x2eae80]
V  [libjvm.dylib+0x5331e0]
V  [libjvm.dylib+0x532979]
V  [libjvm.dylib+0x5333fc]
V  [libjvm.dylib+0x533a79]
V  [libjvm.dylib+0x1e0b6a]
V  [libjvm.dylib+0x1f0e2e]
V  [libjvm.dylib+0x2e5f77]
j  org.eclipse.jetty.server.AbstractConnector.shutdown()Ljava/util/concurrent/Future;+0
j  org.eclipse.jetty.server.AbstractNetworkConnector.shutdown()Ljava/util/concurrent/Future;+5
j  org.eclipse.jetty.server.ServerConnector.shutdown()Ljava/util/concurrent/Future;+1
j  org.eclipse.jetty.server.Server.doStop()V+60
j  org.eclipse.jetty.util.component.AbstractLifeCycle.stop()V+30
j  org.eclipse.jetty.util.thread.ShutdownThread.run()V+41
v  ~StubRoutines::call_stub
V  [libjvm.dylib+0x2ea59a]
V  [libjvm.dylib+0x2ead28]
V  [libjvm.dylib+0x2eaed4]
V  [libjvm.dylib+0x345451]
V  [libjvm.dylib+0x560e73]
V  [libjvm.dylib+0x56256e]
V  [libjvm.dylib+0x482fc2]
C  [libsystem_pthread.dylib+0x405a]  _pthread_body+0x83
C  [libsystem_pthread.dylib+0x3fd7]  _pthread_body+0x0
C  [libsystem_pthread.dylib+0x13ed]  thread_start+0xd
C  0x0000000000000000

Java frames: (J=compiled Java code, j=interpreted, Vv=VM code)
J 157  java.util.zip.ZipFile.getEntry(J[BZ)J (0 bytes) @ 0x000000010f4e51d8 [0x000000010f4e5180+0x58]
J 1910 C2 sun.misc.URLClassPath$JarLoader.getResource(Ljava/lang/String;Z)Lsun/misc/Resource; (85 bytes) @ 0x000000010f9c18f8 [0x000000010f9c13c0+0x538]
J 911 C2 sun.misc.URLClassPath.getResource(Ljava/lang/String;Z)Lsun/misc/Resource; (83 bytes) @ 0x000000010f6c176c [0x000000010f6c1620+0x14c]
J 2973 C2 java.net.URLClassLoader$1.run()Ljava/lang/Object; (5 bytes) @ 0x000000010fbf51c4 [0x000000010fbf4d00+0x4c4]
v  ~StubRoutines::call_stub
J 172  java.security.AccessController.doPrivileged(Ljava/security/PrivilegedExceptionAction;Ljava/security/AccessControlContext;)Ljava/lang/Object; (0 bytes) @ 0x000000010f4f0aa3 [0x000000010f4f0a40+0x63]
J 1922 C2 java.net.URLClassLoader.findClass(Ljava/lang/String;)Ljava/lang/Class; (47 bytes) @ 0x000000010f9c4c7c [0x000000010f9c4be0+0x9c]
J 1930 C2 java.lang.ClassLoader.loadClass(Ljava/lang/String;Z)Ljava/lang/Class; (122 bytes) @ 0x000000010fa1436c [0x000000010fa138a0+0xacc]
J 207 C1 sun.misc.Launcher$AppClassLoader.loadClass(Ljava/lang/String;Z)Ljava/lang/Class; (85 bytes) @ 0x000000010f50ae64 [0x000000010f50a4c0+0x9a4]
J 206 C1 java.lang.ClassLoader.loadClass(Ljava/lang/String;)Ljava/lang/Class; (7 bytes) @ 0x000000010f509f04 [0x000000010f509e00+0x104]
v  ~StubRoutines::call_stub
j  org.eclipse.jetty.server.AbstractConnector.shutdown()Ljava/util/concurrent/Future;+0
j  org.eclipse.jetty.server.AbstractNetworkConnector.shutdown()Ljava/util/concurrent/Future;+5
j  org.eclipse.jetty.server.ServerConnector.shutdown()Ljava/util/concurrent/Future;+1
j  org.eclipse.jetty.server.Server.doStop()V+60
j  org.eclipse.jetty.util.component.AbstractLifeCycle.stop()V+30
j  org.eclipse.jetty.util.thread.ShutdownThread.run()V+41
v  ~StubRoutines::call_stub

---------------  P R O C E S S  ---------------

Java Threads: ( => current thread )
=>0x00007fe3c4205000 JavaThread "Thread-11" [_thread_in_native, id=29199, stack(0x0000000128a94000,0x0000000128b94000)]
  0x00007fe3c42fc000 JavaThread "SIGINT handler" daemon [_thread_blocked, id=28175, stack(0x0000000128185000,0x0000000128285000)]
  0x00007fe3c3994000 JavaThread "dw-admin-49" [_thread_blocked, id=30223, stack(0x0000000127fbc000,0x00000001280bc000)]
  0x00007fe3c4004000 JavaThread "pool-1-thread-1" daemon [_thread_blocked, id=32515, stack(0x0000000128c9a000,0x0000000128d9a000)]
  0x00007fe3c4b4b800 JavaThread "cluster-ClusterId{value='599988f4e158bd988f8b8b7b', description='null'}-localhost:27017" daemon [_thread_blocked, id=32263, stack(0x0000000128b97000,0x0000000128c97000)]
  0x00007fe3c3d66800 JavaThread "dw-35" [_thread_blocked, id=28675, stack(0x000000012aaef000,0x000000012abef000)]
  0x00007fe3c3d65800 JavaThread "Scheduler-1561722966" [_thread_blocked, id=26631, stack(0x0000000127af9000,0x0000000127bf9000)]
  0x00007fe3c1c99800 JavaThread "DestroyJavaVM" [_thread_blocked, id=4867, stack(0x000000010da91000,0x000000010db91000)]
  0x00007fe3c1dd1800 JavaThread "dw-admin-28-acceptor-1@242adf9e-admin@74997ca6{HTTP/1.1}{0.0.0.0:9096}" [_thread_blocked, id=26115, stack(0x000000012a5e6000,0x000000012a6e6000)]
  0x00007fe3c2768000 JavaThread "dw-admin-27-acceptor-0@6d02ea67-admin@74997ca6{HTTP/1.1}{0.0.0.0:9096}" [_thread_in_native, id=25603, stack(0x000000012a4e3000,0x000000012a5e3000)]
  0x00007fe3c4b14000 JavaThread "dw-admin-26-selector-ServerConnectorManager@65792e13/3" [_thread_in_native, id=25091, stack(0x000000012a3e0000,0x000000012a4e0000)]
  0x00007fe3c2767000 JavaThread "dw-admin-25-selector-ServerConnectorManager@65792e13/2" [_thread_in_native, id=24579, stack(0x0000000129c38000,0x0000000129d38000)]
  0x00007fe3c11b1800 JavaThread "dw-admin-24-selector-ServerConnectorManager@65792e13/1" [_thread_in_native, id=24067, stack(0x0000000128fea000,0x00000001290ea000)]
  0x00007fe3c2a92800 JavaThread "org.eclipse.jetty.server.session.HashSessionManager@6eb6750fTimer" daemon [_thread_blocked, id=23555, stack(0x0000000129ec0000,0x0000000129fc0000)]
  0x00007fe3c49d1800 JavaThread "dw-admin-22-selector-ServerConnectorManager@65792e13/0" [_thread_in_native, id=23047, stack(0x0000000129dbd000,0x0000000129ebd000)]
  0x00007fe3c3ca8000 JavaThread "dw-19" [_thread_blocked, id=22531, stack(0x0000000129935000,0x0000000129a35000)]
  0x00007fe3c2ff7800 JavaThread "dw-17" [_thread_blocked, id=21507, stack(0x000000012972f000,0x000000012982f000)]
  0x00007fe3c12a6800 JavaThread "dw-16" [_thread_blocked, id=20995, stack(0x000000012962c000,0x000000012972c000)]
  0x00007fe3c2ff6800 JavaThread "dw-15-selector-ServerConnectorManager@2666c373/3" [_thread_in_native, id=20483, stack(0x0000000129529000,0x0000000129629000)]
  0x00007fe3c5097800 JavaThread "dw-14-selector-ServerConnectorManager@2666c373/2" [_thread_in_native, id=19971, stack(0x0000000129426000,0x0000000129526000)]
  0x00007fe3c12a6000 JavaThread "dw-13-selector-ServerConnectorManager@2666c373/1" [_thread_in_native, id=14087, stack(0x0000000129323000,0x0000000129423000)]
  0x00007fe3c3d14800 JavaThread "dw-12-selector-ServerConnectorManager@2666c373/0" [_thread_in_native, id=12807, stack(0x0000000129220000,0x0000000129320000)]
  0x00007fe3c184b000 JavaThread "AsyncAppender-Worker-async-console-appender" daemon [_thread_blocked, id=12299, stack(0x000000012911d000,0x000000012921d000)]
  0x00007fe3c2c67000 JavaThread "AsyncAppender-Worker-async-console-appender" daemon [_thread_blocked, id=19203, stack(0x0000000128991000,0x0000000128a91000)]
  0x00007fe3c1860800 JavaThread "Service Thread" daemon [_thread_blocked, id=18179, stack(0x00000001270f2000,0x00000001271f2000)]
  0x00007fe3c1043000 JavaThread "C1 CompilerThread2" daemon [_thread_blocked, id=17667, stack(0x0000000126fef000,0x00000001270ef000)]
  0x00007fe3c1042000 JavaThread "C2 CompilerThread1" daemon [_thread_blocked, id=17155, stack(0x0000000126eec000,0x0000000126fec000)]
  0x00007fe3c184a800 JavaThread "C2 CompilerThread0" daemon [_thread_blocked, id=16643, stack(0x0000000126de9000,0x0000000126ee9000)]
  0x00007fe3c2825000 JavaThread "Signal Dispatcher" daemon [_thread_blocked, id=13579, stack(0x0000000126ce6000,0x0000000126de6000)]
  0x00007fe3c1849800 JavaThread "Finalizer" daemon [_thread_blocked, id=11523, stack(0x00000001252dc000,0x00000001253dc000)]
  0x00007fe3c2014000 JavaThread "Reference Handler" daemon [_thread_blocked, id=11011, stack(0x00000001251d9000,0x00000001252d9000)]

Other Threads:
  0x00007fe3c2802000 VMThread [stack: 0x00000001250d6000,0x00000001251d6000] [id=10499]
  0x00007fe3c1017000 WatcherThread [stack: 0x00000001271f5000,0x00000001272f5000] [id=18691]

VM state:not at safepoint (normal execution)

VM Mutex/Monitor currently owned by a thread: None

Heap:
 PSYoungGen      total 410112K, used 111901K [0x0000000795580000, 0x00000007b0f00000, 0x00000007c0000000)
  eden space 382464K, 22% used [0x0000000795580000,0x000000079a7cd4c0,0x00000007acb00000)
  from space 27648K, 99% used [0x00000007aed00000,0x00000007b07fa098,0x00000007b0800000)
  to   space 34816K, 0% used [0x00000007acb00000,0x00000007acb00000,0x00000007aed00000)
 ParOldGen       total 64512K, used 34438K [0x0000000740000000, 0x0000000743f00000, 0x0000000795580000)
  object space 64512K, 53% used [0x0000000740000000,0x00000007421a1bf8,0x0000000743f00000)
 Metaspace       used 33660K, capacity 33984K, committed 34176K, reserved 1079296K
  class space    used 4339K, capacity 4461K, committed 4480K, reserved 1048576K

Card table byte_map: [0x000000011e74f000,0x000000011eb50000] byte_map_base: 0x000000011ad4f000

Marking Bits: (ParMarkBitMap*) 0x000000010ece3ea0
 Begin Bits: [0x000000011f207000, 0x0000000121207000)
 End Bits:   [0x0000000121207000, 0x0000000123207000)

Polling page: 0x000000010dbd6000

CodeCache: size=245760Kb used=8870Kb max_used=8935Kb free=236890Kb
 bounds [0x000000010f38f000, 0x000000010fc5f000, 0x000000011e38f000]
 total_blobs=3349 nmethods=2869 adapters=393
 compilation: enabled

Compilation events (10 events):
Event: 557.281 Thread 0x00007fe3c1043000 3341       1       java.net.AbstractPlainSocketImpl::getTimeout (5 bytes)
Event: 557.281 Thread 0x00007fe3c1043000 nmethod 3341 0x000000010f8cfc10 code [0x000000010f8cfd60, 0x000000010f8cfe70]
Event: 557.281 Thread 0x00007fe3c1043000 3342       1       com.mongodb.connection.ReplyHeader::getMessageLength (5 bytes)
Event: 557.282 Thread 0x00007fe3c1043000 nmethod 3342 0x000000010f8cf8d0 code [0x000000010f8cfa20, 0x000000010f8cfb30]
Event: 567.284 Thread 0x00007fe3c1043000 3343       3       com.mongodb.internal.connection.ConcurrentLinkedDeque$Node::setPrev (6 bytes)
Event: 567.284 Thread 0x00007fe3c1043000 nmethod 3343 0x000000010f8e3950 code [0x000000010f8e3aa0, 0x000000010f8e3c10]
Event: 591.586 Thread 0x00007fe3c1043000 3344       3       java.util.logging.LogManager$LoggerContext::ensureDefaultLogger (70 bytes)
Event: 591.587 Thread 0x00007fe3c1043000 nmethod 3344 0x000000010f807cd0 code [0x000000010f807ea0, 0x000000010f808748]
Event: 591.587 Thread 0x00007fe3c1043000 3345  s    3       java.util.Hashtable::containsKey (65 bytes)
Event: 591.588 Thread 0x00007fe3c1043000 nmethod 3345 0x000000010f8b49d0 code [0x000000010f8b4b80, 0x000000010f8b51b8]

GC Heap History (10 events):
Event: 6.051 GC heap before
{Heap before GC invocations=7 (full 0):
 PSYoungGen      total 145920K, used 145914K [0x0000000795580000, 0x000000079f680000, 0x00000007c0000000)
  eden space 131584K, 100% used [0x0000000795580000,0x000000079d600000,0x000000079d600000)
  from space 14336K, 99% used [0x000000079e580000,0x000000079f37ea90,0x000000079f380000)
  to   space 15872K, 0% used [0x000000079d600000,0x000000079d600000,0x000000079e580000)
 ParOldGen       total 87552K, used 27535K [0x0000000740000000, 0x0000000745580000, 0x0000000795580000)
  object space 87552K, 31% used [0x0000000740000000,0x0000000741ae3c28,0x0000000745580000)
 Metaspace       used 19546K, capacity 19752K, committed 19968K, reserved 1067008K
  class space    used 2458K, capacity 2531K, committed 2560K, reserved 1048576K
Event: 6.085 GC heap after
Heap after GC invocations=7 (full 0):
 PSYoungGen      total 147456K, used 15869K [0x0000000795580000, 0x00000007a8180000, 0x00000007c0000000)
  eden space 131584K, 0% used [0x0000000795580000,0x0000000795580000,0x000000079d600000)
  from space 15872K, 99% used [0x000000079d600000,0x000000079e57f690,0x000000079e580000)
  to   space 22016K, 0% used [0x00000007a6c00000,0x00000007a6c00000,0x00000007a8180000)
 ParOldGen       total 87552K, used 35982K [0x0000000740000000, 0x0000000745580000, 0x0000000795580000)
  object space 87552K, 41% used [0x0000000740000000,0x0000000742323b60,0x0000000745580000)
 Metaspace       used 19546K, capacity 19752K, committed 19968K, reserved 1067008K
  class space    used 2458K, capacity 2531K, committed 2560K, reserved 1048576K
}
Event: 6.824 GC heap before
{Heap before GC invocations=8 (full 0):
 PSYoungGen      total 147456K, used 85101K [0x0000000795580000, 0x00000007a8180000, 0x00000007c0000000)
  eden space 131584K, 52% used [0x0000000795580000,0x000000079991bda8,0x000000079d600000)
  from space 15872K, 99% used [0x000000079d600000,0x000000079e57f690,0x000000079e580000)
  to   space 22016K, 0% used [0x00000007a6c00000,0x00000007a6c00000,0x00000007a8180000)
 ParOldGen       total 87552K, used 35982K [0x0000000740000000, 0x0000000745580000, 0x0000000795580000)
  object space 87552K, 41% used [0x0000000740000000,0x0000000742323b60,0x0000000745580000)
 Metaspace       used 20911K, capacity 21070K, committed 21248K, reserved 1067008K
  class space    used 2644K, capacity 2692K, committed 2816K, reserved 1048576K
Event: 6.840 GC heap after
Heap after GC invocations=8 (full 0):
 PSYoungGen      total 283136K, used 12052K [0x0000000795580000, 0x00000007a7f80000, 0x00000007c0000000)
  eden space 263168K, 0% used [0x0000000795580000,0x0000000795580000,0x00000007a5680000)
  from space 19968K, 60% used [0x00000007a6c00000,0x00000007a77c50f0,0x00000007a7f80000)
  to   space 20992K, 0% used [0x00000007a5680000,0x00000007a5680000,0x00000007a6b00000)
 ParOldGen       total 87552K, used 36618K [0x0000000740000000, 0x0000000745580000, 0x0000000795580000)
  object space 87552K, 41% used [0x0000000740000000,0x00000007423c2b70,0x0000000745580000)
 Metaspace       used 20911K, capacity 21070K, committed 21248K, reserved 1067008K
  class space    used 2644K, capacity 2692K, committed 2816K, reserved 1048576K
}
Event: 6.840 GC heap before
{Heap before GC invocations=9 (full 1):
 PSYoungGen      total 283136K, used 12052K [0x0000000795580000, 0x00000007a7f80000, 0x00000007c0000000)
  eden space 263168K, 0% used [0x0000000795580000,0x0000000795580000,0x00000007a5680000)
  from space 19968K, 60% used [0x00000007a6c00000,0x00000007a77c50f0,0x00000007a7f80000)
  to   space 20992K, 0% used [0x00000007a5680000,0x00000007a5680000,0x00000007a6b00000)
 ParOldGen       total 87552K, used 36618K [0x0000000740000000, 0x0000000745580000, 0x0000000795580000)
  object space 87552K, 41% used [0x0000000740000000,0x00000007423c2b70,0x0000000745580000)
 Metaspace       used 20911K, capacity 21070K, committed 21248K, reserved 1067008K
  class space    used 2644K, capacity 2692K, committed 2816K, reserved 1048576K
Event: 6.892 GC heap after
Heap after GC invocations=9 (full 1):
 PSYoungGen      total 283136K, used 0K [0x0000000795580000, 0x00000007a7f80000, 0x00000007c0000000)
  eden space 263168K, 0% used [0x0000000795580000,0x0000000795580000,0x00000007a5680000)
  from space 19968K, 0% used [0x00000007a6c00000,0x00000007a6c00000,0x00000007a7f80000)
  to   space 20992K, 0% used [0x00000007a5680000,0x00000007a5680000,0x00000007a6b00000)
 ParOldGen       total 64512K, used 14006K [0x0000000740000000, 0x0000000743f00000, 0x0000000795580000)
  object space 64512K, 21% used [0x0000000740000000,0x0000000740dada10,0x0000000743f00000)
 Metaspace       used 20911K, capacity 21070K, committed 21248K, reserved 1067008K
  class space    used 2644K, capacity 2692K, committed 2816K, reserved 1048576K
}
Event: 17.052 GC heap before
{Heap before GC invocations=10 (full 1):
 PSYoungGen      total 283136K, used 263168K [0x0000000795580000, 0x00000007a7f80000, 0x00000007c0000000)
  eden space 263168K, 100% used [0x0000000795580000,0x00000007a5680000,0x00000007a5680000)
  from space 19968K, 0% used [0x00000007a6c00000,0x00000007a6c00000,0x00000007a7f80000)
  to   space 20992K, 0% used [0x00000007a5680000,0x00000007a5680000,0x00000007a6b00000)
 ParOldGen       total 64512K, used 14006K [0x0000000740000000, 0x0000000743f00000, 0x0000000795580000)
  object space 64512K, 21% used [0x0000000740000000,0x0000000740dada10,0x0000000743f00000)
 Metaspace       used 29206K, capacity 29468K, committed 29824K, reserved 1075200K
  class space    used 3763K, capacity 3864K, committed 3968K, reserved 1048576K
Event: 17.126 GC heap after
Heap after GC invocations=10 (full 1):
 PSYoungGen      total 284160K, used 20985K [0x0000000795580000, 0x00000007b0800000, 0x00000007c0000000)
  eden space 263168K, 0% used [0x0000000795580000,0x0000000795580000,0x00000007a5680000)
  from space 20992K, 99% used [0x00000007a5680000,0x00000007a6afe6f8,0x00000007a6b00000)
  to   space 27648K, 0% used [0x00000007aed00000,0x00000007aed00000,0x00000007b0800000)
 ParOldGen       total 64512K, used 24452K [0x0000000740000000, 0x0000000743f00000, 0x0000000795580000)
  object space 64512K, 37% used [0x0000000740000000,0x00000007417e1348,0x0000000743f00000)
 Metaspace       used 29206K, capacity 29468K, committed 29824K, reserved 1075200K
  class space    used 3763K, capacity 3864K, committed 3968K, reserved 1048576K
}
Event: 45.444 GC heap before
{Heap before GC invocations=11 (full 1):
 PSYoungGen      total 284160K, used 284153K [0x0000000795580000, 0x00000007b0800000, 0x00000007c0000000)
  eden space 263168K, 100% used [0x0000000795580000,0x00000007a5680000,0x00000007a5680000)
  from space 20992K, 99% used [0x00000007a5680000,0x00000007a6afe6f8,0x00000007a6b00000)
  to   space 27648K, 0% used [0x00000007aed00000,0x00000007aed00000,0x00000007b0800000)
 ParOldGen       total 64512K, used 24452K [0x0000000740000000, 0x0000000743f00000, 0x0000000795580000)
  object space 64512K, 37% used [0x0000000740000000,0x00000007417e1348,0x0000000743f00000)
 Metaspace       used 29626K, capacity 29896K, committed 30336K, reserved 1075200K
  class space    used 3809K, capacity 3898K, committed 3968K, reserved 1048576K
Event: 45.514 GC heap after
Heap after GC invocations=11 (full 1):
 PSYoungGen      total 410112K, used 27624K [0x0000000795580000, 0x00000007b0f00000, 0x00000007c0000000)
  eden space 382464K, 0% used [0x0000000795580000,0x0000000795580000,0x00000007acb00000)
  from space 27648K, 99% used [0x00000007aed00000,0x00000007b07fa098,0x00000007b0800000)
  to   space 34816K, 0% used [0x00000007acb00000,0x00000007acb00000,0x00000007aed00000)
 ParOldGen       total 64512K, used 34438K [0x0000000740000000, 0x0000000743f00000, 0x0000000795580000)
  object space 64512K, 53% used [0x0000000740000000,0x00000007421a1bf8,0x0000000743f00000)
 Metaspace       used 29626K, capacity 29896K, committed 30336K, reserved 1075200K
  class space    used 3809K, capacity 3898K, committed 3968K, reserved 1048576K
}

Deoptimization events (10 events):
Event: 66.622 Thread 0x00007fe3c4b4b800 Uncommon trap: reason=unstable_if action=reinterpret pc=0x000000010fa58238 method=java.util.LinkedHashMap.get(Ljava/lang/Object;)Ljava/lang/Object; @ 20
Event: 66.653 Thread 0x00007fe3c4b4b800 Uncommon trap: reason=class_check action=maybe_recompile pc=0x000000010f785018 method=java.util.AbstractList$Itr.hasNext()Z @ 8
Event: 66.653 Thread 0x00007fe3c4b4b800 Uncommon trap: reason=class_check action=maybe_recompile pc=0x000000010f7825e0 method=java.util.AbstractList$Itr.next()Ljava/lang/Object; @ 14
Event: 66.824 Thread 0x00007fe3c4b4b800 Uncommon trap: reason=bimorphic action=maybe_recompile pc=0x000000010f8b6114 method=java.io.BufferedInputStream.read1([BII)I @ 39
Event: 66.889 Thread 0x00007fe3c4b4b800 Uncommon trap: reason=bimorphic action=maybe_recompile pc=0x000000010f73f71c method=java.util.regex.Matcher.match(II)Z @ 86
Event: 66.889 Thread 0x00007fe3c4b4b800 Uncommon trap: reason=bimorphic action=maybe_recompile pc=0x000000010f73f71c method=java.util.regex.Matcher.match(II)Z @ 86
Event: 66.889 Thread 0x00007fe3c4b4b800 Uncommon trap: reason=bimorphic action=maybe_recompile pc=0x000000010f73f71c method=java.util.regex.Matcher.match(II)Z @ 86
Event: 67.142 Thread 0x00007fe3c4b4b800 Uncommon trap: reason=speculate_class_check action=maybe_recompile pc=0x000000010f7e825c method=java.nio.Bits.getLongL(Ljava/nio/ByteBuffer;I)J @ 5
Event: 67.152 Thread 0x00007fe3c3d66800 Uncommon trap: reason=speculate_class_check action=maybe_recompile pc=0x000000010f7e825c method=java.nio.Bits.getLongL(Ljava/nio/ByteBuffer;I)J @ 5
Event: 77.149 Thread 0x00007fe3c4b4b800 Uncommon trap: reason=speculate_class_check action=maybe_recompile pc=0x000000010f7e825c method=java.nio.Bits.getLongL(Ljava/nio/ByteBuffer;I)J @ 5

Internal exceptions (10 events):
Event: 3.326 Thread 0x00007fe3c1009800 Exception <a 'java/lang/NoSuchFieldError': method resolution failed> (0x00000007975ad270) thrown at [/Users/java_re/workspace/8-2-build-macosx-x86_64/jdk8u71/5731/hotspot/src/share/vm/prims/methodHandles.cpp, line 1146]
Event: 3.335 Thread 0x00007fe3c1009800 Exception <a 'java/lang/NoSuchFieldError': method resolution failed> (0x00000007975ba930) thrown at [/Users/java_re/workspace/8-2-build-macosx-x86_64/jdk8u71/5731/hotspot/src/share/vm/prims/methodHandles.cpp, line 1146]
Event: 15.206 Thread 0x00007fe3c2486000 Exception <a 'java/lang/ClassNotFoundException': io/federecio/dropwizard/swagger/SwaggerViewBeanInfo> (0x000000079b119828) thrown at [/Users/java_re/workspace/8-2-build-macosx-x86_64/jdk8u71/5731/hotspot/src/share/vm/classfile/systemDictionary.cpp, line 2
Event: 15.206 Thread 0x00007fe3c2486000 Exception <a 'java/lang/ClassNotFoundException': io/dropwizard/views/ViewBeanInfo> (0x000000079b11c598) thrown at [/Users/java_re/workspace/8-2-build-macosx-x86_64/jdk8u71/5731/hotspot/src/share/vm/classfile/systemDictionary.cpp, line 210]
Event: 15.207 Thread 0x00007fe3c2486000 Exception <a 'java/lang/ClassNotFoundException': java/lang/ObjectBeanInfo> (0x000000079b11df48) thrown at [/Users/java_re/workspace/8-2-build-macosx-x86_64/jdk8u71/5731/hotspot/src/share/vm/classfile/systemDictionary.cpp, line 210]
Event: 15.207 Thread 0x00007fe3c2486000 Exception <a 'java/lang/ClassNotFoundException': java/lang/ObjectCustomizer> (0x000000079b11fa48) thrown at [/Users/java_re/workspace/8-2-build-macosx-x86_64/jdk8u71/5731/hotspot/src/share/vm/classfile/systemDictionary.cpp, line 210]
Event: 15.210 Thread 0x00007fe3c2486000 Exception <a 'java/lang/ClassNotFoundException': io/dropwizard/views/ViewCustomizer> (0x000000079b127f40) thrown at [/Users/java_re/workspace/8-2-build-macosx-x86_64/jdk8u71/5731/hotspot/src/share/vm/classfile/systemDictionary.cpp, line 210]
Event: 15.211 Thread 0x00007fe3c2486000 Exception <a 'java/lang/ClassNotFoundException': io/federecio/dropwizard/swagger/SwaggerViewCustomizer> (0x000000079b130228) thrown at [/Users/java_re/workspace/8-2-build-macosx-x86_64/jdk8u71/5731/hotspot/src/share/vm/classfile/systemDictionary.cpp, line
Event: 15.873 Thread 0x00007fe3c3d66800 Implicit null exception at 0x000000010f90dd0a to 0x000000010f90de39
Event: 591.588 Thread 0x00007fe3c2ff7800 Exception <a 'java/io/IOException'> (0x000000079757c240) thrown at [/Users/java_re/workspace/8-2-build-macosx-x86_64/jdk8u71/5731/hotspot/src/share/vm/prims/jni.cpp, line 709]

Events (10 events):
Event: 549.097 Executing VM operation: RevokeBias done
Event: 549.097 Thread 0x00007fe3c49e6800 Thread exited: 0x00007fe3c49e6800
Event: 591.584 loading class sun/misc/Signal$1
Event: 591.585 loading class sun/misc/Signal$1 done
Event: 591.585 Thread 0x00007fe3c42fc000 Thread added: 0x00007fe3c42fc000
Event: 591.585 Thread 0x00007fe3c4205000 Thread added: 0x00007fe3c4205000
Event: 591.585 Thread 0x00007fe3c50ab000 Thread added: 0x00007fe3c50ab000
Event: 591.587 Thread 0x00007fe3c50ab000 Thread exited: 0x00007fe3c50ab000
Event: 591.588 loading class org/eclipse/jetty/util/FutureCallback
Event: 591.588 loading class org/eclipse/jetty/util/FutureCallback done


Dynamic libraries:
0x0000000002a9a000 	/System/Library/Frameworks/Cocoa.framework/Versions/A/Cocoa
0x0000000002a9a000 	/System/Library/Frameworks/Security.framework/Versions/A/Security
0x0000000002a9a000 	/System/Library/Frameworks/ApplicationServices.framework/Versions/A/ApplicationServices
0x0000000002a9a000 	/usr/lib/libz.1.dylib
0x0000000002a9a000 	/usr/lib/libSystem.B.dylib
0x0000000002a9a000 	/usr/lib/libobjc.A.dylib
0x0000000002a9a000 	/System/Library/Frameworks/CoreFoundation.framework/Versions/A/CoreFoundation
0x0000000002a9a000 	/System/Library/Frameworks/Foundation.framework/Versions/C/Foundation
0x0000000002a9a000 	/System/Library/Frameworks/AppKit.framework/Versions/C/AppKit
0x0000000002a9a000 	/System/Library/Frameworks/CoreData.framework/Versions/A/CoreData
0x0000000002a9a000 	/System/Library/PrivateFrameworks/RemoteViewServices.framework/Versions/A/RemoteViewServices
0x0000000002a9a000 	/System/Library/PrivateFrameworks/UIFoundation.framework/Versions/A/UIFoundation
0x0000000002a9a000 	/System/Library/Frameworks/IOSurface.framework/Versions/A/IOSurface
0x0000000002a9a000 	/System/Library/Frameworks/AudioToolbox.framework/Versions/A/AudioToolbox
0x0000000002a9a000 	/System/Library/Frameworks/AudioUnit.framework/Versions/A/AudioUnit
0x0000000002a9a000 	/System/Library/PrivateFrameworks/DataDetectorsCore.framework/Versions/A/DataDetectorsCore
0x0000000002a9a000 	/System/Library/PrivateFrameworks/DesktopServicesPriv.framework/Versions/A/DesktopServicesPriv
0x0000000002a9a000 	/System/Library/Frameworks/Carbon.framework/Versions/A/Frameworks/HIToolbox.framework/Versions/A/HIToolbox
0x0000000002a9a000 	/System/Library/Frameworks/QuartzCore.framework/Versions/A/QuartzCore
0x0000000002a9a000 	/System/Library/Frameworks/Carbon.framework/Versions/A/Frameworks/SpeechRecognition.framework/Versions/A/SpeechRecognition
0x0000000002a9a000 	/usr/lib/libauto.dylib
0x0000000002a9a000 	/usr/lib/libicucore.A.dylib
0x0000000002a9a000 	/usr/lib/libxml2.2.dylib
0x0000000002a9a000 	/System/Library/PrivateFrameworks/CoreUI.framework/Versions/A/CoreUI
0x0000000002a9a000 	/System/Library/Frameworks/CoreAudio.framework/Versions/A/CoreAudio
0x0000000002a9a000 	/System/Library/Frameworks/DiskArbitration.framework/Versions/A/DiskArbitration
0x0000000002a9a000 	/usr/lib/liblangid.dylib
0x0000000002a9a000 	/System/Library/PrivateFrameworks/MultitouchSupport.framework/Versions/A/MultitouchSupport
0x0000000002a9a000 	/System/Library/Frameworks/IOKit.framework/Versions/A/IOKit
0x0000000002a9a000 	/usr/lib/libDiagnosticMessagesClient.dylib
0x0000000002a9a000 	/System/Library/Frameworks/CoreServices.framework/Versions/A/CoreServices
0x0000000002a9a000 	/System/Library/PrivateFrameworks/PerformanceAnalysis.framework/Versions/A/PerformanceAnalysis
0x0000000002a9a000 	/System/Library/PrivateFrameworks/GenerationalStorage.framework/Versions/A/GenerationalStorage
0x0000000002a9a000 	/System/Library/Frameworks/OpenGL.framework/Versions/A/OpenGL
0x0000000002a9a000 	/System/Library/PrivateFrameworks/Sharing.framework/Versions/A/Sharing
0x0000000002a9a000 	/System/Library/Frameworks/CoreGraphics.framework/Versions/A/CoreGraphics
0x0000000002a9a000 	/System/Library/Frameworks/CoreText.framework/Versions/A/CoreText
0x0000000002a9a000 	/System/Library/Frameworks/ImageIO.framework/Versions/A/ImageIO
0x0000000002a9a000 	/usr/lib/libextension.dylib
0x0000000002a9a000 	/System/Library/PrivateFrameworks/Backup.framework/Versions/A/Backup
0x0000000002a9a000 	/usr/lib/libarchive.2.dylib
0x0000000002a9a000 	/System/Library/Frameworks/CFNetwork.framework/Versions/A/CFNetwork
0x0000000002a9a000 	/System/Library/Frameworks/SystemConfiguration.framework/Versions/A/SystemConfiguration
0x0000000002a9a000 	/usr/lib/libCRFSuite.dylib
0x0000000002a9a000 	/usr/lib/libc++.1.dylib
0x0000000002a9a000 	/usr/lib/libc++abi.dylib
0x0000000002a9a000 	/usr/lib/system/libcache.dylib
0x0000000002a9a000 	/usr/lib/system/libcommonCrypto.dylib
0x0000000002a9a000 	/usr/lib/system/libcompiler_rt.dylib
0x0000000002a9a000 	/usr/lib/system/libcopyfile.dylib
0x0000000002a9a000 	/usr/lib/system/libcorecrypto.dylib
0x0000000002a9a000 	/usr/lib/system/libdispatch.dylib
0x0000000002a9a000 	/usr/lib/system/libdyld.dylib
0x0000000002a9a000 	/usr/lib/system/libkeymgr.dylib
0x0000000002a9a000 	/usr/lib/system/liblaunch.dylib
0x0000000002a9a000 	/usr/lib/system/libmacho.dylib
0x0000000002a9a000 	/usr/lib/system/libquarantine.dylib
0x0000000002a9a000 	/usr/lib/system/libremovefile.dylib
0x0000000002a9a000 	/usr/lib/system/libsystem_asl.dylib
0x0000000002a9a000 	/usr/lib/system/libsystem_blocks.dylib
0x0000000002a9a000 	/usr/lib/system/libsystem_c.dylib
0x0000000002a9a000 	/usr/lib/system/libsystem_configuration.dylib
0x0000000002a9a000 	/usr/lib/system/libsystem_coreservices.dylib
0x0000000002a9a000 	/usr/lib/system/libsystem_coretls.dylib
0x0000000002a9a000 	/usr/lib/system/libsystem_dnssd.dylib
0x0000000002a9a000 	/usr/lib/system/libsystem_info.dylib
0x0000000002a9a000 	/usr/lib/system/libsystem_kernel.dylib
0x0000000002a9a000 	/usr/lib/system/libsystem_m.dylib
0x0000000002a9a000 	/usr/lib/system/libsystem_malloc.dylib
0x0000000002a9a000 	/usr/lib/system/libsystem_network.dylib
0x0000000002a9a000 	/usr/lib/system/libsystem_networkextension.dylib
0x0000000002a9a000 	/usr/lib/system/libsystem_notify.dylib
0x0000000002a9a000 	/usr/lib/system/libsystem_platform.dylib
0x0000000002a9a000 	/usr/lib/system/libsystem_pthread.dylib
0x0000000002a9a000 	/usr/lib/system/libsystem_sandbox.dylib
0x0000000002a9a000 	/usr/lib/system/libsystem_secinit.dylib
0x0000000002a9a000 	/usr/lib/system/libsystem_stats.dylib
0x0000000002a9a000 	/usr/lib/system/libsystem_trace.dylib
0x0000000002a9a000 	/usr/lib/system/libunc.dylib
0x0000000002a9a000 	/usr/lib/system/libunwind.dylib
0x0000000002a9a000 	/usr/lib/system/libxpc.dylib
0x0000000002a9a000 	/usr/lib/libbz2.1.0.dylib
0x0000000002a9a000 	/usr/lib/liblzma.5.dylib
0x0000000002a9a000 	/usr/lib/libbsm.0.dylib
0x0000000002a9a000 	/usr/lib/libsqlite3.dylib
0x0000000002a9a000 	/usr/lib/system/libkxld.dylib
0x0000000002a9a000 	/usr/lib/libxar.1.dylib
0x0000000002a9a000 	/usr/lib/libpam.2.dylib
0x0000000002a9a000 	/usr/lib/libOpenScriptingUtil.dylib
0x0000000002a9a000 	/System/Library/Frameworks/CoreServices.framework/Versions/A/Frameworks/FSEvents.framework/Versions/A/FSEvents
0x0000000002a9a000 	/System/Library/Frameworks/CoreServices.framework/Versions/A/Frameworks/CarbonCore.framework/Versions/A/CarbonCore
0x0000000002a9a000 	/System/Library/Frameworks/CoreServices.framework/Versions/A/Frameworks/Metadata.framework/Versions/A/Metadata
0x0000000002a9a000 	/System/Library/Frameworks/CoreServices.framework/Versions/A/Frameworks/OSServices.framework/Versions/A/OSServices
0x0000000002a9a000 	/System/Library/Frameworks/CoreServices.framework/Versions/A/Frameworks/SearchKit.framework/Versions/A/SearchKit
0x0000000002a9a000 	/System/Library/Frameworks/CoreServices.framework/Versions/A/Frameworks/AE.framework/Versions/A/AE
0x0000000002a9a000 	/System/Library/Frameworks/CoreServices.framework/Versions/A/Frameworks/LaunchServices.framework/Versions/A/LaunchServices
0x0000000002a9a000 	/System/Library/Frameworks/CoreServices.framework/Versions/A/Frameworks/DictionaryServices.framework/Versions/A/DictionaryServices
0x0000000002a9a000 	/System/Library/Frameworks/NetFS.framework/Versions/A/NetFS
0x0000000002a9a000 	/System/Library/PrivateFrameworks/NetAuth.framework/Versions/A/NetAuth
0x0000000002a9a000 	/System/Library/PrivateFrameworks/login.framework/Versions/A/Frameworks/loginsupport.framework/Versions/A/loginsupport
0x0000000002a9a000 	/System/Library/PrivateFrameworks/TCC.framework/Versions/A/TCC
0x0000000002a9a000 	/usr/lib/libmecabra.dylib
0x0000000002a9a000 	/System/Library/Frameworks/ApplicationServices.framework/Versions/A/Frameworks/ATS.framework/Versions/A/ATS
0x0000000002a9a000 	/System/Library/Frameworks/ApplicationServices.framework/Versions/A/Frameworks/ColorSync.framework/Versions/A/ColorSync
0x0000000002a9a000 	/System/Library/Frameworks/ApplicationServices.framework/Versions/A/Frameworks/HIServices.framework/Versions/A/HIServices
0x0000000002a9a000 	/System/Library/Frameworks/ApplicationServices.framework/Versions/A/Frameworks/LangAnalysis.framework/Versions/A/LangAnalysis
0x0000000002a9a000 	/System/Library/Frameworks/ApplicationServices.framework/Versions/A/Frameworks/PrintCore.framework/Versions/A/PrintCore
0x0000000002a9a000 	/System/Library/Frameworks/ApplicationServices.framework/Versions/A/Frameworks/QD.framework/Versions/A/QD
0x0000000002a9a000 	/System/Library/Frameworks/ApplicationServices.framework/Versions/A/Frameworks/SpeechSynthesis.framework/Versions/A/SpeechSynthesis
0x0000000002a9a000 	/System/Library/Frameworks/Accelerate.framework/Versions/A/Accelerate
0x0000000002a9a000 	/System/Library/Frameworks/Accelerate.framework/Versions/A/Frameworks/vImage.framework/Versions/A/vImage
0x0000000002a9a000 	/System/Library/Frameworks/Accelerate.framework/Versions/A/Frameworks/vecLib.framework/Versions/A/vecLib
0x0000000002a9a000 	/System/Library/Frameworks/Accelerate.framework/Versions/A/Frameworks/vecLib.framework/Versions/A/libvDSP.dylib
0x0000000002a9a000 	/System/Library/Frameworks/Accelerate.framework/Versions/A/Frameworks/vecLib.framework/Versions/A/libvMisc.dylib
0x0000000002a9a000 	/System/Library/Frameworks/Accelerate.framework/Versions/A/Frameworks/vecLib.framework/Versions/A/libLAPACK.dylib
0x0000000002a9a000 	/System/Library/Frameworks/Accelerate.framework/Versions/A/Frameworks/vecLib.framework/Versions/A/libBLAS.dylib
0x0000000002a9a000 	/System/Library/Frameworks/Accelerate.framework/Versions/A/Frameworks/vecLib.framework/Versions/A/libLinearAlgebra.dylib
0x0000000002a9a000 	/System/Library/Frameworks/ApplicationServices.framework/Versions/A/Frameworks/ATS.framework/Versions/A/Resources/libFontParser.dylib
0x0000000002a9a000 	/System/Library/Frameworks/ApplicationServices.framework/Versions/A/Frameworks/ATS.framework/Versions/A/Resources/libFontRegistry.dylib
0x0000000002a9a000 	/System/Library/PrivateFrameworks/AppleVPA.framework/Versions/A/AppleVPA
0x0000000002a9a000 	/System/Library/PrivateFrameworks/AppleJPEG.framework/Versions/A/AppleJPEG
0x0000000002a9a000 	/System/Library/Frameworks/ImageIO.framework/Versions/A/Resources/libJPEG.dylib
0x0000000002a9a000 	/System/Library/Frameworks/ImageIO.framework/Versions/A/Resources/libTIFF.dylib
0x0000000002a9a000 	/System/Library/Frameworks/ImageIO.framework/Versions/A/Resources/libPng.dylib
0x0000000002a9a000 	/System/Library/Frameworks/ImageIO.framework/Versions/A/Resources/libGIF.dylib
0x0000000002a9a000 	/System/Library/Frameworks/ImageIO.framework/Versions/A/Resources/libJP2.dylib
0x0000000002a9a000 	/System/Library/Frameworks/ImageIO.framework/Versions/A/Resources/libRadiance.dylib
0x0000000002a9a000 	/System/Library/Frameworks/CoreVideo.framework/Versions/A/CoreVideo
0x0000000002a9a000 	/System/Library/Frameworks/OpenGL.framework/Versions/A/Libraries/libGLU.dylib
0x0000000002a9a000 	/System/Library/Frameworks/OpenGL.framework/Versions/A/Libraries/libGFXShared.dylib
0x0000000002a9a000 	/System/Library/Frameworks/OpenGL.framework/Versions/A/Libraries/libGL.dylib
0x0000000002a9a000 	/System/Library/Frameworks/OpenGL.framework/Versions/A/Libraries/libGLImage.dylib
0x0000000002a9a000 	/System/Library/Frameworks/OpenGL.framework/Versions/A/Libraries/libCVMSPluginSupport.dylib
0x0000000002a9a000 	/System/Library/Frameworks/OpenGL.framework/Versions/A/Libraries/libCoreVMClient.dylib
0x0000000002a9a000 	/usr/lib/libcups.2.dylib
0x0000000002a9a000 	/System/Library/Frameworks/Kerberos.framework/Versions/A/Kerberos
0x0000000002a9a000 	/System/Library/Frameworks/GSS.framework/Versions/A/GSS
0x0000000002a9a000 	/usr/lib/libresolv.9.dylib
0x0000000002a9a000 	/usr/lib/libiconv.2.dylib
0x0000000002a9a000 	/System/Library/PrivateFrameworks/Heimdal.framework/Versions/A/Heimdal
0x0000000002a9a000 	/usr/lib/libheimdal-asn1.dylib
0x0000000002a9a000 	/System/Library/Frameworks/OpenDirectory.framework/Versions/A/OpenDirectory
0x0000000002a9a000 	/System/Library/PrivateFrameworks/CommonAuth.framework/Versions/A/CommonAuth
0x0000000002a9a000 	/System/Library/Frameworks/OpenDirectory.framework/Versions/A/Frameworks/CFOpenDirectory.framework/Versions/A/CFOpenDirectory
0x0000000002a9a000 	/System/Library/Frameworks/SecurityFoundation.framework/Versions/A/SecurityFoundation
0x0000000002a9a000 	/System/Library/PrivateFrameworks/LanguageModeling.framework/Versions/A/LanguageModeling
0x0000000002a9a000 	/usr/lib/libcmph.dylib
0x0000000002a9a000 	/System/Library/Frameworks/ServiceManagement.framework/Versions/A/ServiceManagement
0x0000000002a9a000 	/usr/lib/libxslt.1.dylib
0x0000000002a9a000 	/System/Library/Frameworks/Carbon.framework/Versions/A/Frameworks/Ink.framework/Versions/A/Ink
0x0000000002a9a000 	/System/Library/Frameworks/QuartzCore.framework/Versions/A/Frameworks/CoreImage.framework/Versions/A/CoreImage
0x0000000002a9a000 	/System/Library/PrivateFrameworks/CrashReporterSupport.framework/Versions/A/CrashReporterSupport
0x0000000002a9a000 	/System/Library/Frameworks/OpenCL.framework/Versions/A/OpenCL
0x0000000002a9a000 	/System/Library/PrivateFrameworks/FaceCore.framework/Versions/A/FaceCore
0x0000000002a9a000 	/System/Library/PrivateFrameworks/Ubiquity.framework/Versions/A/Ubiquity
0x0000000002a9a000 	/System/Library/PrivateFrameworks/IconServices.framework/Versions/A/IconServices
0x0000000002a9a000 	/System/Library/PrivateFrameworks/ChunkingLibrary.framework/Versions/A/ChunkingLibrary
0x0000000002a9a000 	/System/Library/PrivateFrameworks/Apple80211.framework/Versions/A/Apple80211
0x0000000002a9a000 	/System/Library/Frameworks/CoreWLAN.framework/Versions/A/CoreWLAN
0x0000000002a9a000 	/System/Library/Frameworks/IOBluetooth.framework/Versions/A/IOBluetooth
0x0000000002a9a000 	/System/Library/PrivateFrameworks/CoreWiFi.framework/Versions/A/CoreWiFi
0x0000000002a9a000 	/System/Library/Frameworks/CoreBluetooth.framework/Versions/A/CoreBluetooth
0x0000000002a9a000 	/System/Library/PrivateFrameworks/DebugSymbols.framework/Versions/A/DebugSymbols
0x0000000002a9a000 	/System/Library/PrivateFrameworks/CoreSymbolication.framework/Versions/A/CoreSymbolication
0x0000000002a9a000 	/System/Library/PrivateFrameworks/Symbolication.framework/Versions/A/Symbolication
0x0000000002a9a000 	/System/Library/PrivateFrameworks/SpeechRecognitionCore.framework/Versions/A/SpeechRecognitionCore
0x000000010e400000 	/Library/Java/JavaVirtualMachines/jdk1.8.0_71.jdk/Contents/Home/jre/lib/server/libjvm.dylib
0x0000000002a9a000 	/usr/lib/libstdc++.6.dylib
0x000000010db93000 	/Library/Java/JavaVirtualMachines/jdk1.8.0_71.jdk/Contents/Home/jre/lib/libverify.dylib
0x000000010dba1000 	/Library/Java/JavaVirtualMachines/jdk1.8.0_71.jdk/Contents/Home/jre/lib/libjava.dylib
0x000000010dbe0000 	/Library/Java/JavaVirtualMachines/jdk1.8.0_71.jdk/Contents/Home/jre/lib/libzip.dylib
0x000000010dbe9000 	/System/Library/Frameworks/JavaVM.framework/Frameworks/JavaRuntimeSupport.framework/JavaRuntimeSupport
0x00000001253de000 	/System/Library/Frameworks/JavaVM.framework/Versions/A/Frameworks/JavaNativeFoundation.framework/Versions/A/JavaNativeFoundation
0x00000001253f2000 	/System/Library/Frameworks/JavaVM.framework/Versions/A/JavaVM
0x0000000002a9a000 	/System/Library/Frameworks/Carbon.framework/Versions/A/Carbon
0x00000001253fe000 	/System/Library/PrivateFrameworks/JavaLaunching.framework/Versions/A/JavaLaunching
0x0000000002a9a000 	/System/Library/Frameworks/Carbon.framework/Versions/A/Frameworks/CommonPanels.framework/Versions/A/CommonPanels
0x0000000002a9a000 	/System/Library/Frameworks/Carbon.framework/Versions/A/Frameworks/Help.framework/Versions/A/Help
0x0000000002a9a000 	/System/Library/Frameworks/Carbon.framework/Versions/A/Frameworks/ImageCapture.framework/Versions/A/ImageCapture
0x0000000002a9a000 	/System/Library/Frameworks/Carbon.framework/Versions/A/Frameworks/OpenScripting.framework/Versions/A/OpenScripting
0x0000000002a9a000 	/System/Library/Frameworks/Carbon.framework/Versions/A/Frameworks/Print.framework/Versions/A/Print
0x0000000002a9a000 	/System/Library/Frameworks/Carbon.framework/Versions/A/Frameworks/SecurityHI.framework/Versions/A/SecurityHI
0x000000012783a000 	/Library/Java/JavaVirtualMachines/jdk1.8.0_71.jdk/Contents/Home/jre/lib/libmanagement.dylib
0x0000000127a48000 	/Library/Java/JavaVirtualMachines/jdk1.8.0_71.jdk/Contents/Home/jre/lib/libnet.dylib
0x0000000127aa7000 	/Library/Java/JavaVirtualMachines/jdk1.8.0_71.jdk/Contents/Home/jre/lib/libnio.dylib
0x0000000125434000 	/Library/Java/JavaVirtualMachines/jdk1.8.0_71.jdk/Contents/Home/jre/lib/libsunec.dylib

VM Arguments:
java_command: AccountMgmtService-1.0-SNAPSHOT.jar server ../config.yml
java_class_path (initial): AccountMgmtService-1.0-SNAPSHOT.jar
Launcher Type: SUN_STANDARD

Environment Variables:
JAVA_HOME=/Library/Java/JavaVirtualMachines/jdk1.8.0_71.jdk/Contents/Home
PATH=/usr/local/bin:/usr/bin:/bin:/usr/sbin:/sbin:/Users/ramans/Downloads/apache-maven-3.3.9/bin:/Users/ramans/hadoop/bin:/Users/ramans/hadoop/sbin
SHELL=/bin/bash

Signal Handlers:
SIGSEGV: [libjvm.dylib+0x5a68c5], sa_mask[0]=11111111011111110111111111111111, sa_flags=SA_ONSTACK|SA_RESTART|SA_SIGINFO
SIGBUS: [libjvm.dylib+0x5a68c5], sa_mask[0]=11111111011111110111111111111111, sa_flags=SA_RESTART|SA_SIGINFO
SIGFPE: [libjvm.dylib+0x4805d4], sa_mask[0]=11111111011111110111111111111111, sa_flags=SA_RESTART|SA_SIGINFO
SIGPIPE: [libjvm.dylib+0x4805d4], sa_mask[0]=11111111011111110111111111111111, sa_flags=SA_RESTART|SA_SIGINFO
SIGXFSZ: [libjvm.dylib+0x4805d4], sa_mask[0]=11111111011111110111111111111111, sa_flags=SA_RESTART|SA_SIGINFO
SIGILL: [libjvm.dylib+0x4805d4], sa_mask[0]=11111111011111110111111111111111, sa_flags=SA_RESTART|SA_SIGINFO
SIGUSR1: SIG_DFL, sa_mask[0]=11011111011111100000000111000110, sa_flags=none
SIGUSR2: [libjvm.dylib+0x4800f2], sa_mask[0]=00000000000000000000000000000000, sa_flags=SA_RESTART|SA_SIGINFO
SIGHUP: [libjvm.dylib+0x47e6c9], sa_mask[0]=11111111011111110111111111111111, sa_flags=SA_RESTART|SA_SIGINFO
SIGINT: [libjvm.dylib+0x47e6c9], sa_mask[0]=11111111011111110111111111111111, sa_flags=SA_RESTART|SA_SIGINFO
SIGTERM: [libjvm.dylib+0x47e6c9], sa_mask[0]=11111111011111110111111111111111, sa_flags=SA_RESTART|SA_SIGINFO
SIGQUIT: [libjvm.dylib+0x47e6c9], sa_mask[0]=11111111011111110111111111111111, sa_flags=SA_RESTART|SA_SIGINFO


---------------  S Y S T E M  ---------------

OS:Bsduname:Darwin 14.5.0 Darwin Kernel Version 14.5.0: Wed Jul 29 02:26:53 PDT 2015; root:xnu-2782.40.9~1/RELEASE_X86_64 x86_64
rlimit: STACK 8192k, CORE 0k, NPROC 709, NOFILE 10240, AS infinity
load average:4.47 4.22 4.15

CPU:total 4 (2 cores per cpu, 2 threads per core) family 6 model 61 stepping 4, cmov, cx8, fxsr, mmx, sse, sse2, sse3, ssse3, sse4.1, sse4.2, popcnt, avx, avx2, aes, clmul, erms, 3dnowpref, lzcnt, ht, tsc, tscinvbit, bmi1, bmi2, adx

Memory: 4k page, physical 8388608k(127780k free)

/proc/meminfo:


vm_info: Java HotSpot(TM) 64-Bit Server VM (25.71-b15) for bsd-amd64 JRE (1.8.0_71-b15), built on Dec 22 2015 15:11:44 by "java_re" with gcc 4.2.1 (Based on Apple Inc. build 5658) (LLVM build 2336.11.00)

time: Sun Aug 20 18:45:52 2017
elapsed time: 591 seconds (0d 0h 9m 51s)

